TMS320C2000 Assembler PC v6.2.5 Tue Jun 27 16:56:16 2017

Tools Copyright (c) 1996-2014 Texas Instruments Incorporated
C:\Users\wmj\AppData\Local\Temp\1198410                              PAGE    1

       1              ;***************************************************************
       2              ;* TMS320C2000 C/C++ Codegen                         PC v6.2.5 *
       3              ;* Date/Time created: Tue Jun 27 16:56:16 2017                 *
       4              ;***************************************************************
       5                      .compiler_opts --float_support=softlib --hll_source=on --mem_model:code=flat --mem_model:data=large -
       6        0002  FP      .set    XAR2
       7              
       8              $C$DW$CU        .dwtag  DW_TAG_compile_unit
       9                      .dwattr $C$DW$CU, DW_AT_name("C:/ti/motorware/motorware_1_01_00_18/sw/modules/memCopy/src/memCopy.c")
      10                      .dwattr $C$DW$CU, DW_AT_producer("TMS320C2000 C/C++ Codegen PC v6.2.5 Copyright (c) 1996-2014 Texas I
      11                      .dwattr $C$DW$CU, DW_AT_TI_version(0x01)
      12                      .dwattr $C$DW$CU, DW_AT_comp_dir("C:\ti\motorware\motorware_1_01_00_18\sw\solutions\instaspin_foc\boa
      13              ;       c:\ti\ccsv6\tools\compiler\c2000_6.2.5\bin\opt2000.exe C:\\Users\\wmj\\AppData\\Local\\Temp\\119842 C
      14              ;       c:\ti\ccsv6\tools\compiler\c2000_6.2.5\bin\ac2000.exe -@C:\\Users\\wmj\\AppData\\Local\\Temp\\1198416
      15 00000000               .sect   ".text"
      16                      .clink
      17                      .global _memCopy
      18              
      19              $C$DW$1 .dwtag  DW_TAG_subprogram, DW_AT_name("memCopy")
      20                      .dwattr $C$DW$1, DW_AT_low_pc(_memCopy)
      21                      .dwattr $C$DW$1, DW_AT_high_pc(0x00)
      22                      .dwattr $C$DW$1, DW_AT_TI_symbol_name("_memCopy")
      23                      .dwattr $C$DW$1, DW_AT_external
      24                      .dwattr $C$DW$1, DW_AT_TI_begin_file("C:/ti/motorware/motorware_1_01_00_18/sw/modules/memCopy/src/mem
      25                      .dwattr $C$DW$1, DW_AT_TI_begin_line(0x38)
      26                      .dwattr $C$DW$1, DW_AT_TI_begin_column(0x06)
      27                      .dwattr $C$DW$1, DW_AT_TI_max_frame_size(-2)
      28                      .dwpsn  file "C:/ti/motorware/motorware_1_01_00_18/sw/modules/memCopy/src/memCopy.c",line 57,column 1
      29              
      30                      .dwfde $C$DW$CIE, _memCopy
      31              $C$DW$2 .dwtag  DW_TAG_formal_parameter, DW_AT_name("srcStartAddr")
      32                      .dwattr $C$DW$2, DW_AT_TI_symbol_name("_srcStartAddr")
      33                      .dwattr $C$DW$2, DW_AT_type(*$C$DW$T$20)
      34                      .dwattr $C$DW$2, DW_AT_location[DW_OP_reg12]
      35              $C$DW$3 .dwtag  DW_TAG_formal_parameter, DW_AT_name("srcEndAddr")
      36                      .dwattr $C$DW$3, DW_AT_TI_symbol_name("_srcEndAddr")
      37                      .dwattr $C$DW$3, DW_AT_type(*$C$DW$T$20)
      38                      .dwattr $C$DW$3, DW_AT_location[DW_OP_reg14]
      39              $C$DW$4 .dwtag  DW_TAG_formal_parameter, DW_AT_name("dstAddr")
      40                      .dwattr $C$DW$4, DW_AT_TI_symbol_name("_dstAddr")
      41                      .dwattr $C$DW$4, DW_AT_type(*$C$DW$T$20)
      42                      .dwattr $C$DW$4, DW_AT_location[DW_OP_breg20 -4]
      43              
      44              ;***************************************************************
      45              ;* FNAME: _memCopy                      FR SIZE:   0           *
      46              ;*                                                             *
      47              ;* FUNCTION ENVIRONMENT                                        *
      48              ;*                                                             *
      49              ;* FUNCTION PROPERTIES                                         *
      50              ;*                            0 Parameter,  0 Auto,  0 SOE     *
      51              ;***************************************************************
      52              
      53              _memCopy:
      54              ;* AR5   assigned to _dstAddr
      55              $C$DW$5 .dwtag  DW_TAG_variable, DW_AT_name("dstAddr")
TMS320C2000 Assembler PC v6.2.5 Tue Jun 27 16:56:16 2017

Tools Copyright (c) 1996-2014 Texas Instruments Incorporated
C:\Users\wmj\AppData\Local\Temp\1198410                              PAGE    2

      56                      .dwattr $C$DW$5, DW_AT_TI_symbol_name("_dstAddr")
      57                      .dwattr $C$DW$5, DW_AT_type(*$C$DW$T$20)
      58                      .dwattr $C$DW$5, DW_AT_location[DW_OP_reg14]
      59              ;* AL    assigned to _srcEndAddr
      60              $C$DW$6 .dwtag  DW_TAG_variable, DW_AT_name("srcEndAddr")
      61                      .dwattr $C$DW$6, DW_AT_TI_symbol_name("_srcEndAddr")
      62                      .dwattr $C$DW$6, DW_AT_type(*$C$DW$T$22)
      63                      .dwattr $C$DW$6, DW_AT_location[DW_OP_reg0]
      64              ;* AR7   assigned to _srcStartAddr
      65              $C$DW$7 .dwtag  DW_TAG_variable, DW_AT_name("srcStartAddr")
      66                      .dwattr $C$DW$7, DW_AT_TI_symbol_name("_srcStartAddr")
      67                      .dwattr $C$DW$7, DW_AT_type(*$C$DW$T$20)
      68                      .dwattr $C$DW$7, DW_AT_location[DW_OP_reg18]
      69              ;* AR4   assigned to $O$L1
      70                      .dwcfi  cfa_offset, -2
      71                      .dwcfi  save_reg_to_mem, 26, 0
      72                      .dwcfi  save_reg_to_reg, 78, 26
      73 00000000 A0A9          MOVL      ACC,XAR5              ; [CPU_] |57| 
      74 00000001 C5A4          MOVL      XAR7,XAR4             ; [CPU_] |57| 
      75 00000002 8344          MOVL      XAR5,*-SP[4]          ; [CPU_] |57| 
      76                      .dwpsn  file "C:/ti/motorware/motorware_1_01_00_18/sw/modules/memCopy/src/memCopy.c",line 59,column 9
      77 00000003 0FA7          CMPL      ACC,XAR7              ; [CPU_] |59| 
      78 00000004 680B          B         $C$L2,LO              ; [CPU_] |59| 
      79                      ; branchcc occurs ; [] |59| 
      80 00000005 03A7          SUBL      ACC,XAR7              ; [CPU_] 
      81 00000006 8AA9          MOVL      XAR4,ACC              ; [CPU_] 
      82 00000007       $C$L1:    
      83                      .dwpsn  file "C:/ti/motorware/motorware_1_01_00_18/sw/modules/memCopy/src/memCopy.c",line 61,column 7
      84 00000007 92C7          MOV       AL,*XAR7              ; [CPU_] |61| 
      85                      .dwpsn  file "C:/ti/motorware/motorware_1_01_00_18/sw/modules/memCopy/src/memCopy.c",line 59,column 9
      86 00000008 DC81          SUBB      XAR4,#1               ; [CPU_] |59| 
      87                      .dwpsn  file "C:/ti/motorware/motorware_1_01_00_18/sw/modules/memCopy/src/memCopy.c",line 61,column 7
      88 00000009 9685          MOV       *XAR5++,AL            ; [CPU_] |61| 
      89                      .dwpsn  file "C:/ti/motorware/motorware_1_01_00_18/sw/modules/memCopy/src/memCopy.c",line 59,column 9
      90 0000000a 0200          MOVB      ACC,#0                ; [CPU_] |59| 
      91 0000000b 1901          SUBB      ACC,#1                ; [CPU_] |59| 
      92 0000000c 0FA4          CMPL      ACC,XAR4              ; [CPU_] |59| 
      93                      .dwpsn  file "C:/ti/motorware/motorware_1_01_00_18/sw/modules/memCopy/src/memCopy.c",line 61,column 7
      94 0000000d DF01          ADDB      XAR7,#1               ; [CPU_] |61| 
      95                      .dwpsn  file "C:/ti/motorware/motorware_1_01_00_18/sw/modules/memCopy/src/memCopy.c",line 59,column 9
      96 0000000e EDF9          BF        $C$L1,NEQ             ; [CPU_] |59| 
      97                      ; branchcc occurs ; [] |59| 
      98              $C$L2:    
      99              $C$DW$8 .dwtag  DW_TAG_TI_branch
     100                      .dwattr $C$DW$8, DW_AT_low_pc(0x00)
     101                      .dwattr $C$DW$8, DW_AT_TI_return
     102 0000000f 0006          LRETR     ; [CPU_] 
     103                      ; return occurs ; [] 
     104                      .dwattr $C$DW$1, DW_AT_TI_end_file("C:/ti/motorware/motorware_1_01_00_18/sw/modules/memCopy/src/memCo
     105                      .dwattr $C$DW$1, DW_AT_TI_end_line(0x41)
     106                      .dwattr $C$DW$1, DW_AT_TI_end_column(0x01)
     107                      .dwendentry
     108                      .dwendtag $C$DW$1
     109              
     110              
TMS320C2000 Assembler PC v6.2.5 Tue Jun 27 16:56:16 2017

Tools Copyright (c) 1996-2014 Texas Instruments Incorporated
C:\Users\wmj\AppData\Local\Temp\1198410                              PAGE    3

     111              ;***************************************************************
     112              ;* TYPE INFORMATION                                            *
     113              ;***************************************************************
     114              $C$DW$T$4       .dwtag  DW_TAG_base_type
     115                      .dwattr $C$DW$T$4, DW_AT_encoding(DW_ATE_boolean)
     116                      .dwattr $C$DW$T$4, DW_AT_name("bool")
     117                      .dwattr $C$DW$T$4, DW_AT_byte_size(0x01)
     118              $C$DW$T$5       .dwtag  DW_TAG_base_type
     119                      .dwattr $C$DW$T$5, DW_AT_encoding(DW_ATE_signed_char)
     120                      .dwattr $C$DW$T$5, DW_AT_name("signed char")
     121                      .dwattr $C$DW$T$5, DW_AT_byte_size(0x01)
     122              $C$DW$T$6       .dwtag  DW_TAG_base_type
     123                      .dwattr $C$DW$T$6, DW_AT_encoding(DW_ATE_unsigned_char)
     124                      .dwattr $C$DW$T$6, DW_AT_name("unsigned char")
     125                      .dwattr $C$DW$T$6, DW_AT_byte_size(0x01)
     126              $C$DW$T$7       .dwtag  DW_TAG_base_type
     127                      .dwattr $C$DW$T$7, DW_AT_encoding(DW_ATE_signed_char)
     128                      .dwattr $C$DW$T$7, DW_AT_name("wchar_t")
     129                      .dwattr $C$DW$T$7, DW_AT_byte_size(0x01)
     130              $C$DW$T$8       .dwtag  DW_TAG_base_type
     131                      .dwattr $C$DW$T$8, DW_AT_encoding(DW_ATE_signed)
     132                      .dwattr $C$DW$T$8, DW_AT_name("short")
     133                      .dwattr $C$DW$T$8, DW_AT_byte_size(0x01)
     134              $C$DW$T$9       .dwtag  DW_TAG_base_type
     135                      .dwattr $C$DW$T$9, DW_AT_encoding(DW_ATE_unsigned)
     136                      .dwattr $C$DW$T$9, DW_AT_name("unsigned short")
     137                      .dwattr $C$DW$T$9, DW_AT_byte_size(0x01)
     138              $C$DW$T$19      .dwtag  DW_TAG_typedef, DW_AT_name("uint16_t")
     139                      .dwattr $C$DW$T$19, DW_AT_type(*$C$DW$T$9)
     140                      .dwattr $C$DW$T$19, DW_AT_language(DW_LANG_C)
     141              $C$DW$T$20      .dwtag  DW_TAG_pointer_type
     142                      .dwattr $C$DW$T$20, DW_AT_type(*$C$DW$T$19)
     143                      .dwattr $C$DW$T$20, DW_AT_address_class(0x16)
     144              $C$DW$9 .dwtag  DW_TAG_TI_far_type
     145                      .dwattr $C$DW$9, DW_AT_type(*$C$DW$T$20)
     146              $C$DW$T$22      .dwtag  DW_TAG_const_type
     147                      .dwattr $C$DW$T$22, DW_AT_type(*$C$DW$9)
     148              $C$DW$T$10      .dwtag  DW_TAG_base_type
     149                      .dwattr $C$DW$T$10, DW_AT_encoding(DW_ATE_signed)
     150                      .dwattr $C$DW$T$10, DW_AT_name("int")
     151                      .dwattr $C$DW$T$10, DW_AT_byte_size(0x01)
     152              $C$DW$T$11      .dwtag  DW_TAG_base_type
     153                      .dwattr $C$DW$T$11, DW_AT_encoding(DW_ATE_unsigned)
     154                      .dwattr $C$DW$T$11, DW_AT_name("unsigned int")
     155                      .dwattr $C$DW$T$11, DW_AT_byte_size(0x01)
     156              $C$DW$T$12      .dwtag  DW_TAG_base_type
     157                      .dwattr $C$DW$T$12, DW_AT_encoding(DW_ATE_signed)
     158                      .dwattr $C$DW$T$12, DW_AT_name("long")
     159                      .dwattr $C$DW$T$12, DW_AT_byte_size(0x02)
     160              $C$DW$T$13      .dwtag  DW_TAG_base_type
     161                      .dwattr $C$DW$T$13, DW_AT_encoding(DW_ATE_unsigned)
     162                      .dwattr $C$DW$T$13, DW_AT_name("unsigned long")
     163                      .dwattr $C$DW$T$13, DW_AT_byte_size(0x02)
     164              $C$DW$T$14      .dwtag  DW_TAG_base_type
     165                      .dwattr $C$DW$T$14, DW_AT_encoding(DW_ATE_signed)
TMS320C2000 Assembler PC v6.2.5 Tue Jun 27 16:56:16 2017

Tools Copyright (c) 1996-2014 Texas Instruments Incorporated
C:\Users\wmj\AppData\Local\Temp\1198410                              PAGE    4

     166                      .dwattr $C$DW$T$14, DW_AT_name("long long")
     167                      .dwattr $C$DW$T$14, DW_AT_byte_size(0x04)
     168              $C$DW$T$15      .dwtag  DW_TAG_base_type
     169                      .dwattr $C$DW$T$15, DW_AT_encoding(DW_ATE_unsigned)
     170                      .dwattr $C$DW$T$15, DW_AT_name("unsigned long long")
     171                      .dwattr $C$DW$T$15, DW_AT_byte_size(0x04)
     172              $C$DW$T$16      .dwtag  DW_TAG_base_type
     173                      .dwattr $C$DW$T$16, DW_AT_encoding(DW_ATE_float)
     174                      .dwattr $C$DW$T$16, DW_AT_name("float")
     175                      .dwattr $C$DW$T$16, DW_AT_byte_size(0x02)
     176              $C$DW$T$17      .dwtag  DW_TAG_base_type
     177                      .dwattr $C$DW$T$17, DW_AT_encoding(DW_ATE_float)
     178                      .dwattr $C$DW$T$17, DW_AT_name("double")
     179                      .dwattr $C$DW$T$17, DW_AT_byte_size(0x02)
     180              $C$DW$T$18      .dwtag  DW_TAG_base_type
     181                      .dwattr $C$DW$T$18, DW_AT_encoding(DW_ATE_float)
     182                      .dwattr $C$DW$T$18, DW_AT_name("long double")
     183                      .dwattr $C$DW$T$18, DW_AT_byte_size(0x04)
     184                      .dwattr $C$DW$CU, DW_AT_language(DW_LANG_C)
     185              
     186              ;***************************************************************
     187              ;* DWARF CIE ENTRIES                                           *
     188              ;***************************************************************
     189              
     190              $C$DW$CIE       .dwcie 78
     191                      .dwcfi  cfa_register, 20
     192                      .dwcfi  cfa_offset, 0
     193                      .dwcfi  undefined, 0
     194                      .dwcfi  undefined, 1
     195                      .dwcfi  undefined, 2
     196                      .dwcfi  undefined, 3
     197                      .dwcfi  undefined, 20
     198                      .dwcfi  undefined, 21
     199                      .dwcfi  undefined, 22
     200                      .dwcfi  undefined, 23
     201                      .dwcfi  undefined, 24
     202                      .dwcfi  undefined, 25
     203                      .dwcfi  undefined, 26
     204                      .dwcfi  same_value, 28
     205                      .dwcfi  undefined, 29
     206                      .dwcfi  undefined, 30
     207                      .dwcfi  undefined, 31
     208                      .dwcfi  undefined, 32
     209                      .dwcfi  undefined, 33
     210                      .dwcfi  undefined, 34
     211                      .dwcfi  undefined, 35
     212                      .dwcfi  undefined, 36
     213                      .dwcfi  undefined, 37
     214                      .dwcfi  undefined, 38
     215                      .dwcfi  undefined, 75
     216                      .dwcfi  undefined, 76
     217                      .dwcfi  undefined, 77
     218                      .dwcfi  undefined, 4
     219                      .dwcfi  same_value, 6
     220                      .dwcfi  same_value, 8
TMS320C2000 Assembler PC v6.2.5 Tue Jun 27 16:56:16 2017

Tools Copyright (c) 1996-2014 Texas Instruments Incorporated
C:\Users\wmj\AppData\Local\Temp\1198410                              PAGE    5

     221                      .dwcfi  same_value, 10
     222                      .dwcfi  undefined, 12
     223                      .dwcfi  undefined, 14
     224                      .dwcfi  undefined, 16
     225                      .dwcfi  undefined, 17
     226                      .dwcfi  undefined, 18
     227                      .dwcfi  undefined, 19
     228                      .dwcfi  undefined, 5
     229                      .dwcfi  same_value, 7
     230                      .dwcfi  same_value, 9
     231                      .dwcfi  same_value, 11
     232                      .dwcfi  undefined, 13
     233                      .dwcfi  undefined, 15
     234                      .dwcfi  undefined, 78
     235                      .dwendentry
     236              
     237              ;***************************************************************
     238              ;* DWARF REGISTER MAP                                          *
     239              ;***************************************************************
     240              
     241              $C$DW$10        .dwtag  DW_TAG_TI_assign_register, DW_AT_name("AL")
     242                      .dwattr $C$DW$10, DW_AT_location[DW_OP_reg0]
     243              $C$DW$11        .dwtag  DW_TAG_TI_assign_register, DW_AT_name("AH")
     244                      .dwattr $C$DW$11, DW_AT_location[DW_OP_reg1]
     245              $C$DW$12        .dwtag  DW_TAG_TI_assign_register, DW_AT_name("PL")
     246                      .dwattr $C$DW$12, DW_AT_location[DW_OP_reg2]
     247              $C$DW$13        .dwtag  DW_TAG_TI_assign_register, DW_AT_name("PH")
     248                      .dwattr $C$DW$13, DW_AT_location[DW_OP_reg3]
     249              $C$DW$14        .dwtag  DW_TAG_TI_assign_register, DW_AT_name("SP")
     250                      .dwattr $C$DW$14, DW_AT_location[DW_OP_reg20]
     251              $C$DW$15        .dwtag  DW_TAG_TI_assign_register, DW_AT_name("XT")
     252                      .dwattr $C$DW$15, DW_AT_location[DW_OP_reg21]
     253              $C$DW$16        .dwtag  DW_TAG_TI_assign_register, DW_AT_name("T")
     254                      .dwattr $C$DW$16, DW_AT_location[DW_OP_reg22]
     255              $C$DW$17        .dwtag  DW_TAG_TI_assign_register, DW_AT_name("ST0")
     256                      .dwattr $C$DW$17, DW_AT_location[DW_OP_reg23]
     257              $C$DW$18        .dwtag  DW_TAG_TI_assign_register, DW_AT_name("ST1")
     258                      .dwattr $C$DW$18, DW_AT_location[DW_OP_reg24]
     259              $C$DW$19        .dwtag  DW_TAG_TI_assign_register, DW_AT_name("PC")
     260                      .dwattr $C$DW$19, DW_AT_location[DW_OP_reg25]
     261              $C$DW$20        .dwtag  DW_TAG_TI_assign_register, DW_AT_name("RPC")
     262                      .dwattr $C$DW$20, DW_AT_location[DW_OP_reg26]
     263              $C$DW$21        .dwtag  DW_TAG_TI_assign_register, DW_AT_name("FP")
     264                      .dwattr $C$DW$21, DW_AT_location[DW_OP_reg28]
     265              $C$DW$22        .dwtag  DW_TAG_TI_assign_register, DW_AT_name("DP")
     266                      .dwattr $C$DW$22, DW_AT_location[DW_OP_reg29]
     267              $C$DW$23        .dwtag  DW_TAG_TI_assign_register, DW_AT_name("SXM")
     268                      .dwattr $C$DW$23, DW_AT_location[DW_OP_reg30]
     269              $C$DW$24        .dwtag  DW_TAG_TI_assign_register, DW_AT_name("PM")
     270                      .dwattr $C$DW$24, DW_AT_location[DW_OP_reg31]
     271              $C$DW$25        .dwtag  DW_TAG_TI_assign_register, DW_AT_name("OVM")
     272                      .dwattr $C$DW$25, DW_AT_location[DW_OP_regx 0x20]
     273              $C$DW$26        .dwtag  DW_TAG_TI_assign_register, DW_AT_name("PAGE0")
     274                      .dwattr $C$DW$26, DW_AT_location[DW_OP_regx 0x21]
     275              $C$DW$27        .dwtag  DW_TAG_TI_assign_register, DW_AT_name("AMODE")
TMS320C2000 Assembler PC v6.2.5 Tue Jun 27 16:56:16 2017

Tools Copyright (c) 1996-2014 Texas Instruments Incorporated
C:\Users\wmj\AppData\Local\Temp\1198410                              PAGE    6

     276                      .dwattr $C$DW$27, DW_AT_location[DW_OP_regx 0x22]
     277              $C$DW$28        .dwtag  DW_TAG_TI_assign_register, DW_AT_name("INTM")
     278                      .dwattr $C$DW$28, DW_AT_location[DW_OP_regx 0x23]
     279              $C$DW$29        .dwtag  DW_TAG_TI_assign_register, DW_AT_name("IFR")
     280                      .dwattr $C$DW$29, DW_AT_location[DW_OP_regx 0x24]
     281              $C$DW$30        .dwtag  DW_TAG_TI_assign_register, DW_AT_name("IER")
     282                      .dwattr $C$DW$30, DW_AT_location[DW_OP_regx 0x25]
     283              $C$DW$31        .dwtag  DW_TAG_TI_assign_register, DW_AT_name("V")
     284                      .dwattr $C$DW$31, DW_AT_location[DW_OP_regx 0x26]
     285              $C$DW$32        .dwtag  DW_TAG_TI_assign_register, DW_AT_name("PSEUDOH")
     286                      .dwattr $C$DW$32, DW_AT_location[DW_OP_regx 0x4c]
     287              $C$DW$33        .dwtag  DW_TAG_TI_assign_register, DW_AT_name("VOL")
     288                      .dwattr $C$DW$33, DW_AT_location[DW_OP_regx 0x4d]
     289              $C$DW$34        .dwtag  DW_TAG_TI_assign_register, DW_AT_name("AR0")
     290                      .dwattr $C$DW$34, DW_AT_location[DW_OP_reg4]
     291              $C$DW$35        .dwtag  DW_TAG_TI_assign_register, DW_AT_name("AR1")
     292                      .dwattr $C$DW$35, DW_AT_location[DW_OP_reg6]
     293              $C$DW$36        .dwtag  DW_TAG_TI_assign_register, DW_AT_name("AR2")
     294                      .dwattr $C$DW$36, DW_AT_location[DW_OP_reg8]
     295              $C$DW$37        .dwtag  DW_TAG_TI_assign_register, DW_AT_name("AR3")
     296                      .dwattr $C$DW$37, DW_AT_location[DW_OP_reg10]
     297              $C$DW$38        .dwtag  DW_TAG_TI_assign_register, DW_AT_name("AR4")
     298                      .dwattr $C$DW$38, DW_AT_location[DW_OP_reg12]
     299              $C$DW$39        .dwtag  DW_TAG_TI_assign_register, DW_AT_name("AR5")
     300                      .dwattr $C$DW$39, DW_AT_location[DW_OP_reg14]
     301              $C$DW$40        .dwtag  DW_TAG_TI_assign_register, DW_AT_name("AR6")
     302                      .dwattr $C$DW$40, DW_AT_location[DW_OP_reg16]
     303              $C$DW$41        .dwtag  DW_TAG_TI_assign_register, DW_AT_name("XAR6")
     304                      .dwattr $C$DW$41, DW_AT_location[DW_OP_reg17]
     305              $C$DW$42        .dwtag  DW_TAG_TI_assign_register, DW_AT_name("AR7")
     306                      .dwattr $C$DW$42, DW_AT_location[DW_OP_reg18]
     307              $C$DW$43        .dwtag  DW_TAG_TI_assign_register, DW_AT_name("XAR7")
     308                      .dwattr $C$DW$43, DW_AT_location[DW_OP_reg19]
     309              $C$DW$44        .dwtag  DW_TAG_TI_assign_register, DW_AT_name("XAR0")
     310                      .dwattr $C$DW$44, DW_AT_location[DW_OP_reg5]
     311              $C$DW$45        .dwtag  DW_TAG_TI_assign_register, DW_AT_name("XAR1")
     312                      .dwattr $C$DW$45, DW_AT_location[DW_OP_reg7]
     313              $C$DW$46        .dwtag  DW_TAG_TI_assign_register, DW_AT_name("XAR2")
     314                      .dwattr $C$DW$46, DW_AT_location[DW_OP_reg9]
     315              $C$DW$47        .dwtag  DW_TAG_TI_assign_register, DW_AT_name("XAR3")
     316                      .dwattr $C$DW$47, DW_AT_location[DW_OP_reg11]
     317              $C$DW$48        .dwtag  DW_TAG_TI_assign_register, DW_AT_name("XAR4")
     318                      .dwattr $C$DW$48, DW_AT_location[DW_OP_reg13]
     319              $C$DW$49        .dwtag  DW_TAG_TI_assign_register, DW_AT_name("XAR5")
     320                      .dwattr $C$DW$49, DW_AT_location[DW_OP_reg15]
     321              $C$DW$50        .dwtag  DW_TAG_TI_assign_register, DW_AT_name("CIE_RETA")
     322                      .dwattr $C$DW$50, DW_AT_location[DW_OP_regx 0x4e]
     323                      .dwendtag $C$DW$CU
     324              

No Assembly Errors, No Assembly Warnings
