TMS320C2000 Assembler PC v6.2.5 Tue Jun 27 16:56:19 2017

Tools Copyright (c) 1996-2014 Texas Instruments Incorporated
C:\Users\wmj\AppData\Local\Temp\1162810                              PAGE    1

       1              ;***************************************************************
       2              ;* TMS320C2000 C/C++ Codegen                         PC v6.2.5 *
       3              ;* Date/Time created: Tue Jun 27 16:56:19 2017                 *
       4              ;***************************************************************
       5                      .compiler_opts --float_support=softlib --hll_source=on --mem_model:code=flat --mem_model:data=large -
       6        0002  FP      .set    XAR2
       7              
       8              $C$DW$CU        .dwtag  DW_TAG_compile_unit
       9                      .dwattr $C$DW$CU, DW_AT_name("C:/ti/motorware/motorware_1_01_00_18/sw/modules/svgen/src/32b/svgen.c")
      10                      .dwattr $C$DW$CU, DW_AT_producer("TMS320C2000 C/C++ Codegen PC v6.2.5 Copyright (c) 1996-2014 Texas I
      11                      .dwattr $C$DW$CU, DW_AT_TI_version(0x01)
      12                      .dwattr $C$DW$CU, DW_AT_comp_dir("C:\ti\motorware\motorware_1_01_00_18\sw\solutions\instaspin_foc\boa
      13              ;       c:\ti\ccsv6\tools\compiler\c2000_6.2.5\bin\opt2000.exe C:\\Users\\wmj\\AppData\\Local\\Temp\\116282 C
      14              ;       c:\ti\ccsv6\tools\compiler\c2000_6.2.5\bin\ac2000.exe -@C:\\Users\\wmj\\AppData\\Local\\Temp\\1162816
      15 00000000               .sect   ".text"
      16                      .clink
      17                      .global _SVGEN_setup
      18              
      19              $C$DW$1 .dwtag  DW_TAG_subprogram, DW_AT_name("SVGEN_setup")
      20                      .dwattr $C$DW$1, DW_AT_low_pc(_SVGEN_setup)
      21                      .dwattr $C$DW$1, DW_AT_high_pc(0x00)
      22                      .dwattr $C$DW$1, DW_AT_TI_symbol_name("_SVGEN_setup")
      23                      .dwattr $C$DW$1, DW_AT_external
      24                      .dwattr $C$DW$1, DW_AT_TI_begin_file("C:/ti/motorware/motorware_1_01_00_18/sw/modules/svgen/src/32b/s
      25                      .dwattr $C$DW$1, DW_AT_TI_begin_line(0x46)
      26                      .dwattr $C$DW$1, DW_AT_TI_begin_column(0x06)
      27                      .dwattr $C$DW$1, DW_AT_TI_max_frame_size(-2)
      28                      .dwpsn  file "C:/ti/motorware/motorware_1_01_00_18/sw/modules/svgen/src/32b/svgen.c",line 71,column 1
      29              
      30                      .dwfde $C$DW$CIE, _SVGEN_setup
      31              $C$DW$2 .dwtag  DW_TAG_formal_parameter, DW_AT_name("svgenHandle")
      32                      .dwattr $C$DW$2, DW_AT_TI_symbol_name("_svgenHandle")
      33                      .dwattr $C$DW$2, DW_AT_type(*$C$DW$T$22)
      34                      .dwattr $C$DW$2, DW_AT_location[DW_OP_reg12]
      35              
      36              ;***************************************************************
      37              ;* FNAME: _SVGEN_setup                  FR SIZE:   0           *
      38              ;*                                                             *
      39              ;* FUNCTION ENVIRONMENT                                        *
      40              ;*                                                             *
      41              ;* FUNCTION PROPERTIES                                         *
      42              ;*                            0 Parameter,  0 Auto,  0 SOE     *
      43              ;***************************************************************
      44              
      45 00000000       _SVGEN_setup:
      46                      .dwcfi  cfa_offset, -2
      47                      .dwcfi  save_reg_to_mem, 26, 0
      48                      .dwcfi  save_reg_to_reg, 78, 26
      49              $C$DW$3 .dwtag  DW_TAG_TI_branch
      50                      .dwattr $C$DW$3, DW_AT_low_pc(0x00)
      51                      .dwattr $C$DW$3, DW_AT_TI_return
      52 00000000 0006          LRETR     ; [CPU_] 
      53                      ; return occurs ; [] 
      54                      .dwattr $C$DW$1, DW_AT_TI_end_file("C:/ti/motorware/motorware_1_01_00_18/sw/modules/svgen/src/32b/svg
      55                      .dwattr $C$DW$1, DW_AT_TI_end_line(0x4b)
TMS320C2000 Assembler PC v6.2.5 Tue Jun 27 16:56:19 2017

Tools Copyright (c) 1996-2014 Texas Instruments Incorporated
C:\Users\wmj\AppData\Local\Temp\1162810                              PAGE    2

      56                      .dwattr $C$DW$1, DW_AT_TI_end_column(0x01)
      57                      .dwendentry
      58                      .dwendtag $C$DW$1
      59              
      60 00000001               .sect   ".text"
      61                      .clink
      62                      .global _SVGEN_init
      63              
      64              $C$DW$4 .dwtag  DW_TAG_subprogram, DW_AT_name("SVGEN_init")
      65                      .dwattr $C$DW$4, DW_AT_low_pc(_SVGEN_init)
      66                      .dwattr $C$DW$4, DW_AT_high_pc(0x00)
      67                      .dwattr $C$DW$4, DW_AT_TI_symbol_name("_SVGEN_init")
      68                      .dwattr $C$DW$4, DW_AT_external
      69                      .dwattr $C$DW$4, DW_AT_type(*$C$DW$T$22)
      70                      .dwattr $C$DW$4, DW_AT_TI_begin_file("C:/ti/motorware/motorware_1_01_00_18/sw/modules/svgen/src/32b/s
      71                      .dwattr $C$DW$4, DW_AT_TI_begin_line(0x37)
      72                      .dwattr $C$DW$4, DW_AT_TI_begin_column(0x0e)
      73                      .dwattr $C$DW$4, DW_AT_TI_max_frame_size(-2)
      74                      .dwpsn  file "C:/ti/motorware/motorware_1_01_00_18/sw/modules/svgen/src/32b/svgen.c",line 56,column 1
      75              
      76                      .dwfde $C$DW$CIE, _SVGEN_init
      77              $C$DW$5 .dwtag  DW_TAG_formal_parameter, DW_AT_name("pMemory")
      78                      .dwattr $C$DW$5, DW_AT_TI_symbol_name("_pMemory")
      79                      .dwattr $C$DW$5, DW_AT_type(*$C$DW$T$3)
      80                      .dwattr $C$DW$5, DW_AT_location[DW_OP_reg12]
      81              $C$DW$6 .dwtag  DW_TAG_formal_parameter, DW_AT_name("numBytes")
      82                      .dwattr $C$DW$6, DW_AT_TI_symbol_name("_numBytes")
      83                      .dwattr $C$DW$6, DW_AT_type(*$C$DW$T$24)
      84                      .dwattr $C$DW$6, DW_AT_location[DW_OP_reg0]
      85              
      86              ;***************************************************************
      87              ;* FNAME: _SVGEN_init                   FR SIZE:   0           *
      88              ;*                                                             *
      89              ;* FUNCTION ENVIRONMENT                                        *
      90              ;*                                                             *
      91              ;* FUNCTION PROPERTIES                                         *
      92              ;*                            0 Parameter,  0 Auto,  0 SOE     *
      93              ;***************************************************************
      94              
      95              _SVGEN_init:
      96              ;* AR6   assigned to _numBytes
      97              $C$DW$7 .dwtag  DW_TAG_variable, DW_AT_name("numBytes")
      98                      .dwattr $C$DW$7, DW_AT_TI_symbol_name("_numBytes")
      99                      .dwattr $C$DW$7, DW_AT_type(*$C$DW$T$24)
     100                      .dwattr $C$DW$7, DW_AT_location[DW_OP_reg16]
     101              ;* AR4   assigned to _pMemory
     102              $C$DW$8 .dwtag  DW_TAG_variable, DW_AT_name("pMemory")
     103                      .dwattr $C$DW$8, DW_AT_TI_symbol_name("_pMemory")
     104                      .dwattr $C$DW$8, DW_AT_type(*$C$DW$T$27)
     105                      .dwattr $C$DW$8, DW_AT_location[DW_OP_reg12]
     106                      .dwcfi  cfa_offset, -2
     107                      .dwcfi  save_reg_to_mem, 26, 0
     108                      .dwcfi  save_reg_to_reg, 78, 26
     109 00000001 1EA6          MOVL      XAR6,ACC              ; [CPU_] |56| 
     110                      .dwpsn  file "C:/ti/motorware/motorware_1_01_00_18/sw/modules/svgen/src/32b/svgen.c",line 61,column 5
TMS320C2000 Assembler PC v6.2.5 Tue Jun 27 16:56:19 2017

Tools Copyright (c) 1996-2014 Texas Instruments Incorporated
C:\Users\wmj\AppData\Local\Temp\1162810                              PAGE    3

     111 00000002 0202          MOVB      ACC,#2                ; [CPU_] |61| 
     112 00000003 0FA6          CMPL      ACC,XAR6              ; [CPU_] |61| 
     113 00000004 6902          B         $C$L1,LOS             ; [CPU_] |61| 
     114                      ; branchcc occurs ; [] |61| 
     115 00000005 D400          MOVB      XAR4,#0               ; [CPU_] |61| 
     116              $C$L1:    
     117              $C$DW$9 .dwtag  DW_TAG_TI_branch
     118                      .dwattr $C$DW$9, DW_AT_low_pc(0x00)
     119                      .dwattr $C$DW$9, DW_AT_TI_return
     120 00000006 0006          LRETR     ; [CPU_] 
     121                      ; return occurs ; [] 
     122                      .dwattr $C$DW$4, DW_AT_TI_end_file("C:/ti/motorware/motorware_1_01_00_18/sw/modules/svgen/src/32b/svg
     123                      .dwattr $C$DW$4, DW_AT_TI_end_line(0x43)
     124                      .dwattr $C$DW$4, DW_AT_TI_end_column(0x01)
     125                      .dwendentry
     126                      .dwendtag $C$DW$4
     127              
     128              
     129              ;***************************************************************
     130              ;* TYPE INFORMATION                                            *
     131              ;***************************************************************
     132              
     133              $C$DW$T$20      .dwtag  DW_TAG_structure_type
     134                      .dwattr $C$DW$T$20, DW_AT_name("_SVGEN_Obj_")
     135                      .dwattr $C$DW$T$20, DW_AT_byte_size(0x02)
     136              $C$DW$10        .dwtag  DW_TAG_member
     137                      .dwattr $C$DW$10, DW_AT_type(*$C$DW$T$19)
     138                      .dwattr $C$DW$10, DW_AT_name("maxModulation")
     139                      .dwattr $C$DW$10, DW_AT_TI_symbol_name("_maxModulation")
     140                      .dwattr $C$DW$10, DW_AT_data_member_location[DW_OP_plus_uconst 0x0]
     141                      .dwattr $C$DW$10, DW_AT_accessibility(DW_ACCESS_public)
     142                      .dwendtag $C$DW$T$20
     143              
     144              $C$DW$T$21      .dwtag  DW_TAG_pointer_type
     145                      .dwattr $C$DW$T$21, DW_AT_type(*$C$DW$T$20)
     146                      .dwattr $C$DW$T$21, DW_AT_address_class(0x16)
     147              $C$DW$T$22      .dwtag  DW_TAG_typedef, DW_AT_name("SVGEN_Handle")
     148                      .dwattr $C$DW$T$22, DW_AT_type(*$C$DW$T$21)
     149                      .dwattr $C$DW$T$22, DW_AT_language(DW_LANG_C)
     150              $C$DW$T$3       .dwtag  DW_TAG_pointer_type
     151                      .dwattr $C$DW$T$3, DW_AT_address_class(0x16)
     152              $C$DW$11        .dwtag  DW_TAG_TI_far_type
     153                      .dwattr $C$DW$11, DW_AT_type(*$C$DW$T$3)
     154              $C$DW$T$27      .dwtag  DW_TAG_const_type
     155                      .dwattr $C$DW$T$27, DW_AT_type(*$C$DW$11)
     156              $C$DW$T$4       .dwtag  DW_TAG_base_type
     157                      .dwattr $C$DW$T$4, DW_AT_encoding(DW_ATE_boolean)
     158                      .dwattr $C$DW$T$4, DW_AT_name("bool")
     159                      .dwattr $C$DW$T$4, DW_AT_byte_size(0x01)
     160              $C$DW$T$5       .dwtag  DW_TAG_base_type
     161                      .dwattr $C$DW$T$5, DW_AT_encoding(DW_ATE_signed_char)
     162                      .dwattr $C$DW$T$5, DW_AT_name("signed char")
     163                      .dwattr $C$DW$T$5, DW_AT_byte_size(0x01)
     164              $C$DW$T$6       .dwtag  DW_TAG_base_type
     165                      .dwattr $C$DW$T$6, DW_AT_encoding(DW_ATE_unsigned_char)
TMS320C2000 Assembler PC v6.2.5 Tue Jun 27 16:56:19 2017

Tools Copyright (c) 1996-2014 Texas Instruments Incorporated
C:\Users\wmj\AppData\Local\Temp\1162810                              PAGE    4

     166                      .dwattr $C$DW$T$6, DW_AT_name("unsigned char")
     167                      .dwattr $C$DW$T$6, DW_AT_byte_size(0x01)
     168              $C$DW$T$7       .dwtag  DW_TAG_base_type
     169                      .dwattr $C$DW$T$7, DW_AT_encoding(DW_ATE_signed_char)
     170                      .dwattr $C$DW$T$7, DW_AT_name("wchar_t")
     171                      .dwattr $C$DW$T$7, DW_AT_byte_size(0x01)
     172              $C$DW$T$8       .dwtag  DW_TAG_base_type
     173                      .dwattr $C$DW$T$8, DW_AT_encoding(DW_ATE_signed)
     174                      .dwattr $C$DW$T$8, DW_AT_name("short")
     175                      .dwattr $C$DW$T$8, DW_AT_byte_size(0x01)
     176              $C$DW$T$9       .dwtag  DW_TAG_base_type
     177                      .dwattr $C$DW$T$9, DW_AT_encoding(DW_ATE_unsigned)
     178                      .dwattr $C$DW$T$9, DW_AT_name("unsigned short")
     179                      .dwattr $C$DW$T$9, DW_AT_byte_size(0x01)
     180              $C$DW$T$10      .dwtag  DW_TAG_base_type
     181                      .dwattr $C$DW$T$10, DW_AT_encoding(DW_ATE_signed)
     182                      .dwattr $C$DW$T$10, DW_AT_name("int")
     183                      .dwattr $C$DW$T$10, DW_AT_byte_size(0x01)
     184              $C$DW$T$11      .dwtag  DW_TAG_base_type
     185                      .dwattr $C$DW$T$11, DW_AT_encoding(DW_ATE_unsigned)
     186                      .dwattr $C$DW$T$11, DW_AT_name("unsigned int")
     187                      .dwattr $C$DW$T$11, DW_AT_byte_size(0x01)
     188              $C$DW$T$12      .dwtag  DW_TAG_base_type
     189                      .dwattr $C$DW$T$12, DW_AT_encoding(DW_ATE_signed)
     190                      .dwattr $C$DW$T$12, DW_AT_name("long")
     191                      .dwattr $C$DW$T$12, DW_AT_byte_size(0x02)
     192              $C$DW$T$19      .dwtag  DW_TAG_typedef, DW_AT_name("_iq")
     193                      .dwattr $C$DW$T$19, DW_AT_type(*$C$DW$T$12)
     194                      .dwattr $C$DW$T$19, DW_AT_language(DW_LANG_C)
     195              $C$DW$T$13      .dwtag  DW_TAG_base_type
     196                      .dwattr $C$DW$T$13, DW_AT_encoding(DW_ATE_unsigned)
     197                      .dwattr $C$DW$T$13, DW_AT_name("unsigned long")
     198                      .dwattr $C$DW$T$13, DW_AT_byte_size(0x02)
     199              $C$DW$T$23      .dwtag  DW_TAG_typedef, DW_AT_name("size_t")
     200                      .dwattr $C$DW$T$23, DW_AT_type(*$C$DW$T$13)
     201                      .dwattr $C$DW$T$23, DW_AT_language(DW_LANG_C)
     202              $C$DW$12        .dwtag  DW_TAG_TI_far_type
     203                      .dwattr $C$DW$12, DW_AT_type(*$C$DW$T$23)
     204              $C$DW$T$24      .dwtag  DW_TAG_const_type
     205                      .dwattr $C$DW$T$24, DW_AT_type(*$C$DW$12)
     206              $C$DW$T$14      .dwtag  DW_TAG_base_type
     207                      .dwattr $C$DW$T$14, DW_AT_encoding(DW_ATE_signed)
     208                      .dwattr $C$DW$T$14, DW_AT_name("long long")
     209                      .dwattr $C$DW$T$14, DW_AT_byte_size(0x04)
     210              $C$DW$T$15      .dwtag  DW_TAG_base_type
     211                      .dwattr $C$DW$T$15, DW_AT_encoding(DW_ATE_unsigned)
     212                      .dwattr $C$DW$T$15, DW_AT_name("unsigned long long")
     213                      .dwattr $C$DW$T$15, DW_AT_byte_size(0x04)
     214              $C$DW$T$16      .dwtag  DW_TAG_base_type
     215                      .dwattr $C$DW$T$16, DW_AT_encoding(DW_ATE_float)
     216                      .dwattr $C$DW$T$16, DW_AT_name("float")
     217                      .dwattr $C$DW$T$16, DW_AT_byte_size(0x02)
     218              $C$DW$T$17      .dwtag  DW_TAG_base_type
     219                      .dwattr $C$DW$T$17, DW_AT_encoding(DW_ATE_float)
     220                      .dwattr $C$DW$T$17, DW_AT_name("double")
TMS320C2000 Assembler PC v6.2.5 Tue Jun 27 16:56:19 2017

Tools Copyright (c) 1996-2014 Texas Instruments Incorporated
C:\Users\wmj\AppData\Local\Temp\1162810                              PAGE    5

     221                      .dwattr $C$DW$T$17, DW_AT_byte_size(0x02)
     222              $C$DW$T$18      .dwtag  DW_TAG_base_type
     223                      .dwattr $C$DW$T$18, DW_AT_encoding(DW_ATE_float)
     224                      .dwattr $C$DW$T$18, DW_AT_name("long double")
     225                      .dwattr $C$DW$T$18, DW_AT_byte_size(0x04)
     226                      .dwattr $C$DW$CU, DW_AT_language(DW_LANG_C)
     227              
     228              ;***************************************************************
     229              ;* DWARF CIE ENTRIES                                           *
     230              ;***************************************************************
     231              
     232              $C$DW$CIE       .dwcie 78
     233                      .dwcfi  cfa_register, 20
     234                      .dwcfi  cfa_offset, 0
     235                      .dwcfi  undefined, 0
     236                      .dwcfi  undefined, 1
     237                      .dwcfi  undefined, 2
     238                      .dwcfi  undefined, 3
     239                      .dwcfi  undefined, 20
     240                      .dwcfi  undefined, 21
     241                      .dwcfi  undefined, 22
     242                      .dwcfi  undefined, 23
     243                      .dwcfi  undefined, 24
     244                      .dwcfi  undefined, 25
     245                      .dwcfi  undefined, 26
     246                      .dwcfi  same_value, 28
     247                      .dwcfi  undefined, 29
     248                      .dwcfi  undefined, 30
     249                      .dwcfi  undefined, 31
     250                      .dwcfi  undefined, 32
     251                      .dwcfi  undefined, 33
     252                      .dwcfi  undefined, 34
     253                      .dwcfi  undefined, 35
     254                      .dwcfi  undefined, 36
     255                      .dwcfi  undefined, 37
     256                      .dwcfi  undefined, 38
     257                      .dwcfi  undefined, 75
     258                      .dwcfi  undefined, 76
     259                      .dwcfi  undefined, 77
     260                      .dwcfi  undefined, 4
     261                      .dwcfi  same_value, 6
     262                      .dwcfi  same_value, 8
     263                      .dwcfi  same_value, 10
     264                      .dwcfi  undefined, 12
     265                      .dwcfi  undefined, 14
     266                      .dwcfi  undefined, 16
     267                      .dwcfi  undefined, 17
     268                      .dwcfi  undefined, 18
     269                      .dwcfi  undefined, 19
     270                      .dwcfi  undefined, 5
     271                      .dwcfi  same_value, 7
     272                      .dwcfi  same_value, 9
     273                      .dwcfi  same_value, 11
     274                      .dwcfi  undefined, 13
     275                      .dwcfi  undefined, 15
TMS320C2000 Assembler PC v6.2.5 Tue Jun 27 16:56:19 2017

Tools Copyright (c) 1996-2014 Texas Instruments Incorporated
C:\Users\wmj\AppData\Local\Temp\1162810                              PAGE    6

     276                      .dwcfi  undefined, 78
     277                      .dwendentry
     278              
     279              ;***************************************************************
     280              ;* DWARF REGISTER MAP                                          *
     281              ;***************************************************************
     282              
     283              $C$DW$13        .dwtag  DW_TAG_TI_assign_register, DW_AT_name("AL")
     284                      .dwattr $C$DW$13, DW_AT_location[DW_OP_reg0]
     285              $C$DW$14        .dwtag  DW_TAG_TI_assign_register, DW_AT_name("AH")
     286                      .dwattr $C$DW$14, DW_AT_location[DW_OP_reg1]
     287              $C$DW$15        .dwtag  DW_TAG_TI_assign_register, DW_AT_name("PL")
     288                      .dwattr $C$DW$15, DW_AT_location[DW_OP_reg2]
     289              $C$DW$16        .dwtag  DW_TAG_TI_assign_register, DW_AT_name("PH")
     290                      .dwattr $C$DW$16, DW_AT_location[DW_OP_reg3]
     291              $C$DW$17        .dwtag  DW_TAG_TI_assign_register, DW_AT_name("SP")
     292                      .dwattr $C$DW$17, DW_AT_location[DW_OP_reg20]
     293              $C$DW$18        .dwtag  DW_TAG_TI_assign_register, DW_AT_name("XT")
     294                      .dwattr $C$DW$18, DW_AT_location[DW_OP_reg21]
     295              $C$DW$19        .dwtag  DW_TAG_TI_assign_register, DW_AT_name("T")
     296                      .dwattr $C$DW$19, DW_AT_location[DW_OP_reg22]
     297              $C$DW$20        .dwtag  DW_TAG_TI_assign_register, DW_AT_name("ST0")
     298                      .dwattr $C$DW$20, DW_AT_location[DW_OP_reg23]
     299              $C$DW$21        .dwtag  DW_TAG_TI_assign_register, DW_AT_name("ST1")
     300                      .dwattr $C$DW$21, DW_AT_location[DW_OP_reg24]
     301              $C$DW$22        .dwtag  DW_TAG_TI_assign_register, DW_AT_name("PC")
     302                      .dwattr $C$DW$22, DW_AT_location[DW_OP_reg25]
     303              $C$DW$23        .dwtag  DW_TAG_TI_assign_register, DW_AT_name("RPC")
     304                      .dwattr $C$DW$23, DW_AT_location[DW_OP_reg26]
     305              $C$DW$24        .dwtag  DW_TAG_TI_assign_register, DW_AT_name("FP")
     306                      .dwattr $C$DW$24, DW_AT_location[DW_OP_reg28]
     307              $C$DW$25        .dwtag  DW_TAG_TI_assign_register, DW_AT_name("DP")
     308                      .dwattr $C$DW$25, DW_AT_location[DW_OP_reg29]
     309              $C$DW$26        .dwtag  DW_TAG_TI_assign_register, DW_AT_name("SXM")
     310                      .dwattr $C$DW$26, DW_AT_location[DW_OP_reg30]
     311              $C$DW$27        .dwtag  DW_TAG_TI_assign_register, DW_AT_name("PM")
     312                      .dwattr $C$DW$27, DW_AT_location[DW_OP_reg31]
     313              $C$DW$28        .dwtag  DW_TAG_TI_assign_register, DW_AT_name("OVM")
     314                      .dwattr $C$DW$28, DW_AT_location[DW_OP_regx 0x20]
     315              $C$DW$29        .dwtag  DW_TAG_TI_assign_register, DW_AT_name("PAGE0")
     316                      .dwattr $C$DW$29, DW_AT_location[DW_OP_regx 0x21]
     317              $C$DW$30        .dwtag  DW_TAG_TI_assign_register, DW_AT_name("AMODE")
     318                      .dwattr $C$DW$30, DW_AT_location[DW_OP_regx 0x22]
     319              $C$DW$31        .dwtag  DW_TAG_TI_assign_register, DW_AT_name("INTM")
     320                      .dwattr $C$DW$31, DW_AT_location[DW_OP_regx 0x23]
     321              $C$DW$32        .dwtag  DW_TAG_TI_assign_register, DW_AT_name("IFR")
     322                      .dwattr $C$DW$32, DW_AT_location[DW_OP_regx 0x24]
     323              $C$DW$33        .dwtag  DW_TAG_TI_assign_register, DW_AT_name("IER")
     324                      .dwattr $C$DW$33, DW_AT_location[DW_OP_regx 0x25]
     325              $C$DW$34        .dwtag  DW_TAG_TI_assign_register, DW_AT_name("V")
     326                      .dwattr $C$DW$34, DW_AT_location[DW_OP_regx 0x26]
     327              $C$DW$35        .dwtag  DW_TAG_TI_assign_register, DW_AT_name("PSEUDOH")
     328                      .dwattr $C$DW$35, DW_AT_location[DW_OP_regx 0x4c]
     329              $C$DW$36        .dwtag  DW_TAG_TI_assign_register, DW_AT_name("VOL")
     330                      .dwattr $C$DW$36, DW_AT_location[DW_OP_regx 0x4d]
TMS320C2000 Assembler PC v6.2.5 Tue Jun 27 16:56:19 2017

Tools Copyright (c) 1996-2014 Texas Instruments Incorporated
C:\Users\wmj\AppData\Local\Temp\1162810                              PAGE    7

     331              $C$DW$37        .dwtag  DW_TAG_TI_assign_register, DW_AT_name("AR0")
     332                      .dwattr $C$DW$37, DW_AT_location[DW_OP_reg4]
     333              $C$DW$38        .dwtag  DW_TAG_TI_assign_register, DW_AT_name("AR1")
     334                      .dwattr $C$DW$38, DW_AT_location[DW_OP_reg6]
     335              $C$DW$39        .dwtag  DW_TAG_TI_assign_register, DW_AT_name("AR2")
     336                      .dwattr $C$DW$39, DW_AT_location[DW_OP_reg8]
     337              $C$DW$40        .dwtag  DW_TAG_TI_assign_register, DW_AT_name("AR3")
     338                      .dwattr $C$DW$40, DW_AT_location[DW_OP_reg10]
     339              $C$DW$41        .dwtag  DW_TAG_TI_assign_register, DW_AT_name("AR4")
     340                      .dwattr $C$DW$41, DW_AT_location[DW_OP_reg12]
     341              $C$DW$42        .dwtag  DW_TAG_TI_assign_register, DW_AT_name("AR5")
     342                      .dwattr $C$DW$42, DW_AT_location[DW_OP_reg14]
     343              $C$DW$43        .dwtag  DW_TAG_TI_assign_register, DW_AT_name("AR6")
     344                      .dwattr $C$DW$43, DW_AT_location[DW_OP_reg16]
     345              $C$DW$44        .dwtag  DW_TAG_TI_assign_register, DW_AT_name("XAR6")
     346                      .dwattr $C$DW$44, DW_AT_location[DW_OP_reg17]
     347              $C$DW$45        .dwtag  DW_TAG_TI_assign_register, DW_AT_name("AR7")
     348                      .dwattr $C$DW$45, DW_AT_location[DW_OP_reg18]
     349              $C$DW$46        .dwtag  DW_TAG_TI_assign_register, DW_AT_name("XAR7")
     350                      .dwattr $C$DW$46, DW_AT_location[DW_OP_reg19]
     351              $C$DW$47        .dwtag  DW_TAG_TI_assign_register, DW_AT_name("XAR0")
     352                      .dwattr $C$DW$47, DW_AT_location[DW_OP_reg5]
     353              $C$DW$48        .dwtag  DW_TAG_TI_assign_register, DW_AT_name("XAR1")
     354                      .dwattr $C$DW$48, DW_AT_location[DW_OP_reg7]
     355              $C$DW$49        .dwtag  DW_TAG_TI_assign_register, DW_AT_name("XAR2")
     356                      .dwattr $C$DW$49, DW_AT_location[DW_OP_reg9]
     357              $C$DW$50        .dwtag  DW_TAG_TI_assign_register, DW_AT_name("XAR3")
     358                      .dwattr $C$DW$50, DW_AT_location[DW_OP_reg11]
     359              $C$DW$51        .dwtag  DW_TAG_TI_assign_register, DW_AT_name("XAR4")
     360                      .dwattr $C$DW$51, DW_AT_location[DW_OP_reg13]
     361              $C$DW$52        .dwtag  DW_TAG_TI_assign_register, DW_AT_name("XAR5")
     362                      .dwattr $C$DW$52, DW_AT_location[DW_OP_reg15]
     363              $C$DW$53        .dwtag  DW_TAG_TI_assign_register, DW_AT_name("CIE_RETA")
     364                      .dwattr $C$DW$53, DW_AT_location[DW_OP_regx 0x4e]
     365                      .dwendtag $C$DW$CU
     366              

No Assembly Errors, No Assembly Warnings
