TMS320C2000 Assembler Unix v15.12.3 Tue Jul  4 10:34:24 2017

Tools Copyright (c) 1996-2015 Texas Instruments Incorporated
/tmp/98991b8xR88                                                     PAGE    1

       1              ;***************************************************************
       2              ;* TMS320C2000 C/C++ Codegen                 Unix v15.12.3.LTS *
       3              ;* Date/Time created: Tue Jul  4 10:34:24 2017                 *
       4              ;***************************************************************
       5                      .compiler_opts --abi=coffabi --float_support=softlib --hll_source=on --mem_model:code=flat --mem_mode
       6        0002  FP      .set    XAR2
       7              
       8              $C$DW$CU        .dwtag  DW_TAG_compile_unit
       9                      .dwattr $C$DW$CU, DW_AT_name("/home/wmj/Documents/my_motor/sw/modules/datalog/src/32b/datalog.c")
      10                      .dwattr $C$DW$CU, DW_AT_producer("TI TMS320C2000 C/C++ Codegen Unix v15.12.3.LTS Copyright (c) 1996-2
      11                      .dwattr $C$DW$CU, DW_AT_TI_version(0x01)
      12                      .dwattr $C$DW$CU, DW_AT_comp_dir("/home/wmj/Documents/my_motor/sw/solutions/instaspin_foc/boards/hvki
      13              ;       /mnt/eda_tools/ti/ccsv6/tools/compiler/c2000_15.12.3.LTS/bin/opt2000 /tmp/989915OKIxA /tmp/98991Zcz0b
      14              ;       /mnt/eda_tools/ti/ccsv6/tools/compiler/c2000_15.12.3.LTS/bin/ac2000 -@/tmp/98991rhNJ53 
      15 00000000               .sect   ".text"
      16                      .clink
      17                      .global _DATALOG_init
      18              
      19              $C$DW$1 .dwtag  DW_TAG_subprogram
      20                      .dwattr $C$DW$1, DW_AT_name("DATALOG_init")
      21                      .dwattr $C$DW$1, DW_AT_low_pc(_DATALOG_init)
      22                      .dwattr $C$DW$1, DW_AT_high_pc(0x00)
      23                      .dwattr $C$DW$1, DW_AT_TI_symbol_name("_DATALOG_init")
      24                      .dwattr $C$DW$1, DW_AT_external
      25                      .dwattr $C$DW$1, DW_AT_type(*$C$DW$T$29)
      26                      .dwattr $C$DW$1, DW_AT_TI_begin_file("/home/wmj/Documents/my_motor/sw/modules/datalog/src/32b/datalog
      27                      .dwattr $C$DW$1, DW_AT_TI_begin_line(0x44)
      28                      .dwattr $C$DW$1, DW_AT_TI_begin_column(0x10)
      29                      .dwattr $C$DW$1, DW_AT_TI_max_frame_size(-2)
      30                      .dwpsn  file "/home/wmj/Documents/my_motor/sw/modules/datalog/src/32b/datalog.c",line 69,column 1,is_
      31              
      32                      .dwfde $C$DW$CIE, _DATALOG_init
      33              $C$DW$2 .dwtag  DW_TAG_formal_parameter
      34                      .dwattr $C$DW$2, DW_AT_name("pMemory")
      35                      .dwattr $C$DW$2, DW_AT_TI_symbol_name("_pMemory")
      36                      .dwattr $C$DW$2, DW_AT_type(*$C$DW$T$3)
      37                      .dwattr $C$DW$2, DW_AT_location[DW_OP_reg12]
      38              
      39              $C$DW$3 .dwtag  DW_TAG_formal_parameter
      40                      .dwattr $C$DW$3, DW_AT_name("numBytes")
      41                      .dwattr $C$DW$3, DW_AT_TI_symbol_name("_numBytes")
      42                      .dwattr $C$DW$3, DW_AT_type(*$C$DW$T$31)
      43                      .dwattr $C$DW$3, DW_AT_location[DW_OP_reg0]
      44              
      45              
      46              ;***************************************************************
      47              ;* FNAME: _DATALOG_init                 FR SIZE:   0           *
      48              ;*                                                             *
      49              ;* FUNCTION ENVIRONMENT                                        *
      50              ;*                                                             *
      51              ;* FUNCTION PROPERTIES                                         *
      52              ;*                            0 Parameter,  0 Auto,  0 SOE     *
      53              ;***************************************************************
      54              
      55              _DATALOG_init:
TMS320C2000 Assembler Unix v15.12.3 Tue Jul  4 10:34:24 2017

Tools Copyright (c) 1996-2015 Texas Instruments Incorporated
/tmp/98991b8xR88                                                     PAGE    2

      56              ;* AR6   assigned to _numBytes
      57              $C$DW$4 .dwtag  DW_TAG_variable
      58                      .dwattr $C$DW$4, DW_AT_name("numBytes")
      59                      .dwattr $C$DW$4, DW_AT_TI_symbol_name("_numBytes")
      60                      .dwattr $C$DW$4, DW_AT_type(*$C$DW$T$31)
      61                      .dwattr $C$DW$4, DW_AT_location[DW_OP_reg16]
      62              
      63              ;* AR4   assigned to _pMemory
      64              $C$DW$5 .dwtag  DW_TAG_variable
      65                      .dwattr $C$DW$5, DW_AT_name("pMemory")
      66                      .dwattr $C$DW$5, DW_AT_TI_symbol_name("_pMemory")
      67                      .dwattr $C$DW$5, DW_AT_type(*$C$DW$T$34)
      68                      .dwattr $C$DW$5, DW_AT_location[DW_OP_reg12]
      69              
      70                      .dwcfi  cfa_offset, -2
      71                      .dwcfi  save_reg_to_mem, 26, 0
      72 00000000 1EA6          MOVL      XAR6,ACC              ; [CPU_] |69| 
      73                      .dwpsn  file "/home/wmj/Documents/my_motor/sw/modules/datalog/src/32b/datalog.c",line 72,column 3,is_
      74 00000001 020A          MOVB      ACC,#10               ; [CPU_] |72| 
      75 00000002 0FA6          CMPL      ACC,XAR6              ; [CPU_] |72| 
      76 00000003 6903          B         $C$L1,LOS             ; [CPU_] |72| 
      77                      ; branchcc occurs ; [] |72| 
      78                      .dwcfi  remember_state
      79                      .dwpsn  file "/home/wmj/Documents/my_motor/sw/modules/datalog/src/32b/datalog.c",line 73,column 5,is_
      80 00000004 D400          MOVB      XAR4,#0               ; [CPU_] |73| 
      81              $C$DW$6 .dwtag  DW_TAG_TI_branch
      82                      .dwattr $C$DW$6, DW_AT_low_pc(0x00)
      83                      .dwattr $C$DW$6, DW_AT_TI_return
      84              
      85 00000005 0006          LRETR     ; [CPU_] 
      86                      ; return occurs ; [] 
      87                      .dwcfi  restore_state
      88 00000006       $C$L1:    
      89                      .dwpsn  file "/home/wmj/Documents/my_motor/sw/modules/datalog/src/32b/datalog.c",line 80,column 3,is_
      90 00000006 D008          MOVB      XAR0,#8               ; [CPU_] |80| 
      91 00000007 2B94          MOV       *+XAR4[AR0],#0        ; [CPU_] |80| 
      92                      .dwpsn  file "/home/wmj/Documents/my_motor/sw/modules/datalog/src/32b/datalog.c",line 81,column 3,is_
      93 00000008 D009          MOVB      XAR0,#9               ; [CPU_] |81| 
      94 00000009 2894          MOV       *+XAR4[AR0],#400      ; [CPU_] |81| 
         0000000a 0190 
      95              $C$DW$7 .dwtag  DW_TAG_TI_branch
      96                      .dwattr $C$DW$7, DW_AT_low_pc(0x00)
      97                      .dwattr $C$DW$7, DW_AT_TI_return
      98              
      99 0000000b 0006          LRETR     ; [CPU_] 
     100                      ; return occurs ; [] 
     101                      .dwattr $C$DW$1, DW_AT_TI_end_file("/home/wmj/Documents/my_motor/sw/modules/datalog/src/32b/datalog.c
     102                      .dwattr $C$DW$1, DW_AT_TI_end_line(0x54)
     103                      .dwattr $C$DW$1, DW_AT_TI_end_column(0x01)
     104                      .dwendentry
     105                      .dwendtag $C$DW$1
     106              
     107              
     108              ;***************************************************************
     109              ;* TYPE INFORMATION                                            *
TMS320C2000 Assembler Unix v15.12.3 Tue Jul  4 10:34:24 2017

Tools Copyright (c) 1996-2015 Texas Instruments Incorporated
/tmp/98991b8xR88                                                     PAGE    3

     110              ;***************************************************************
     111              
     112              $C$DW$T$25      .dwtag  DW_TAG_structure_type
     113                      .dwattr $C$DW$T$25, DW_AT_name("_DATALOG_OBJ_")
     114                      .dwattr $C$DW$T$25, DW_AT_byte_size(0x0a)
     115              $C$DW$8 .dwtag  DW_TAG_member
     116                      .dwattr $C$DW$8, DW_AT_type(*$C$DW$T$22)
     117                      .dwattr $C$DW$8, DW_AT_name("iptr")
     118                      .dwattr $C$DW$8, DW_AT_TI_symbol_name("_iptr")
     119                      .dwattr $C$DW$8, DW_AT_data_member_location[DW_OP_plus_uconst 0x0]
     120                      .dwattr $C$DW$8, DW_AT_accessibility(DW_ACCESS_public)
     121              
     122              $C$DW$9 .dwtag  DW_TAG_member
     123                      .dwattr $C$DW$9, DW_AT_type(*$C$DW$T$23)
     124                      .dwattr $C$DW$9, DW_AT_name("Flag_EnableLogData")
     125                      .dwattr $C$DW$9, DW_AT_TI_symbol_name("_Flag_EnableLogData")
     126                      .dwattr $C$DW$9, DW_AT_data_member_location[DW_OP_plus_uconst 0x6]
     127                      .dwattr $C$DW$9, DW_AT_accessibility(DW_ACCESS_public)
     128              
     129              $C$DW$10        .dwtag  DW_TAG_member
     130                      .dwattr $C$DW$10, DW_AT_type(*$C$DW$T$23)
     131                      .dwattr $C$DW$10, DW_AT_name("Flag_EnableLogOneShot")
     132                      .dwattr $C$DW$10, DW_AT_TI_symbol_name("_Flag_EnableLogOneShot")
     133                      .dwattr $C$DW$10, DW_AT_data_member_location[DW_OP_plus_uconst 0x7]
     134                      .dwattr $C$DW$10, DW_AT_accessibility(DW_ACCESS_public)
     135              
     136              $C$DW$11        .dwtag  DW_TAG_member
     137                      .dwattr $C$DW$11, DW_AT_type(*$C$DW$T$24)
     138                      .dwattr $C$DW$11, DW_AT_name("cntr")
     139                      .dwattr $C$DW$11, DW_AT_TI_symbol_name("_cntr")
     140                      .dwattr $C$DW$11, DW_AT_data_member_location[DW_OP_plus_uconst 0x8]
     141                      .dwattr $C$DW$11, DW_AT_accessibility(DW_ACCESS_public)
     142              
     143              $C$DW$12        .dwtag  DW_TAG_member
     144                      .dwattr $C$DW$12, DW_AT_type(*$C$DW$T$24)
     145                      .dwattr $C$DW$12, DW_AT_name("size")
     146                      .dwattr $C$DW$12, DW_AT_TI_symbol_name("_size")
     147                      .dwattr $C$DW$12, DW_AT_data_member_location[DW_OP_plus_uconst 0x9]
     148                      .dwattr $C$DW$12, DW_AT_accessibility(DW_ACCESS_public)
     149              
     150                      .dwendtag $C$DW$T$25
     151              
     152              $C$DW$T$26      .dwtag  DW_TAG_typedef
     153                      .dwattr $C$DW$T$26, DW_AT_name("DATALOG_Obj")
     154                      .dwattr $C$DW$T$26, DW_AT_type(*$C$DW$T$25)
     155                      .dwattr $C$DW$T$26, DW_AT_language(DW_LANG_C)
     156              
     157              
     158              $C$DW$T$19      .dwtag  DW_TAG_structure_type
     159                      .dwattr $C$DW$T$19, DW_AT_name("_DATALOG_Obj_")
     160                      .dwattr $C$DW$T$19, DW_AT_declaration
     161                      .dwendtag $C$DW$T$19
     162              
     163              $C$DW$T$28      .dwtag  DW_TAG_pointer_type
     164                      .dwattr $C$DW$T$28, DW_AT_type(*$C$DW$T$19)
TMS320C2000 Assembler Unix v15.12.3 Tue Jul  4 10:34:24 2017

Tools Copyright (c) 1996-2015 Texas Instruments Incorporated
/tmp/98991b8xR88                                                     PAGE    4

     165                      .dwattr $C$DW$T$28, DW_AT_address_class(0x20)
     166              
     167              $C$DW$T$29      .dwtag  DW_TAG_typedef
     168                      .dwattr $C$DW$T$29, DW_AT_name("DATALOG_Handle")
     169                      .dwattr $C$DW$T$29, DW_AT_type(*$C$DW$T$28)
     170                      .dwattr $C$DW$T$29, DW_AT_language(DW_LANG_C)
     171              
     172              $C$DW$T$2       .dwtag  DW_TAG_unspecified_type
     173                      .dwattr $C$DW$T$2, DW_AT_name("void")
     174              
     175              $C$DW$T$3       .dwtag  DW_TAG_pointer_type
     176                      .dwattr $C$DW$T$3, DW_AT_type(*$C$DW$T$2)
     177                      .dwattr $C$DW$T$3, DW_AT_address_class(0x20)
     178              
     179              $C$DW$13        .dwtag  DW_TAG_TI_far_type
     180                      .dwattr $C$DW$13, DW_AT_type(*$C$DW$T$3)
     181              
     182              $C$DW$T$34      .dwtag  DW_TAG_const_type
     183                      .dwattr $C$DW$T$34, DW_AT_type(*$C$DW$13)
     184              
     185              $C$DW$T$4       .dwtag  DW_TAG_base_type
     186                      .dwattr $C$DW$T$4, DW_AT_encoding(DW_ATE_boolean)
     187                      .dwattr $C$DW$T$4, DW_AT_name("bool")
     188                      .dwattr $C$DW$T$4, DW_AT_byte_size(0x01)
     189              
     190              $C$DW$T$5       .dwtag  DW_TAG_base_type
     191                      .dwattr $C$DW$T$5, DW_AT_encoding(DW_ATE_signed_char)
     192                      .dwattr $C$DW$T$5, DW_AT_name("signed char")
     193                      .dwattr $C$DW$T$5, DW_AT_byte_size(0x01)
     194              
     195              $C$DW$T$6       .dwtag  DW_TAG_base_type
     196                      .dwattr $C$DW$T$6, DW_AT_encoding(DW_ATE_unsigned_char)
     197                      .dwattr $C$DW$T$6, DW_AT_name("unsigned char")
     198                      .dwattr $C$DW$T$6, DW_AT_byte_size(0x01)
     199              
     200              $C$DW$T$7       .dwtag  DW_TAG_base_type
     201                      .dwattr $C$DW$T$7, DW_AT_encoding(DW_ATE_signed_char)
     202                      .dwattr $C$DW$T$7, DW_AT_name("wchar_t")
     203                      .dwattr $C$DW$T$7, DW_AT_byte_size(0x01)
     204              
     205              $C$DW$T$8       .dwtag  DW_TAG_base_type
     206                      .dwattr $C$DW$T$8, DW_AT_encoding(DW_ATE_signed)
     207                      .dwattr $C$DW$T$8, DW_AT_name("short")
     208                      .dwattr $C$DW$T$8, DW_AT_byte_size(0x01)
     209              
     210              $C$DW$T$9       .dwtag  DW_TAG_base_type
     211                      .dwattr $C$DW$T$9, DW_AT_encoding(DW_ATE_unsigned)
     212                      .dwattr $C$DW$T$9, DW_AT_name("unsigned short")
     213                      .dwattr $C$DW$T$9, DW_AT_byte_size(0x01)
     214              
     215              $C$DW$T$10      .dwtag  DW_TAG_base_type
     216                      .dwattr $C$DW$T$10, DW_AT_encoding(DW_ATE_signed)
     217                      .dwattr $C$DW$T$10, DW_AT_name("int")
     218                      .dwattr $C$DW$T$10, DW_AT_byte_size(0x01)
     219              
TMS320C2000 Assembler Unix v15.12.3 Tue Jul  4 10:34:24 2017

Tools Copyright (c) 1996-2015 Texas Instruments Incorporated
/tmp/98991b8xR88                                                     PAGE    5

     220              $C$DW$T$24      .dwtag  DW_TAG_typedef
     221                      .dwattr $C$DW$T$24, DW_AT_name("int16_t")
     222                      .dwattr $C$DW$T$24, DW_AT_type(*$C$DW$T$10)
     223                      .dwattr $C$DW$T$24, DW_AT_language(DW_LANG_C)
     224              
     225              $C$DW$T$11      .dwtag  DW_TAG_base_type
     226                      .dwattr $C$DW$T$11, DW_AT_encoding(DW_ATE_unsigned)
     227                      .dwattr $C$DW$T$11, DW_AT_name("unsigned int")
     228                      .dwattr $C$DW$T$11, DW_AT_byte_size(0x01)
     229              
     230              $C$DW$T$12      .dwtag  DW_TAG_base_type
     231                      .dwattr $C$DW$T$12, DW_AT_encoding(DW_ATE_signed)
     232                      .dwattr $C$DW$T$12, DW_AT_name("long")
     233                      .dwattr $C$DW$T$12, DW_AT_byte_size(0x02)
     234              
     235              $C$DW$T$20      .dwtag  DW_TAG_typedef
     236                      .dwattr $C$DW$T$20, DW_AT_name("int32_t")
     237                      .dwattr $C$DW$T$20, DW_AT_type(*$C$DW$T$12)
     238                      .dwattr $C$DW$T$20, DW_AT_language(DW_LANG_C)
     239              
     240              $C$DW$T$21      .dwtag  DW_TAG_pointer_type
     241                      .dwattr $C$DW$T$21, DW_AT_type(*$C$DW$T$20)
     242                      .dwattr $C$DW$T$21, DW_AT_address_class(0x20)
     243              
     244              
     245              $C$DW$T$22      .dwtag  DW_TAG_array_type
     246                      .dwattr $C$DW$T$22, DW_AT_type(*$C$DW$T$21)
     247                      .dwattr $C$DW$T$22, DW_AT_language(DW_LANG_C)
     248                      .dwattr $C$DW$T$22, DW_AT_byte_size(0x06)
     249              $C$DW$14        .dwtag  DW_TAG_subrange_type
     250                      .dwattr $C$DW$14, DW_AT_upper_bound(0x02)
     251              
     252                      .dwendtag $C$DW$T$22
     253              
     254              $C$DW$T$13      .dwtag  DW_TAG_base_type
     255                      .dwattr $C$DW$T$13, DW_AT_encoding(DW_ATE_unsigned)
     256                      .dwattr $C$DW$T$13, DW_AT_name("unsigned long")
     257                      .dwattr $C$DW$T$13, DW_AT_byte_size(0x02)
     258              
     259              $C$DW$T$30      .dwtag  DW_TAG_typedef
     260                      .dwattr $C$DW$T$30, DW_AT_name("size_t")
     261                      .dwattr $C$DW$T$30, DW_AT_type(*$C$DW$T$13)
     262                      .dwattr $C$DW$T$30, DW_AT_language(DW_LANG_C)
     263              
     264              $C$DW$15        .dwtag  DW_TAG_TI_far_type
     265                      .dwattr $C$DW$15, DW_AT_type(*$C$DW$T$30)
     266              
     267              $C$DW$T$31      .dwtag  DW_TAG_const_type
     268                      .dwattr $C$DW$T$31, DW_AT_type(*$C$DW$15)
     269              
     270              $C$DW$T$14      .dwtag  DW_TAG_base_type
     271                      .dwattr $C$DW$T$14, DW_AT_encoding(DW_ATE_signed)
     272                      .dwattr $C$DW$T$14, DW_AT_name("long long")
     273                      .dwattr $C$DW$T$14, DW_AT_byte_size(0x04)
     274              
TMS320C2000 Assembler Unix v15.12.3 Tue Jul  4 10:34:24 2017

Tools Copyright (c) 1996-2015 Texas Instruments Incorporated
/tmp/98991b8xR88                                                     PAGE    6

     275              $C$DW$T$15      .dwtag  DW_TAG_base_type
     276                      .dwattr $C$DW$T$15, DW_AT_encoding(DW_ATE_unsigned)
     277                      .dwattr $C$DW$T$15, DW_AT_name("unsigned long long")
     278                      .dwattr $C$DW$T$15, DW_AT_byte_size(0x04)
     279              
     280              $C$DW$T$16      .dwtag  DW_TAG_base_type
     281                      .dwattr $C$DW$T$16, DW_AT_encoding(DW_ATE_float)
     282                      .dwattr $C$DW$T$16, DW_AT_name("float")
     283                      .dwattr $C$DW$T$16, DW_AT_byte_size(0x02)
     284              
     285              $C$DW$T$17      .dwtag  DW_TAG_base_type
     286                      .dwattr $C$DW$T$17, DW_AT_encoding(DW_ATE_float)
     287                      .dwattr $C$DW$T$17, DW_AT_name("double")
     288                      .dwattr $C$DW$T$17, DW_AT_byte_size(0x02)
     289              
     290              $C$DW$T$18      .dwtag  DW_TAG_base_type
     291                      .dwattr $C$DW$T$18, DW_AT_encoding(DW_ATE_float)
     292                      .dwattr $C$DW$T$18, DW_AT_name("long double")
     293                      .dwattr $C$DW$T$18, DW_AT_byte_size(0x04)
     294              
     295              $C$DW$T$23      .dwtag  DW_TAG_base_type
     296                      .dwattr $C$DW$T$23, DW_AT_encoding(DW_ATE_unsigned_char)
     297                      .dwattr $C$DW$T$23, DW_AT_name("unsigned char")
     298                      .dwattr $C$DW$T$23, DW_AT_byte_size(0x01)
     299              
     300                      .dwattr $C$DW$CU, DW_AT_language(DW_LANG_C)
     301              
     302              ;***************************************************************
     303              ;* DWARF CIE ENTRIES                                           *
     304              ;***************************************************************
     305              
     306              $C$DW$CIE       .dwcie 26
     307                      .dwcfi  cfa_register, 20
     308                      .dwcfi  cfa_offset, 0
     309                      .dwcfi  undefined, 0
     310                      .dwcfi  undefined, 1
     311                      .dwcfi  undefined, 2
     312                      .dwcfi  undefined, 3
     313                      .dwcfi  undefined, 20
     314                      .dwcfi  undefined, 21
     315                      .dwcfi  undefined, 22
     316                      .dwcfi  undefined, 23
     317                      .dwcfi  undefined, 24
     318                      .dwcfi  undefined, 25
     319                      .dwcfi  undefined, 26
     320                      .dwcfi  same_value, 28
     321                      .dwcfi  undefined, 29
     322                      .dwcfi  undefined, 30
     323                      .dwcfi  undefined, 31
     324                      .dwcfi  undefined, 32
     325                      .dwcfi  undefined, 33
     326                      .dwcfi  undefined, 34
     327                      .dwcfi  undefined, 35
     328                      .dwcfi  undefined, 36
     329                      .dwcfi  undefined, 37
TMS320C2000 Assembler Unix v15.12.3 Tue Jul  4 10:34:24 2017

Tools Copyright (c) 1996-2015 Texas Instruments Incorporated
/tmp/98991b8xR88                                                     PAGE    7

     330                      .dwcfi  undefined, 38
     331                      .dwcfi  undefined, 75
     332                      .dwcfi  undefined, 76
     333                      .dwcfi  undefined, 77
     334                      .dwcfi  undefined, 4
     335                      .dwcfi  undefined, 5
     336                      .dwcfi  same_value, 6
     337                      .dwcfi  same_value, 7
     338                      .dwcfi  same_value, 8
     339                      .dwcfi  same_value, 9
     340                      .dwcfi  same_value, 10
     341                      .dwcfi  same_value, 11
     342                      .dwcfi  undefined, 12
     343                      .dwcfi  undefined, 13
     344                      .dwcfi  undefined, 14
     345                      .dwcfi  undefined, 15
     346                      .dwcfi  undefined, 16
     347                      .dwcfi  undefined, 17
     348                      .dwcfi  undefined, 18
     349                      .dwcfi  undefined, 19
     350                      .dwendentry
     351              
     352              ;***************************************************************
     353              ;* DWARF REGISTER MAP                                          *
     354              ;***************************************************************
     355              
     356              $C$DW$16        .dwtag  DW_TAG_TI_assign_register
     357                      .dwattr $C$DW$16, DW_AT_name("AL")
     358                      .dwattr $C$DW$16, DW_AT_location[DW_OP_reg0]
     359              
     360              $C$DW$17        .dwtag  DW_TAG_TI_assign_register
     361                      .dwattr $C$DW$17, DW_AT_name("AH")
     362                      .dwattr $C$DW$17, DW_AT_location[DW_OP_reg1]
     363              
     364              $C$DW$18        .dwtag  DW_TAG_TI_assign_register
     365                      .dwattr $C$DW$18, DW_AT_name("PL")
     366                      .dwattr $C$DW$18, DW_AT_location[DW_OP_reg2]
     367              
     368              $C$DW$19        .dwtag  DW_TAG_TI_assign_register
     369                      .dwattr $C$DW$19, DW_AT_name("PH")
     370                      .dwattr $C$DW$19, DW_AT_location[DW_OP_reg3]
     371              
     372              $C$DW$20        .dwtag  DW_TAG_TI_assign_register
     373                      .dwattr $C$DW$20, DW_AT_name("SP")
     374                      .dwattr $C$DW$20, DW_AT_location[DW_OP_reg20]
     375              
     376              $C$DW$21        .dwtag  DW_TAG_TI_assign_register
     377                      .dwattr $C$DW$21, DW_AT_name("XT")
     378                      .dwattr $C$DW$21, DW_AT_location[DW_OP_reg21]
     379              
     380              $C$DW$22        .dwtag  DW_TAG_TI_assign_register
     381                      .dwattr $C$DW$22, DW_AT_name("T")
     382                      .dwattr $C$DW$22, DW_AT_location[DW_OP_reg22]
     383              
     384              $C$DW$23        .dwtag  DW_TAG_TI_assign_register
TMS320C2000 Assembler Unix v15.12.3 Tue Jul  4 10:34:24 2017

Tools Copyright (c) 1996-2015 Texas Instruments Incorporated
/tmp/98991b8xR88                                                     PAGE    8

     385                      .dwattr $C$DW$23, DW_AT_name("ST0")
     386                      .dwattr $C$DW$23, DW_AT_location[DW_OP_reg23]
     387              
     388              $C$DW$24        .dwtag  DW_TAG_TI_assign_register
     389                      .dwattr $C$DW$24, DW_AT_name("ST1")
     390                      .dwattr $C$DW$24, DW_AT_location[DW_OP_reg24]
     391              
     392              $C$DW$25        .dwtag  DW_TAG_TI_assign_register
     393                      .dwattr $C$DW$25, DW_AT_name("PC")
     394                      .dwattr $C$DW$25, DW_AT_location[DW_OP_reg25]
     395              
     396              $C$DW$26        .dwtag  DW_TAG_TI_assign_register
     397                      .dwattr $C$DW$26, DW_AT_name("RPC")
     398                      .dwattr $C$DW$26, DW_AT_location[DW_OP_reg26]
     399              
     400              $C$DW$27        .dwtag  DW_TAG_TI_assign_register
     401                      .dwattr $C$DW$27, DW_AT_name("FP")
     402                      .dwattr $C$DW$27, DW_AT_location[DW_OP_reg28]
     403              
     404              $C$DW$28        .dwtag  DW_TAG_TI_assign_register
     405                      .dwattr $C$DW$28, DW_AT_name("DP")
     406                      .dwattr $C$DW$28, DW_AT_location[DW_OP_reg29]
     407              
     408              $C$DW$29        .dwtag  DW_TAG_TI_assign_register
     409                      .dwattr $C$DW$29, DW_AT_name("SXM")
     410                      .dwattr $C$DW$29, DW_AT_location[DW_OP_reg30]
     411              
     412              $C$DW$30        .dwtag  DW_TAG_TI_assign_register
     413                      .dwattr $C$DW$30, DW_AT_name("PM")
     414                      .dwattr $C$DW$30, DW_AT_location[DW_OP_reg31]
     415              
     416              $C$DW$31        .dwtag  DW_TAG_TI_assign_register
     417                      .dwattr $C$DW$31, DW_AT_name("OVM")
     418                      .dwattr $C$DW$31, DW_AT_location[DW_OP_regx 0x20]
     419              
     420              $C$DW$32        .dwtag  DW_TAG_TI_assign_register
     421                      .dwattr $C$DW$32, DW_AT_name("PAGE0")
     422                      .dwattr $C$DW$32, DW_AT_location[DW_OP_regx 0x21]
     423              
     424              $C$DW$33        .dwtag  DW_TAG_TI_assign_register
     425                      .dwattr $C$DW$33, DW_AT_name("AMODE")
     426                      .dwattr $C$DW$33, DW_AT_location[DW_OP_regx 0x22]
     427              
     428              $C$DW$34        .dwtag  DW_TAG_TI_assign_register
     429                      .dwattr $C$DW$34, DW_AT_name("INTM")
     430                      .dwattr $C$DW$34, DW_AT_location[DW_OP_regx 0x23]
     431              
     432              $C$DW$35        .dwtag  DW_TAG_TI_assign_register
     433                      .dwattr $C$DW$35, DW_AT_name("IFR")
     434                      .dwattr $C$DW$35, DW_AT_location[DW_OP_regx 0x24]
     435              
     436              $C$DW$36        .dwtag  DW_TAG_TI_assign_register
     437                      .dwattr $C$DW$36, DW_AT_name("IER")
     438                      .dwattr $C$DW$36, DW_AT_location[DW_OP_regx 0x25]
     439              
TMS320C2000 Assembler Unix v15.12.3 Tue Jul  4 10:34:24 2017

Tools Copyright (c) 1996-2015 Texas Instruments Incorporated
/tmp/98991b8xR88                                                     PAGE    9

     440              $C$DW$37        .dwtag  DW_TAG_TI_assign_register
     441                      .dwattr $C$DW$37, DW_AT_name("V")
     442                      .dwattr $C$DW$37, DW_AT_location[DW_OP_regx 0x26]
     443              
     444              $C$DW$38        .dwtag  DW_TAG_TI_assign_register
     445                      .dwattr $C$DW$38, DW_AT_name("PSEUDOH")
     446                      .dwattr $C$DW$38, DW_AT_location[DW_OP_regx 0x4c]
     447              
     448              $C$DW$39        .dwtag  DW_TAG_TI_assign_register
     449                      .dwattr $C$DW$39, DW_AT_name("VOL")
     450                      .dwattr $C$DW$39, DW_AT_location[DW_OP_regx 0x4d]
     451              
     452              $C$DW$40        .dwtag  DW_TAG_TI_assign_register
     453                      .dwattr $C$DW$40, DW_AT_name("AR0")
     454                      .dwattr $C$DW$40, DW_AT_location[DW_OP_reg4]
     455              
     456              $C$DW$41        .dwtag  DW_TAG_TI_assign_register
     457                      .dwattr $C$DW$41, DW_AT_name("XAR0")
     458                      .dwattr $C$DW$41, DW_AT_location[DW_OP_reg5]
     459              
     460              $C$DW$42        .dwtag  DW_TAG_TI_assign_register
     461                      .dwattr $C$DW$42, DW_AT_name("AR1")
     462                      .dwattr $C$DW$42, DW_AT_location[DW_OP_reg6]
     463              
     464              $C$DW$43        .dwtag  DW_TAG_TI_assign_register
     465                      .dwattr $C$DW$43, DW_AT_name("XAR1")
     466                      .dwattr $C$DW$43, DW_AT_location[DW_OP_reg7]
     467              
     468              $C$DW$44        .dwtag  DW_TAG_TI_assign_register
     469                      .dwattr $C$DW$44, DW_AT_name("AR2")
     470                      .dwattr $C$DW$44, DW_AT_location[DW_OP_reg8]
     471              
     472              $C$DW$45        .dwtag  DW_TAG_TI_assign_register
     473                      .dwattr $C$DW$45, DW_AT_name("XAR2")
     474                      .dwattr $C$DW$45, DW_AT_location[DW_OP_reg9]
     475              
     476              $C$DW$46        .dwtag  DW_TAG_TI_assign_register
     477                      .dwattr $C$DW$46, DW_AT_name("AR3")
     478                      .dwattr $C$DW$46, DW_AT_location[DW_OP_reg10]
     479              
     480              $C$DW$47        .dwtag  DW_TAG_TI_assign_register
     481                      .dwattr $C$DW$47, DW_AT_name("XAR3")
     482                      .dwattr $C$DW$47, DW_AT_location[DW_OP_reg11]
     483              
     484              $C$DW$48        .dwtag  DW_TAG_TI_assign_register
     485                      .dwattr $C$DW$48, DW_AT_name("AR4")
     486                      .dwattr $C$DW$48, DW_AT_location[DW_OP_reg12]
     487              
     488              $C$DW$49        .dwtag  DW_TAG_TI_assign_register
     489                      .dwattr $C$DW$49, DW_AT_name("XAR4")
     490                      .dwattr $C$DW$49, DW_AT_location[DW_OP_reg13]
     491              
     492              $C$DW$50        .dwtag  DW_TAG_TI_assign_register
     493                      .dwattr $C$DW$50, DW_AT_name("AR5")
     494                      .dwattr $C$DW$50, DW_AT_location[DW_OP_reg14]
TMS320C2000 Assembler Unix v15.12.3 Tue Jul  4 10:34:24 2017

Tools Copyright (c) 1996-2015 Texas Instruments Incorporated
/tmp/98991b8xR88                                                     PAGE   10

     495              
     496              $C$DW$51        .dwtag  DW_TAG_TI_assign_register
     497                      .dwattr $C$DW$51, DW_AT_name("XAR5")
     498                      .dwattr $C$DW$51, DW_AT_location[DW_OP_reg15]
     499              
     500              $C$DW$52        .dwtag  DW_TAG_TI_assign_register
     501                      .dwattr $C$DW$52, DW_AT_name("AR6")
     502                      .dwattr $C$DW$52, DW_AT_location[DW_OP_reg16]
     503              
     504              $C$DW$53        .dwtag  DW_TAG_TI_assign_register
     505                      .dwattr $C$DW$53, DW_AT_name("XAR6")
     506                      .dwattr $C$DW$53, DW_AT_location[DW_OP_reg17]
     507              
     508              $C$DW$54        .dwtag  DW_TAG_TI_assign_register
     509                      .dwattr $C$DW$54, DW_AT_name("AR7")
     510                      .dwattr $C$DW$54, DW_AT_location[DW_OP_reg18]
     511              
     512              $C$DW$55        .dwtag  DW_TAG_TI_assign_register
     513                      .dwattr $C$DW$55, DW_AT_name("XAR7")
     514                      .dwattr $C$DW$55, DW_AT_location[DW_OP_reg19]
     515              
     516                      .dwendtag $C$DW$CU
     517              

No Assembly Errors, No Assembly Warnings
