TMS320C2000 Assembler Unix v15.12.3 Tue Jul  4 10:34:27 2017

Tools Copyright (c) 1996-2015 Texas Instruments Incorporated
/tmp/99177c7oNMV                                                     PAGE    1

       1              ;***************************************************************
       2              ;* TMS320C2000 C/C++ Codegen                 Unix v15.12.3.LTS *
       3              ;* Date/Time created: Tue Jul  4 10:34:27 2017                 *
       4              ;***************************************************************
       5                      .compiler_opts --abi=coffabi --float_support=softlib --hll_source=on --mem_model:code=flat --mem_mode
       6        0002  FP      .set    XAR2
       7              
       8              $C$DW$CU        .dwtag  DW_TAG_compile_unit
       9                      .dwattr $C$DW$CU, DW_AT_name("/home/wmj/Documents/my_motor/sw/modules/svgen/src/32b/svgen_current.c")
      10                      .dwattr $C$DW$CU, DW_AT_producer("TI TMS320C2000 C/C++ Codegen Unix v15.12.3.LTS Copyright (c) 1996-2
      11                      .dwattr $C$DW$CU, DW_AT_TI_version(0x01)
      12                      .dwattr $C$DW$CU, DW_AT_comp_dir("/home/wmj/Documents/my_motor/sw/solutions/instaspin_foc/boards/hvki
      13              ;       /mnt/eda_tools/ti/ccsv6/tools/compiler/c2000_15.12.3.LTS/bin/opt2000 /tmp/99177a8xyjo /tmp/99177S59mb
      14              ;       /mnt/eda_tools/ti/ccsv6/tools/compiler/c2000_15.12.3.LTS/bin/ac2000 -@/tmp/99177klVgoA 
      15 00000000               .sect   ".text"
      16                      .clink
      17                      .global _SVGENCURRENT_init
      18              
      19              $C$DW$1 .dwtag  DW_TAG_subprogram
      20                      .dwattr $C$DW$1, DW_AT_name("SVGENCURRENT_init")
      21                      .dwattr $C$DW$1, DW_AT_low_pc(_SVGENCURRENT_init)
      22                      .dwattr $C$DW$1, DW_AT_high_pc(0x00)
      23                      .dwattr $C$DW$1, DW_AT_TI_symbol_name("_SVGENCURRENT_init")
      24                      .dwattr $C$DW$1, DW_AT_external
      25                      .dwattr $C$DW$1, DW_AT_type(*$C$DW$T$29)
      26                      .dwattr $C$DW$1, DW_AT_TI_begin_file("/home/wmj/Documents/my_motor/sw/modules/svgen/src/32b/svgen_cur
      27                      .dwattr $C$DW$1, DW_AT_TI_begin_line(0x39)
      28                      .dwattr $C$DW$1, DW_AT_TI_begin_column(0x15)
      29                      .dwattr $C$DW$1, DW_AT_TI_max_frame_size(-2)
      30                      .dwpsn  file "/home/wmj/Documents/my_motor/sw/modules/svgen/src/32b/svgen_current.c",line 58,column 1
      31              
      32                      .dwfde $C$DW$CIE, _SVGENCURRENT_init
      33              $C$DW$2 .dwtag  DW_TAG_formal_parameter
      34                      .dwattr $C$DW$2, DW_AT_name("pMemory")
      35                      .dwattr $C$DW$2, DW_AT_TI_symbol_name("_pMemory")
      36                      .dwattr $C$DW$2, DW_AT_type(*$C$DW$T$3)
      37                      .dwattr $C$DW$2, DW_AT_location[DW_OP_reg12]
      38              
      39              $C$DW$3 .dwtag  DW_TAG_formal_parameter
      40                      .dwattr $C$DW$3, DW_AT_name("numBytes")
      41                      .dwattr $C$DW$3, DW_AT_TI_symbol_name("_numBytes")
      42                      .dwattr $C$DW$3, DW_AT_type(*$C$DW$T$31)
      43                      .dwattr $C$DW$3, DW_AT_location[DW_OP_reg0]
      44              
      45              
      46              ;***************************************************************
      47              ;* FNAME: _SVGENCURRENT_init            FR SIZE:   0           *
      48              ;*                                                             *
      49              ;* FUNCTION ENVIRONMENT                                        *
      50              ;*                                                             *
      51              ;* FUNCTION PROPERTIES                                         *
      52              ;*                            0 Parameter,  0 Auto,  0 SOE     *
      53              ;***************************************************************
      54              
      55              _SVGENCURRENT_init:
TMS320C2000 Assembler Unix v15.12.3 Tue Jul  4 10:34:27 2017

Tools Copyright (c) 1996-2015 Texas Instruments Incorporated
/tmp/99177c7oNMV                                                     PAGE    2

      56              ;* AR6   assigned to _numBytes
      57              $C$DW$4 .dwtag  DW_TAG_variable
      58                      .dwattr $C$DW$4, DW_AT_name("numBytes")
      59                      .dwattr $C$DW$4, DW_AT_TI_symbol_name("_numBytes")
      60                      .dwattr $C$DW$4, DW_AT_type(*$C$DW$T$31)
      61                      .dwattr $C$DW$4, DW_AT_location[DW_OP_reg16]
      62              
      63                      .dwcfi  cfa_offset, -2
      64                      .dwcfi  save_reg_to_mem, 26, 0
      65 00000000 1EA6          MOVL      XAR6,ACC              ; [CPU_] |58| 
      66                      .dwpsn  file "/home/wmj/Documents/my_motor/sw/modules/svgen/src/32b/svgen_current.c",line 62,column 5
      67 00000001 0206          MOVB      ACC,#6                ; [CPU_] |62| 
      68 00000002 0FA6          CMPL      ACC,XAR6              ; [CPU_] |62| 
      69 00000003 6902          B         $C$L1,LOS             ; [CPU_] |62| 
      70                      ; branchcc occurs ; [] |62| 
      71 00000004 D400          MOVB      XAR4,#0               ; [CPU_] |62| 
      72              $C$L1:    
      73              $C$DW$5 .dwtag  DW_TAG_TI_branch
      74                      .dwattr $C$DW$5, DW_AT_low_pc(0x00)
      75                      .dwattr $C$DW$5, DW_AT_TI_return
      76              
      77 00000005 0006          LRETR     ; [CPU_] 
      78                      ; return occurs ; [] 
      79                      .dwattr $C$DW$1, DW_AT_TI_end_file("/home/wmj/Documents/my_motor/sw/modules/svgen/src/32b/svgen_curre
      80                      .dwattr $C$DW$1, DW_AT_TI_end_line(0x44)
      81                      .dwattr $C$DW$1, DW_AT_TI_end_column(0x01)
      82                      .dwendentry
      83                      .dwendtag $C$DW$1
      84              
      85              
      86              ;***************************************************************
      87              ;* TYPE INFORMATION                                            *
      88              ;***************************************************************
      89              
      90              $C$DW$T$20      .dwtag  DW_TAG_enumeration_type
      91                      .dwattr $C$DW$T$20, DW_AT_byte_size(0x01)
      92              $C$DW$6 .dwtag  DW_TAG_enumerator
      93                      .dwattr $C$DW$6, DW_AT_name("use_all")
      94                      .dwattr $C$DW$6, DW_AT_const_value(0x00)
      95              
      96              $C$DW$7 .dwtag  DW_TAG_enumerator
      97                      .dwattr $C$DW$7, DW_AT_name("ignore_a")
      98                      .dwattr $C$DW$7, DW_AT_const_value(0x01)
      99              
     100              $C$DW$8 .dwtag  DW_TAG_enumerator
     101                      .dwattr $C$DW$8, DW_AT_name("ignore_b")
     102                      .dwattr $C$DW$8, DW_AT_const_value(0x02)
     103              
     104              $C$DW$9 .dwtag  DW_TAG_enumerator
     105                      .dwattr $C$DW$9, DW_AT_name("ignore_c")
     106                      .dwattr $C$DW$9, DW_AT_const_value(0x03)
     107              
     108              $C$DW$10        .dwtag  DW_TAG_enumerator
     109                      .dwattr $C$DW$10, DW_AT_name("ignore_ab")
     110                      .dwattr $C$DW$10, DW_AT_const_value(0x04)
TMS320C2000 Assembler Unix v15.12.3 Tue Jul  4 10:34:27 2017

Tools Copyright (c) 1996-2015 Texas Instruments Incorporated
/tmp/99177c7oNMV                                                     PAGE    3

     111              
     112              $C$DW$11        .dwtag  DW_TAG_enumerator
     113                      .dwattr $C$DW$11, DW_AT_name("ignore_ac")
     114                      .dwattr $C$DW$11, DW_AT_const_value(0x05)
     115              
     116              $C$DW$12        .dwtag  DW_TAG_enumerator
     117                      .dwattr $C$DW$12, DW_AT_name("ignore_bc")
     118                      .dwattr $C$DW$12, DW_AT_const_value(0x06)
     119              
     120                      .dwendtag $C$DW$T$20
     121              
     122              $C$DW$T$21      .dwtag  DW_TAG_typedef
     123                      .dwattr $C$DW$T$21, DW_AT_name("SVGENCURRENT_IgnoreShunt_e")
     124                      .dwattr $C$DW$T$21, DW_AT_type(*$C$DW$T$20)
     125                      .dwattr $C$DW$T$21, DW_AT_language(DW_LANG_C)
     126              
     127              
     128              $C$DW$T$22      .dwtag  DW_TAG_enumeration_type
     129                      .dwattr $C$DW$T$22, DW_AT_byte_size(0x01)
     130              $C$DW$13        .dwtag  DW_TAG_enumerator
     131                      .dwattr $C$DW$13, DW_AT_name("all_phase_measurable")
     132                      .dwattr $C$DW$13, DW_AT_const_value(0x01)
     133              
     134              $C$DW$14        .dwtag  DW_TAG_enumerator
     135                      .dwattr $C$DW$14, DW_AT_name("two_phase_measurable")
     136                      .dwattr $C$DW$14, DW_AT_const_value(0x02)
     137              
     138              $C$DW$15        .dwtag  DW_TAG_enumerator
     139                      .dwattr $C$DW$15, DW_AT_name("one_phase_measurable")
     140                      .dwattr $C$DW$15, DW_AT_const_value(0x03)
     141              
     142              $C$DW$16        .dwtag  DW_TAG_enumerator
     143                      .dwattr $C$DW$16, DW_AT_name("immeasureable")
     144                      .dwattr $C$DW$16, DW_AT_const_value(0x04)
     145              
     146                      .dwendtag $C$DW$T$22
     147              
     148              $C$DW$T$23      .dwtag  DW_TAG_typedef
     149                      .dwattr $C$DW$T$23, DW_AT_name("SVGENCURRENT_MeasureShunt_e")
     150                      .dwattr $C$DW$T$23, DW_AT_type(*$C$DW$T$22)
     151                      .dwattr $C$DW$T$23, DW_AT_language(DW_LANG_C)
     152              
     153              
     154              $C$DW$T$24      .dwtag  DW_TAG_enumeration_type
     155                      .dwattr $C$DW$T$24, DW_AT_byte_size(0x01)
     156              $C$DW$17        .dwtag  DW_TAG_enumerator
     157                      .dwattr $C$DW$17, DW_AT_name("Vmid_a")
     158                      .dwattr $C$DW$17, DW_AT_const_value(0x00)
     159              
     160              $C$DW$18        .dwtag  DW_TAG_enumerator
     161                      .dwattr $C$DW$18, DW_AT_name("Vmid_b")
     162                      .dwattr $C$DW$18, DW_AT_const_value(0x01)
     163              
     164              $C$DW$19        .dwtag  DW_TAG_enumerator
     165                      .dwattr $C$DW$19, DW_AT_name("Vmid_c")
TMS320C2000 Assembler Unix v15.12.3 Tue Jul  4 10:34:27 2017

Tools Copyright (c) 1996-2015 Texas Instruments Incorporated
/tmp/99177c7oNMV                                                     PAGE    4

     166                      .dwattr $C$DW$19, DW_AT_const_value(0x02)
     167              
     168                      .dwendtag $C$DW$T$24
     169              
     170              $C$DW$T$25      .dwtag  DW_TAG_typedef
     171                      .dwattr $C$DW$T$25, DW_AT_name("SVGENCURRENT_VmidShunt_e")
     172                      .dwattr $C$DW$T$25, DW_AT_type(*$C$DW$T$24)
     173                      .dwattr $C$DW$T$25, DW_AT_language(DW_LANG_C)
     174              
     175              
     176              $C$DW$T$27      .dwtag  DW_TAG_structure_type
     177                      .dwattr $C$DW$T$27, DW_AT_name("_SVGENCURRENT_Obj_")
     178                      .dwattr $C$DW$T$27, DW_AT_byte_size(0x06)
     179              $C$DW$20        .dwtag  DW_TAG_member
     180                      .dwattr $C$DW$20, DW_AT_type(*$C$DW$T$19)
     181                      .dwattr $C$DW$20, DW_AT_name("MinWidth")
     182                      .dwattr $C$DW$20, DW_AT_TI_symbol_name("_MinWidth")
     183                      .dwattr $C$DW$20, DW_AT_data_member_location[DW_OP_plus_uconst 0x0]
     184                      .dwattr $C$DW$20, DW_AT_accessibility(DW_ACCESS_public)
     185              
     186              $C$DW$21        .dwtag  DW_TAG_member
     187                      .dwattr $C$DW$21, DW_AT_type(*$C$DW$T$21)
     188                      .dwattr $C$DW$21, DW_AT_name("IgnoreShunt")
     189                      .dwattr $C$DW$21, DW_AT_TI_symbol_name("_IgnoreShunt")
     190                      .dwattr $C$DW$21, DW_AT_data_member_location[DW_OP_plus_uconst 0x1]
     191                      .dwattr $C$DW$21, DW_AT_accessibility(DW_ACCESS_public)
     192              
     193              $C$DW$22        .dwtag  DW_TAG_member
     194                      .dwattr $C$DW$22, DW_AT_type(*$C$DW$T$23)
     195                      .dwattr $C$DW$22, DW_AT_name("compMode")
     196                      .dwattr $C$DW$22, DW_AT_TI_symbol_name("_compMode")
     197                      .dwattr $C$DW$22, DW_AT_data_member_location[DW_OP_plus_uconst 0x2]
     198                      .dwattr $C$DW$22, DW_AT_accessibility(DW_ACCESS_public)
     199              
     200              $C$DW$23        .dwtag  DW_TAG_member
     201                      .dwattr $C$DW$23, DW_AT_type(*$C$DW$T$25)
     202                      .dwattr $C$DW$23, DW_AT_name("Vmid")
     203                      .dwattr $C$DW$23, DW_AT_TI_symbol_name("_Vmid")
     204                      .dwattr $C$DW$23, DW_AT_data_member_location[DW_OP_plus_uconst 0x3]
     205                      .dwattr $C$DW$23, DW_AT_accessibility(DW_ACCESS_public)
     206              
     207              $C$DW$24        .dwtag  DW_TAG_member
     208                      .dwattr $C$DW$24, DW_AT_type(*$C$DW$T$26)
     209                      .dwattr $C$DW$24, DW_AT_name("Vlimit")
     210                      .dwattr $C$DW$24, DW_AT_TI_symbol_name("_Vlimit")
     211                      .dwattr $C$DW$24, DW_AT_data_member_location[DW_OP_plus_uconst 0x4]
     212                      .dwattr $C$DW$24, DW_AT_accessibility(DW_ACCESS_public)
     213              
     214                      .dwendtag $C$DW$T$27
     215              
     216              $C$DW$T$28      .dwtag  DW_TAG_pointer_type
     217                      .dwattr $C$DW$T$28, DW_AT_type(*$C$DW$T$27)
     218                      .dwattr $C$DW$T$28, DW_AT_address_class(0x20)
     219              
     220              $C$DW$T$29      .dwtag  DW_TAG_typedef
TMS320C2000 Assembler Unix v15.12.3 Tue Jul  4 10:34:27 2017

Tools Copyright (c) 1996-2015 Texas Instruments Incorporated
/tmp/99177c7oNMV                                                     PAGE    5

     221                      .dwattr $C$DW$T$29, DW_AT_name("SVGENCURRENT_Handle")
     222                      .dwattr $C$DW$T$29, DW_AT_type(*$C$DW$T$28)
     223                      .dwattr $C$DW$T$29, DW_AT_language(DW_LANG_C)
     224              
     225              $C$DW$T$2       .dwtag  DW_TAG_unspecified_type
     226                      .dwattr $C$DW$T$2, DW_AT_name("void")
     227              
     228              $C$DW$T$3       .dwtag  DW_TAG_pointer_type
     229                      .dwattr $C$DW$T$3, DW_AT_type(*$C$DW$T$2)
     230                      .dwattr $C$DW$T$3, DW_AT_address_class(0x20)
     231              
     232              $C$DW$T$4       .dwtag  DW_TAG_base_type
     233                      .dwattr $C$DW$T$4, DW_AT_encoding(DW_ATE_boolean)
     234                      .dwattr $C$DW$T$4, DW_AT_name("bool")
     235                      .dwattr $C$DW$T$4, DW_AT_byte_size(0x01)
     236              
     237              $C$DW$T$5       .dwtag  DW_TAG_base_type
     238                      .dwattr $C$DW$T$5, DW_AT_encoding(DW_ATE_signed_char)
     239                      .dwattr $C$DW$T$5, DW_AT_name("signed char")
     240                      .dwattr $C$DW$T$5, DW_AT_byte_size(0x01)
     241              
     242              $C$DW$T$6       .dwtag  DW_TAG_base_type
     243                      .dwattr $C$DW$T$6, DW_AT_encoding(DW_ATE_unsigned_char)
     244                      .dwattr $C$DW$T$6, DW_AT_name("unsigned char")
     245                      .dwattr $C$DW$T$6, DW_AT_byte_size(0x01)
     246              
     247              $C$DW$T$7       .dwtag  DW_TAG_base_type
     248                      .dwattr $C$DW$T$7, DW_AT_encoding(DW_ATE_signed_char)
     249                      .dwattr $C$DW$T$7, DW_AT_name("wchar_t")
     250                      .dwattr $C$DW$T$7, DW_AT_byte_size(0x01)
     251              
     252              $C$DW$T$8       .dwtag  DW_TAG_base_type
     253                      .dwattr $C$DW$T$8, DW_AT_encoding(DW_ATE_signed)
     254                      .dwattr $C$DW$T$8, DW_AT_name("short")
     255                      .dwattr $C$DW$T$8, DW_AT_byte_size(0x01)
     256              
     257              $C$DW$T$9       .dwtag  DW_TAG_base_type
     258                      .dwattr $C$DW$T$9, DW_AT_encoding(DW_ATE_unsigned)
     259                      .dwattr $C$DW$T$9, DW_AT_name("unsigned short")
     260                      .dwattr $C$DW$T$9, DW_AT_byte_size(0x01)
     261              
     262              $C$DW$T$10      .dwtag  DW_TAG_base_type
     263                      .dwattr $C$DW$T$10, DW_AT_encoding(DW_ATE_signed)
     264                      .dwattr $C$DW$T$10, DW_AT_name("int")
     265                      .dwattr $C$DW$T$10, DW_AT_byte_size(0x01)
     266              
     267              $C$DW$T$19      .dwtag  DW_TAG_typedef
     268                      .dwattr $C$DW$T$19, DW_AT_name("int16_t")
     269                      .dwattr $C$DW$T$19, DW_AT_type(*$C$DW$T$10)
     270                      .dwattr $C$DW$T$19, DW_AT_language(DW_LANG_C)
     271              
     272              $C$DW$T$11      .dwtag  DW_TAG_base_type
     273                      .dwattr $C$DW$T$11, DW_AT_encoding(DW_ATE_unsigned)
     274                      .dwattr $C$DW$T$11, DW_AT_name("unsigned int")
     275                      .dwattr $C$DW$T$11, DW_AT_byte_size(0x01)
TMS320C2000 Assembler Unix v15.12.3 Tue Jul  4 10:34:27 2017

Tools Copyright (c) 1996-2015 Texas Instruments Incorporated
/tmp/99177c7oNMV                                                     PAGE    6

     276              
     277              $C$DW$T$12      .dwtag  DW_TAG_base_type
     278                      .dwattr $C$DW$T$12, DW_AT_encoding(DW_ATE_signed)
     279                      .dwattr $C$DW$T$12, DW_AT_name("long")
     280                      .dwattr $C$DW$T$12, DW_AT_byte_size(0x02)
     281              
     282              $C$DW$T$26      .dwtag  DW_TAG_typedef
     283                      .dwattr $C$DW$T$26, DW_AT_name("_iq")
     284                      .dwattr $C$DW$T$26, DW_AT_type(*$C$DW$T$12)
     285                      .dwattr $C$DW$T$26, DW_AT_language(DW_LANG_C)
     286              
     287              $C$DW$T$13      .dwtag  DW_TAG_base_type
     288                      .dwattr $C$DW$T$13, DW_AT_encoding(DW_ATE_unsigned)
     289                      .dwattr $C$DW$T$13, DW_AT_name("unsigned long")
     290                      .dwattr $C$DW$T$13, DW_AT_byte_size(0x02)
     291              
     292              $C$DW$T$30      .dwtag  DW_TAG_typedef
     293                      .dwattr $C$DW$T$30, DW_AT_name("size_t")
     294                      .dwattr $C$DW$T$30, DW_AT_type(*$C$DW$T$13)
     295                      .dwattr $C$DW$T$30, DW_AT_language(DW_LANG_C)
     296              
     297              $C$DW$25        .dwtag  DW_TAG_TI_far_type
     298                      .dwattr $C$DW$25, DW_AT_type(*$C$DW$T$30)
     299              
     300              $C$DW$T$31      .dwtag  DW_TAG_const_type
     301                      .dwattr $C$DW$T$31, DW_AT_type(*$C$DW$25)
     302              
     303              $C$DW$T$14      .dwtag  DW_TAG_base_type
     304                      .dwattr $C$DW$T$14, DW_AT_encoding(DW_ATE_signed)
     305                      .dwattr $C$DW$T$14, DW_AT_name("long long")
     306                      .dwattr $C$DW$T$14, DW_AT_byte_size(0x04)
     307              
     308              $C$DW$T$15      .dwtag  DW_TAG_base_type
     309                      .dwattr $C$DW$T$15, DW_AT_encoding(DW_ATE_unsigned)
     310                      .dwattr $C$DW$T$15, DW_AT_name("unsigned long long")
     311                      .dwattr $C$DW$T$15, DW_AT_byte_size(0x04)
     312              
     313              $C$DW$T$16      .dwtag  DW_TAG_base_type
     314                      .dwattr $C$DW$T$16, DW_AT_encoding(DW_ATE_float)
     315                      .dwattr $C$DW$T$16, DW_AT_name("float")
     316                      .dwattr $C$DW$T$16, DW_AT_byte_size(0x02)
     317              
     318              $C$DW$T$17      .dwtag  DW_TAG_base_type
     319                      .dwattr $C$DW$T$17, DW_AT_encoding(DW_ATE_float)
     320                      .dwattr $C$DW$T$17, DW_AT_name("double")
     321                      .dwattr $C$DW$T$17, DW_AT_byte_size(0x02)
     322              
     323              $C$DW$T$18      .dwtag  DW_TAG_base_type
     324                      .dwattr $C$DW$T$18, DW_AT_encoding(DW_ATE_float)
     325                      .dwattr $C$DW$T$18, DW_AT_name("long double")
     326                      .dwattr $C$DW$T$18, DW_AT_byte_size(0x04)
     327              
     328                      .dwattr $C$DW$CU, DW_AT_language(DW_LANG_C)
     329              
     330              ;***************************************************************
TMS320C2000 Assembler Unix v15.12.3 Tue Jul  4 10:34:27 2017

Tools Copyright (c) 1996-2015 Texas Instruments Incorporated
/tmp/99177c7oNMV                                                     PAGE    7

     331              ;* DWARF CIE ENTRIES                                           *
     332              ;***************************************************************
     333              
     334              $C$DW$CIE       .dwcie 26
     335                      .dwcfi  cfa_register, 20
     336                      .dwcfi  cfa_offset, 0
     337                      .dwcfi  undefined, 0
     338                      .dwcfi  undefined, 1
     339                      .dwcfi  undefined, 2
     340                      .dwcfi  undefined, 3
     341                      .dwcfi  undefined, 20
     342                      .dwcfi  undefined, 21
     343                      .dwcfi  undefined, 22
     344                      .dwcfi  undefined, 23
     345                      .dwcfi  undefined, 24
     346                      .dwcfi  undefined, 25
     347                      .dwcfi  undefined, 26
     348                      .dwcfi  same_value, 28
     349                      .dwcfi  undefined, 29
     350                      .dwcfi  undefined, 30
     351                      .dwcfi  undefined, 31
     352                      .dwcfi  undefined, 32
     353                      .dwcfi  undefined, 33
     354                      .dwcfi  undefined, 34
     355                      .dwcfi  undefined, 35
     356                      .dwcfi  undefined, 36
     357                      .dwcfi  undefined, 37
     358                      .dwcfi  undefined, 38
     359                      .dwcfi  undefined, 75
     360                      .dwcfi  undefined, 76
     361                      .dwcfi  undefined, 77
     362                      .dwcfi  undefined, 4
     363                      .dwcfi  undefined, 5
     364                      .dwcfi  same_value, 6
     365                      .dwcfi  same_value, 7
     366                      .dwcfi  same_value, 8
     367                      .dwcfi  same_value, 9
     368                      .dwcfi  same_value, 10
     369                      .dwcfi  same_value, 11
     370                      .dwcfi  undefined, 12
     371                      .dwcfi  undefined, 13
     372                      .dwcfi  undefined, 14
     373                      .dwcfi  undefined, 15
     374                      .dwcfi  undefined, 16
     375                      .dwcfi  undefined, 17
     376                      .dwcfi  undefined, 18
     377                      .dwcfi  undefined, 19
     378                      .dwendentry
     379              
     380              ;***************************************************************
     381              ;* DWARF REGISTER MAP                                          *
     382              ;***************************************************************
     383              
     384              $C$DW$26        .dwtag  DW_TAG_TI_assign_register
     385                      .dwattr $C$DW$26, DW_AT_name("AL")
TMS320C2000 Assembler Unix v15.12.3 Tue Jul  4 10:34:27 2017

Tools Copyright (c) 1996-2015 Texas Instruments Incorporated
/tmp/99177c7oNMV                                                     PAGE    8

     386                      .dwattr $C$DW$26, DW_AT_location[DW_OP_reg0]
     387              
     388              $C$DW$27        .dwtag  DW_TAG_TI_assign_register
     389                      .dwattr $C$DW$27, DW_AT_name("AH")
     390                      .dwattr $C$DW$27, DW_AT_location[DW_OP_reg1]
     391              
     392              $C$DW$28        .dwtag  DW_TAG_TI_assign_register
     393                      .dwattr $C$DW$28, DW_AT_name("PL")
     394                      .dwattr $C$DW$28, DW_AT_location[DW_OP_reg2]
     395              
     396              $C$DW$29        .dwtag  DW_TAG_TI_assign_register
     397                      .dwattr $C$DW$29, DW_AT_name("PH")
     398                      .dwattr $C$DW$29, DW_AT_location[DW_OP_reg3]
     399              
     400              $C$DW$30        .dwtag  DW_TAG_TI_assign_register
     401                      .dwattr $C$DW$30, DW_AT_name("SP")
     402                      .dwattr $C$DW$30, DW_AT_location[DW_OP_reg20]
     403              
     404              $C$DW$31        .dwtag  DW_TAG_TI_assign_register
     405                      .dwattr $C$DW$31, DW_AT_name("XT")
     406                      .dwattr $C$DW$31, DW_AT_location[DW_OP_reg21]
     407              
     408              $C$DW$32        .dwtag  DW_TAG_TI_assign_register
     409                      .dwattr $C$DW$32, DW_AT_name("T")
     410                      .dwattr $C$DW$32, DW_AT_location[DW_OP_reg22]
     411              
     412              $C$DW$33        .dwtag  DW_TAG_TI_assign_register
     413                      .dwattr $C$DW$33, DW_AT_name("ST0")
     414                      .dwattr $C$DW$33, DW_AT_location[DW_OP_reg23]
     415              
     416              $C$DW$34        .dwtag  DW_TAG_TI_assign_register
     417                      .dwattr $C$DW$34, DW_AT_name("ST1")
     418                      .dwattr $C$DW$34, DW_AT_location[DW_OP_reg24]
     419              
     420              $C$DW$35        .dwtag  DW_TAG_TI_assign_register
     421                      .dwattr $C$DW$35, DW_AT_name("PC")
     422                      .dwattr $C$DW$35, DW_AT_location[DW_OP_reg25]
     423              
     424              $C$DW$36        .dwtag  DW_TAG_TI_assign_register
     425                      .dwattr $C$DW$36, DW_AT_name("RPC")
     426                      .dwattr $C$DW$36, DW_AT_location[DW_OP_reg26]
     427              
     428              $C$DW$37        .dwtag  DW_TAG_TI_assign_register
     429                      .dwattr $C$DW$37, DW_AT_name("FP")
     430                      .dwattr $C$DW$37, DW_AT_location[DW_OP_reg28]
     431              
     432              $C$DW$38        .dwtag  DW_TAG_TI_assign_register
     433                      .dwattr $C$DW$38, DW_AT_name("DP")
     434                      .dwattr $C$DW$38, DW_AT_location[DW_OP_reg29]
     435              
     436              $C$DW$39        .dwtag  DW_TAG_TI_assign_register
     437                      .dwattr $C$DW$39, DW_AT_name("SXM")
     438                      .dwattr $C$DW$39, DW_AT_location[DW_OP_reg30]
     439              
     440              $C$DW$40        .dwtag  DW_TAG_TI_assign_register
TMS320C2000 Assembler Unix v15.12.3 Tue Jul  4 10:34:27 2017

Tools Copyright (c) 1996-2015 Texas Instruments Incorporated
/tmp/99177c7oNMV                                                     PAGE    9

     441                      .dwattr $C$DW$40, DW_AT_name("PM")
     442                      .dwattr $C$DW$40, DW_AT_location[DW_OP_reg31]
     443              
     444              $C$DW$41        .dwtag  DW_TAG_TI_assign_register
     445                      .dwattr $C$DW$41, DW_AT_name("OVM")
     446                      .dwattr $C$DW$41, DW_AT_location[DW_OP_regx 0x20]
     447              
     448              $C$DW$42        .dwtag  DW_TAG_TI_assign_register
     449                      .dwattr $C$DW$42, DW_AT_name("PAGE0")
     450                      .dwattr $C$DW$42, DW_AT_location[DW_OP_regx 0x21]
     451              
     452              $C$DW$43        .dwtag  DW_TAG_TI_assign_register
     453                      .dwattr $C$DW$43, DW_AT_name("AMODE")
     454                      .dwattr $C$DW$43, DW_AT_location[DW_OP_regx 0x22]
     455              
     456              $C$DW$44        .dwtag  DW_TAG_TI_assign_register
     457                      .dwattr $C$DW$44, DW_AT_name("INTM")
     458                      .dwattr $C$DW$44, DW_AT_location[DW_OP_regx 0x23]
     459              
     460              $C$DW$45        .dwtag  DW_TAG_TI_assign_register
     461                      .dwattr $C$DW$45, DW_AT_name("IFR")
     462                      .dwattr $C$DW$45, DW_AT_location[DW_OP_regx 0x24]
     463              
     464              $C$DW$46        .dwtag  DW_TAG_TI_assign_register
     465                      .dwattr $C$DW$46, DW_AT_name("IER")
     466                      .dwattr $C$DW$46, DW_AT_location[DW_OP_regx 0x25]
     467              
     468              $C$DW$47        .dwtag  DW_TAG_TI_assign_register
     469                      .dwattr $C$DW$47, DW_AT_name("V")
     470                      .dwattr $C$DW$47, DW_AT_location[DW_OP_regx 0x26]
     471              
     472              $C$DW$48        .dwtag  DW_TAG_TI_assign_register
     473                      .dwattr $C$DW$48, DW_AT_name("PSEUDOH")
     474                      .dwattr $C$DW$48, DW_AT_location[DW_OP_regx 0x4c]
     475              
     476              $C$DW$49        .dwtag  DW_TAG_TI_assign_register
     477                      .dwattr $C$DW$49, DW_AT_name("VOL")
     478                      .dwattr $C$DW$49, DW_AT_location[DW_OP_regx 0x4d]
     479              
     480              $C$DW$50        .dwtag  DW_TAG_TI_assign_register
     481                      .dwattr $C$DW$50, DW_AT_name("AR0")
     482                      .dwattr $C$DW$50, DW_AT_location[DW_OP_reg4]
     483              
     484              $C$DW$51        .dwtag  DW_TAG_TI_assign_register
     485                      .dwattr $C$DW$51, DW_AT_name("XAR0")
     486                      .dwattr $C$DW$51, DW_AT_location[DW_OP_reg5]
     487              
     488              $C$DW$52        .dwtag  DW_TAG_TI_assign_register
     489                      .dwattr $C$DW$52, DW_AT_name("AR1")
     490                      .dwattr $C$DW$52, DW_AT_location[DW_OP_reg6]
     491              
     492              $C$DW$53        .dwtag  DW_TAG_TI_assign_register
     493                      .dwattr $C$DW$53, DW_AT_name("XAR1")
     494                      .dwattr $C$DW$53, DW_AT_location[DW_OP_reg7]
     495              
TMS320C2000 Assembler Unix v15.12.3 Tue Jul  4 10:34:27 2017

Tools Copyright (c) 1996-2015 Texas Instruments Incorporated
/tmp/99177c7oNMV                                                     PAGE   10

     496              $C$DW$54        .dwtag  DW_TAG_TI_assign_register
     497                      .dwattr $C$DW$54, DW_AT_name("AR2")
     498                      .dwattr $C$DW$54, DW_AT_location[DW_OP_reg8]
     499              
     500              $C$DW$55        .dwtag  DW_TAG_TI_assign_register
     501                      .dwattr $C$DW$55, DW_AT_name("XAR2")
     502                      .dwattr $C$DW$55, DW_AT_location[DW_OP_reg9]
     503              
     504              $C$DW$56        .dwtag  DW_TAG_TI_assign_register
     505                      .dwattr $C$DW$56, DW_AT_name("AR3")
     506                      .dwattr $C$DW$56, DW_AT_location[DW_OP_reg10]
     507              
     508              $C$DW$57        .dwtag  DW_TAG_TI_assign_register
     509                      .dwattr $C$DW$57, DW_AT_name("XAR3")
     510                      .dwattr $C$DW$57, DW_AT_location[DW_OP_reg11]
     511              
     512              $C$DW$58        .dwtag  DW_TAG_TI_assign_register
     513                      .dwattr $C$DW$58, DW_AT_name("AR4")
     514                      .dwattr $C$DW$58, DW_AT_location[DW_OP_reg12]
     515              
     516              $C$DW$59        .dwtag  DW_TAG_TI_assign_register
     517                      .dwattr $C$DW$59, DW_AT_name("XAR4")
     518                      .dwattr $C$DW$59, DW_AT_location[DW_OP_reg13]
     519              
     520              $C$DW$60        .dwtag  DW_TAG_TI_assign_register
     521                      .dwattr $C$DW$60, DW_AT_name("AR5")
     522                      .dwattr $C$DW$60, DW_AT_location[DW_OP_reg14]
     523              
     524              $C$DW$61        .dwtag  DW_TAG_TI_assign_register
     525                      .dwattr $C$DW$61, DW_AT_name("XAR5")
     526                      .dwattr $C$DW$61, DW_AT_location[DW_OP_reg15]
     527              
     528              $C$DW$62        .dwtag  DW_TAG_TI_assign_register
     529                      .dwattr $C$DW$62, DW_AT_name("AR6")
     530                      .dwattr $C$DW$62, DW_AT_location[DW_OP_reg16]
     531              
     532              $C$DW$63        .dwtag  DW_TAG_TI_assign_register
     533                      .dwattr $C$DW$63, DW_AT_name("XAR6")
     534                      .dwattr $C$DW$63, DW_AT_location[DW_OP_reg17]
     535              
     536              $C$DW$64        .dwtag  DW_TAG_TI_assign_register
     537                      .dwattr $C$DW$64, DW_AT_name("AR7")
     538                      .dwattr $C$DW$64, DW_AT_location[DW_OP_reg18]
     539              
     540              $C$DW$65        .dwtag  DW_TAG_TI_assign_register
     541                      .dwattr $C$DW$65, DW_AT_name("XAR7")
     542                      .dwattr $C$DW$65, DW_AT_location[DW_OP_reg19]
     543              
     544                      .dwendtag $C$DW$CU
     545              

No Assembly Errors, No Assembly Warnings
