TMS320C2000 Assembler PC v6.2.5 Mon Jul 10 10:50:41 2017

Tools Copyright (c) 1996-2014 Texas Instruments Incorporated
C:\Users\wmj\AppData\Local\Temp\0935610                              PAGE    1

       1              ;***************************************************************
       2              ;* TMS320C2000 C/C++ Codegen                         PC v6.2.5 *
       3              ;* Date/Time created: Mon Jul 10 10:50:41 2017                 *
       4              ;***************************************************************
       5                      .compiler_opts --float_support=softlib --hll_source=on --mem_model:code=flat --mem_model:data=large -
       6        0002  FP      .set    XAR2
       7              
       8              $C$DW$CU        .dwtag  DW_TAG_compile_unit
       9                      .dwattr $C$DW$CU, DW_AT_name("D:/Foc/my_motor/sw/modules/park/src/32b/park.c")
      10                      .dwattr $C$DW$CU, DW_AT_producer("TMS320C2000 C/C++ Codegen PC v6.2.5 Copyright (c) 1996-2014 Texas I
      11                      .dwattr $C$DW$CU, DW_AT_TI_version(0x01)
      12                      .dwattr $C$DW$CU, DW_AT_comp_dir("D:\Foc\my_motor\sw\solutions\instaspin_foc\boards\hvkit_rev1p1\f28x
      13              ;       c:\ti\ccsv6\tools\compiler\c2000_6.2.5\bin\opt2000.exe C:\\Users\\wmj\\AppData\\Local\\Temp\\093562 C
      14              ;       c:\ti\ccsv6\tools\compiler\c2000_6.2.5\bin\ac2000.exe -@C:\\Users\\wmj\\AppData\\Local\\Temp\\0935616
      15 00000000               .sect   ".text"
      16                      .clink
      17                      .global _PARK_init
      18              
      19              $C$DW$1 .dwtag  DW_TAG_subprogram, DW_AT_name("PARK_init")
      20                      .dwattr $C$DW$1, DW_AT_low_pc(_PARK_init)
      21                      .dwattr $C$DW$1, DW_AT_high_pc(0x00)
      22                      .dwattr $C$DW$1, DW_AT_TI_symbol_name("_PARK_init")
      23                      .dwattr $C$DW$1, DW_AT_external
      24                      .dwattr $C$DW$1, DW_AT_type(*$C$DW$T$22)
      25                      .dwattr $C$DW$1, DW_AT_TI_begin_file("D:/Foc/my_motor/sw/modules/park/src/32b/park.c")
      26                      .dwattr $C$DW$1, DW_AT_TI_begin_line(0x37)
      27                      .dwattr $C$DW$1, DW_AT_TI_begin_column(0x0d)
      28                      .dwattr $C$DW$1, DW_AT_TI_max_frame_size(-2)
      29                      .dwpsn  file "D:/Foc/my_motor/sw/modules/park/src/32b/park.c",line 56,column 1,is_stmt,address _PARK_
      30              
      31                      .dwfde $C$DW$CIE, _PARK_init
      32              $C$DW$2 .dwtag  DW_TAG_formal_parameter, DW_AT_name("pMemory")
      33                      .dwattr $C$DW$2, DW_AT_TI_symbol_name("_pMemory")
      34                      .dwattr $C$DW$2, DW_AT_type(*$C$DW$T$3)
      35                      .dwattr $C$DW$2, DW_AT_location[DW_OP_reg12]
      36              $C$DW$3 .dwtag  DW_TAG_formal_parameter, DW_AT_name("numBytes")
      37                      .dwattr $C$DW$3, DW_AT_TI_symbol_name("_numBytes")
      38                      .dwattr $C$DW$3, DW_AT_type(*$C$DW$T$24)
      39                      .dwattr $C$DW$3, DW_AT_location[DW_OP_reg0]
      40              
      41              ;***************************************************************
      42              ;* FNAME: _PARK_init                    FR SIZE:   0           *
      43              ;*                                                             *
      44              ;* FUNCTION ENVIRONMENT                                        *
      45              ;*                                                             *
      46              ;* FUNCTION PROPERTIES                                         *
      47              ;*                            0 Parameter,  0 Auto,  0 SOE     *
      48              ;***************************************************************
      49              
      50              _PARK_init:
      51              ;* AR6   assigned to _numBytes
      52              $C$DW$4 .dwtag  DW_TAG_variable, DW_AT_name("numBytes")
      53                      .dwattr $C$DW$4, DW_AT_TI_symbol_name("_numBytes")
      54                      .dwattr $C$DW$4, DW_AT_type(*$C$DW$T$24)
      55                      .dwattr $C$DW$4, DW_AT_location[DW_OP_reg16]
TMS320C2000 Assembler PC v6.2.5 Mon Jul 10 10:50:41 2017

Tools Copyright (c) 1996-2014 Texas Instruments Incorporated
C:\Users\wmj\AppData\Local\Temp\0935610                              PAGE    2

      56              ;* AR4   assigned to _pMemory
      57              $C$DW$5 .dwtag  DW_TAG_variable, DW_AT_name("pMemory")
      58                      .dwattr $C$DW$5, DW_AT_TI_symbol_name("_pMemory")
      59                      .dwattr $C$DW$5, DW_AT_type(*$C$DW$T$27)
      60                      .dwattr $C$DW$5, DW_AT_location[DW_OP_reg12]
      61                      .dwcfi  cfa_offset, -2
      62                      .dwcfi  save_reg_to_mem, 26, 0
      63                      .dwcfi  save_reg_to_reg, 78, 26
      64 00000000 1EA6          MOVL      XAR6,ACC              ; [CPU_] |56| 
      65                      .dwpsn  file "D:/Foc/my_motor/sw/modules/park/src/32b/park.c",line 60,column 5,is_stmt
      66 00000001 0204          MOVB      ACC,#4                ; [CPU_] |60| 
      67 00000002 0FA6          CMPL      ACC,XAR6              ; [CPU_] |60| 
      68 00000003 6902          B         $C$L1,LOS             ; [CPU_] |60| 
      69                      ; branchcc occurs ; [] |60| 
      70 00000004 D400          MOVB      XAR4,#0               ; [CPU_] |60| 
      71              $C$L1:    
      72              $C$DW$6 .dwtag  DW_TAG_TI_branch
      73                      .dwattr $C$DW$6, DW_AT_low_pc(0x00)
      74                      .dwattr $C$DW$6, DW_AT_TI_return
      75 00000005 0006          LRETR     ; [CPU_] 
      76                      ; return occurs ; [] 
      77                      .dwattr $C$DW$1, DW_AT_TI_end_file("D:/Foc/my_motor/sw/modules/park/src/32b/park.c")
      78                      .dwattr $C$DW$1, DW_AT_TI_end_line(0x42)
      79                      .dwattr $C$DW$1, DW_AT_TI_end_column(0x01)
      80                      .dwendentry
      81                      .dwendtag $C$DW$1
      82              
      83              
      84              ;***************************************************************
      85              ;* TYPE INFORMATION                                            *
      86              ;***************************************************************
      87              
      88              $C$DW$T$20      .dwtag  DW_TAG_structure_type
      89                      .dwattr $C$DW$T$20, DW_AT_name("_PARK_Obj_")
      90                      .dwattr $C$DW$T$20, DW_AT_byte_size(0x04)
      91              $C$DW$7 .dwtag  DW_TAG_member
      92                      .dwattr $C$DW$7, DW_AT_type(*$C$DW$T$19)
      93                      .dwattr $C$DW$7, DW_AT_name("sinTh")
      94                      .dwattr $C$DW$7, DW_AT_TI_symbol_name("_sinTh")
      95                      .dwattr $C$DW$7, DW_AT_data_member_location[DW_OP_plus_uconst 0x0]
      96                      .dwattr $C$DW$7, DW_AT_accessibility(DW_ACCESS_public)
      97              $C$DW$8 .dwtag  DW_TAG_member
      98                      .dwattr $C$DW$8, DW_AT_type(*$C$DW$T$19)
      99                      .dwattr $C$DW$8, DW_AT_name("cosTh")
     100                      .dwattr $C$DW$8, DW_AT_TI_symbol_name("_cosTh")
     101                      .dwattr $C$DW$8, DW_AT_data_member_location[DW_OP_plus_uconst 0x2]
     102                      .dwattr $C$DW$8, DW_AT_accessibility(DW_ACCESS_public)
     103                      .dwendtag $C$DW$T$20
     104              
     105              $C$DW$T$21      .dwtag  DW_TAG_pointer_type
     106                      .dwattr $C$DW$T$21, DW_AT_type(*$C$DW$T$20)
     107                      .dwattr $C$DW$T$21, DW_AT_address_class(0x16)
     108              $C$DW$T$22      .dwtag  DW_TAG_typedef, DW_AT_name("PARK_Handle")
     109                      .dwattr $C$DW$T$22, DW_AT_type(*$C$DW$T$21)
     110                      .dwattr $C$DW$T$22, DW_AT_language(DW_LANG_C)
TMS320C2000 Assembler PC v6.2.5 Mon Jul 10 10:50:41 2017

Tools Copyright (c) 1996-2014 Texas Instruments Incorporated
C:\Users\wmj\AppData\Local\Temp\0935610                              PAGE    3

     111              $C$DW$T$3       .dwtag  DW_TAG_pointer_type
     112                      .dwattr $C$DW$T$3, DW_AT_address_class(0x16)
     113              $C$DW$9 .dwtag  DW_TAG_TI_far_type
     114                      .dwattr $C$DW$9, DW_AT_type(*$C$DW$T$3)
     115              $C$DW$T$27      .dwtag  DW_TAG_const_type
     116                      .dwattr $C$DW$T$27, DW_AT_type(*$C$DW$9)
     117              $C$DW$T$4       .dwtag  DW_TAG_base_type
     118                      .dwattr $C$DW$T$4, DW_AT_encoding(DW_ATE_boolean)
     119                      .dwattr $C$DW$T$4, DW_AT_name("bool")
     120                      .dwattr $C$DW$T$4, DW_AT_byte_size(0x01)
     121              $C$DW$T$5       .dwtag  DW_TAG_base_type
     122                      .dwattr $C$DW$T$5, DW_AT_encoding(DW_ATE_signed_char)
     123                      .dwattr $C$DW$T$5, DW_AT_name("signed char")
     124                      .dwattr $C$DW$T$5, DW_AT_byte_size(0x01)
     125              $C$DW$T$6       .dwtag  DW_TAG_base_type
     126                      .dwattr $C$DW$T$6, DW_AT_encoding(DW_ATE_unsigned_char)
     127                      .dwattr $C$DW$T$6, DW_AT_name("unsigned char")
     128                      .dwattr $C$DW$T$6, DW_AT_byte_size(0x01)
     129              $C$DW$T$7       .dwtag  DW_TAG_base_type
     130                      .dwattr $C$DW$T$7, DW_AT_encoding(DW_ATE_signed_char)
     131                      .dwattr $C$DW$T$7, DW_AT_name("wchar_t")
     132                      .dwattr $C$DW$T$7, DW_AT_byte_size(0x01)
     133              $C$DW$T$8       .dwtag  DW_TAG_base_type
     134                      .dwattr $C$DW$T$8, DW_AT_encoding(DW_ATE_signed)
     135                      .dwattr $C$DW$T$8, DW_AT_name("short")
     136                      .dwattr $C$DW$T$8, DW_AT_byte_size(0x01)
     137              $C$DW$T$9       .dwtag  DW_TAG_base_type
     138                      .dwattr $C$DW$T$9, DW_AT_encoding(DW_ATE_unsigned)
     139                      .dwattr $C$DW$T$9, DW_AT_name("unsigned short")
     140                      .dwattr $C$DW$T$9, DW_AT_byte_size(0x01)
     141              $C$DW$T$10      .dwtag  DW_TAG_base_type
     142                      .dwattr $C$DW$T$10, DW_AT_encoding(DW_ATE_signed)
     143                      .dwattr $C$DW$T$10, DW_AT_name("int")
     144                      .dwattr $C$DW$T$10, DW_AT_byte_size(0x01)
     145              $C$DW$T$11      .dwtag  DW_TAG_base_type
     146                      .dwattr $C$DW$T$11, DW_AT_encoding(DW_ATE_unsigned)
     147                      .dwattr $C$DW$T$11, DW_AT_name("unsigned int")
     148                      .dwattr $C$DW$T$11, DW_AT_byte_size(0x01)
     149              $C$DW$T$12      .dwtag  DW_TAG_base_type
     150                      .dwattr $C$DW$T$12, DW_AT_encoding(DW_ATE_signed)
     151                      .dwattr $C$DW$T$12, DW_AT_name("long")
     152                      .dwattr $C$DW$T$12, DW_AT_byte_size(0x02)
     153              $C$DW$T$19      .dwtag  DW_TAG_typedef, DW_AT_name("_iq")
     154                      .dwattr $C$DW$T$19, DW_AT_type(*$C$DW$T$12)
     155                      .dwattr $C$DW$T$19, DW_AT_language(DW_LANG_C)
     156              $C$DW$T$13      .dwtag  DW_TAG_base_type
     157                      .dwattr $C$DW$T$13, DW_AT_encoding(DW_ATE_unsigned)
     158                      .dwattr $C$DW$T$13, DW_AT_name("unsigned long")
     159                      .dwattr $C$DW$T$13, DW_AT_byte_size(0x02)
     160              $C$DW$T$23      .dwtag  DW_TAG_typedef, DW_AT_name("size_t")
     161                      .dwattr $C$DW$T$23, DW_AT_type(*$C$DW$T$13)
     162                      .dwattr $C$DW$T$23, DW_AT_language(DW_LANG_C)
     163              $C$DW$10        .dwtag  DW_TAG_TI_far_type
     164                      .dwattr $C$DW$10, DW_AT_type(*$C$DW$T$23)
     165              $C$DW$T$24      .dwtag  DW_TAG_const_type
TMS320C2000 Assembler PC v6.2.5 Mon Jul 10 10:50:41 2017

Tools Copyright (c) 1996-2014 Texas Instruments Incorporated
C:\Users\wmj\AppData\Local\Temp\0935610                              PAGE    4

     166                      .dwattr $C$DW$T$24, DW_AT_type(*$C$DW$10)
     167              $C$DW$T$14      .dwtag  DW_TAG_base_type
     168                      .dwattr $C$DW$T$14, DW_AT_encoding(DW_ATE_signed)
     169                      .dwattr $C$DW$T$14, DW_AT_name("long long")
     170                      .dwattr $C$DW$T$14, DW_AT_byte_size(0x04)
     171              $C$DW$T$15      .dwtag  DW_TAG_base_type
     172                      .dwattr $C$DW$T$15, DW_AT_encoding(DW_ATE_unsigned)
     173                      .dwattr $C$DW$T$15, DW_AT_name("unsigned long long")
     174                      .dwattr $C$DW$T$15, DW_AT_byte_size(0x04)
     175              $C$DW$T$16      .dwtag  DW_TAG_base_type
     176                      .dwattr $C$DW$T$16, DW_AT_encoding(DW_ATE_float)
     177                      .dwattr $C$DW$T$16, DW_AT_name("float")
     178                      .dwattr $C$DW$T$16, DW_AT_byte_size(0x02)
     179              $C$DW$T$17      .dwtag  DW_TAG_base_type
     180                      .dwattr $C$DW$T$17, DW_AT_encoding(DW_ATE_float)
     181                      .dwattr $C$DW$T$17, DW_AT_name("double")
     182                      .dwattr $C$DW$T$17, DW_AT_byte_size(0x02)
     183              $C$DW$T$18      .dwtag  DW_TAG_base_type
     184                      .dwattr $C$DW$T$18, DW_AT_encoding(DW_ATE_float)
     185                      .dwattr $C$DW$T$18, DW_AT_name("long double")
     186                      .dwattr $C$DW$T$18, DW_AT_byte_size(0x04)
     187                      .dwattr $C$DW$CU, DW_AT_language(DW_LANG_C)
     188              
     189              ;***************************************************************
     190              ;* DWARF CIE ENTRIES                                           *
     191              ;***************************************************************
     192              
     193              $C$DW$CIE       .dwcie 78
     194                      .dwcfi  cfa_register, 20
     195                      .dwcfi  cfa_offset, 0
     196                      .dwcfi  undefined, 0
     197                      .dwcfi  undefined, 1
     198                      .dwcfi  undefined, 2
     199                      .dwcfi  undefined, 3
     200                      .dwcfi  undefined, 20
     201                      .dwcfi  undefined, 21
     202                      .dwcfi  undefined, 22
     203                      .dwcfi  undefined, 23
     204                      .dwcfi  undefined, 24
     205                      .dwcfi  undefined, 25
     206                      .dwcfi  undefined, 26
     207                      .dwcfi  same_value, 28
     208                      .dwcfi  undefined, 29
     209                      .dwcfi  undefined, 30
     210                      .dwcfi  undefined, 31
     211                      .dwcfi  undefined, 32
     212                      .dwcfi  undefined, 33
     213                      .dwcfi  undefined, 34
     214                      .dwcfi  undefined, 35
     215                      .dwcfi  undefined, 36
     216                      .dwcfi  undefined, 37
     217                      .dwcfi  undefined, 38
     218                      .dwcfi  undefined, 75
     219                      .dwcfi  undefined, 76
     220                      .dwcfi  undefined, 77
TMS320C2000 Assembler PC v6.2.5 Mon Jul 10 10:50:41 2017

Tools Copyright (c) 1996-2014 Texas Instruments Incorporated
C:\Users\wmj\AppData\Local\Temp\0935610                              PAGE    5

     221                      .dwcfi  undefined, 4
     222                      .dwcfi  same_value, 6
     223                      .dwcfi  same_value, 8
     224                      .dwcfi  same_value, 10
     225                      .dwcfi  undefined, 12
     226                      .dwcfi  undefined, 14
     227                      .dwcfi  undefined, 16
     228                      .dwcfi  undefined, 17
     229                      .dwcfi  undefined, 18
     230                      .dwcfi  undefined, 19
     231                      .dwcfi  undefined, 5
     232                      .dwcfi  same_value, 7
     233                      .dwcfi  same_value, 9
     234                      .dwcfi  same_value, 11
     235                      .dwcfi  undefined, 13
     236                      .dwcfi  undefined, 15
     237                      .dwcfi  undefined, 78
     238                      .dwendentry
     239              
     240              ;***************************************************************
     241              ;* DWARF REGISTER MAP                                          *
     242              ;***************************************************************
     243              
     244              $C$DW$11        .dwtag  DW_TAG_TI_assign_register, DW_AT_name("AL")
     245                      .dwattr $C$DW$11, DW_AT_location[DW_OP_reg0]
     246              $C$DW$12        .dwtag  DW_TAG_TI_assign_register, DW_AT_name("AH")
     247                      .dwattr $C$DW$12, DW_AT_location[DW_OP_reg1]
     248              $C$DW$13        .dwtag  DW_TAG_TI_assign_register, DW_AT_name("PL")
     249                      .dwattr $C$DW$13, DW_AT_location[DW_OP_reg2]
     250              $C$DW$14        .dwtag  DW_TAG_TI_assign_register, DW_AT_name("PH")
     251                      .dwattr $C$DW$14, DW_AT_location[DW_OP_reg3]
     252              $C$DW$15        .dwtag  DW_TAG_TI_assign_register, DW_AT_name("SP")
     253                      .dwattr $C$DW$15, DW_AT_location[DW_OP_reg20]
     254              $C$DW$16        .dwtag  DW_TAG_TI_assign_register, DW_AT_name("XT")
     255                      .dwattr $C$DW$16, DW_AT_location[DW_OP_reg21]
     256              $C$DW$17        .dwtag  DW_TAG_TI_assign_register, DW_AT_name("T")
     257                      .dwattr $C$DW$17, DW_AT_location[DW_OP_reg22]
     258              $C$DW$18        .dwtag  DW_TAG_TI_assign_register, DW_AT_name("ST0")
     259                      .dwattr $C$DW$18, DW_AT_location[DW_OP_reg23]
     260              $C$DW$19        .dwtag  DW_TAG_TI_assign_register, DW_AT_name("ST1")
     261                      .dwattr $C$DW$19, DW_AT_location[DW_OP_reg24]
     262              $C$DW$20        .dwtag  DW_TAG_TI_assign_register, DW_AT_name("PC")
     263                      .dwattr $C$DW$20, DW_AT_location[DW_OP_reg25]
     264              $C$DW$21        .dwtag  DW_TAG_TI_assign_register, DW_AT_name("RPC")
     265                      .dwattr $C$DW$21, DW_AT_location[DW_OP_reg26]
     266              $C$DW$22        .dwtag  DW_TAG_TI_assign_register, DW_AT_name("FP")
     267                      .dwattr $C$DW$22, DW_AT_location[DW_OP_reg28]
     268              $C$DW$23        .dwtag  DW_TAG_TI_assign_register, DW_AT_name("DP")
     269                      .dwattr $C$DW$23, DW_AT_location[DW_OP_reg29]
     270              $C$DW$24        .dwtag  DW_TAG_TI_assign_register, DW_AT_name("SXM")
     271                      .dwattr $C$DW$24, DW_AT_location[DW_OP_reg30]
     272              $C$DW$25        .dwtag  DW_TAG_TI_assign_register, DW_AT_name("PM")
     273                      .dwattr $C$DW$25, DW_AT_location[DW_OP_reg31]
     274              $C$DW$26        .dwtag  DW_TAG_TI_assign_register, DW_AT_name("OVM")
     275                      .dwattr $C$DW$26, DW_AT_location[DW_OP_regx 0x20]
TMS320C2000 Assembler PC v6.2.5 Mon Jul 10 10:50:41 2017

Tools Copyright (c) 1996-2014 Texas Instruments Incorporated
C:\Users\wmj\AppData\Local\Temp\0935610                              PAGE    6

     276              $C$DW$27        .dwtag  DW_TAG_TI_assign_register, DW_AT_name("PAGE0")
     277                      .dwattr $C$DW$27, DW_AT_location[DW_OP_regx 0x21]
     278              $C$DW$28        .dwtag  DW_TAG_TI_assign_register, DW_AT_name("AMODE")
     279                      .dwattr $C$DW$28, DW_AT_location[DW_OP_regx 0x22]
     280              $C$DW$29        .dwtag  DW_TAG_TI_assign_register, DW_AT_name("INTM")
     281                      .dwattr $C$DW$29, DW_AT_location[DW_OP_regx 0x23]
     282              $C$DW$30        .dwtag  DW_TAG_TI_assign_register, DW_AT_name("IFR")
     283                      .dwattr $C$DW$30, DW_AT_location[DW_OP_regx 0x24]
     284              $C$DW$31        .dwtag  DW_TAG_TI_assign_register, DW_AT_name("IER")
     285                      .dwattr $C$DW$31, DW_AT_location[DW_OP_regx 0x25]
     286              $C$DW$32        .dwtag  DW_TAG_TI_assign_register, DW_AT_name("V")
     287                      .dwattr $C$DW$32, DW_AT_location[DW_OP_regx 0x26]
     288              $C$DW$33        .dwtag  DW_TAG_TI_assign_register, DW_AT_name("PSEUDOH")
     289                      .dwattr $C$DW$33, DW_AT_location[DW_OP_regx 0x4c]
     290              $C$DW$34        .dwtag  DW_TAG_TI_assign_register, DW_AT_name("VOL")
     291                      .dwattr $C$DW$34, DW_AT_location[DW_OP_regx 0x4d]
     292              $C$DW$35        .dwtag  DW_TAG_TI_assign_register, DW_AT_name("AR0")
     293                      .dwattr $C$DW$35, DW_AT_location[DW_OP_reg4]
     294              $C$DW$36        .dwtag  DW_TAG_TI_assign_register, DW_AT_name("AR1")
     295                      .dwattr $C$DW$36, DW_AT_location[DW_OP_reg6]
     296              $C$DW$37        .dwtag  DW_TAG_TI_assign_register, DW_AT_name("AR2")
     297                      .dwattr $C$DW$37, DW_AT_location[DW_OP_reg8]
     298              $C$DW$38        .dwtag  DW_TAG_TI_assign_register, DW_AT_name("AR3")
     299                      .dwattr $C$DW$38, DW_AT_location[DW_OP_reg10]
     300              $C$DW$39        .dwtag  DW_TAG_TI_assign_register, DW_AT_name("AR4")
     301                      .dwattr $C$DW$39, DW_AT_location[DW_OP_reg12]
     302              $C$DW$40        .dwtag  DW_TAG_TI_assign_register, DW_AT_name("AR5")
     303                      .dwattr $C$DW$40, DW_AT_location[DW_OP_reg14]
     304              $C$DW$41        .dwtag  DW_TAG_TI_assign_register, DW_AT_name("AR6")
     305                      .dwattr $C$DW$41, DW_AT_location[DW_OP_reg16]
     306              $C$DW$42        .dwtag  DW_TAG_TI_assign_register, DW_AT_name("XAR6")
     307                      .dwattr $C$DW$42, DW_AT_location[DW_OP_reg17]
     308              $C$DW$43        .dwtag  DW_TAG_TI_assign_register, DW_AT_name("AR7")
     309                      .dwattr $C$DW$43, DW_AT_location[DW_OP_reg18]
     310              $C$DW$44        .dwtag  DW_TAG_TI_assign_register, DW_AT_name("XAR7")
     311                      .dwattr $C$DW$44, DW_AT_location[DW_OP_reg19]
     312              $C$DW$45        .dwtag  DW_TAG_TI_assign_register, DW_AT_name("XAR0")
     313                      .dwattr $C$DW$45, DW_AT_location[DW_OP_reg5]
     314              $C$DW$46        .dwtag  DW_TAG_TI_assign_register, DW_AT_name("XAR1")
     315                      .dwattr $C$DW$46, DW_AT_location[DW_OP_reg7]
     316              $C$DW$47        .dwtag  DW_TAG_TI_assign_register, DW_AT_name("XAR2")
     317                      .dwattr $C$DW$47, DW_AT_location[DW_OP_reg9]
     318              $C$DW$48        .dwtag  DW_TAG_TI_assign_register, DW_AT_name("XAR3")
     319                      .dwattr $C$DW$48, DW_AT_location[DW_OP_reg11]
     320              $C$DW$49        .dwtag  DW_TAG_TI_assign_register, DW_AT_name("XAR4")
     321                      .dwattr $C$DW$49, DW_AT_location[DW_OP_reg13]
     322              $C$DW$50        .dwtag  DW_TAG_TI_assign_register, DW_AT_name("XAR5")
     323                      .dwattr $C$DW$50, DW_AT_location[DW_OP_reg15]
     324              $C$DW$51        .dwtag  DW_TAG_TI_assign_register, DW_AT_name("CIE_RETA")
     325                      .dwattr $C$DW$51, DW_AT_location[DW_OP_regx 0x4e]
     326                      .dwendtag $C$DW$CU
     327              

No Assembly Errors, No Assembly Warnings
