TMS320C2000 Assembler PC v6.2.5 Mon Jul 10 10:50:45 2017

Tools Copyright (c) 1996-2014 Texas Instruments Incorporated
C:\Users\wmj\AppData\Local\Temp\0571610                              PAGE    1

       1              ;***************************************************************
       2              ;* TMS320C2000 C/C++ Codegen                         PC v6.2.5 *
       3              ;* Date/Time created: Mon Jul 10 10:50:45 2017                 *
       4              ;***************************************************************
       5                      .compiler_opts --float_support=softlib --hll_source=on --mem_model:code=flat --mem_model:data=large -
       6        0002  FP      .set    XAR2
       7              
       8              $C$DW$CU        .dwtag  DW_TAG_compile_unit
       9                      .dwattr $C$DW$CU, DW_AT_name("D:/Foc/my_motor/sw/modules/traj/src/32b/traj.c")
      10                      .dwattr $C$DW$CU, DW_AT_producer("TMS320C2000 C/C++ Codegen PC v6.2.5 Copyright (c) 1996-2014 Texas I
      11                      .dwattr $C$DW$CU, DW_AT_TI_version(0x01)
      12                      .dwattr $C$DW$CU, DW_AT_comp_dir("D:\Foc\my_motor\sw\solutions\instaspin_foc\boards\hvkit_rev1p1\f28x
      13              ;       c:\ti\ccsv6\tools\compiler\c2000_6.2.5\bin\opt2000.exe C:\\Users\\wmj\\AppData\\Local\\Temp\\057162 C
      14              ;       c:\ti\ccsv6\tools\compiler\c2000_6.2.5\bin\ac2000.exe -@C:\\Users\\wmj\\AppData\\Local\\Temp\\0571616
      15 00000000               .sect   ".text"
      16                      .clink
      17                      .global _TRAJ_init
      18              
      19              $C$DW$1 .dwtag  DW_TAG_subprogram, DW_AT_name("TRAJ_init")
      20                      .dwattr $C$DW$1, DW_AT_low_pc(_TRAJ_init)
      21                      .dwattr $C$DW$1, DW_AT_high_pc(0x00)
      22                      .dwattr $C$DW$1, DW_AT_TI_symbol_name("_TRAJ_init")
      23                      .dwattr $C$DW$1, DW_AT_external
      24                      .dwattr $C$DW$1, DW_AT_type(*$C$DW$T$22)
      25                      .dwattr $C$DW$1, DW_AT_TI_begin_file("D:/Foc/my_motor/sw/modules/traj/src/32b/traj.c")
      26                      .dwattr $C$DW$1, DW_AT_TI_begin_line(0x37)
      27                      .dwattr $C$DW$1, DW_AT_TI_begin_column(0x0d)
      28                      .dwattr $C$DW$1, DW_AT_TI_max_frame_size(-2)
      29                      .dwpsn  file "D:/Foc/my_motor/sw/modules/traj/src/32b/traj.c",line 56,column 1,is_stmt,address _TRAJ_
      30              
      31                      .dwfde $C$DW$CIE, _TRAJ_init
      32              $C$DW$2 .dwtag  DW_TAG_formal_parameter, DW_AT_name("pMemory")
      33                      .dwattr $C$DW$2, DW_AT_TI_symbol_name("_pMemory")
      34                      .dwattr $C$DW$2, DW_AT_type(*$C$DW$T$3)
      35                      .dwattr $C$DW$2, DW_AT_location[DW_OP_reg12]
      36              $C$DW$3 .dwtag  DW_TAG_formal_parameter, DW_AT_name("numBytes")
      37                      .dwattr $C$DW$3, DW_AT_TI_symbol_name("_numBytes")
      38                      .dwattr $C$DW$3, DW_AT_type(*$C$DW$T$24)
      39                      .dwattr $C$DW$3, DW_AT_location[DW_OP_reg0]
      40              
      41              ;***************************************************************
      42              ;* FNAME: _TRAJ_init                    FR SIZE:   0           *
      43              ;*                                                             *
      44              ;* FUNCTION ENVIRONMENT                                        *
      45              ;*                                                             *
      46              ;* FUNCTION PROPERTIES                                         *
      47              ;*                            0 Parameter,  0 Auto,  0 SOE     *
      48              ;***************************************************************
      49              
      50              _TRAJ_init:
      51              ;* AR6   assigned to _numBytes
      52              $C$DW$4 .dwtag  DW_TAG_variable, DW_AT_name("numBytes")
      53                      .dwattr $C$DW$4, DW_AT_TI_symbol_name("_numBytes")
      54                      .dwattr $C$DW$4, DW_AT_type(*$C$DW$T$24)
      55                      .dwattr $C$DW$4, DW_AT_location[DW_OP_reg16]
TMS320C2000 Assembler PC v6.2.5 Mon Jul 10 10:50:45 2017

Tools Copyright (c) 1996-2014 Texas Instruments Incorporated
C:\Users\wmj\AppData\Local\Temp\0571610                              PAGE    2

      56              ;* AR4   assigned to _pMemory
      57              $C$DW$5 .dwtag  DW_TAG_variable, DW_AT_name("pMemory")
      58                      .dwattr $C$DW$5, DW_AT_TI_symbol_name("_pMemory")
      59                      .dwattr $C$DW$5, DW_AT_type(*$C$DW$T$27)
      60                      .dwattr $C$DW$5, DW_AT_location[DW_OP_reg12]
      61                      .dwcfi  cfa_offset, -2
      62                      .dwcfi  save_reg_to_mem, 26, 0
      63                      .dwcfi  save_reg_to_reg, 78, 26
      64 00000000 1EA6          MOVL      XAR6,ACC              ; [CPU_] |56| 
      65                      .dwpsn  file "D:/Foc/my_motor/sw/modules/traj/src/32b/traj.c",line 61,column 5,is_stmt
      66 00000001 020A          MOVB      ACC,#10               ; [CPU_] |61| 
      67 00000002 0FA6          CMPL      ACC,XAR6              ; [CPU_] |61| 
      68 00000003 6902          B         $C$L1,LOS             ; [CPU_] |61| 
      69                      ; branchcc occurs ; [] |61| 
      70 00000004 D400          MOVB      XAR4,#0               ; [CPU_] |61| 
      71              $C$L1:    
      72              $C$DW$6 .dwtag  DW_TAG_TI_branch
      73                      .dwattr $C$DW$6, DW_AT_low_pc(0x00)
      74                      .dwattr $C$DW$6, DW_AT_TI_return
      75 00000005 0006          LRETR     ; [CPU_] 
      76                      ; return occurs ; [] 
      77                      .dwattr $C$DW$1, DW_AT_TI_end_file("D:/Foc/my_motor/sw/modules/traj/src/32b/traj.c")
      78                      .dwattr $C$DW$1, DW_AT_TI_end_line(0x43)
      79                      .dwattr $C$DW$1, DW_AT_TI_end_column(0x01)
      80                      .dwendentry
      81                      .dwendtag $C$DW$1
      82              
      83              
      84              ;***************************************************************
      85              ;* TYPE INFORMATION                                            *
      86              ;***************************************************************
      87              
      88              $C$DW$T$20      .dwtag  DW_TAG_structure_type
      89                      .dwattr $C$DW$T$20, DW_AT_name("_TRAJ_Obj_")
      90                      .dwattr $C$DW$T$20, DW_AT_byte_size(0x0a)
      91              $C$DW$7 .dwtag  DW_TAG_member
      92                      .dwattr $C$DW$7, DW_AT_type(*$C$DW$T$19)
      93                      .dwattr $C$DW$7, DW_AT_name("targetValue")
      94                      .dwattr $C$DW$7, DW_AT_TI_symbol_name("_targetValue")
      95                      .dwattr $C$DW$7, DW_AT_data_member_location[DW_OP_plus_uconst 0x0]
      96                      .dwattr $C$DW$7, DW_AT_accessibility(DW_ACCESS_public)
      97              $C$DW$8 .dwtag  DW_TAG_member
      98                      .dwattr $C$DW$8, DW_AT_type(*$C$DW$T$19)
      99                      .dwattr $C$DW$8, DW_AT_name("intValue")
     100                      .dwattr $C$DW$8, DW_AT_TI_symbol_name("_intValue")
     101                      .dwattr $C$DW$8, DW_AT_data_member_location[DW_OP_plus_uconst 0x2]
     102                      .dwattr $C$DW$8, DW_AT_accessibility(DW_ACCESS_public)
     103              $C$DW$9 .dwtag  DW_TAG_member
     104                      .dwattr $C$DW$9, DW_AT_type(*$C$DW$T$19)
     105                      .dwattr $C$DW$9, DW_AT_name("minValue")
     106                      .dwattr $C$DW$9, DW_AT_TI_symbol_name("_minValue")
     107                      .dwattr $C$DW$9, DW_AT_data_member_location[DW_OP_plus_uconst 0x4]
     108                      .dwattr $C$DW$9, DW_AT_accessibility(DW_ACCESS_public)
     109              $C$DW$10        .dwtag  DW_TAG_member
     110                      .dwattr $C$DW$10, DW_AT_type(*$C$DW$T$19)
TMS320C2000 Assembler PC v6.2.5 Mon Jul 10 10:50:45 2017

Tools Copyright (c) 1996-2014 Texas Instruments Incorporated
C:\Users\wmj\AppData\Local\Temp\0571610                              PAGE    3

     111                      .dwattr $C$DW$10, DW_AT_name("maxValue")
     112                      .dwattr $C$DW$10, DW_AT_TI_symbol_name("_maxValue")
     113                      .dwattr $C$DW$10, DW_AT_data_member_location[DW_OP_plus_uconst 0x6]
     114                      .dwattr $C$DW$10, DW_AT_accessibility(DW_ACCESS_public)
     115              $C$DW$11        .dwtag  DW_TAG_member
     116                      .dwattr $C$DW$11, DW_AT_type(*$C$DW$T$19)
     117                      .dwattr $C$DW$11, DW_AT_name("maxDelta")
     118                      .dwattr $C$DW$11, DW_AT_TI_symbol_name("_maxDelta")
     119                      .dwattr $C$DW$11, DW_AT_data_member_location[DW_OP_plus_uconst 0x8]
     120                      .dwattr $C$DW$11, DW_AT_accessibility(DW_ACCESS_public)
     121                      .dwendtag $C$DW$T$20
     122              
     123              $C$DW$T$21      .dwtag  DW_TAG_pointer_type
     124                      .dwattr $C$DW$T$21, DW_AT_type(*$C$DW$T$20)
     125                      .dwattr $C$DW$T$21, DW_AT_address_class(0x16)
     126              $C$DW$T$22      .dwtag  DW_TAG_typedef, DW_AT_name("TRAJ_Handle")
     127                      .dwattr $C$DW$T$22, DW_AT_type(*$C$DW$T$21)
     128                      .dwattr $C$DW$T$22, DW_AT_language(DW_LANG_C)
     129              $C$DW$T$3       .dwtag  DW_TAG_pointer_type
     130                      .dwattr $C$DW$T$3, DW_AT_address_class(0x16)
     131              $C$DW$12        .dwtag  DW_TAG_TI_far_type
     132                      .dwattr $C$DW$12, DW_AT_type(*$C$DW$T$3)
     133              $C$DW$T$27      .dwtag  DW_TAG_const_type
     134                      .dwattr $C$DW$T$27, DW_AT_type(*$C$DW$12)
     135              $C$DW$T$4       .dwtag  DW_TAG_base_type
     136                      .dwattr $C$DW$T$4, DW_AT_encoding(DW_ATE_boolean)
     137                      .dwattr $C$DW$T$4, DW_AT_name("bool")
     138                      .dwattr $C$DW$T$4, DW_AT_byte_size(0x01)
     139              $C$DW$T$5       .dwtag  DW_TAG_base_type
     140                      .dwattr $C$DW$T$5, DW_AT_encoding(DW_ATE_signed_char)
     141                      .dwattr $C$DW$T$5, DW_AT_name("signed char")
     142                      .dwattr $C$DW$T$5, DW_AT_byte_size(0x01)
     143              $C$DW$T$6       .dwtag  DW_TAG_base_type
     144                      .dwattr $C$DW$T$6, DW_AT_encoding(DW_ATE_unsigned_char)
     145                      .dwattr $C$DW$T$6, DW_AT_name("unsigned char")
     146                      .dwattr $C$DW$T$6, DW_AT_byte_size(0x01)
     147              $C$DW$T$7       .dwtag  DW_TAG_base_type
     148                      .dwattr $C$DW$T$7, DW_AT_encoding(DW_ATE_signed_char)
     149                      .dwattr $C$DW$T$7, DW_AT_name("wchar_t")
     150                      .dwattr $C$DW$T$7, DW_AT_byte_size(0x01)
     151              $C$DW$T$8       .dwtag  DW_TAG_base_type
     152                      .dwattr $C$DW$T$8, DW_AT_encoding(DW_ATE_signed)
     153                      .dwattr $C$DW$T$8, DW_AT_name("short")
     154                      .dwattr $C$DW$T$8, DW_AT_byte_size(0x01)
     155              $C$DW$T$9       .dwtag  DW_TAG_base_type
     156                      .dwattr $C$DW$T$9, DW_AT_encoding(DW_ATE_unsigned)
     157                      .dwattr $C$DW$T$9, DW_AT_name("unsigned short")
     158                      .dwattr $C$DW$T$9, DW_AT_byte_size(0x01)
     159              $C$DW$T$10      .dwtag  DW_TAG_base_type
     160                      .dwattr $C$DW$T$10, DW_AT_encoding(DW_ATE_signed)
     161                      .dwattr $C$DW$T$10, DW_AT_name("int")
     162                      .dwattr $C$DW$T$10, DW_AT_byte_size(0x01)
     163              $C$DW$T$11      .dwtag  DW_TAG_base_type
     164                      .dwattr $C$DW$T$11, DW_AT_encoding(DW_ATE_unsigned)
     165                      .dwattr $C$DW$T$11, DW_AT_name("unsigned int")
TMS320C2000 Assembler PC v6.2.5 Mon Jul 10 10:50:45 2017

Tools Copyright (c) 1996-2014 Texas Instruments Incorporated
C:\Users\wmj\AppData\Local\Temp\0571610                              PAGE    4

     166                      .dwattr $C$DW$T$11, DW_AT_byte_size(0x01)
     167              $C$DW$T$12      .dwtag  DW_TAG_base_type
     168                      .dwattr $C$DW$T$12, DW_AT_encoding(DW_ATE_signed)
     169                      .dwattr $C$DW$T$12, DW_AT_name("long")
     170                      .dwattr $C$DW$T$12, DW_AT_byte_size(0x02)
     171              $C$DW$T$19      .dwtag  DW_TAG_typedef, DW_AT_name("_iq")
     172                      .dwattr $C$DW$T$19, DW_AT_type(*$C$DW$T$12)
     173                      .dwattr $C$DW$T$19, DW_AT_language(DW_LANG_C)
     174              $C$DW$T$13      .dwtag  DW_TAG_base_type
     175                      .dwattr $C$DW$T$13, DW_AT_encoding(DW_ATE_unsigned)
     176                      .dwattr $C$DW$T$13, DW_AT_name("unsigned long")
     177                      .dwattr $C$DW$T$13, DW_AT_byte_size(0x02)
     178              $C$DW$T$23      .dwtag  DW_TAG_typedef, DW_AT_name("size_t")
     179                      .dwattr $C$DW$T$23, DW_AT_type(*$C$DW$T$13)
     180                      .dwattr $C$DW$T$23, DW_AT_language(DW_LANG_C)
     181              $C$DW$13        .dwtag  DW_TAG_TI_far_type
     182                      .dwattr $C$DW$13, DW_AT_type(*$C$DW$T$23)
     183              $C$DW$T$24      .dwtag  DW_TAG_const_type
     184                      .dwattr $C$DW$T$24, DW_AT_type(*$C$DW$13)
     185              $C$DW$T$14      .dwtag  DW_TAG_base_type
     186                      .dwattr $C$DW$T$14, DW_AT_encoding(DW_ATE_signed)
     187                      .dwattr $C$DW$T$14, DW_AT_name("long long")
     188                      .dwattr $C$DW$T$14, DW_AT_byte_size(0x04)
     189              $C$DW$T$15      .dwtag  DW_TAG_base_type
     190                      .dwattr $C$DW$T$15, DW_AT_encoding(DW_ATE_unsigned)
     191                      .dwattr $C$DW$T$15, DW_AT_name("unsigned long long")
     192                      .dwattr $C$DW$T$15, DW_AT_byte_size(0x04)
     193              $C$DW$T$16      .dwtag  DW_TAG_base_type
     194                      .dwattr $C$DW$T$16, DW_AT_encoding(DW_ATE_float)
     195                      .dwattr $C$DW$T$16, DW_AT_name("float")
     196                      .dwattr $C$DW$T$16, DW_AT_byte_size(0x02)
     197              $C$DW$T$17      .dwtag  DW_TAG_base_type
     198                      .dwattr $C$DW$T$17, DW_AT_encoding(DW_ATE_float)
     199                      .dwattr $C$DW$T$17, DW_AT_name("double")
     200                      .dwattr $C$DW$T$17, DW_AT_byte_size(0x02)
     201              $C$DW$T$18      .dwtag  DW_TAG_base_type
     202                      .dwattr $C$DW$T$18, DW_AT_encoding(DW_ATE_float)
     203                      .dwattr $C$DW$T$18, DW_AT_name("long double")
     204                      .dwattr $C$DW$T$18, DW_AT_byte_size(0x04)
     205                      .dwattr $C$DW$CU, DW_AT_language(DW_LANG_C)
     206              
     207              ;***************************************************************
     208              ;* DWARF CIE ENTRIES                                           *
     209              ;***************************************************************
     210              
     211              $C$DW$CIE       .dwcie 78
     212                      .dwcfi  cfa_register, 20
     213                      .dwcfi  cfa_offset, 0
     214                      .dwcfi  undefined, 0
     215                      .dwcfi  undefined, 1
     216                      .dwcfi  undefined, 2
     217                      .dwcfi  undefined, 3
     218                      .dwcfi  undefined, 20
     219                      .dwcfi  undefined, 21
     220                      .dwcfi  undefined, 22
TMS320C2000 Assembler PC v6.2.5 Mon Jul 10 10:50:45 2017

Tools Copyright (c) 1996-2014 Texas Instruments Incorporated
C:\Users\wmj\AppData\Local\Temp\0571610                              PAGE    5

     221                      .dwcfi  undefined, 23
     222                      .dwcfi  undefined, 24
     223                      .dwcfi  undefined, 25
     224                      .dwcfi  undefined, 26
     225                      .dwcfi  same_value, 28
     226                      .dwcfi  undefined, 29
     227                      .dwcfi  undefined, 30
     228                      .dwcfi  undefined, 31
     229                      .dwcfi  undefined, 32
     230                      .dwcfi  undefined, 33
     231                      .dwcfi  undefined, 34
     232                      .dwcfi  undefined, 35
     233                      .dwcfi  undefined, 36
     234                      .dwcfi  undefined, 37
     235                      .dwcfi  undefined, 38
     236                      .dwcfi  undefined, 75
     237                      .dwcfi  undefined, 76
     238                      .dwcfi  undefined, 77
     239                      .dwcfi  undefined, 4
     240                      .dwcfi  same_value, 6
     241                      .dwcfi  same_value, 8
     242                      .dwcfi  same_value, 10
     243                      .dwcfi  undefined, 12
     244                      .dwcfi  undefined, 14
     245                      .dwcfi  undefined, 16
     246                      .dwcfi  undefined, 17
     247                      .dwcfi  undefined, 18
     248                      .dwcfi  undefined, 19
     249                      .dwcfi  undefined, 5
     250                      .dwcfi  same_value, 7
     251                      .dwcfi  same_value, 9
     252                      .dwcfi  same_value, 11
     253                      .dwcfi  undefined, 13
     254                      .dwcfi  undefined, 15
     255                      .dwcfi  undefined, 78
     256                      .dwendentry
     257              
     258              ;***************************************************************
     259              ;* DWARF REGISTER MAP                                          *
     260              ;***************************************************************
     261              
     262              $C$DW$14        .dwtag  DW_TAG_TI_assign_register, DW_AT_name("AL")
     263                      .dwattr $C$DW$14, DW_AT_location[DW_OP_reg0]
     264              $C$DW$15        .dwtag  DW_TAG_TI_assign_register, DW_AT_name("AH")
     265                      .dwattr $C$DW$15, DW_AT_location[DW_OP_reg1]
     266              $C$DW$16        .dwtag  DW_TAG_TI_assign_register, DW_AT_name("PL")
     267                      .dwattr $C$DW$16, DW_AT_location[DW_OP_reg2]
     268              $C$DW$17        .dwtag  DW_TAG_TI_assign_register, DW_AT_name("PH")
     269                      .dwattr $C$DW$17, DW_AT_location[DW_OP_reg3]
     270              $C$DW$18        .dwtag  DW_TAG_TI_assign_register, DW_AT_name("SP")
     271                      .dwattr $C$DW$18, DW_AT_location[DW_OP_reg20]
     272              $C$DW$19        .dwtag  DW_TAG_TI_assign_register, DW_AT_name("XT")
     273                      .dwattr $C$DW$19, DW_AT_location[DW_OP_reg21]
     274              $C$DW$20        .dwtag  DW_TAG_TI_assign_register, DW_AT_name("T")
     275                      .dwattr $C$DW$20, DW_AT_location[DW_OP_reg22]
TMS320C2000 Assembler PC v6.2.5 Mon Jul 10 10:50:45 2017

Tools Copyright (c) 1996-2014 Texas Instruments Incorporated
C:\Users\wmj\AppData\Local\Temp\0571610                              PAGE    6

     276              $C$DW$21        .dwtag  DW_TAG_TI_assign_register, DW_AT_name("ST0")
     277                      .dwattr $C$DW$21, DW_AT_location[DW_OP_reg23]
     278              $C$DW$22        .dwtag  DW_TAG_TI_assign_register, DW_AT_name("ST1")
     279                      .dwattr $C$DW$22, DW_AT_location[DW_OP_reg24]
     280              $C$DW$23        .dwtag  DW_TAG_TI_assign_register, DW_AT_name("PC")
     281                      .dwattr $C$DW$23, DW_AT_location[DW_OP_reg25]
     282              $C$DW$24        .dwtag  DW_TAG_TI_assign_register, DW_AT_name("RPC")
     283                      .dwattr $C$DW$24, DW_AT_location[DW_OP_reg26]
     284              $C$DW$25        .dwtag  DW_TAG_TI_assign_register, DW_AT_name("FP")
     285                      .dwattr $C$DW$25, DW_AT_location[DW_OP_reg28]
     286              $C$DW$26        .dwtag  DW_TAG_TI_assign_register, DW_AT_name("DP")
     287                      .dwattr $C$DW$26, DW_AT_location[DW_OP_reg29]
     288              $C$DW$27        .dwtag  DW_TAG_TI_assign_register, DW_AT_name("SXM")
     289                      .dwattr $C$DW$27, DW_AT_location[DW_OP_reg30]
     290              $C$DW$28        .dwtag  DW_TAG_TI_assign_register, DW_AT_name("PM")
     291                      .dwattr $C$DW$28, DW_AT_location[DW_OP_reg31]
     292              $C$DW$29        .dwtag  DW_TAG_TI_assign_register, DW_AT_name("OVM")
     293                      .dwattr $C$DW$29, DW_AT_location[DW_OP_regx 0x20]
     294              $C$DW$30        .dwtag  DW_TAG_TI_assign_register, DW_AT_name("PAGE0")
     295                      .dwattr $C$DW$30, DW_AT_location[DW_OP_regx 0x21]
     296              $C$DW$31        .dwtag  DW_TAG_TI_assign_register, DW_AT_name("AMODE")
     297                      .dwattr $C$DW$31, DW_AT_location[DW_OP_regx 0x22]
     298              $C$DW$32        .dwtag  DW_TAG_TI_assign_register, DW_AT_name("INTM")
     299                      .dwattr $C$DW$32, DW_AT_location[DW_OP_regx 0x23]
     300              $C$DW$33        .dwtag  DW_TAG_TI_assign_register, DW_AT_name("IFR")
     301                      .dwattr $C$DW$33, DW_AT_location[DW_OP_regx 0x24]
     302              $C$DW$34        .dwtag  DW_TAG_TI_assign_register, DW_AT_name("IER")
     303                      .dwattr $C$DW$34, DW_AT_location[DW_OP_regx 0x25]
     304              $C$DW$35        .dwtag  DW_TAG_TI_assign_register, DW_AT_name("V")
     305                      .dwattr $C$DW$35, DW_AT_location[DW_OP_regx 0x26]
     306              $C$DW$36        .dwtag  DW_TAG_TI_assign_register, DW_AT_name("PSEUDOH")
     307                      .dwattr $C$DW$36, DW_AT_location[DW_OP_regx 0x4c]
     308              $C$DW$37        .dwtag  DW_TAG_TI_assign_register, DW_AT_name("VOL")
     309                      .dwattr $C$DW$37, DW_AT_location[DW_OP_regx 0x4d]
     310              $C$DW$38        .dwtag  DW_TAG_TI_assign_register, DW_AT_name("AR0")
     311                      .dwattr $C$DW$38, DW_AT_location[DW_OP_reg4]
     312              $C$DW$39        .dwtag  DW_TAG_TI_assign_register, DW_AT_name("AR1")
     313                      .dwattr $C$DW$39, DW_AT_location[DW_OP_reg6]
     314              $C$DW$40        .dwtag  DW_TAG_TI_assign_register, DW_AT_name("AR2")
     315                      .dwattr $C$DW$40, DW_AT_location[DW_OP_reg8]
     316              $C$DW$41        .dwtag  DW_TAG_TI_assign_register, DW_AT_name("AR3")
     317                      .dwattr $C$DW$41, DW_AT_location[DW_OP_reg10]
     318              $C$DW$42        .dwtag  DW_TAG_TI_assign_register, DW_AT_name("AR4")
     319                      .dwattr $C$DW$42, DW_AT_location[DW_OP_reg12]
     320              $C$DW$43        .dwtag  DW_TAG_TI_assign_register, DW_AT_name("AR5")
     321                      .dwattr $C$DW$43, DW_AT_location[DW_OP_reg14]
     322              $C$DW$44        .dwtag  DW_TAG_TI_assign_register, DW_AT_name("AR6")
     323                      .dwattr $C$DW$44, DW_AT_location[DW_OP_reg16]
     324              $C$DW$45        .dwtag  DW_TAG_TI_assign_register, DW_AT_name("XAR6")
     325                      .dwattr $C$DW$45, DW_AT_location[DW_OP_reg17]
     326              $C$DW$46        .dwtag  DW_TAG_TI_assign_register, DW_AT_name("AR7")
     327                      .dwattr $C$DW$46, DW_AT_location[DW_OP_reg18]
     328              $C$DW$47        .dwtag  DW_TAG_TI_assign_register, DW_AT_name("XAR7")
     329                      .dwattr $C$DW$47, DW_AT_location[DW_OP_reg19]
     330              $C$DW$48        .dwtag  DW_TAG_TI_assign_register, DW_AT_name("XAR0")
TMS320C2000 Assembler PC v6.2.5 Mon Jul 10 10:50:45 2017

Tools Copyright (c) 1996-2014 Texas Instruments Incorporated
C:\Users\wmj\AppData\Local\Temp\0571610                              PAGE    7

     331                      .dwattr $C$DW$48, DW_AT_location[DW_OP_reg5]
     332              $C$DW$49        .dwtag  DW_TAG_TI_assign_register, DW_AT_name("XAR1")
     333                      .dwattr $C$DW$49, DW_AT_location[DW_OP_reg7]
     334              $C$DW$50        .dwtag  DW_TAG_TI_assign_register, DW_AT_name("XAR2")
     335                      .dwattr $C$DW$50, DW_AT_location[DW_OP_reg9]
     336              $C$DW$51        .dwtag  DW_TAG_TI_assign_register, DW_AT_name("XAR3")
     337                      .dwattr $C$DW$51, DW_AT_location[DW_OP_reg11]
     338              $C$DW$52        .dwtag  DW_TAG_TI_assign_register, DW_AT_name("XAR4")
     339                      .dwattr $C$DW$52, DW_AT_location[DW_OP_reg13]
     340              $C$DW$53        .dwtag  DW_TAG_TI_assign_register, DW_AT_name("XAR5")
     341                      .dwattr $C$DW$53, DW_AT_location[DW_OP_reg15]
     342              $C$DW$54        .dwtag  DW_TAG_TI_assign_register, DW_AT_name("CIE_RETA")
     343                      .dwattr $C$DW$54, DW_AT_location[DW_OP_regx 0x4e]
     344                      .dwendtag $C$DW$CU
     345              

No Assembly Errors, No Assembly Warnings
