TMS320C2000 Assembler PC v6.2.5 Thu Jun 22 13:27:23 2017

Tools Copyright (c) 1996-2014 Texas Instruments Incorporated
C:\Users\wmj\AppData\Local\Temp\1378810                              PAGE    1

       1              ;***************************************************************
       2              ;* TMS320C2000 C/C++ Codegen                         PC v6.2.5 *
       3              ;* Date/Time created: Thu Jun 22 13:27:23 2017                 *
       4              ;***************************************************************
       5                      .compiler_opts --float_support=softlib --hll_source=on --mem_model:code=flat --mem_model:data=large -
       6        0002  FP      .set    XAR2
       7              
       8              $C$DW$CU        .dwtag  DW_TAG_compile_unit
       9                      .dwattr $C$DW$CU, DW_AT_name("C:/ti/motorware/motorware_1_01_00_18/sw/modules/cpu_usage/src/32b/cpu_u
      10                      .dwattr $C$DW$CU, DW_AT_producer("TMS320C2000 C/C++ Codegen PC v6.2.5 Copyright (c) 1996-2014 Texas I
      11                      .dwattr $C$DW$CU, DW_AT_TI_version(0x01)
      12                      .dwattr $C$DW$CU, DW_AT_comp_dir("C:\ti\motorware\motorware_1_01_00_18\sw\solutions\instaspin_foc\boa
      13              ;       c:\ti\ccsv6\tools\compiler\c2000_6.2.5\bin\opt2000.exe C:\\Users\\wmj\\AppData\\Local\\Temp\\137882 C
      14              ;       c:\ti\ccsv6\tools\compiler\c2000_6.2.5\bin\ac2000.exe -@C:\\Users\\wmj\\AppData\\Local\\Temp\\1378816
      15 00000000               .sect   ".text"
      16                      .clink
      17                      .global _CPU_USAGE_setParams
      18              
      19              $C$DW$1 .dwtag  DW_TAG_subprogram, DW_AT_name("CPU_USAGE_setParams")
      20                      .dwattr $C$DW$1, DW_AT_low_pc(_CPU_USAGE_setParams)
      21                      .dwattr $C$DW$1, DW_AT_high_pc(0x00)
      22                      .dwattr $C$DW$1, DW_AT_TI_symbol_name("_CPU_USAGE_setParams")
      23                      .dwattr $C$DW$1, DW_AT_external
      24                      .dwattr $C$DW$1, DW_AT_TI_begin_file("C:/ti/motorware/motorware_1_01_00_18/sw/modules/cpu_usage/src/3
      25                      .dwattr $C$DW$1, DW_AT_TI_begin_line(0x22)
      26                      .dwattr $C$DW$1, DW_AT_TI_begin_column(0x06)
      27                      .dwattr $C$DW$1, DW_AT_TI_max_frame_size(-2)
      28                      .dwpsn  file "C:/ti/motorware/motorware_1_01_00_18/sw/modules/cpu_usage/src/32b/cpu_usage.c",line 37,
      29              
      30                      .dwfde $C$DW$CIE, _CPU_USAGE_setParams
      31              $C$DW$2 .dwtag  DW_TAG_formal_parameter, DW_AT_name("handle")
      32                      .dwattr $C$DW$2, DW_AT_TI_symbol_name("_handle")
      33                      .dwattr $C$DW$2, DW_AT_type(*$C$DW$T$24)
      34                      .dwattr $C$DW$2, DW_AT_location[DW_OP_reg12]
      35              $C$DW$3 .dwtag  DW_TAG_formal_parameter, DW_AT_name("timerPeriod_cnts")
      36                      .dwattr $C$DW$3, DW_AT_TI_symbol_name("_timerPeriod_cnts")
      37                      .dwattr $C$DW$3, DW_AT_type(*$C$DW$T$32)
      38                      .dwattr $C$DW$3, DW_AT_location[DW_OP_reg0]
      39              $C$DW$4 .dwtag  DW_TAG_formal_parameter, DW_AT_name("numDeltaCntsAvg")
      40                      .dwattr $C$DW$4, DW_AT_TI_symbol_name("_numDeltaCntsAvg")
      41                      .dwattr $C$DW$4, DW_AT_type(*$C$DW$T$32)
      42                      .dwattr $C$DW$4, DW_AT_location[DW_OP_breg20 -4]
      43              
      44              ;***************************************************************
      45              ;* FNAME: _CPU_USAGE_setParams          FR SIZE:   0           *
      46              ;*                                                             *
      47              ;* FUNCTION ENVIRONMENT                                        *
      48              ;*                                                             *
      49              ;* FUNCTION PROPERTIES                                         *
      50              ;*                            0 Parameter,  0 Auto,  0 SOE     *
      51              ;***************************************************************
      52              
      53              _CPU_USAGE_setParams:
      54              ;* AR4   assigned to _handle
      55              $C$DW$5 .dwtag  DW_TAG_variable, DW_AT_name("handle")
TMS320C2000 Assembler PC v6.2.5 Thu Jun 22 13:27:23 2017

Tools Copyright (c) 1996-2014 Texas Instruments Incorporated
C:\Users\wmj\AppData\Local\Temp\1378810                              PAGE    2

      56                      .dwattr $C$DW$5, DW_AT_TI_symbol_name("_handle")
      57                      .dwattr $C$DW$5, DW_AT_type(*$C$DW$T$25)
      58                      .dwattr $C$DW$5, DW_AT_location[DW_OP_reg12]
      59              ;* AL    assigned to _timerPeriod_cnts
      60              $C$DW$6 .dwtag  DW_TAG_variable, DW_AT_name("timerPeriod_cnts")
      61                      .dwattr $C$DW$6, DW_AT_TI_symbol_name("_timerPeriod_cnts")
      62                      .dwattr $C$DW$6, DW_AT_type(*$C$DW$T$32)
      63                      .dwattr $C$DW$6, DW_AT_location[DW_OP_reg0]
      64              ;* AR7   assigned to _numDeltaCntsAvg
      65              $C$DW$7 .dwtag  DW_TAG_variable, DW_AT_name("numDeltaCntsAvg")
      66                      .dwattr $C$DW$7, DW_AT_TI_symbol_name("_numDeltaCntsAvg")
      67                      .dwattr $C$DW$7, DW_AT_type(*$C$DW$T$32)
      68                      .dwattr $C$DW$7, DW_AT_location[DW_OP_reg18]
      69                      .dwcfi  cfa_offset, -2
      70                      .dwcfi  save_reg_to_mem, 26, 0
      71                      .dwcfi  save_reg_to_reg, 78, 26
      72                      .dwpsn  file "C:/ti/motorware/motorware_1_01_00_18/sw/modules/cpu_usage/src/32b/cpu_usage.h",line 220
      73 00000000 BE00          MOVB      XAR6,#0               ; [CPU_] |220| 
      74                      .dwpsn  file "C:/ti/motorware/motorware_1_01_00_18/sw/modules/cpu_usage/src/32b/cpu_usage.c",line 37,
      75 00000001 C544          MOVL      XAR7,*-SP[4]          ; [CPU_] |37| 
      76                      .dwpsn  file "C:/ti/motorware/motorware_1_01_00_18/sw/modules/cpu_usage/src/32b/cpu_usage.h",line 207
      77 00000002 1EC4          MOVL      *+XAR4[0],ACC         ; [CPU_] |207| 
      78                      .dwpsn  file "C:/ti/motorware/motorware_1_01_00_18/sw/modules/cpu_usage/src/32b/cpu_usage.h",line 259
      79 00000003 D008          MOVB      XAR0,#8               ; [CPU_] |259| 
      80                      .dwpsn  file "C:/ti/motorware/motorware_1_01_00_18/sw/modules/cpu_usage/src/32b/cpu_usage.h",line 220
      81 00000004 C2D4          MOVL      *+XAR4[2],XAR6        ; [CPU_] |220| 
      82                      .dwpsn  file "C:/ti/motorware/motorware_1_01_00_18/sw/modules/cpu_usage/src/32b/cpu_usage.h",line 233
      83 00000005 C2E4          MOVL      *+XAR4[4],XAR6        ; [CPU_] |233| 
      84                      .dwpsn  file "C:/ti/motorware/motorware_1_01_00_18/sw/modules/cpu_usage/src/32b/cpu_usage.h",line 246
      85 00000006 C2F4          MOVL      *+XAR4[6],XAR6        ; [CPU_] |246| 
      86                      .dwpsn  file "C:/ti/motorware/motorware_1_01_00_18/sw/modules/cpu_usage/src/32b/cpu_usage.h",line 259
      87 00000007 C294          MOVL      *+XAR4[AR0],XAR6      ; [CPU_] |259| 
      88                      .dwpsn  file "C:/ti/motorware/motorware_1_01_00_18/sw/modules/cpu_usage/src/32b/cpu_usage.h",line 272
      89 00000008 D00A          MOVB      XAR0,#10              ; [CPU_] |272| 
      90 00000009 C294          MOVL      *+XAR4[AR0],XAR6      ; [CPU_] |272| 
      91                      .dwpsn  file "C:/ti/motorware/motorware_1_01_00_18/sw/modules/cpu_usage/src/32b/cpu_usage.h",line 285
      92 0000000a D00C          MOVB      XAR0,#12              ; [CPU_] |285| 
      93 0000000b C394          MOVL      *+XAR4[AR0],XAR7      ; [CPU_] |285| 
      94                      .dwpsn  file "C:/ti/motorware/motorware_1_01_00_18/sw/modules/cpu_usage/src/32b/cpu_usage.h",line 298
      95 0000000c D00E          MOVB      XAR0,#14              ; [CPU_] |298| 
      96 0000000d 1E94          MOVL      *+XAR4[AR0],ACC       ; [CPU_] |298| 
      97                      .dwpsn  file "C:/ti/motorware/motorware_1_01_00_18/sw/modules/cpu_usage/src/32b/cpu_usage.h",line 311
      98 0000000e D010          MOVB      XAR0,#16              ; [CPU_] |311| 
      99 0000000f 0200          MOVB      ACC,#0                ; [CPU_] |311| 
     100 00000010 1E94          MOVL      *+XAR4[AR0],ACC       ; [CPU_] |311| 
     101                      .dwpsn  file "C:/ti/motorware/motorware_1_01_00_18/sw/modules/cpu_usage/src/32b/cpu_usage.h",line 324
     102 00000011 D012          MOVB      XAR0,#18              ; [CPU_] |324| 
     103 00000012 1E94          MOVL      *+XAR4[AR0],ACC       ; [CPU_] |324| 
     104                      .dwpsn  file "C:/ti/motorware/motorware_1_01_00_18/sw/modules/cpu_usage/src/32b/cpu_usage.h",line 337
     105 00000013 D014          MOVB      XAR0,#20              ; [CPU_] |337| 
     106 00000014 2B94          MOV       *+XAR4[AR0],#0        ; [CPU_] |337| 
     107              $C$DW$8 .dwtag  DW_TAG_TI_branch
     108                      .dwattr $C$DW$8, DW_AT_low_pc(0x00)
     109                      .dwattr $C$DW$8, DW_AT_TI_return
     110 00000015 0006          LRETR     ; [CPU_] 
TMS320C2000 Assembler PC v6.2.5 Thu Jun 22 13:27:23 2017

Tools Copyright (c) 1996-2014 Texas Instruments Incorporated
C:\Users\wmj\AppData\Local\Temp\1378810                              PAGE    3

     111                      ; return occurs ; [] 
     112                      .dwattr $C$DW$1, DW_AT_TI_end_file("C:/ti/motorware/motorware_1_01_00_18/sw/modules/cpu_usage/src/32b
     113                      .dwattr $C$DW$1, DW_AT_TI_end_line(0x37)
     114                      .dwattr $C$DW$1, DW_AT_TI_end_column(0x01)
     115                      .dwendentry
     116                      .dwendtag $C$DW$1
     117              
     118 00000016               .sect   ".text"
     119                      .clink
     120                      .global _CPU_USAGE_init
     121              
     122              $C$DW$9 .dwtag  DW_TAG_subprogram, DW_AT_name("CPU_USAGE_init")
     123                      .dwattr $C$DW$9, DW_AT_low_pc(_CPU_USAGE_init)
     124                      .dwattr $C$DW$9, DW_AT_high_pc(0x00)
     125                      .dwattr $C$DW$9, DW_AT_TI_symbol_name("_CPU_USAGE_init")
     126                      .dwattr $C$DW$9, DW_AT_external
     127                      .dwattr $C$DW$9, DW_AT_type(*$C$DW$T$24)
     128                      .dwattr $C$DW$9, DW_AT_TI_begin_file("C:/ti/motorware/motorware_1_01_00_18/sw/modules/cpu_usage/src/3
     129                      .dwattr $C$DW$9, DW_AT_TI_begin_line(0x15)
     130                      .dwattr $C$DW$9, DW_AT_TI_begin_column(0x12)
     131                      .dwattr $C$DW$9, DW_AT_TI_max_frame_size(-2)
     132                      .dwpsn  file "C:/ti/motorware/motorware_1_01_00_18/sw/modules/cpu_usage/src/32b/cpu_usage.c",line 22,
     133              
     134                      .dwfde $C$DW$CIE, _CPU_USAGE_init
     135              $C$DW$10        .dwtag  DW_TAG_formal_parameter, DW_AT_name("pMemory")
     136                      .dwattr $C$DW$10, DW_AT_TI_symbol_name("_pMemory")
     137                      .dwattr $C$DW$10, DW_AT_type(*$C$DW$T$3)
     138                      .dwattr $C$DW$10, DW_AT_location[DW_OP_reg12]
     139              $C$DW$11        .dwtag  DW_TAG_formal_parameter, DW_AT_name("numBytes")
     140                      .dwattr $C$DW$11, DW_AT_TI_symbol_name("_numBytes")
     141                      .dwattr $C$DW$11, DW_AT_type(*$C$DW$T$27)
     142                      .dwattr $C$DW$11, DW_AT_location[DW_OP_reg0]
     143              
     144              ;***************************************************************
     145              ;* FNAME: _CPU_USAGE_init               FR SIZE:   0           *
     146              ;*                                                             *
     147              ;* FUNCTION ENVIRONMENT                                        *
     148              ;*                                                             *
     149              ;* FUNCTION PROPERTIES                                         *
     150              ;*                            0 Parameter,  0 Auto,  0 SOE     *
     151              ;***************************************************************
     152              
     153              _CPU_USAGE_init:
     154              ;* AR6   assigned to _numBytes
     155              $C$DW$12        .dwtag  DW_TAG_variable, DW_AT_name("numBytes")
     156                      .dwattr $C$DW$12, DW_AT_TI_symbol_name("_numBytes")
     157                      .dwattr $C$DW$12, DW_AT_type(*$C$DW$T$27)
     158                      .dwattr $C$DW$12, DW_AT_location[DW_OP_reg16]
     159              ;* AR4   assigned to _pMemory
     160              $C$DW$13        .dwtag  DW_TAG_variable, DW_AT_name("pMemory")
     161                      .dwattr $C$DW$13, DW_AT_TI_symbol_name("_pMemory")
     162                      .dwattr $C$DW$13, DW_AT_type(*$C$DW$T$31)
     163                      .dwattr $C$DW$13, DW_AT_location[DW_OP_reg12]
     164                      .dwcfi  cfa_offset, -2
     165                      .dwcfi  save_reg_to_mem, 26, 0
TMS320C2000 Assembler PC v6.2.5 Thu Jun 22 13:27:23 2017

Tools Copyright (c) 1996-2014 Texas Instruments Incorporated
C:\Users\wmj\AppData\Local\Temp\1378810                              PAGE    4

     166                      .dwcfi  save_reg_to_reg, 78, 26
     167 00000016 1EA6          MOVL      XAR6,ACC              ; [CPU_] |22| 
     168                      .dwpsn  file "C:/ti/motorware/motorware_1_01_00_18/sw/modules/cpu_usage/src/32b/cpu_usage.c",line 26,
     169 00000017 0216          MOVB      ACC,#22               ; [CPU_] |26| 
     170 00000018 0FA6          CMPL      ACC,XAR6              ; [CPU_] |26| 
     171 00000019 6902          B         $C$L1,LOS             ; [CPU_] |26| 
     172                      ; branchcc occurs ; [] |26| 
     173 0000001a D400          MOVB      XAR4,#0               ; [CPU_] |26| 
     174              $C$L1:    
     175              $C$DW$14        .dwtag  DW_TAG_TI_branch
     176                      .dwattr $C$DW$14, DW_AT_low_pc(0x00)
     177                      .dwattr $C$DW$14, DW_AT_TI_return
     178 0000001b 0006          LRETR     ; [CPU_] 
     179                      ; return occurs ; [] 
     180                      .dwattr $C$DW$9, DW_AT_TI_end_file("C:/ti/motorware/motorware_1_01_00_18/sw/modules/cpu_usage/src/32b
     181                      .dwattr $C$DW$9, DW_AT_TI_end_line(0x20)
     182                      .dwattr $C$DW$9, DW_AT_TI_end_column(0x01)
     183                      .dwendentry
     184                      .dwendtag $C$DW$9
     185              
     186              
     187              ;***************************************************************
     188              ;* TYPE INFORMATION                                            *
     189              ;***************************************************************
     190              
     191              $C$DW$T$21      .dwtag  DW_TAG_structure_type
     192                      .dwattr $C$DW$T$21, DW_AT_name("_CPU_USAGE_Obj_")
     193                      .dwattr $C$DW$T$21, DW_AT_byte_size(0x16)
     194              $C$DW$15        .dwtag  DW_TAG_member
     195                      .dwattr $C$DW$15, DW_AT_type(*$C$DW$T$19)
     196                      .dwattr $C$DW$15, DW_AT_name("timerPeriod_cnts")
     197                      .dwattr $C$DW$15, DW_AT_TI_symbol_name("_timerPeriod_cnts")
     198                      .dwattr $C$DW$15, DW_AT_data_member_location[DW_OP_plus_uconst 0x0]
     199                      .dwattr $C$DW$15, DW_AT_accessibility(DW_ACCESS_public)
     200              $C$DW$16        .dwtag  DW_TAG_member
     201                      .dwattr $C$DW$16, DW_AT_type(*$C$DW$T$19)
     202                      .dwattr $C$DW$16, DW_AT_name("cnt_z0")
     203                      .dwattr $C$DW$16, DW_AT_TI_symbol_name("_cnt_z0")
     204                      .dwattr $C$DW$16, DW_AT_data_member_location[DW_OP_plus_uconst 0x2]
     205                      .dwattr $C$DW$16, DW_AT_accessibility(DW_ACCESS_public)
     206              $C$DW$17        .dwtag  DW_TAG_member
     207                      .dwattr $C$DW$17, DW_AT_type(*$C$DW$T$19)
     208                      .dwattr $C$DW$17, DW_AT_name("cnt_z1")
     209                      .dwattr $C$DW$17, DW_AT_TI_symbol_name("_cnt_z1")
     210                      .dwattr $C$DW$17, DW_AT_data_member_location[DW_OP_plus_uconst 0x4]
     211                      .dwattr $C$DW$17, DW_AT_accessibility(DW_ACCESS_public)
     212              $C$DW$18        .dwtag  DW_TAG_member
     213                      .dwattr $C$DW$18, DW_AT_type(*$C$DW$T$19)
     214                      .dwattr $C$DW$18, DW_AT_name("deltaCnt")
     215                      .dwattr $C$DW$18, DW_AT_TI_symbol_name("_deltaCnt")
     216                      .dwattr $C$DW$18, DW_AT_data_member_location[DW_OP_plus_uconst 0x6]
     217                      .dwattr $C$DW$18, DW_AT_accessibility(DW_ACCESS_public)
     218              $C$DW$19        .dwtag  DW_TAG_member
     219                      .dwattr $C$DW$19, DW_AT_type(*$C$DW$T$19)
     220                      .dwattr $C$DW$19, DW_AT_name("deltaCntAcc")
TMS320C2000 Assembler PC v6.2.5 Thu Jun 22 13:27:23 2017

Tools Copyright (c) 1996-2014 Texas Instruments Incorporated
C:\Users\wmj\AppData\Local\Temp\1378810                              PAGE    5

     221                      .dwattr $C$DW$19, DW_AT_TI_symbol_name("_deltaCntAcc")
     222                      .dwattr $C$DW$19, DW_AT_data_member_location[DW_OP_plus_uconst 0x8]
     223                      .dwattr $C$DW$19, DW_AT_accessibility(DW_ACCESS_public)
     224              $C$DW$20        .dwtag  DW_TAG_member
     225                      .dwattr $C$DW$20, DW_AT_type(*$C$DW$T$19)
     226                      .dwattr $C$DW$20, DW_AT_name("deltaCntAccNum")
     227                      .dwattr $C$DW$20, DW_AT_TI_symbol_name("_deltaCntAccNum")
     228                      .dwattr $C$DW$20, DW_AT_data_member_location[DW_OP_plus_uconst 0xa]
     229                      .dwattr $C$DW$20, DW_AT_accessibility(DW_ACCESS_public)
     230              $C$DW$21        .dwtag  DW_TAG_member
     231                      .dwattr $C$DW$21, DW_AT_type(*$C$DW$T$19)
     232                      .dwattr $C$DW$21, DW_AT_name("deltaCntAccNumMax")
     233                      .dwattr $C$DW$21, DW_AT_TI_symbol_name("_deltaCntAccNumMax")
     234                      .dwattr $C$DW$21, DW_AT_data_member_location[DW_OP_plus_uconst 0xc]
     235                      .dwattr $C$DW$21, DW_AT_accessibility(DW_ACCESS_public)
     236              $C$DW$22        .dwtag  DW_TAG_member
     237                      .dwattr $C$DW$22, DW_AT_type(*$C$DW$T$19)
     238                      .dwattr $C$DW$22, DW_AT_name("minDeltaCntObserved")
     239                      .dwattr $C$DW$22, DW_AT_TI_symbol_name("_minDeltaCntObserved")
     240                      .dwattr $C$DW$22, DW_AT_data_member_location[DW_OP_plus_uconst 0xe]
     241                      .dwattr $C$DW$22, DW_AT_accessibility(DW_ACCESS_public)
     242              $C$DW$23        .dwtag  DW_TAG_member
     243                      .dwattr $C$DW$23, DW_AT_type(*$C$DW$T$19)
     244                      .dwattr $C$DW$23, DW_AT_name("avgDeltaCntObserved")
     245                      .dwattr $C$DW$23, DW_AT_TI_symbol_name("_avgDeltaCntObserved")
     246                      .dwattr $C$DW$23, DW_AT_data_member_location[DW_OP_plus_uconst 0x10]
     247                      .dwattr $C$DW$23, DW_AT_accessibility(DW_ACCESS_public)
     248              $C$DW$24        .dwtag  DW_TAG_member
     249                      .dwattr $C$DW$24, DW_AT_type(*$C$DW$T$19)
     250                      .dwattr $C$DW$24, DW_AT_name("maxDeltaCntObserved")
     251                      .dwattr $C$DW$24, DW_AT_TI_symbol_name("_maxDeltaCntObserved")
     252                      .dwattr $C$DW$24, DW_AT_data_member_location[DW_OP_plus_uconst 0x12]
     253                      .dwattr $C$DW$24, DW_AT_accessibility(DW_ACCESS_public)
     254              $C$DW$25        .dwtag  DW_TAG_member
     255                      .dwattr $C$DW$25, DW_AT_type(*$C$DW$T$20)
     256                      .dwattr $C$DW$25, DW_AT_name("flag_resetStats")
     257                      .dwattr $C$DW$25, DW_AT_TI_symbol_name("_flag_resetStats")
     258                      .dwattr $C$DW$25, DW_AT_data_member_location[DW_OP_plus_uconst 0x14]
     259                      .dwattr $C$DW$25, DW_AT_accessibility(DW_ACCESS_public)
     260                      .dwendtag $C$DW$T$21
     261              
     262              $C$DW$T$22      .dwtag  DW_TAG_typedef, DW_AT_name("CPU_USAGE_Obj")
     263                      .dwattr $C$DW$T$22, DW_AT_type(*$C$DW$T$21)
     264                      .dwattr $C$DW$T$22, DW_AT_language(DW_LANG_C)
     265              $C$DW$T$23      .dwtag  DW_TAG_pointer_type
     266                      .dwattr $C$DW$T$23, DW_AT_type(*$C$DW$T$21)
     267                      .dwattr $C$DW$T$23, DW_AT_address_class(0x16)
     268              $C$DW$T$24      .dwtag  DW_TAG_typedef, DW_AT_name("CPU_USAGE_Handle")
     269                      .dwattr $C$DW$T$24, DW_AT_type(*$C$DW$T$23)
     270                      .dwattr $C$DW$T$24, DW_AT_language(DW_LANG_C)
     271              $C$DW$26        .dwtag  DW_TAG_TI_far_type
     272                      .dwattr $C$DW$26, DW_AT_type(*$C$DW$T$24)
     273              $C$DW$T$25      .dwtag  DW_TAG_const_type
     274                      .dwattr $C$DW$T$25, DW_AT_type(*$C$DW$26)
     275              $C$DW$T$3       .dwtag  DW_TAG_pointer_type
TMS320C2000 Assembler PC v6.2.5 Thu Jun 22 13:27:23 2017

Tools Copyright (c) 1996-2014 Texas Instruments Incorporated
C:\Users\wmj\AppData\Local\Temp\1378810                              PAGE    6

     276                      .dwattr $C$DW$T$3, DW_AT_address_class(0x16)
     277              $C$DW$27        .dwtag  DW_TAG_TI_far_type
     278                      .dwattr $C$DW$27, DW_AT_type(*$C$DW$T$3)
     279              $C$DW$T$31      .dwtag  DW_TAG_const_type
     280                      .dwattr $C$DW$T$31, DW_AT_type(*$C$DW$27)
     281              $C$DW$T$4       .dwtag  DW_TAG_base_type
     282                      .dwattr $C$DW$T$4, DW_AT_encoding(DW_ATE_boolean)
     283                      .dwattr $C$DW$T$4, DW_AT_name("bool")
     284                      .dwattr $C$DW$T$4, DW_AT_byte_size(0x01)
     285              $C$DW$T$5       .dwtag  DW_TAG_base_type
     286                      .dwattr $C$DW$T$5, DW_AT_encoding(DW_ATE_signed_char)
     287                      .dwattr $C$DW$T$5, DW_AT_name("signed char")
     288                      .dwattr $C$DW$T$5, DW_AT_byte_size(0x01)
     289              $C$DW$T$6       .dwtag  DW_TAG_base_type
     290                      .dwattr $C$DW$T$6, DW_AT_encoding(DW_ATE_unsigned_char)
     291                      .dwattr $C$DW$T$6, DW_AT_name("unsigned char")
     292                      .dwattr $C$DW$T$6, DW_AT_byte_size(0x01)
     293              $C$DW$T$20      .dwtag  DW_TAG_typedef, DW_AT_name("_Bool")
     294                      .dwattr $C$DW$T$20, DW_AT_type(*$C$DW$T$6)
     295                      .dwattr $C$DW$T$20, DW_AT_language(DW_LANG_C)
     296              $C$DW$T$7       .dwtag  DW_TAG_base_type
     297                      .dwattr $C$DW$T$7, DW_AT_encoding(DW_ATE_signed_char)
     298                      .dwattr $C$DW$T$7, DW_AT_name("wchar_t")
     299                      .dwattr $C$DW$T$7, DW_AT_byte_size(0x01)
     300              $C$DW$T$8       .dwtag  DW_TAG_base_type
     301                      .dwattr $C$DW$T$8, DW_AT_encoding(DW_ATE_signed)
     302                      .dwattr $C$DW$T$8, DW_AT_name("short")
     303                      .dwattr $C$DW$T$8, DW_AT_byte_size(0x01)
     304              $C$DW$T$9       .dwtag  DW_TAG_base_type
     305                      .dwattr $C$DW$T$9, DW_AT_encoding(DW_ATE_unsigned)
     306                      .dwattr $C$DW$T$9, DW_AT_name("unsigned short")
     307                      .dwattr $C$DW$T$9, DW_AT_byte_size(0x01)
     308              $C$DW$T$10      .dwtag  DW_TAG_base_type
     309                      .dwattr $C$DW$T$10, DW_AT_encoding(DW_ATE_signed)
     310                      .dwattr $C$DW$T$10, DW_AT_name("int")
     311                      .dwattr $C$DW$T$10, DW_AT_byte_size(0x01)
     312              $C$DW$T$11      .dwtag  DW_TAG_base_type
     313                      .dwattr $C$DW$T$11, DW_AT_encoding(DW_ATE_unsigned)
     314                      .dwattr $C$DW$T$11, DW_AT_name("unsigned int")
     315                      .dwattr $C$DW$T$11, DW_AT_byte_size(0x01)
     316              $C$DW$T$12      .dwtag  DW_TAG_base_type
     317                      .dwattr $C$DW$T$12, DW_AT_encoding(DW_ATE_signed)
     318                      .dwattr $C$DW$T$12, DW_AT_name("long")
     319                      .dwattr $C$DW$T$12, DW_AT_byte_size(0x02)
     320              $C$DW$T$13      .dwtag  DW_TAG_base_type
     321                      .dwattr $C$DW$T$13, DW_AT_encoding(DW_ATE_unsigned)
     322                      .dwattr $C$DW$T$13, DW_AT_name("unsigned long")
     323                      .dwattr $C$DW$T$13, DW_AT_byte_size(0x02)
     324              $C$DW$T$26      .dwtag  DW_TAG_typedef, DW_AT_name("size_t")
     325                      .dwattr $C$DW$T$26, DW_AT_type(*$C$DW$T$13)
     326                      .dwattr $C$DW$T$26, DW_AT_language(DW_LANG_C)
     327              $C$DW$28        .dwtag  DW_TAG_TI_far_type
     328                      .dwattr $C$DW$28, DW_AT_type(*$C$DW$T$26)
     329              $C$DW$T$27      .dwtag  DW_TAG_const_type
     330                      .dwattr $C$DW$T$27, DW_AT_type(*$C$DW$28)
TMS320C2000 Assembler PC v6.2.5 Thu Jun 22 13:27:23 2017

Tools Copyright (c) 1996-2014 Texas Instruments Incorporated
C:\Users\wmj\AppData\Local\Temp\1378810                              PAGE    7

     331              $C$DW$T$19      .dwtag  DW_TAG_typedef, DW_AT_name("uint32_t")
     332                      .dwattr $C$DW$T$19, DW_AT_type(*$C$DW$T$13)
     333                      .dwattr $C$DW$T$19, DW_AT_language(DW_LANG_C)
     334              $C$DW$29        .dwtag  DW_TAG_TI_far_type
     335                      .dwattr $C$DW$29, DW_AT_type(*$C$DW$T$19)
     336              $C$DW$T$32      .dwtag  DW_TAG_const_type
     337                      .dwattr $C$DW$T$32, DW_AT_type(*$C$DW$29)
     338              $C$DW$T$14      .dwtag  DW_TAG_base_type
     339                      .dwattr $C$DW$T$14, DW_AT_encoding(DW_ATE_signed)
     340                      .dwattr $C$DW$T$14, DW_AT_name("long long")
     341                      .dwattr $C$DW$T$14, DW_AT_byte_size(0x04)
     342              $C$DW$T$15      .dwtag  DW_TAG_base_type
     343                      .dwattr $C$DW$T$15, DW_AT_encoding(DW_ATE_unsigned)
     344                      .dwattr $C$DW$T$15, DW_AT_name("unsigned long long")
     345                      .dwattr $C$DW$T$15, DW_AT_byte_size(0x04)
     346              $C$DW$T$16      .dwtag  DW_TAG_base_type
     347                      .dwattr $C$DW$T$16, DW_AT_encoding(DW_ATE_float)
     348                      .dwattr $C$DW$T$16, DW_AT_name("float")
     349                      .dwattr $C$DW$T$16, DW_AT_byte_size(0x02)
     350              $C$DW$T$17      .dwtag  DW_TAG_base_type
     351                      .dwattr $C$DW$T$17, DW_AT_encoding(DW_ATE_float)
     352                      .dwattr $C$DW$T$17, DW_AT_name("double")
     353                      .dwattr $C$DW$T$17, DW_AT_byte_size(0x02)
     354              $C$DW$T$18      .dwtag  DW_TAG_base_type
     355                      .dwattr $C$DW$T$18, DW_AT_encoding(DW_ATE_float)
     356                      .dwattr $C$DW$T$18, DW_AT_name("long double")
     357                      .dwattr $C$DW$T$18, DW_AT_byte_size(0x04)
     358                      .dwattr $C$DW$CU, DW_AT_language(DW_LANG_C)
     359              
     360              ;***************************************************************
     361              ;* DWARF CIE ENTRIES                                           *
     362              ;***************************************************************
     363              
     364              $C$DW$CIE       .dwcie 78
     365                      .dwcfi  cfa_register, 20
     366                      .dwcfi  cfa_offset, 0
     367                      .dwcfi  undefined, 0
     368                      .dwcfi  undefined, 1
     369                      .dwcfi  undefined, 2
     370                      .dwcfi  undefined, 3
     371                      .dwcfi  undefined, 20
     372                      .dwcfi  undefined, 21
     373                      .dwcfi  undefined, 22
     374                      .dwcfi  undefined, 23
     375                      .dwcfi  undefined, 24
     376                      .dwcfi  undefined, 25
     377                      .dwcfi  undefined, 26
     378                      .dwcfi  same_value, 28
     379                      .dwcfi  undefined, 29
     380                      .dwcfi  undefined, 30
     381                      .dwcfi  undefined, 31
     382                      .dwcfi  undefined, 32
     383                      .dwcfi  undefined, 33
     384                      .dwcfi  undefined, 34
     385                      .dwcfi  undefined, 35
TMS320C2000 Assembler PC v6.2.5 Thu Jun 22 13:27:23 2017

Tools Copyright (c) 1996-2014 Texas Instruments Incorporated
C:\Users\wmj\AppData\Local\Temp\1378810                              PAGE    8

     386                      .dwcfi  undefined, 36
     387                      .dwcfi  undefined, 37
     388                      .dwcfi  undefined, 38
     389                      .dwcfi  undefined, 75
     390                      .dwcfi  undefined, 76
     391                      .dwcfi  undefined, 77
     392                      .dwcfi  undefined, 4
     393                      .dwcfi  same_value, 6
     394                      .dwcfi  same_value, 8
     395                      .dwcfi  same_value, 10
     396                      .dwcfi  undefined, 12
     397                      .dwcfi  undefined, 14
     398                      .dwcfi  undefined, 16
     399                      .dwcfi  undefined, 17
     400                      .dwcfi  undefined, 18
     401                      .dwcfi  undefined, 19
     402                      .dwcfi  undefined, 5
     403                      .dwcfi  same_value, 7
     404                      .dwcfi  same_value, 9
     405                      .dwcfi  same_value, 11
     406                      .dwcfi  undefined, 13
     407                      .dwcfi  undefined, 15
     408                      .dwcfi  undefined, 78
     409                      .dwendentry
     410              
     411              ;***************************************************************
     412              ;* DWARF REGISTER MAP                                          *
     413              ;***************************************************************
     414              
     415              $C$DW$30        .dwtag  DW_TAG_TI_assign_register, DW_AT_name("AL")
     416                      .dwattr $C$DW$30, DW_AT_location[DW_OP_reg0]
     417              $C$DW$31        .dwtag  DW_TAG_TI_assign_register, DW_AT_name("AH")
     418                      .dwattr $C$DW$31, DW_AT_location[DW_OP_reg1]
     419              $C$DW$32        .dwtag  DW_TAG_TI_assign_register, DW_AT_name("PL")
     420                      .dwattr $C$DW$32, DW_AT_location[DW_OP_reg2]
     421              $C$DW$33        .dwtag  DW_TAG_TI_assign_register, DW_AT_name("PH")
     422                      .dwattr $C$DW$33, DW_AT_location[DW_OP_reg3]
     423              $C$DW$34        .dwtag  DW_TAG_TI_assign_register, DW_AT_name("SP")
     424                      .dwattr $C$DW$34, DW_AT_location[DW_OP_reg20]
     425              $C$DW$35        .dwtag  DW_TAG_TI_assign_register, DW_AT_name("XT")
     426                      .dwattr $C$DW$35, DW_AT_location[DW_OP_reg21]
     427              $C$DW$36        .dwtag  DW_TAG_TI_assign_register, DW_AT_name("T")
     428                      .dwattr $C$DW$36, DW_AT_location[DW_OP_reg22]
     429              $C$DW$37        .dwtag  DW_TAG_TI_assign_register, DW_AT_name("ST0")
     430                      .dwattr $C$DW$37, DW_AT_location[DW_OP_reg23]
     431              $C$DW$38        .dwtag  DW_TAG_TI_assign_register, DW_AT_name("ST1")
     432                      .dwattr $C$DW$38, DW_AT_location[DW_OP_reg24]
     433              $C$DW$39        .dwtag  DW_TAG_TI_assign_register, DW_AT_name("PC")
     434                      .dwattr $C$DW$39, DW_AT_location[DW_OP_reg25]
     435              $C$DW$40        .dwtag  DW_TAG_TI_assign_register, DW_AT_name("RPC")
     436                      .dwattr $C$DW$40, DW_AT_location[DW_OP_reg26]
     437              $C$DW$41        .dwtag  DW_TAG_TI_assign_register, DW_AT_name("FP")
     438                      .dwattr $C$DW$41, DW_AT_location[DW_OP_reg28]
     439              $C$DW$42        .dwtag  DW_TAG_TI_assign_register, DW_AT_name("DP")
     440                      .dwattr $C$DW$42, DW_AT_location[DW_OP_reg29]
TMS320C2000 Assembler PC v6.2.5 Thu Jun 22 13:27:23 2017

Tools Copyright (c) 1996-2014 Texas Instruments Incorporated
C:\Users\wmj\AppData\Local\Temp\1378810                              PAGE    9

     441              $C$DW$43        .dwtag  DW_TAG_TI_assign_register, DW_AT_name("SXM")
     442                      .dwattr $C$DW$43, DW_AT_location[DW_OP_reg30]
     443              $C$DW$44        .dwtag  DW_TAG_TI_assign_register, DW_AT_name("PM")
     444                      .dwattr $C$DW$44, DW_AT_location[DW_OP_reg31]
     445              $C$DW$45        .dwtag  DW_TAG_TI_assign_register, DW_AT_name("OVM")
     446                      .dwattr $C$DW$45, DW_AT_location[DW_OP_regx 0x20]
     447              $C$DW$46        .dwtag  DW_TAG_TI_assign_register, DW_AT_name("PAGE0")
     448                      .dwattr $C$DW$46, DW_AT_location[DW_OP_regx 0x21]
     449              $C$DW$47        .dwtag  DW_TAG_TI_assign_register, DW_AT_name("AMODE")
     450                      .dwattr $C$DW$47, DW_AT_location[DW_OP_regx 0x22]
     451              $C$DW$48        .dwtag  DW_TAG_TI_assign_register, DW_AT_name("INTM")
     452                      .dwattr $C$DW$48, DW_AT_location[DW_OP_regx 0x23]
     453              $C$DW$49        .dwtag  DW_TAG_TI_assign_register, DW_AT_name("IFR")
     454                      .dwattr $C$DW$49, DW_AT_location[DW_OP_regx 0x24]
     455              $C$DW$50        .dwtag  DW_TAG_TI_assign_register, DW_AT_name("IER")
     456                      .dwattr $C$DW$50, DW_AT_location[DW_OP_regx 0x25]
     457              $C$DW$51        .dwtag  DW_TAG_TI_assign_register, DW_AT_name("V")
     458                      .dwattr $C$DW$51, DW_AT_location[DW_OP_regx 0x26]
     459              $C$DW$52        .dwtag  DW_TAG_TI_assign_register, DW_AT_name("PSEUDOH")
     460                      .dwattr $C$DW$52, DW_AT_location[DW_OP_regx 0x4c]
     461              $C$DW$53        .dwtag  DW_TAG_TI_assign_register, DW_AT_name("VOL")
     462                      .dwattr $C$DW$53, DW_AT_location[DW_OP_regx 0x4d]
     463              $C$DW$54        .dwtag  DW_TAG_TI_assign_register, DW_AT_name("AR0")
     464                      .dwattr $C$DW$54, DW_AT_location[DW_OP_reg4]
     465              $C$DW$55        .dwtag  DW_TAG_TI_assign_register, DW_AT_name("AR1")
     466                      .dwattr $C$DW$55, DW_AT_location[DW_OP_reg6]
     467              $C$DW$56        .dwtag  DW_TAG_TI_assign_register, DW_AT_name("AR2")
     468                      .dwattr $C$DW$56, DW_AT_location[DW_OP_reg8]
     469              $C$DW$57        .dwtag  DW_TAG_TI_assign_register, DW_AT_name("AR3")
     470                      .dwattr $C$DW$57, DW_AT_location[DW_OP_reg10]
     471              $C$DW$58        .dwtag  DW_TAG_TI_assign_register, DW_AT_name("AR4")
     472                      .dwattr $C$DW$58, DW_AT_location[DW_OP_reg12]
     473              $C$DW$59        .dwtag  DW_TAG_TI_assign_register, DW_AT_name("AR5")
     474                      .dwattr $C$DW$59, DW_AT_location[DW_OP_reg14]
     475              $C$DW$60        .dwtag  DW_TAG_TI_assign_register, DW_AT_name("AR6")
     476                      .dwattr $C$DW$60, DW_AT_location[DW_OP_reg16]
     477              $C$DW$61        .dwtag  DW_TAG_TI_assign_register, DW_AT_name("XAR6")
     478                      .dwattr $C$DW$61, DW_AT_location[DW_OP_reg17]
     479              $C$DW$62        .dwtag  DW_TAG_TI_assign_register, DW_AT_name("AR7")
     480                      .dwattr $C$DW$62, DW_AT_location[DW_OP_reg18]
     481              $C$DW$63        .dwtag  DW_TAG_TI_assign_register, DW_AT_name("XAR7")
     482                      .dwattr $C$DW$63, DW_AT_location[DW_OP_reg19]
     483              $C$DW$64        .dwtag  DW_TAG_TI_assign_register, DW_AT_name("XAR0")
     484                      .dwattr $C$DW$64, DW_AT_location[DW_OP_reg5]
     485              $C$DW$65        .dwtag  DW_TAG_TI_assign_register, DW_AT_name("XAR1")
     486                      .dwattr $C$DW$65, DW_AT_location[DW_OP_reg7]
     487              $C$DW$66        .dwtag  DW_TAG_TI_assign_register, DW_AT_name("XAR2")
     488                      .dwattr $C$DW$66, DW_AT_location[DW_OP_reg9]
     489              $C$DW$67        .dwtag  DW_TAG_TI_assign_register, DW_AT_name("XAR3")
     490                      .dwattr $C$DW$67, DW_AT_location[DW_OP_reg11]
     491              $C$DW$68        .dwtag  DW_TAG_TI_assign_register, DW_AT_name("XAR4")
     492                      .dwattr $C$DW$68, DW_AT_location[DW_OP_reg13]
     493              $C$DW$69        .dwtag  DW_TAG_TI_assign_register, DW_AT_name("XAR5")
     494                      .dwattr $C$DW$69, DW_AT_location[DW_OP_reg15]
     495              $C$DW$70        .dwtag  DW_TAG_TI_assign_register, DW_AT_name("CIE_RETA")
TMS320C2000 Assembler PC v6.2.5 Thu Jun 22 13:27:23 2017

Tools Copyright (c) 1996-2014 Texas Instruments Incorporated
C:\Users\wmj\AppData\Local\Temp\1378810                              PAGE   10

     496                      .dwattr $C$DW$70, DW_AT_location[DW_OP_regx 0x4e]
     497                      .dwendtag $C$DW$CU
     498              

No Assembly Errors, No Assembly Warnings
