TMS320C2000 Assembler PC v6.2.5 Wed Jun 21 15:00:39 2017

Tools Copyright (c) 1996-2014 Texas Instruments Incorporated
C:\Users\wmj\AppData\Local\Temp\0401610                              PAGE    1

       1              ;***************************************************************
       2              ;* TMS320C2000 C/C++ Codegen                         PC v6.2.5 *
       3              ;* Date/Time created: Wed Jun 21 15:00:39 2017                 *
       4              ;***************************************************************
       5                      .compiler_opts --float_support=softlib --hll_source=on --mem_model:code=flat --mem_model:data=large -
       6        0002  FP      .set    XAR2
       7              
       8              $C$DW$CU        .dwtag  DW_TAG_compile_unit
       9                      .dwattr $C$DW$CU, DW_AT_name("C:/ti/motorware/motorware_1_01_00_18/sw/modules/fem/src/32b/fem.c")
      10                      .dwattr $C$DW$CU, DW_AT_producer("TMS320C2000 C/C++ Codegen PC v6.2.5 Copyright (c) 1996-2014 Texas I
      11                      .dwattr $C$DW$CU, DW_AT_TI_version(0x01)
      12                      .dwattr $C$DW$CU, DW_AT_comp_dir("C:\ti\motorware\motorware_1_01_00_18\sw\solutions\instaspin_foc\boa
      13              ;       c:\ti\ccsv6\tools\compiler\c2000_6.2.5\bin\opt2000.exe C:\\Users\\wmj\\AppData\\Local\\Temp\\040162 C
      14              ;       c:\ti\ccsv6\tools\compiler\c2000_6.2.5\bin\ac2000.exe -@C:\\Users\\wmj\\AppData\\Local\\Temp\\0401616
      15 00000000               .sect   ".text"
      16                      .clink
      17                      .global _FEM_setParams
      18              
      19              $C$DW$1 .dwtag  DW_TAG_subprogram, DW_AT_name("FEM_setParams")
      20                      .dwattr $C$DW$1, DW_AT_low_pc(_FEM_setParams)
      21                      .dwattr $C$DW$1, DW_AT_high_pc(0x00)
      22                      .dwattr $C$DW$1, DW_AT_TI_symbol_name("_FEM_setParams")
      23                      .dwattr $C$DW$1, DW_AT_external
      24                      .dwattr $C$DW$1, DW_AT_TI_begin_file("C:/ti/motorware/motorware_1_01_00_18/sw/modules/fem/src/32b/fem
      25                      .dwattr $C$DW$1, DW_AT_TI_begin_line(0x23)
      26                      .dwattr $C$DW$1, DW_AT_TI_begin_column(0x06)
      27                      .dwattr $C$DW$1, DW_AT_TI_max_frame_size(-12)
      28                      .dwpsn  file "C:/ti/motorware/motorware_1_01_00_18/sw/modules/fem/src/32b/fem.c",line 40,column 1,is_
      29              
      30                      .dwfde $C$DW$CIE, _FEM_setParams
      31              $C$DW$2 .dwtag  DW_TAG_formal_parameter, DW_AT_name("handle")
      32                      .dwattr $C$DW$2, DW_AT_TI_symbol_name("_handle")
      33                      .dwattr $C$DW$2, DW_AT_type(*$C$DW$T$24)
      34                      .dwattr $C$DW$2, DW_AT_location[DW_OP_reg12]
      35              $C$DW$3 .dwtag  DW_TAG_formal_parameter, DW_AT_name("timerFreq_Hz")
      36                      .dwattr $C$DW$3, DW_AT_TI_symbol_name("_timerFreq_Hz")
      37                      .dwattr $C$DW$3, DW_AT_type(*$C$DW$T$37)
      38                      .dwattr $C$DW$3, DW_AT_location[DW_OP_reg0]
      39              $C$DW$4 .dwtag  DW_TAG_formal_parameter, DW_AT_name("timerPeriod_cnts")
      40                      .dwattr $C$DW$4, DW_AT_TI_symbol_name("_timerPeriod_cnts")
      41                      .dwattr $C$DW$4, DW_AT_type(*$C$DW$T$32)
      42                      .dwattr $C$DW$4, DW_AT_location[DW_OP_breg20 -14]
      43              $C$DW$5 .dwtag  DW_TAG_formal_parameter, DW_AT_name("spFreq_Hz")
      44                      .dwattr $C$DW$5, DW_AT_TI_symbol_name("_spFreq_Hz")
      45                      .dwattr $C$DW$5, DW_AT_type(*$C$DW$T$37)
      46                      .dwattr $C$DW$5, DW_AT_location[DW_OP_breg20 -16]
      47              $C$DW$6 .dwtag  DW_TAG_formal_parameter, DW_AT_name("maxFreqError_Hz")
      48                      .dwattr $C$DW$6, DW_AT_TI_symbol_name("_maxFreqError_Hz")
      49                      .dwattr $C$DW$6, DW_AT_type(*$C$DW$T$37)
      50                      .dwattr $C$DW$6, DW_AT_location[DW_OP_breg20 -18]
      51              
      52              ;***************************************************************
      53              ;* FNAME: _FEM_setParams                FR SIZE:  10           *
      54              ;*                                                             *
      55              ;* FUNCTION ENVIRONMENT                                        *
TMS320C2000 Assembler PC v6.2.5 Wed Jun 21 15:00:39 2017

Tools Copyright (c) 1996-2014 Texas Instruments Incorporated
C:\Users\wmj\AppData\Local\Temp\0401610                              PAGE    2

      56              ;*                                                             *
      57              ;* FUNCTION PROPERTIES                                         *
      58              ;*                            2 Parameter,  4 Auto,  4 SOE     *
      59              ;***************************************************************
      60              
      61              _FEM_setParams:
      62              ;* AR1   assigned to _handle
      63              $C$DW$7 .dwtag  DW_TAG_variable, DW_AT_name("handle")
      64                      .dwattr $C$DW$7, DW_AT_TI_symbol_name("_handle")
      65                      .dwattr $C$DW$7, DW_AT_type(*$C$DW$T$25)
      66                      .dwattr $C$DW$7, DW_AT_location[DW_OP_reg6]
      67              $C$DW$8 .dwtag  DW_TAG_variable, DW_AT_name("timerFreq_Hz")
      68                      .dwattr $C$DW$8, DW_AT_TI_symbol_name("_timerFreq_Hz")
      69                      .dwattr $C$DW$8, DW_AT_type(*$C$DW$T$37)
      70                      .dwattr $C$DW$8, DW_AT_location[DW_OP_breg20 -4]
      71              ;* AL    assigned to _timerPeriod_cnts
      72              $C$DW$9 .dwtag  DW_TAG_variable, DW_AT_name("timerPeriod_cnts")
      73                      .dwattr $C$DW$9, DW_AT_TI_symbol_name("_timerPeriod_cnts")
      74                      .dwattr $C$DW$9, DW_AT_type(*$C$DW$T$32)
      75                      .dwattr $C$DW$9, DW_AT_location[DW_OP_reg0]
      76              $C$DW$10        .dwtag  DW_TAG_variable, DW_AT_name("spFreq_Hz")
      77                      .dwattr $C$DW$10, DW_AT_TI_symbol_name("_spFreq_Hz")
      78                      .dwattr $C$DW$10, DW_AT_type(*$C$DW$T$37)
      79                      .dwattr $C$DW$10, DW_AT_location[DW_OP_breg20 -6]
      80              ;* AR3   assigned to _maxFreqError_Hz
      81              $C$DW$11        .dwtag  DW_TAG_variable, DW_AT_name("maxFreqError_Hz")
      82                      .dwattr $C$DW$11, DW_AT_TI_symbol_name("_maxFreqError_Hz")
      83                      .dwattr $C$DW$11, DW_AT_type(*$C$DW$T$37)
      84                      .dwattr $C$DW$11, DW_AT_location[DW_OP_reg10]
      85                      .dwcfi  cfa_offset, -2
      86                      .dwcfi  save_reg_to_mem, 26, 0
      87                      .dwcfi  save_reg_to_reg, 78, 26
      88 00000000 B2BD          MOVL      *SP++,XAR1            ; [CPU_] 
      89                      .dwcfi  save_reg_to_mem, 7, 2
      90                      .dwcfi  cfa_offset, -4
      91 00000001 A2BD          MOVL      *SP++,XAR3            ; [CPU_] 
      92                      .dwcfi  save_reg_to_mem, 11, 4
      93                      .dwcfi  cfa_offset, -6
      94 00000002 FE06          ADDB      SP,#6                 ; [CPU_U] 
      95                      .dwcfi  cfa_offset, -12
      96 00000003 8BA4          MOVL      XAR1,XAR4             ; [CPU_] |40| 
      97 00000004 1E44          MOVL      *-SP[4],ACC           ; [CPU_] |40| 
      98 00000005 8252          MOVL      XAR3,*-SP[18]         ; [CPU_] |40| 
      99 00000006 0650          MOVL      ACC,*-SP[16]          ; [CPU_] |40| 
     100 00000007 1E46          MOVL      *-SP[6],ACC           ; [CPU_] |40| 
     101 00000008 064E          MOVL      ACC,*-SP[14]          ; [CPU_] |40| 
     102                      .dwpsn  file "C:/ti/motorware/motorware_1_01_00_18/sw/modules/fem/src/32b/fem.h",line 312,column 3,is
     103 00000009 1EC1          MOVL      *+XAR1[0],ACC         ; [CPU_] |312| 
     104                      .dwpsn  file "C:/ti/motorware/motorware_1_01_00_18/sw/modules/fem/src/32b/fem.h",line 195,column 3,is
     105 0000000a 0200          MOVB      ACC,#0                ; [CPU_] |195| 
     106 0000000b 1ED1          MOVL      *+XAR1[2],ACC         ; [CPU_] |195| 
     107                      .dwpsn  file "C:/ti/motorware/motorware_1_01_00_18/sw/modules/fem/src/32b/fem.h",line 208,column 3,is
     108 0000000c 1EE1          MOVL      *+XAR1[4],ACC         ; [CPU_] |208| 
     109                      .dwpsn  file "C:/ti/motorware/motorware_1_01_00_18/sw/modules/fem/src/32b/fem.h",line 221,column 3,is
     110 0000000d 1EF1          MOVL      *+XAR1[6],ACC         ; [CPU_] |221| 
TMS320C2000 Assembler PC v6.2.5 Wed Jun 21 15:00:39 2017

Tools Copyright (c) 1996-2014 Texas Instruments Incorporated
C:\Users\wmj\AppData\Local\Temp\0401610                              PAGE    3

     111                      .dwpsn  file "C:/ti/motorware/motorware_1_01_00_18/sw/modules/fem/src/32b/fem.h",line 260,column 3,is
     112 0000000e A242          MOVL      *-SP[2],XAR3          ; [CPU_] |260| 
     113 0000000f 0646          MOVL      ACC,*-SP[6]           ; [CPU_] |260| 
     114              $C$DW$12        .dwtag  DW_TAG_TI_branch
     115                      .dwattr $C$DW$12, DW_AT_low_pc(0x00)
     116                      .dwattr $C$DW$12, DW_AT_name("FS$$SUB")
     117                      .dwattr $C$DW$12, DW_AT_TI_call
     118 00000010 7640!         LCR       #FS$$SUB              ; [CPU_] |260| 
         00000011 0000 
     119                      ; call occurs [#FS$$SUB] ; [] |260| 
     120 00000012 1E42          MOVL      *-SP[2],ACC           ; [CPU_] |260| 
     121 00000013 0644          MOVL      ACC,*-SP[4]           ; [CPU_] |260| 
     122              $C$DW$13        .dwtag  DW_TAG_TI_branch
     123                      .dwattr $C$DW$13, DW_AT_low_pc(0x00)
     124                      .dwattr $C$DW$13, DW_AT_name("FS$$DIV")
     125                      .dwattr $C$DW$13, DW_AT_TI_call
     126 00000014 7640!         LCR       #FS$$DIV              ; [CPU_] |260| 
         00000015 0000 
     127                      ; call occurs [#FS$$DIV] ; [] |260| 
     128              $C$DW$14        .dwtag  DW_TAG_TI_branch
     129                      .dwattr $C$DW$14, DW_AT_low_pc(0x00)
     130                      .dwattr $C$DW$14, DW_AT_name("FS$$TOUL")
     131                      .dwattr $C$DW$14, DW_AT_TI_call
     132 00000016 7640!         LCR       #FS$$TOUL             ; [CPU_] |260| 
         00000017 0000 
     133                      ; call occurs [#FS$$TOUL] ; [] |260| 
     134 00000018 D008          MOVB      XAR0,#8               ; [CPU_] |260| 
     135 00000019 1E91          MOVL      *+XAR1[AR0],ACC       ; [CPU_] |260| 
     136                      .dwpsn  file "C:/ti/motorware/motorware_1_01_00_18/sw/modules/fem/src/32b/fem.h",line 273,column 3,is
     137 0000001a D00C          MOVB      XAR0,#12              ; [CPU_] |273| 
     138 0000001b 0200          MOVB      ACC,#0                ; [CPU_] |273| 
     139 0000001c 1E91          MOVL      *+XAR1[AR0],ACC       ; [CPU_] |273| 
     140                      .dwpsn  file "C:/ti/motorware/motorware_1_01_00_18/sw/modules/fem/src/32b/fem.h",line 286,column 3,is
     141 0000001d A242          MOVL      *-SP[2],XAR3          ; [CPU_] |286| 
     142 0000001e 0646          MOVL      ACC,*-SP[6]           ; [CPU_] |286| 
     143              $C$DW$15        .dwtag  DW_TAG_TI_branch
     144                      .dwattr $C$DW$15, DW_AT_low_pc(0x00)
     145                      .dwattr $C$DW$15, DW_AT_name("FS$$ADD")
     146                      .dwattr $C$DW$15, DW_AT_TI_call
     147 0000001f 7640!         LCR       #FS$$ADD              ; [CPU_] |286| 
         00000020 0000 
     148                      ; call occurs [#FS$$ADD] ; [] |286| 
     149 00000021 1E42          MOVL      *-SP[2],ACC           ; [CPU_] |286| 
     150 00000022 0644          MOVL      ACC,*-SP[4]           ; [CPU_] |286| 
     151              $C$DW$16        .dwtag  DW_TAG_TI_branch
     152                      .dwattr $C$DW$16, DW_AT_low_pc(0x00)
     153                      .dwattr $C$DW$16, DW_AT_name("FS$$DIV")
     154                      .dwattr $C$DW$16, DW_AT_TI_call
     155 00000023 7640!         LCR       #FS$$DIV              ; [CPU_] |286| 
         00000024 0000 
     156                      ; call occurs [#FS$$DIV] ; [] |286| 
     157              $C$DW$17        .dwtag  DW_TAG_TI_branch
     158                      .dwattr $C$DW$17, DW_AT_low_pc(0x00)
     159                      .dwattr $C$DW$17, DW_AT_name("FS$$TOUL")
     160                      .dwattr $C$DW$17, DW_AT_TI_call
TMS320C2000 Assembler PC v6.2.5 Wed Jun 21 15:00:39 2017

Tools Copyright (c) 1996-2014 Texas Instruments Incorporated
C:\Users\wmj\AppData\Local\Temp\0401610                              PAGE    4

     161 00000025 7640!         LCR       #FS$$TOUL             ; [CPU_] |286| 
         00000026 0000 
     162                      ; call occurs [#FS$$TOUL] ; [] |286| 
     163 00000027 D00A          MOVB      XAR0,#10              ; [CPU_] |286| 
     164 00000028 1E91          MOVL      *+XAR1[AR0],ACC       ; [CPU_] |286| 
     165                      .dwpsn  file "C:/ti/motorware/motorware_1_01_00_18/sw/modules/fem/src/32b/fem.h",line 234,column 3,is
     166 00000029 D00E          MOVB      XAR0,#14              ; [CPU_] |234| 
     167 0000002a 0200          MOVB      ACC,#0                ; [CPU_] |234| 
     168 0000002b 1E91          MOVL      *+XAR1[AR0],ACC       ; [CPU_] |234| 
     169                      .dwpsn  file "C:/ti/motorware/motorware_1_01_00_18/sw/modules/fem/src/32b/fem.h",line 247,column 3,is
     170 0000002c D010          MOVB      XAR0,#16              ; [CPU_] |247| 
     171 0000002d 2B91          MOV       *+XAR1[AR0],#0        ; [CPU_] |247| 
     172 0000002e FE86          SUBB      SP,#6                 ; [CPU_U] 
     173                      .dwcfi  cfa_offset, -6
     174 0000002f 82BE          MOVL      XAR3,*--SP            ; [CPU_] 
     175                      .dwcfi  cfa_offset, -4
     176                      .dwcfi  restore_reg, 11
     177 00000030 8BBE          MOVL      XAR1,*--SP            ; [CPU_] 
     178                      .dwcfi  cfa_offset, -2
     179                      .dwcfi  restore_reg, 7
     180              $C$DW$18        .dwtag  DW_TAG_TI_branch
     181                      .dwattr $C$DW$18, DW_AT_low_pc(0x00)
     182                      .dwattr $C$DW$18, DW_AT_TI_return
     183 00000031 0006          LRETR     ; [CPU_] 
     184                      ; return occurs ; [] 
     185                      .dwattr $C$DW$1, DW_AT_TI_end_file("C:/ti/motorware/motorware_1_01_00_18/sw/modules/fem/src/32b/fem.c
     186                      .dwattr $C$DW$1, DW_AT_TI_end_line(0x3a)
     187                      .dwattr $C$DW$1, DW_AT_TI_end_column(0x01)
     188                      .dwendentry
     189                      .dwendtag $C$DW$1
     190              
     191 00000032               .sect   ".text"
     192                      .clink
     193                      .global _FEM_init
     194              
     195              $C$DW$19        .dwtag  DW_TAG_subprogram, DW_AT_name("FEM_init")
     196                      .dwattr $C$DW$19, DW_AT_low_pc(_FEM_init)
     197                      .dwattr $C$DW$19, DW_AT_high_pc(0x00)
     198                      .dwattr $C$DW$19, DW_AT_TI_symbol_name("_FEM_init")
     199                      .dwattr $C$DW$19, DW_AT_external
     200                      .dwattr $C$DW$19, DW_AT_type(*$C$DW$T$24)
     201                      .dwattr $C$DW$19, DW_AT_TI_begin_file("C:/ti/motorware/motorware_1_01_00_18/sw/modules/fem/src/32b/fe
     202                      .dwattr $C$DW$19, DW_AT_TI_begin_line(0x15)
     203                      .dwattr $C$DW$19, DW_AT_TI_begin_column(0x0c)
     204                      .dwattr $C$DW$19, DW_AT_TI_max_frame_size(-2)
     205                      .dwpsn  file "C:/ti/motorware/motorware_1_01_00_18/sw/modules/fem/src/32b/fem.c",line 22,column 1,is_
     206              
     207                      .dwfde $C$DW$CIE, _FEM_init
     208              $C$DW$20        .dwtag  DW_TAG_formal_parameter, DW_AT_name("pMemory")
     209                      .dwattr $C$DW$20, DW_AT_TI_symbol_name("_pMemory")
     210                      .dwattr $C$DW$20, DW_AT_type(*$C$DW$T$3)
     211                      .dwattr $C$DW$20, DW_AT_location[DW_OP_reg12]
     212              $C$DW$21        .dwtag  DW_TAG_formal_parameter, DW_AT_name("numBytes")
     213                      .dwattr $C$DW$21, DW_AT_TI_symbol_name("_numBytes")
     214                      .dwattr $C$DW$21, DW_AT_type(*$C$DW$T$27)
TMS320C2000 Assembler PC v6.2.5 Wed Jun 21 15:00:39 2017

Tools Copyright (c) 1996-2014 Texas Instruments Incorporated
C:\Users\wmj\AppData\Local\Temp\0401610                              PAGE    5

     215                      .dwattr $C$DW$21, DW_AT_location[DW_OP_reg0]
     216              
     217              ;***************************************************************
     218              ;* FNAME: _FEM_init                     FR SIZE:   0           *
     219              ;*                                                             *
     220              ;* FUNCTION ENVIRONMENT                                        *
     221              ;*                                                             *
     222              ;* FUNCTION PROPERTIES                                         *
     223              ;*                            0 Parameter,  0 Auto,  0 SOE     *
     224              ;***************************************************************
     225              
     226              _FEM_init:
     227              ;* AR6   assigned to _numBytes
     228              $C$DW$22        .dwtag  DW_TAG_variable, DW_AT_name("numBytes")
     229                      .dwattr $C$DW$22, DW_AT_TI_symbol_name("_numBytes")
     230                      .dwattr $C$DW$22, DW_AT_type(*$C$DW$T$27)
     231                      .dwattr $C$DW$22, DW_AT_location[DW_OP_reg16]
     232              ;* AR4   assigned to _pMemory
     233              $C$DW$23        .dwtag  DW_TAG_variable, DW_AT_name("pMemory")
     234                      .dwattr $C$DW$23, DW_AT_TI_symbol_name("_pMemory")
     235                      .dwattr $C$DW$23, DW_AT_type(*$C$DW$T$31)
     236                      .dwattr $C$DW$23, DW_AT_location[DW_OP_reg12]
     237                      .dwcfi  cfa_offset, -2
     238                      .dwcfi  save_reg_to_mem, 26, 0
     239                      .dwcfi  save_reg_to_reg, 78, 26
     240 00000032 1EA6          MOVL      XAR6,ACC              ; [CPU_] |22| 
     241                      .dwpsn  file "C:/ti/motorware/motorware_1_01_00_18/sw/modules/fem/src/32b/fem.c",line 26,column 5,is_
     242 00000033 0212          MOVB      ACC,#18               ; [CPU_] |26| 
     243 00000034 0FA6          CMPL      ACC,XAR6              ; [CPU_] |26| 
     244 00000035 6902          B         $C$L1,LOS             ; [CPU_] |26| 
     245                      ; branchcc occurs ; [] |26| 
     246 00000036 D400          MOVB      XAR4,#0               ; [CPU_] |26| 
     247              $C$L1:    
     248              $C$DW$24        .dwtag  DW_TAG_TI_branch
     249                      .dwattr $C$DW$24, DW_AT_low_pc(0x00)
     250                      .dwattr $C$DW$24, DW_AT_TI_return
     251 00000037 0006          LRETR     ; [CPU_] 
     252                      ; return occurs ; [] 
     253                      .dwattr $C$DW$19, DW_AT_TI_end_file("C:/ti/motorware/motorware_1_01_00_18/sw/modules/fem/src/32b/fem.
     254                      .dwattr $C$DW$19, DW_AT_TI_end_line(0x20)
     255                      .dwattr $C$DW$19, DW_AT_TI_end_column(0x01)
     256                      .dwendentry
     257                      .dwendtag $C$DW$19
     258              
     259              ;**************************************************************
     260              ;* UNDEFINED EXTERNAL REFERENCES                              *
     261              ;**************************************************************
     262                      .global FS$$SUB
     263                      .global FS$$DIV
     264                      .global FS$$TOUL
     265                      .global FS$$ADD
     266              
     267              ;***************************************************************
     268              ;* TYPE INFORMATION                                            *
     269              ;***************************************************************
TMS320C2000 Assembler PC v6.2.5 Wed Jun 21 15:00:39 2017

Tools Copyright (c) 1996-2014 Texas Instruments Incorporated
C:\Users\wmj\AppData\Local\Temp\0401610                              PAGE    6

     270              
     271              $C$DW$T$21      .dwtag  DW_TAG_structure_type
     272                      .dwattr $C$DW$T$21, DW_AT_name("_FEM_Obj_")
     273                      .dwattr $C$DW$T$21, DW_AT_byte_size(0x12)
     274              $C$DW$25        .dwtag  DW_TAG_member
     275                      .dwattr $C$DW$25, DW_AT_type(*$C$DW$T$19)
     276                      .dwattr $C$DW$25, DW_AT_name("timerPeriod_cnts")
     277                      .dwattr $C$DW$25, DW_AT_TI_symbol_name("_timerPeriod_cnts")
     278                      .dwattr $C$DW$25, DW_AT_data_member_location[DW_OP_plus_uconst 0x0]
     279                      .dwattr $C$DW$25, DW_AT_accessibility(DW_ACCESS_public)
     280              $C$DW$26        .dwtag  DW_TAG_member
     281                      .dwattr $C$DW$26, DW_AT_type(*$C$DW$T$19)
     282                      .dwattr $C$DW$26, DW_AT_name("cnt_z0")
     283                      .dwattr $C$DW$26, DW_AT_TI_symbol_name("_cnt_z0")
     284                      .dwattr $C$DW$26, DW_AT_data_member_location[DW_OP_plus_uconst 0x2]
     285                      .dwattr $C$DW$26, DW_AT_accessibility(DW_ACCESS_public)
     286              $C$DW$27        .dwtag  DW_TAG_member
     287                      .dwattr $C$DW$27, DW_AT_type(*$C$DW$T$19)
     288                      .dwattr $C$DW$27, DW_AT_name("cnt_z1")
     289                      .dwattr $C$DW$27, DW_AT_TI_symbol_name("_cnt_z1")
     290                      .dwattr $C$DW$27, DW_AT_data_member_location[DW_OP_plus_uconst 0x4]
     291                      .dwattr $C$DW$27, DW_AT_accessibility(DW_ACCESS_public)
     292              $C$DW$28        .dwtag  DW_TAG_member
     293                      .dwattr $C$DW$28, DW_AT_type(*$C$DW$T$19)
     294                      .dwattr $C$DW$28, DW_AT_name("deltaCnt")
     295                      .dwattr $C$DW$28, DW_AT_TI_symbol_name("_deltaCnt")
     296                      .dwattr $C$DW$28, DW_AT_data_member_location[DW_OP_plus_uconst 0x6]
     297                      .dwattr $C$DW$28, DW_AT_accessibility(DW_ACCESS_public)
     298              $C$DW$29        .dwtag  DW_TAG_member
     299                      .dwattr $C$DW$29, DW_AT_type(*$C$DW$T$19)
     300                      .dwattr $C$DW$29, DW_AT_name("maxDeltaCnt")
     301                      .dwattr $C$DW$29, DW_AT_TI_symbol_name("_maxDeltaCnt")
     302                      .dwattr $C$DW$29, DW_AT_data_member_location[DW_OP_plus_uconst 0x8]
     303                      .dwattr $C$DW$29, DW_AT_accessibility(DW_ACCESS_public)
     304              $C$DW$30        .dwtag  DW_TAG_member
     305                      .dwattr $C$DW$30, DW_AT_type(*$C$DW$T$19)
     306                      .dwattr $C$DW$30, DW_AT_name("minDeltaCnt")
     307                      .dwattr $C$DW$30, DW_AT_TI_symbol_name("_minDeltaCnt")
     308                      .dwattr $C$DW$30, DW_AT_data_member_location[DW_OP_plus_uconst 0xa]
     309                      .dwattr $C$DW$30, DW_AT_accessibility(DW_ACCESS_public)
     310              $C$DW$31        .dwtag  DW_TAG_member
     311                      .dwattr $C$DW$31, DW_AT_type(*$C$DW$T$19)
     312                      .dwattr $C$DW$31, DW_AT_name("maxDeltaCntObserved")
     313                      .dwattr $C$DW$31, DW_AT_TI_symbol_name("_maxDeltaCntObserved")
     314                      .dwattr $C$DW$31, DW_AT_data_member_location[DW_OP_plus_uconst 0xc]
     315                      .dwattr $C$DW$31, DW_AT_accessibility(DW_ACCESS_public)
     316              $C$DW$32        .dwtag  DW_TAG_member
     317                      .dwattr $C$DW$32, DW_AT_type(*$C$DW$T$19)
     318                      .dwattr $C$DW$32, DW_AT_name("errorCnt")
     319                      .dwattr $C$DW$32, DW_AT_TI_symbol_name("_errorCnt")
     320                      .dwattr $C$DW$32, DW_AT_data_member_location[DW_OP_plus_uconst 0xe]
     321                      .dwattr $C$DW$32, DW_AT_accessibility(DW_ACCESS_public)
     322              $C$DW$33        .dwtag  DW_TAG_member
     323                      .dwattr $C$DW$33, DW_AT_type(*$C$DW$T$20)
     324                      .dwattr $C$DW$33, DW_AT_name("flag_freqError")
TMS320C2000 Assembler PC v6.2.5 Wed Jun 21 15:00:39 2017

Tools Copyright (c) 1996-2014 Texas Instruments Incorporated
C:\Users\wmj\AppData\Local\Temp\0401610                              PAGE    7

     325                      .dwattr $C$DW$33, DW_AT_TI_symbol_name("_flag_freqError")
     326                      .dwattr $C$DW$33, DW_AT_data_member_location[DW_OP_plus_uconst 0x10]
     327                      .dwattr $C$DW$33, DW_AT_accessibility(DW_ACCESS_public)
     328                      .dwendtag $C$DW$T$21
     329              
     330              $C$DW$T$22      .dwtag  DW_TAG_typedef, DW_AT_name("FEM_Obj")
     331                      .dwattr $C$DW$T$22, DW_AT_type(*$C$DW$T$21)
     332                      .dwattr $C$DW$T$22, DW_AT_language(DW_LANG_C)
     333              $C$DW$T$23      .dwtag  DW_TAG_pointer_type
     334                      .dwattr $C$DW$T$23, DW_AT_type(*$C$DW$T$21)
     335                      .dwattr $C$DW$T$23, DW_AT_address_class(0x16)
     336              $C$DW$T$24      .dwtag  DW_TAG_typedef, DW_AT_name("FEM_Handle")
     337                      .dwattr $C$DW$T$24, DW_AT_type(*$C$DW$T$23)
     338                      .dwattr $C$DW$T$24, DW_AT_language(DW_LANG_C)
     339              $C$DW$34        .dwtag  DW_TAG_TI_far_type
     340                      .dwattr $C$DW$34, DW_AT_type(*$C$DW$T$24)
     341              $C$DW$T$25      .dwtag  DW_TAG_const_type
     342                      .dwattr $C$DW$T$25, DW_AT_type(*$C$DW$34)
     343              $C$DW$T$3       .dwtag  DW_TAG_pointer_type
     344                      .dwattr $C$DW$T$3, DW_AT_address_class(0x16)
     345              $C$DW$35        .dwtag  DW_TAG_TI_far_type
     346                      .dwattr $C$DW$35, DW_AT_type(*$C$DW$T$3)
     347              $C$DW$T$31      .dwtag  DW_TAG_const_type
     348                      .dwattr $C$DW$T$31, DW_AT_type(*$C$DW$35)
     349              $C$DW$T$4       .dwtag  DW_TAG_base_type
     350                      .dwattr $C$DW$T$4, DW_AT_encoding(DW_ATE_boolean)
     351                      .dwattr $C$DW$T$4, DW_AT_name("bool")
     352                      .dwattr $C$DW$T$4, DW_AT_byte_size(0x01)
     353              $C$DW$T$5       .dwtag  DW_TAG_base_type
     354                      .dwattr $C$DW$T$5, DW_AT_encoding(DW_ATE_signed_char)
     355                      .dwattr $C$DW$T$5, DW_AT_name("signed char")
     356                      .dwattr $C$DW$T$5, DW_AT_byte_size(0x01)
     357              $C$DW$T$6       .dwtag  DW_TAG_base_type
     358                      .dwattr $C$DW$T$6, DW_AT_encoding(DW_ATE_unsigned_char)
     359                      .dwattr $C$DW$T$6, DW_AT_name("unsigned char")
     360                      .dwattr $C$DW$T$6, DW_AT_byte_size(0x01)
     361              $C$DW$T$20      .dwtag  DW_TAG_typedef, DW_AT_name("_Bool")
     362                      .dwattr $C$DW$T$20, DW_AT_type(*$C$DW$T$6)
     363                      .dwattr $C$DW$T$20, DW_AT_language(DW_LANG_C)
     364              $C$DW$T$7       .dwtag  DW_TAG_base_type
     365                      .dwattr $C$DW$T$7, DW_AT_encoding(DW_ATE_signed_char)
     366                      .dwattr $C$DW$T$7, DW_AT_name("wchar_t")
     367                      .dwattr $C$DW$T$7, DW_AT_byte_size(0x01)
     368              $C$DW$T$8       .dwtag  DW_TAG_base_type
     369                      .dwattr $C$DW$T$8, DW_AT_encoding(DW_ATE_signed)
     370                      .dwattr $C$DW$T$8, DW_AT_name("short")
     371                      .dwattr $C$DW$T$8, DW_AT_byte_size(0x01)
     372              $C$DW$T$9       .dwtag  DW_TAG_base_type
     373                      .dwattr $C$DW$T$9, DW_AT_encoding(DW_ATE_unsigned)
     374                      .dwattr $C$DW$T$9, DW_AT_name("unsigned short")
     375                      .dwattr $C$DW$T$9, DW_AT_byte_size(0x01)
     376              $C$DW$T$10      .dwtag  DW_TAG_base_type
     377                      .dwattr $C$DW$T$10, DW_AT_encoding(DW_ATE_signed)
     378                      .dwattr $C$DW$T$10, DW_AT_name("int")
     379                      .dwattr $C$DW$T$10, DW_AT_byte_size(0x01)
TMS320C2000 Assembler PC v6.2.5 Wed Jun 21 15:00:39 2017

Tools Copyright (c) 1996-2014 Texas Instruments Incorporated
C:\Users\wmj\AppData\Local\Temp\0401610                              PAGE    8

     380              $C$DW$T$11      .dwtag  DW_TAG_base_type
     381                      .dwattr $C$DW$T$11, DW_AT_encoding(DW_ATE_unsigned)
     382                      .dwattr $C$DW$T$11, DW_AT_name("unsigned int")
     383                      .dwattr $C$DW$T$11, DW_AT_byte_size(0x01)
     384              $C$DW$T$12      .dwtag  DW_TAG_base_type
     385                      .dwattr $C$DW$T$12, DW_AT_encoding(DW_ATE_signed)
     386                      .dwattr $C$DW$T$12, DW_AT_name("long")
     387                      .dwattr $C$DW$T$12, DW_AT_byte_size(0x02)
     388              $C$DW$T$13      .dwtag  DW_TAG_base_type
     389                      .dwattr $C$DW$T$13, DW_AT_encoding(DW_ATE_unsigned)
     390                      .dwattr $C$DW$T$13, DW_AT_name("unsigned long")
     391                      .dwattr $C$DW$T$13, DW_AT_byte_size(0x02)
     392              $C$DW$T$26      .dwtag  DW_TAG_typedef, DW_AT_name("size_t")
     393                      .dwattr $C$DW$T$26, DW_AT_type(*$C$DW$T$13)
     394                      .dwattr $C$DW$T$26, DW_AT_language(DW_LANG_C)
     395              $C$DW$36        .dwtag  DW_TAG_TI_far_type
     396                      .dwattr $C$DW$36, DW_AT_type(*$C$DW$T$26)
     397              $C$DW$T$27      .dwtag  DW_TAG_const_type
     398                      .dwattr $C$DW$T$27, DW_AT_type(*$C$DW$36)
     399              $C$DW$T$19      .dwtag  DW_TAG_typedef, DW_AT_name("uint32_t")
     400                      .dwattr $C$DW$T$19, DW_AT_type(*$C$DW$T$13)
     401                      .dwattr $C$DW$T$19, DW_AT_language(DW_LANG_C)
     402              $C$DW$37        .dwtag  DW_TAG_TI_far_type
     403                      .dwattr $C$DW$37, DW_AT_type(*$C$DW$T$19)
     404              $C$DW$T$32      .dwtag  DW_TAG_const_type
     405                      .dwattr $C$DW$T$32, DW_AT_type(*$C$DW$37)
     406              $C$DW$T$14      .dwtag  DW_TAG_base_type
     407                      .dwattr $C$DW$T$14, DW_AT_encoding(DW_ATE_signed)
     408                      .dwattr $C$DW$T$14, DW_AT_name("long long")
     409                      .dwattr $C$DW$T$14, DW_AT_byte_size(0x04)
     410              $C$DW$T$15      .dwtag  DW_TAG_base_type
     411                      .dwattr $C$DW$T$15, DW_AT_encoding(DW_ATE_unsigned)
     412                      .dwattr $C$DW$T$15, DW_AT_name("unsigned long long")
     413                      .dwattr $C$DW$T$15, DW_AT_byte_size(0x04)
     414              $C$DW$T$16      .dwtag  DW_TAG_base_type
     415                      .dwattr $C$DW$T$16, DW_AT_encoding(DW_ATE_float)
     416                      .dwattr $C$DW$T$16, DW_AT_name("float")
     417                      .dwattr $C$DW$T$16, DW_AT_byte_size(0x02)
     418              $C$DW$T$36      .dwtag  DW_TAG_typedef, DW_AT_name("float_t")
     419                      .dwattr $C$DW$T$36, DW_AT_type(*$C$DW$T$16)
     420                      .dwattr $C$DW$T$36, DW_AT_language(DW_LANG_C)
     421              $C$DW$38        .dwtag  DW_TAG_TI_far_type
     422                      .dwattr $C$DW$38, DW_AT_type(*$C$DW$T$36)
     423              $C$DW$T$37      .dwtag  DW_TAG_const_type
     424                      .dwattr $C$DW$T$37, DW_AT_type(*$C$DW$38)
     425              $C$DW$T$17      .dwtag  DW_TAG_base_type
     426                      .dwattr $C$DW$T$17, DW_AT_encoding(DW_ATE_float)
     427                      .dwattr $C$DW$T$17, DW_AT_name("double")
     428                      .dwattr $C$DW$T$17, DW_AT_byte_size(0x02)
     429              $C$DW$T$18      .dwtag  DW_TAG_base_type
     430                      .dwattr $C$DW$T$18, DW_AT_encoding(DW_ATE_float)
     431                      .dwattr $C$DW$T$18, DW_AT_name("long double")
     432                      .dwattr $C$DW$T$18, DW_AT_byte_size(0x04)
     433                      .dwattr $C$DW$CU, DW_AT_language(DW_LANG_C)
     434              
TMS320C2000 Assembler PC v6.2.5 Wed Jun 21 15:00:39 2017

Tools Copyright (c) 1996-2014 Texas Instruments Incorporated
C:\Users\wmj\AppData\Local\Temp\0401610                              PAGE    9

     435              ;***************************************************************
     436              ;* DWARF CIE ENTRIES                                           *
     437              ;***************************************************************
     438              
     439              $C$DW$CIE       .dwcie 78
     440                      .dwcfi  cfa_register, 20
     441                      .dwcfi  cfa_offset, 0
     442                      .dwcfi  undefined, 0
     443                      .dwcfi  undefined, 1
     444                      .dwcfi  undefined, 2
     445                      .dwcfi  undefined, 3
     446                      .dwcfi  undefined, 20
     447                      .dwcfi  undefined, 21
     448                      .dwcfi  undefined, 22
     449                      .dwcfi  undefined, 23
     450                      .dwcfi  undefined, 24
     451                      .dwcfi  undefined, 25
     452                      .dwcfi  undefined, 26
     453                      .dwcfi  same_value, 28
     454                      .dwcfi  undefined, 29
     455                      .dwcfi  undefined, 30
     456                      .dwcfi  undefined, 31
     457                      .dwcfi  undefined, 32
     458                      .dwcfi  undefined, 33
     459                      .dwcfi  undefined, 34
     460                      .dwcfi  undefined, 35
     461                      .dwcfi  undefined, 36
     462                      .dwcfi  undefined, 37
     463                      .dwcfi  undefined, 38
     464                      .dwcfi  undefined, 75
     465                      .dwcfi  undefined, 76
     466                      .dwcfi  undefined, 77
     467                      .dwcfi  undefined, 4
     468                      .dwcfi  same_value, 6
     469                      .dwcfi  same_value, 8
     470                      .dwcfi  same_value, 10
     471                      .dwcfi  undefined, 12
     472                      .dwcfi  undefined, 14
     473                      .dwcfi  undefined, 16
     474                      .dwcfi  undefined, 17
     475                      .dwcfi  undefined, 18
     476                      .dwcfi  undefined, 19
     477                      .dwcfi  undefined, 5
     478                      .dwcfi  same_value, 7
     479                      .dwcfi  same_value, 9
     480                      .dwcfi  same_value, 11
     481                      .dwcfi  undefined, 13
     482                      .dwcfi  undefined, 15
     483                      .dwcfi  undefined, 78
     484                      .dwendentry
     485              
     486              ;***************************************************************
     487              ;* DWARF REGISTER MAP                                          *
     488              ;***************************************************************
     489              
TMS320C2000 Assembler PC v6.2.5 Wed Jun 21 15:00:39 2017

Tools Copyright (c) 1996-2014 Texas Instruments Incorporated
C:\Users\wmj\AppData\Local\Temp\0401610                              PAGE   10

     490              $C$DW$39        .dwtag  DW_TAG_TI_assign_register, DW_AT_name("AL")
     491                      .dwattr $C$DW$39, DW_AT_location[DW_OP_reg0]
     492              $C$DW$40        .dwtag  DW_TAG_TI_assign_register, DW_AT_name("AH")
     493                      .dwattr $C$DW$40, DW_AT_location[DW_OP_reg1]
     494              $C$DW$41        .dwtag  DW_TAG_TI_assign_register, DW_AT_name("PL")
     495                      .dwattr $C$DW$41, DW_AT_location[DW_OP_reg2]
     496              $C$DW$42        .dwtag  DW_TAG_TI_assign_register, DW_AT_name("PH")
     497                      .dwattr $C$DW$42, DW_AT_location[DW_OP_reg3]
     498              $C$DW$43        .dwtag  DW_TAG_TI_assign_register, DW_AT_name("SP")
     499                      .dwattr $C$DW$43, DW_AT_location[DW_OP_reg20]
     500              $C$DW$44        .dwtag  DW_TAG_TI_assign_register, DW_AT_name("XT")
     501                      .dwattr $C$DW$44, DW_AT_location[DW_OP_reg21]
     502              $C$DW$45        .dwtag  DW_TAG_TI_assign_register, DW_AT_name("T")
     503                      .dwattr $C$DW$45, DW_AT_location[DW_OP_reg22]
     504              $C$DW$46        .dwtag  DW_TAG_TI_assign_register, DW_AT_name("ST0")
     505                      .dwattr $C$DW$46, DW_AT_location[DW_OP_reg23]
     506              $C$DW$47        .dwtag  DW_TAG_TI_assign_register, DW_AT_name("ST1")
     507                      .dwattr $C$DW$47, DW_AT_location[DW_OP_reg24]
     508              $C$DW$48        .dwtag  DW_TAG_TI_assign_register, DW_AT_name("PC")
     509                      .dwattr $C$DW$48, DW_AT_location[DW_OP_reg25]
     510              $C$DW$49        .dwtag  DW_TAG_TI_assign_register, DW_AT_name("RPC")
     511                      .dwattr $C$DW$49, DW_AT_location[DW_OP_reg26]
     512              $C$DW$50        .dwtag  DW_TAG_TI_assign_register, DW_AT_name("FP")
     513                      .dwattr $C$DW$50, DW_AT_location[DW_OP_reg28]
     514              $C$DW$51        .dwtag  DW_TAG_TI_assign_register, DW_AT_name("DP")
     515                      .dwattr $C$DW$51, DW_AT_location[DW_OP_reg29]
     516              $C$DW$52        .dwtag  DW_TAG_TI_assign_register, DW_AT_name("SXM")
     517                      .dwattr $C$DW$52, DW_AT_location[DW_OP_reg30]
     518              $C$DW$53        .dwtag  DW_TAG_TI_assign_register, DW_AT_name("PM")
     519                      .dwattr $C$DW$53, DW_AT_location[DW_OP_reg31]
     520              $C$DW$54        .dwtag  DW_TAG_TI_assign_register, DW_AT_name("OVM")
     521                      .dwattr $C$DW$54, DW_AT_location[DW_OP_regx 0x20]
     522              $C$DW$55        .dwtag  DW_TAG_TI_assign_register, DW_AT_name("PAGE0")
     523                      .dwattr $C$DW$55, DW_AT_location[DW_OP_regx 0x21]
     524              $C$DW$56        .dwtag  DW_TAG_TI_assign_register, DW_AT_name("AMODE")
     525                      .dwattr $C$DW$56, DW_AT_location[DW_OP_regx 0x22]
     526              $C$DW$57        .dwtag  DW_TAG_TI_assign_register, DW_AT_name("INTM")
     527                      .dwattr $C$DW$57, DW_AT_location[DW_OP_regx 0x23]
     528              $C$DW$58        .dwtag  DW_TAG_TI_assign_register, DW_AT_name("IFR")
     529                      .dwattr $C$DW$58, DW_AT_location[DW_OP_regx 0x24]
     530              $C$DW$59        .dwtag  DW_TAG_TI_assign_register, DW_AT_name("IER")
     531                      .dwattr $C$DW$59, DW_AT_location[DW_OP_regx 0x25]
     532              $C$DW$60        .dwtag  DW_TAG_TI_assign_register, DW_AT_name("V")
     533                      .dwattr $C$DW$60, DW_AT_location[DW_OP_regx 0x26]
     534              $C$DW$61        .dwtag  DW_TAG_TI_assign_register, DW_AT_name("PSEUDOH")
     535                      .dwattr $C$DW$61, DW_AT_location[DW_OP_regx 0x4c]
     536              $C$DW$62        .dwtag  DW_TAG_TI_assign_register, DW_AT_name("VOL")
     537                      .dwattr $C$DW$62, DW_AT_location[DW_OP_regx 0x4d]
     538              $C$DW$63        .dwtag  DW_TAG_TI_assign_register, DW_AT_name("AR0")
     539                      .dwattr $C$DW$63, DW_AT_location[DW_OP_reg4]
     540              $C$DW$64        .dwtag  DW_TAG_TI_assign_register, DW_AT_name("AR1")
     541                      .dwattr $C$DW$64, DW_AT_location[DW_OP_reg6]
     542              $C$DW$65        .dwtag  DW_TAG_TI_assign_register, DW_AT_name("AR2")
     543                      .dwattr $C$DW$65, DW_AT_location[DW_OP_reg8]
     544              $C$DW$66        .dwtag  DW_TAG_TI_assign_register, DW_AT_name("AR3")
TMS320C2000 Assembler PC v6.2.5 Wed Jun 21 15:00:39 2017

Tools Copyright (c) 1996-2014 Texas Instruments Incorporated
C:\Users\wmj\AppData\Local\Temp\0401610                              PAGE   11

     545                      .dwattr $C$DW$66, DW_AT_location[DW_OP_reg10]
     546              $C$DW$67        .dwtag  DW_TAG_TI_assign_register, DW_AT_name("AR4")
     547                      .dwattr $C$DW$67, DW_AT_location[DW_OP_reg12]
     548              $C$DW$68        .dwtag  DW_TAG_TI_assign_register, DW_AT_name("AR5")
     549                      .dwattr $C$DW$68, DW_AT_location[DW_OP_reg14]
     550              $C$DW$69        .dwtag  DW_TAG_TI_assign_register, DW_AT_name("AR6")
     551                      .dwattr $C$DW$69, DW_AT_location[DW_OP_reg16]
     552              $C$DW$70        .dwtag  DW_TAG_TI_assign_register, DW_AT_name("XAR6")
     553                      .dwattr $C$DW$70, DW_AT_location[DW_OP_reg17]
     554              $C$DW$71        .dwtag  DW_TAG_TI_assign_register, DW_AT_name("AR7")
     555                      .dwattr $C$DW$71, DW_AT_location[DW_OP_reg18]
     556              $C$DW$72        .dwtag  DW_TAG_TI_assign_register, DW_AT_name("XAR7")
     557                      .dwattr $C$DW$72, DW_AT_location[DW_OP_reg19]
     558              $C$DW$73        .dwtag  DW_TAG_TI_assign_register, DW_AT_name("XAR0")
     559                      .dwattr $C$DW$73, DW_AT_location[DW_OP_reg5]
     560              $C$DW$74        .dwtag  DW_TAG_TI_assign_register, DW_AT_name("XAR1")
     561                      .dwattr $C$DW$74, DW_AT_location[DW_OP_reg7]
     562              $C$DW$75        .dwtag  DW_TAG_TI_assign_register, DW_AT_name("XAR2")
     563                      .dwattr $C$DW$75, DW_AT_location[DW_OP_reg9]
     564              $C$DW$76        .dwtag  DW_TAG_TI_assign_register, DW_AT_name("XAR3")
     565                      .dwattr $C$DW$76, DW_AT_location[DW_OP_reg11]
     566              $C$DW$77        .dwtag  DW_TAG_TI_assign_register, DW_AT_name("XAR4")
     567                      .dwattr $C$DW$77, DW_AT_location[DW_OP_reg13]
     568              $C$DW$78        .dwtag  DW_TAG_TI_assign_register, DW_AT_name("XAR5")
     569                      .dwattr $C$DW$78, DW_AT_location[DW_OP_reg15]
     570              $C$DW$79        .dwtag  DW_TAG_TI_assign_register, DW_AT_name("CIE_RETA")
     571                      .dwattr $C$DW$79, DW_AT_location[DW_OP_regx 0x4e]
     572                      .dwendtag $C$DW$CU
     573              

No Assembly Errors, No Assembly Warnings
