TMS320C2000 Assembler PC v6.2.5 Thu Jun 22 19:54:48 2017

Tools Copyright (c) 1996-2014 Texas Instruments Incorporated
C:\Users\wmj\AppData\Local\Temp\1294410                              PAGE    1

       1              ;***************************************************************
       2              ;* TMS320C2000 C/C++ Codegen                         PC v6.2.5 *
       3              ;* Date/Time created: Thu Jun 22 19:54:48 2017                 *
       4              ;***************************************************************
       5                      .compiler_opts --float_support=softlib --hll_source=on --mem_model:code=flat --mem_model:data=large -
       6        0002  FP      .set    XAR2
       7              
       8              $C$DW$CU        .dwtag  DW_TAG_compile_unit
       9                      .dwattr $C$DW$CU, DW_AT_name("C:/ti/motorware/motorware_1_01_00_18/sw/modules/offset/src/32b/offset.c
      10                      .dwattr $C$DW$CU, DW_AT_producer("TMS320C2000 C/C++ Codegen PC v6.2.5 Copyright (c) 1996-2014 Texas I
      11                      .dwattr $C$DW$CU, DW_AT_TI_version(0x01)
      12                      .dwattr $C$DW$CU, DW_AT_comp_dir("C:\ti\motorware\motorware_1_01_00_18\sw\solutions\instaspin_foc\boa
      13              
      14              $C$DW$1 .dwtag  DW_TAG_subprogram, DW_AT_name("FILTER_FO_setNumCoeffs")
      15                      .dwattr $C$DW$1, DW_AT_TI_symbol_name("_FILTER_FO_setNumCoeffs")
      16                      .dwattr $C$DW$1, DW_AT_declaration
      17                      .dwattr $C$DW$1, DW_AT_external
      18              $C$DW$2 .dwtag  DW_TAG_formal_parameter
      19                      .dwattr $C$DW$2, DW_AT_type(*$C$DW$T$25)
      20              $C$DW$3 .dwtag  DW_TAG_formal_parameter
      21                      .dwattr $C$DW$3, DW_AT_type(*$C$DW$T$44)
      22              $C$DW$4 .dwtag  DW_TAG_formal_parameter
      23                      .dwattr $C$DW$4, DW_AT_type(*$C$DW$T$44)
      24                      .dwendtag $C$DW$1
      25              
      26              
      27              $C$DW$5 .dwtag  DW_TAG_subprogram, DW_AT_name("FILTER_FO_setInitialConditions")
      28                      .dwattr $C$DW$5, DW_AT_TI_symbol_name("_FILTER_FO_setInitialConditions")
      29                      .dwattr $C$DW$5, DW_AT_declaration
      30                      .dwattr $C$DW$5, DW_AT_external
      31              $C$DW$6 .dwtag  DW_TAG_formal_parameter
      32                      .dwattr $C$DW$6, DW_AT_type(*$C$DW$T$25)
      33              $C$DW$7 .dwtag  DW_TAG_formal_parameter
      34                      .dwattr $C$DW$7, DW_AT_type(*$C$DW$T$44)
      35              $C$DW$8 .dwtag  DW_TAG_formal_parameter
      36                      .dwattr $C$DW$8, DW_AT_type(*$C$DW$T$44)
      37                      .dwendtag $C$DW$5
      38              
      39              
      40              $C$DW$9 .dwtag  DW_TAG_subprogram, DW_AT_name("FILTER_FO_getNumCoeffs")
      41                      .dwattr $C$DW$9, DW_AT_TI_symbol_name("_FILTER_FO_getNumCoeffs")
      42                      .dwattr $C$DW$9, DW_AT_declaration
      43                      .dwattr $C$DW$9, DW_AT_external
      44              $C$DW$10        .dwtag  DW_TAG_formal_parameter
      45                      .dwattr $C$DW$10, DW_AT_type(*$C$DW$T$25)
      46              $C$DW$11        .dwtag  DW_TAG_formal_parameter
      47                      .dwattr $C$DW$11, DW_AT_type(*$C$DW$T$41)
      48              $C$DW$12        .dwtag  DW_TAG_formal_parameter
      49                      .dwattr $C$DW$12, DW_AT_type(*$C$DW$T$41)
      50                      .dwendtag $C$DW$9
      51              
      52              
      53              $C$DW$13        .dwtag  DW_TAG_subprogram, DW_AT_name("FILTER_FO_setDenCoeffs")
      54                      .dwattr $C$DW$13, DW_AT_TI_symbol_name("_FILTER_FO_setDenCoeffs")
      55                      .dwattr $C$DW$13, DW_AT_declaration
TMS320C2000 Assembler PC v6.2.5 Thu Jun 22 19:54:48 2017

Tools Copyright (c) 1996-2014 Texas Instruments Incorporated
C:\Users\wmj\AppData\Local\Temp\1294410                              PAGE    2

      56                      .dwattr $C$DW$13, DW_AT_external
      57              $C$DW$14        .dwtag  DW_TAG_formal_parameter
      58                      .dwattr $C$DW$14, DW_AT_type(*$C$DW$T$25)
      59              $C$DW$15        .dwtag  DW_TAG_formal_parameter
      60                      .dwattr $C$DW$15, DW_AT_type(*$C$DW$T$44)
      61                      .dwendtag $C$DW$13
      62              
      63              
      64              $C$DW$16        .dwtag  DW_TAG_subprogram, DW_AT_name("FILTER_FO_init")
      65                      .dwattr $C$DW$16, DW_AT_TI_symbol_name("_FILTER_FO_init")
      66                      .dwattr $C$DW$16, DW_AT_type(*$C$DW$T$25)
      67                      .dwattr $C$DW$16, DW_AT_declaration
      68                      .dwattr $C$DW$16, DW_AT_external
      69              $C$DW$17        .dwtag  DW_TAG_formal_parameter
      70                      .dwattr $C$DW$17, DW_AT_type(*$C$DW$T$3)
      71              $C$DW$18        .dwtag  DW_TAG_formal_parameter
      72                      .dwattr $C$DW$18, DW_AT_type(*$C$DW$T$28)
      73                      .dwendtag $C$DW$16
      74              
      75              ;       c:\ti\ccsv6\tools\compiler\c2000_6.2.5\bin\opt2000.exe C:\\Users\\wmj\\AppData\\Local\\Temp\\129442 C
      76              ;       c:\ti\ccsv6\tools\compiler\c2000_6.2.5\bin\ac2000.exe -@C:\\Users\\wmj\\AppData\\Local\\Temp\\1294416
      77 00000000               .sect   ".text"
      78                      .clink
      79                      .global _OFFSET_setOffset
      80              
      81              $C$DW$19        .dwtag  DW_TAG_subprogram, DW_AT_name("OFFSET_setOffset")
      82                      .dwattr $C$DW$19, DW_AT_low_pc(_OFFSET_setOffset)
      83                      .dwattr $C$DW$19, DW_AT_high_pc(0x00)
      84                      .dwattr $C$DW$19, DW_AT_TI_symbol_name("_OFFSET_setOffset")
      85                      .dwattr $C$DW$19, DW_AT_external
      86                      .dwattr $C$DW$19, DW_AT_TI_begin_file("C:/ti/motorware/motorware_1_01_00_18/sw/modules/offset/src/32b
      87                      .dwattr $C$DW$19, DW_AT_TI_begin_line(0x71)
      88                      .dwattr $C$DW$19, DW_AT_TI_begin_column(0x06)
      89                      .dwattr $C$DW$19, DW_AT_TI_max_frame_size(-2)
      90                      .dwpsn  file "C:/ti/motorware/motorware_1_01_00_18/sw/modules/offset/src/32b/offset.c",line 114,colum
      91              
      92                      .dwfde $C$DW$CIE, _OFFSET_setOffset
      93              $C$DW$20        .dwtag  DW_TAG_formal_parameter, DW_AT_name("handle")
      94                      .dwattr $C$DW$20, DW_AT_TI_symbol_name("_handle")
      95                      .dwattr $C$DW$20, DW_AT_type(*$C$DW$T$35)
      96                      .dwattr $C$DW$20, DW_AT_location[DW_OP_reg12]
      97              $C$DW$21        .dwtag  DW_TAG_formal_parameter, DW_AT_name("offsetValue")
      98                      .dwattr $C$DW$21, DW_AT_TI_symbol_name("_offsetValue")
      99                      .dwattr $C$DW$21, DW_AT_type(*$C$DW$T$21)
     100                      .dwattr $C$DW$21, DW_AT_location[DW_OP_reg0]
     101              
     102              ;***************************************************************
     103              ;* FNAME: _OFFSET_setOffset             FR SIZE:   0           *
     104              ;*                                                             *
     105              ;* FUNCTION ENVIRONMENT                                        *
     106              ;*                                                             *
     107              ;* FUNCTION PROPERTIES                                         *
     108              ;*                            0 Parameter,  0 Auto,  0 SOE     *
     109              ;***************************************************************
     110              
TMS320C2000 Assembler PC v6.2.5 Thu Jun 22 19:54:48 2017

Tools Copyright (c) 1996-2014 Texas Instruments Incorporated
C:\Users\wmj\AppData\Local\Temp\1294410                              PAGE    3

     111              _OFFSET_setOffset:
     112              ;* AR4   assigned to _handle
     113              $C$DW$22        .dwtag  DW_TAG_variable, DW_AT_name("handle")
     114                      .dwattr $C$DW$22, DW_AT_TI_symbol_name("_handle")
     115                      .dwattr $C$DW$22, DW_AT_type(*$C$DW$T$36)
     116                      .dwattr $C$DW$22, DW_AT_location[DW_OP_reg12]
     117              ;* AL    assigned to _offsetValue
     118              $C$DW$23        .dwtag  DW_TAG_variable, DW_AT_name("offsetValue")
     119                      .dwattr $C$DW$23, DW_AT_TI_symbol_name("_offsetValue")
     120                      .dwattr $C$DW$23, DW_AT_type(*$C$DW$T$44)
     121                      .dwattr $C$DW$23, DW_AT_location[DW_OP_reg0]
     122                      .dwcfi  cfa_offset, -2
     123                      .dwcfi  save_reg_to_mem, 26, 0
     124                      .dwcfi  save_reg_to_reg, 78, 26
     125                      .dwpsn  file "C:/ti/motorware/motorware_1_01_00_18/sw/modules/offset/src/32b/offset.c",line 117,colum
     126 00000000 1EC4          MOVL      *+XAR4[0],ACC         ; [CPU_] |117| 
     127              $C$DW$24        .dwtag  DW_TAG_TI_branch
     128                      .dwattr $C$DW$24, DW_AT_low_pc(0x00)
     129                      .dwattr $C$DW$24, DW_AT_TI_return
     130 00000001 0006          LRETR     ; [CPU_] 
     131                      ; return occurs ; [] 
     132                      .dwattr $C$DW$19, DW_AT_TI_end_file("C:/ti/motorware/motorware_1_01_00_18/sw/modules/offset/src/32b/o
     133                      .dwattr $C$DW$19, DW_AT_TI_end_line(0x78)
     134                      .dwattr $C$DW$19, DW_AT_TI_end_column(0x01)
     135                      .dwendentry
     136                      .dwendtag $C$DW$19
     137              
     138 00000002               .sect   ".text"
     139                      .clink
     140                      .global _OFFSET_setInitCond
     141              
     142              $C$DW$25        .dwtag  DW_TAG_subprogram, DW_AT_name("OFFSET_setInitCond")
     143                      .dwattr $C$DW$25, DW_AT_low_pc(_OFFSET_setInitCond)
     144                      .dwattr $C$DW$25, DW_AT_high_pc(0x00)
     145                      .dwattr $C$DW$25, DW_AT_TI_symbol_name("_OFFSET_setInitCond")
     146                      .dwattr $C$DW$25, DW_AT_external
     147                      .dwattr $C$DW$25, DW_AT_TI_begin_file("C:/ti/motorware/motorware_1_01_00_18/sw/modules/offset/src/32b
     148                      .dwattr $C$DW$25, DW_AT_TI_begin_line(0x66)
     149                      .dwattr $C$DW$25, DW_AT_TI_begin_column(0x06)
     150                      .dwattr $C$DW$25, DW_AT_TI_max_frame_size(-8)
     151                      .dwpsn  file "C:/ti/motorware/motorware_1_01_00_18/sw/modules/offset/src/32b/offset.c",line 103,colum
     152              
     153                      .dwfde $C$DW$CIE, _OFFSET_setInitCond
     154              $C$DW$26        .dwtag  DW_TAG_formal_parameter, DW_AT_name("handle")
     155                      .dwattr $C$DW$26, DW_AT_TI_symbol_name("_handle")
     156                      .dwattr $C$DW$26, DW_AT_type(*$C$DW$T$35)
     157                      .dwattr $C$DW$26, DW_AT_location[DW_OP_reg12]
     158              $C$DW$27        .dwtag  DW_TAG_formal_parameter, DW_AT_name("initCond")
     159                      .dwattr $C$DW$27, DW_AT_TI_symbol_name("_initCond")
     160                      .dwattr $C$DW$27, DW_AT_type(*$C$DW$T$44)
     161                      .dwattr $C$DW$27, DW_AT_location[DW_OP_reg0]
     162              
     163              ;***************************************************************
     164              ;* FNAME: _OFFSET_setInitCond           FR SIZE:   6           *
     165              ;*                                                             *
TMS320C2000 Assembler PC v6.2.5 Thu Jun 22 19:54:48 2017

Tools Copyright (c) 1996-2014 Texas Instruments Incorporated
C:\Users\wmj\AppData\Local\Temp\1294410                              PAGE    4

     166              ;* FUNCTION ENVIRONMENT                                        *
     167              ;*                                                             *
     168              ;* FUNCTION PROPERTIES                                         *
     169              ;*                            2 Parameter,  0 Auto,  4 SOE     *
     170              ;***************************************************************
     171              
     172              _OFFSET_setInitCond:
     173              ;* AR2   assigned to _handle
     174              $C$DW$28        .dwtag  DW_TAG_variable, DW_AT_name("handle")
     175                      .dwattr $C$DW$28, DW_AT_TI_symbol_name("_handle")
     176                      .dwattr $C$DW$28, DW_AT_type(*$C$DW$T$36)
     177                      .dwattr $C$DW$28, DW_AT_location[DW_OP_reg8]
     178              ;* AR1   assigned to _initCond
     179              $C$DW$29        .dwtag  DW_TAG_variable, DW_AT_name("initCond")
     180                      .dwattr $C$DW$29, DW_AT_TI_symbol_name("_initCond")
     181                      .dwattr $C$DW$29, DW_AT_type(*$C$DW$T$44)
     182                      .dwattr $C$DW$29, DW_AT_location[DW_OP_reg6]
     183                      .dwcfi  cfa_offset, -2
     184                      .dwcfi  save_reg_to_mem, 26, 0
     185                      .dwcfi  save_reg_to_reg, 78, 26
     186 00000002 B2BD          MOVL      *SP++,XAR1            ; [CPU_] 
     187                      .dwcfi  save_reg_to_mem, 7, 2
     188                      .dwcfi  cfa_offset, -4
     189 00000003 AABD          MOVL      *SP++,XAR2            ; [CPU_] 
     190                      .dwcfi  save_reg_to_mem, 9, 4
     191                      .dwcfi  cfa_offset, -6
     192 00000004 FE02          ADDB      SP,#2                 ; [CPU_U] 
     193                      .dwcfi  cfa_offset, -8
     194                      .dwpsn  file "C:/ti/motorware/motorware_1_01_00_18/sw/modules/offset/src/32b/offset.c",line 106,colum
     195 00000005 D00E          MOVB      XAR0,#14              ; [CPU_] |106| 
     196                      .dwpsn  file "C:/ti/motorware/motorware_1_01_00_18/sw/modules/offset/src/32b/offset.c",line 103,colum
     197 00000006 86A4          MOVL      XAR2,XAR4             ; [CPU_] |103| 
     198 00000007 8BA9          MOVL      XAR1,ACC              ; [CPU_] |103| 
     199                      .dwpsn  file "C:/ti/motorware/motorware_1_01_00_18/sw/modules/offset/src/32b/offset.c",line 106,colum
     200 00000008 1E42          MOVL      *-SP[2],ACC           ; [CPU_] |106| 
     201 00000009 8A92          MOVL      XAR4,*+XAR2[AR0]      ; [CPU_] |106| 
     202              $C$DW$30        .dwtag  DW_TAG_TI_branch
     203                      .dwattr $C$DW$30, DW_AT_low_pc(0x00)
     204                      .dwattr $C$DW$30, DW_AT_name("_FILTER_FO_setInitialConditions")
     205                      .dwattr $C$DW$30, DW_AT_TI_call
     206 0000000a 7640!         LCR       #_FILTER_FO_setInitialConditions ; [CPU_] |106| 
         0000000b 0000 
     207                      ; call occurs [#_FILTER_FO_setInitialConditions] ; [] |106| 
     208 0000000c FE82          SUBB      SP,#2                 ; [CPU_U] 
     209                      .dwcfi  cfa_offset, -6
     210                      .dwpsn  file "C:/ti/motorware/motorware_1_01_00_18/sw/modules/offset/src/32b/offset.c",line 107,colum
     211 0000000d B2C2          MOVL      *+XAR2[0],XAR1        ; [CPU_] |107| 
     212 0000000e 86BE          MOVL      XAR2,*--SP            ; [CPU_] 
     213                      .dwcfi  cfa_offset, -4
     214                      .dwcfi  restore_reg, 9
     215 0000000f 8BBE          MOVL      XAR1,*--SP            ; [CPU_] 
     216                      .dwcfi  cfa_offset, -2
     217                      .dwcfi  restore_reg, 7
     218              $C$DW$31        .dwtag  DW_TAG_TI_branch
     219                      .dwattr $C$DW$31, DW_AT_low_pc(0x00)
TMS320C2000 Assembler PC v6.2.5 Thu Jun 22 19:54:48 2017

Tools Copyright (c) 1996-2014 Texas Instruments Incorporated
C:\Users\wmj\AppData\Local\Temp\1294410                              PAGE    5

     220                      .dwattr $C$DW$31, DW_AT_TI_return
     221 00000010 0006          LRETR     ; [CPU_] 
     222                      ; return occurs ; [] 
     223                      .dwattr $C$DW$25, DW_AT_TI_end_file("C:/ti/motorware/motorware_1_01_00_18/sw/modules/offset/src/32b/o
     224                      .dwattr $C$DW$25, DW_AT_TI_end_line(0x6e)
     225                      .dwattr $C$DW$25, DW_AT_TI_end_column(0x01)
     226                      .dwendentry
     227                      .dwendtag $C$DW$25
     228              
     229 00000011               .sect   ".text"
     230                      .clink
     231                      .global _OFFSET_setBeta
     232              
     233              $C$DW$32        .dwtag  DW_TAG_subprogram, DW_AT_name("OFFSET_setBeta")
     234                      .dwattr $C$DW$32, DW_AT_low_pc(_OFFSET_setBeta)
     235                      .dwattr $C$DW$32, DW_AT_high_pc(0x00)
     236                      .dwattr $C$DW$32, DW_AT_TI_symbol_name("_OFFSET_setBeta")
     237                      .dwattr $C$DW$32, DW_AT_external
     238                      .dwattr $C$DW$32, DW_AT_TI_begin_file("C:/ti/motorware/motorware_1_01_00_18/sw/modules/offset/src/32b
     239                      .dwattr $C$DW$32, DW_AT_TI_begin_line(0x58)
     240                      .dwattr $C$DW$32, DW_AT_TI_begin_column(0x06)
     241                      .dwattr $C$DW$32, DW_AT_TI_max_frame_size(-8)
     242                      .dwpsn  file "C:/ti/motorware/motorware_1_01_00_18/sw/modules/offset/src/32b/offset.c",line 89,column
     243              
     244                      .dwfde $C$DW$CIE, _OFFSET_setBeta
     245              $C$DW$33        .dwtag  DW_TAG_formal_parameter, DW_AT_name("handle")
     246                      .dwattr $C$DW$33, DW_AT_TI_symbol_name("_handle")
     247                      .dwattr $C$DW$33, DW_AT_type(*$C$DW$T$35)
     248                      .dwattr $C$DW$33, DW_AT_location[DW_OP_reg12]
     249              $C$DW$34        .dwtag  DW_TAG_formal_parameter, DW_AT_name("beta")
     250                      .dwattr $C$DW$34, DW_AT_TI_symbol_name("_beta")
     251                      .dwattr $C$DW$34, DW_AT_type(*$C$DW$T$44)
     252                      .dwattr $C$DW$34, DW_AT_location[DW_OP_reg0]
     253              
     254              ;***************************************************************
     255              ;* FNAME: _OFFSET_setBeta               FR SIZE:   6           *
     256              ;*                                                             *
     257              ;* FUNCTION ENVIRONMENT                                        *
     258              ;*                                                             *
     259              ;* FUNCTION PROPERTIES                                         *
     260              ;*                            2 Parameter,  0 Auto,  4 SOE     *
     261              ;***************************************************************
     262              
     263              _OFFSET_setBeta:
     264              ;* AR1   assigned to _handle
     265              $C$DW$35        .dwtag  DW_TAG_variable, DW_AT_name("handle")
     266                      .dwattr $C$DW$35, DW_AT_TI_symbol_name("_handle")
     267                      .dwattr $C$DW$35, DW_AT_type(*$C$DW$T$36)
     268                      .dwattr $C$DW$35, DW_AT_location[DW_OP_reg6]
     269              ;* AR2   assigned to _beta
     270              $C$DW$36        .dwtag  DW_TAG_variable, DW_AT_name("beta")
     271                      .dwattr $C$DW$36, DW_AT_TI_symbol_name("_beta")
     272                      .dwattr $C$DW$36, DW_AT_type(*$C$DW$T$44)
     273                      .dwattr $C$DW$36, DW_AT_location[DW_OP_reg8]
     274                      .dwcfi  cfa_offset, -2
TMS320C2000 Assembler PC v6.2.5 Thu Jun 22 19:54:48 2017

Tools Copyright (c) 1996-2014 Texas Instruments Incorporated
C:\Users\wmj\AppData\Local\Temp\1294410                              PAGE    6

     275                      .dwcfi  save_reg_to_mem, 26, 0
     276                      .dwcfi  save_reg_to_reg, 78, 26
     277 00000011 B2BD          MOVL      *SP++,XAR1            ; [CPU_] 
     278                      .dwcfi  save_reg_to_mem, 7, 2
     279                      .dwcfi  cfa_offset, -4
     280 00000012 AABD          MOVL      *SP++,XAR2            ; [CPU_] 
     281                      .dwcfi  save_reg_to_mem, 9, 4
     282                      .dwcfi  cfa_offset, -6
     283 00000013 FE02          ADDB      SP,#2                 ; [CPU_U] 
     284                      .dwcfi  cfa_offset, -8
     285                      .dwpsn  file "C:/ti/motorware/motorware_1_01_00_18/sw/modules/offset/src/32b/offset.c",line 95,column
     286 00000014 D00E          MOVB      XAR0,#14              ; [CPU_] |95| 
     287                      .dwpsn  file "C:/ti/motorware/motorware_1_01_00_18/sw/modules/offset/src/32b/offset.c",line 89,column
     288 00000015 86A9          MOVL      XAR2,ACC              ; [CPU_] |89| 
     289 00000016 8BA4          MOVL      XAR1,XAR4             ; [CPU_] |89| 
     290                      .dwpsn  file "C:/ti/motorware/motorware_1_01_00_18/sw/modules/offset/src/32b/offset.c",line 95,column
     291 00000017 FF0F          SUB       ACC,#512 << 15        ; [CPU_] |95| 
         00000018 0200 
     292 00000019 8A91          MOVL      XAR4,*+XAR1[AR0]      ; [CPU_] |95| 
     293              $C$DW$37        .dwtag  DW_TAG_TI_branch
     294                      .dwattr $C$DW$37, DW_AT_low_pc(0x00)
     295                      .dwattr $C$DW$37, DW_AT_name("_FILTER_FO_setDenCoeffs")
     296                      .dwattr $C$DW$37, DW_AT_TI_call
     297 0000001a 7640!         LCR       #_FILTER_FO_setDenCoeffs ; [CPU_] |95| 
         0000001b 0000 
     298                      ; call occurs [#_FILTER_FO_setDenCoeffs] ; [] |95| 
     299                      .dwpsn  file "C:/ti/motorware/motorware_1_01_00_18/sw/modules/offset/src/32b/offset.c",line 96,column
     300 0000001c 0200          MOVB      ACC,#0                ; [CPU_] |96| 
     301 0000001d D00E          MOVB      XAR0,#14              ; [CPU_] |96| 
     302 0000001e 1E42          MOVL      *-SP[2],ACC           ; [CPU_] |96| 
     303 0000001f AAA9          MOVL      ACC,XAR2              ; [CPU_] |96| 
     304 00000020 8A91          MOVL      XAR4,*+XAR1[AR0]      ; [CPU_] |96| 
     305              $C$DW$38        .dwtag  DW_TAG_TI_branch
     306                      .dwattr $C$DW$38, DW_AT_low_pc(0x00)
     307                      .dwattr $C$DW$38, DW_AT_name("_FILTER_FO_setNumCoeffs")
     308                      .dwattr $C$DW$38, DW_AT_TI_call
     309 00000021 7640!         LCR       #_FILTER_FO_setNumCoeffs ; [CPU_] |96| 
         00000022 0000 
     310                      ; call occurs [#_FILTER_FO_setNumCoeffs] ; [] |96| 
     311 00000023 FE82          SUBB      SP,#2                 ; [CPU_U] 
     312                      .dwcfi  cfa_offset, -6
     313 00000024 86BE          MOVL      XAR2,*--SP            ; [CPU_] 
     314                      .dwcfi  cfa_offset, -4
     315                      .dwcfi  restore_reg, 9
     316 00000025 8BBE          MOVL      XAR1,*--SP            ; [CPU_] 
     317                      .dwcfi  cfa_offset, -2
     318                      .dwcfi  restore_reg, 7
     319              $C$DW$39        .dwtag  DW_TAG_TI_branch
     320                      .dwattr $C$DW$39, DW_AT_low_pc(0x00)
     321                      .dwattr $C$DW$39, DW_AT_TI_return
     322 00000026 0006          LRETR     ; [CPU_] 
     323                      ; return occurs ; [] 
     324                      .dwattr $C$DW$32, DW_AT_TI_end_file("C:/ti/motorware/motorware_1_01_00_18/sw/modules/offset/src/32b/o
     325                      .dwattr $C$DW$32, DW_AT_TI_end_line(0x63)
     326                      .dwattr $C$DW$32, DW_AT_TI_end_column(0x01)
TMS320C2000 Assembler PC v6.2.5 Thu Jun 22 19:54:48 2017

Tools Copyright (c) 1996-2014 Texas Instruments Incorporated
C:\Users\wmj\AppData\Local\Temp\1294410                              PAGE    7

     327                      .dwendentry
     328                      .dwendtag $C$DW$32
     329              
     330 00000027               .sect   ".text"
     331                      .clink
     332                      .global _OFFSET_init
     333              
     334              $C$DW$40        .dwtag  DW_TAG_subprogram, DW_AT_name("OFFSET_init")
     335                      .dwattr $C$DW$40, DW_AT_low_pc(_OFFSET_init)
     336                      .dwattr $C$DW$40, DW_AT_high_pc(0x00)
     337                      .dwattr $C$DW$40, DW_AT_TI_symbol_name("_OFFSET_init")
     338                      .dwattr $C$DW$40, DW_AT_external
     339                      .dwattr $C$DW$40, DW_AT_type(*$C$DW$T$35)
     340                      .dwattr $C$DW$40, DW_AT_TI_begin_file("C:/ti/motorware/motorware_1_01_00_18/sw/modules/offset/src/32b
     341                      .dwattr $C$DW$40, DW_AT_TI_begin_line(0x46)
     342                      .dwattr $C$DW$40, DW_AT_TI_begin_column(0x0f)
     343                      .dwattr $C$DW$40, DW_AT_TI_max_frame_size(-4)
     344                      .dwpsn  file "C:/ti/motorware/motorware_1_01_00_18/sw/modules/offset/src/32b/offset.c",line 71,column
     345              
     346                      .dwfde $C$DW$CIE, _OFFSET_init
     347              $C$DW$41        .dwtag  DW_TAG_formal_parameter, DW_AT_name("pMemory")
     348                      .dwattr $C$DW$41, DW_AT_TI_symbol_name("_pMemory")
     349                      .dwattr $C$DW$41, DW_AT_type(*$C$DW$T$3)
     350                      .dwattr $C$DW$41, DW_AT_location[DW_OP_reg12]
     351              $C$DW$42        .dwtag  DW_TAG_formal_parameter, DW_AT_name("numBytes")
     352                      .dwattr $C$DW$42, DW_AT_TI_symbol_name("_numBytes")
     353                      .dwattr $C$DW$42, DW_AT_type(*$C$DW$T$28)
     354                      .dwattr $C$DW$42, DW_AT_location[DW_OP_reg0]
     355              
     356              ;***************************************************************
     357              ;* FNAME: _OFFSET_init                  FR SIZE:   2           *
     358              ;*                                                             *
     359              ;* FUNCTION ENVIRONMENT                                        *
     360              ;*                                                             *
     361              ;* FUNCTION PROPERTIES                                         *
     362              ;*                            0 Parameter,  0 Auto,  2 SOE     *
     363              ;***************************************************************
     364              
     365              _OFFSET_init:
     366              ;* AR6   assigned to _numBytes
     367              $C$DW$43        .dwtag  DW_TAG_variable, DW_AT_name("numBytes")
     368                      .dwattr $C$DW$43, DW_AT_TI_symbol_name("_numBytes")
     369                      .dwattr $C$DW$43, DW_AT_type(*$C$DW$T$28)
     370                      .dwattr $C$DW$43, DW_AT_location[DW_OP_reg16]
     371              ;* AR1   assigned to _pMemory
     372              $C$DW$44        .dwtag  DW_TAG_variable, DW_AT_name("pMemory")
     373                      .dwattr $C$DW$44, DW_AT_TI_symbol_name("_pMemory")
     374                      .dwattr $C$DW$44, DW_AT_type(*$C$DW$T$40)
     375                      .dwattr $C$DW$44, DW_AT_location[DW_OP_reg6]
     376                      .dwcfi  cfa_offset, -2
     377                      .dwcfi  save_reg_to_mem, 26, 0
     378                      .dwcfi  save_reg_to_reg, 78, 26
     379 00000027 1EA6          MOVL      XAR6,ACC              ; [CPU_] |71| 
     380 00000028 B2BD          MOVL      *SP++,XAR1            ; [CPU_] 
     381                      .dwcfi  save_reg_to_mem, 7, 2
TMS320C2000 Assembler PC v6.2.5 Thu Jun 22 19:54:48 2017

Tools Copyright (c) 1996-2014 Texas Instruments Incorporated
C:\Users\wmj\AppData\Local\Temp\1294410                              PAGE    8

     382                      .dwcfi  cfa_offset, -4
     383                      .dwpsn  file "C:/ti/motorware/motorware_1_01_00_18/sw/modules/offset/src/32b/offset.c",line 75,column
     384 00000029 0210          MOVB      ACC,#16               ; [CPU_] |75| 
     385                      .dwpsn  file "C:/ti/motorware/motorware_1_01_00_18/sw/modules/offset/src/32b/offset.c",line 71,column
     386 0000002a 8BA4          MOVL      XAR1,XAR4             ; [CPU_] |71| 
     387                      .dwpsn  file "C:/ti/motorware/motorware_1_01_00_18/sw/modules/offset/src/32b/offset.c",line 75,column
     388 0000002b 0FA6          CMPL      ACC,XAR6              ; [CPU_] |75| 
     389 0000002c 6903          B         $C$L1,LOS             ; [CPU_] |75| 
     390                      ; branchcc occurs ; [] |75| 
     391                      .dwpsn  file "C:/ti/motorware/motorware_1_01_00_18/sw/modules/offset/src/32b/offset.c",line 76,column
     392 0000002d D400          MOVB      XAR4,#0               ; [CPU_] |76| 
     393 0000002e 6F08          B         $C$L2,UNC             ; [CPU_] |76| 
     394                      ; branch occurs ; [] |76| 
     395 0000002f       $C$L1:    
     396                      .dwpsn  file "C:/ti/motorware/motorware_1_01_00_18/sw/modules/offset/src/32b/offset.c",line 82,column
     397 0000002f DC04          ADDB      XAR4,#4               ; [CPU_] |82| 
     398 00000030 020A          MOVB      ACC,#10               ; [CPU_] |82| 
     399              $C$DW$45        .dwtag  DW_TAG_TI_branch
     400                      .dwattr $C$DW$45, DW_AT_low_pc(0x00)
     401                      .dwattr $C$DW$45, DW_AT_name("_FILTER_FO_init")
     402                      .dwattr $C$DW$45, DW_AT_TI_call
     403 00000031 7640!         LCR       #_FILTER_FO_init      ; [CPU_] |82| 
         00000032 0000 
     404                      ; call occurs [#_FILTER_FO_init] ; [] |82| 
     405 00000033 D00E          MOVB      XAR0,#14              ; [CPU_] |82| 
     406 00000034 A891          MOVL      *+XAR1[AR0],XAR4      ; [CPU_] |82| 
     407                      .dwpsn  file "C:/ti/motorware/motorware_1_01_00_18/sw/modules/offset/src/32b/offset.c",line 84,column
     408 00000035 8AA1          MOVL      XAR4,XAR1             ; [CPU_] |84| 
     409 00000036       $C$L2:    
     410 00000036 8BBE          MOVL      XAR1,*--SP            ; [CPU_] 
     411                      .dwcfi  cfa_offset, -2
     412                      .dwcfi  restore_reg, 7
     413              $C$DW$46        .dwtag  DW_TAG_TI_branch
     414                      .dwattr $C$DW$46, DW_AT_low_pc(0x00)
     415                      .dwattr $C$DW$46, DW_AT_TI_return
     416 00000037 0006          LRETR     ; [CPU_] 
     417                      ; return occurs ; [] 
     418                      .dwattr $C$DW$40, DW_AT_TI_end_file("C:/ti/motorware/motorware_1_01_00_18/sw/modules/offset/src/32b/o
     419                      .dwattr $C$DW$40, DW_AT_TI_end_line(0x55)
     420                      .dwattr $C$DW$40, DW_AT_TI_end_column(0x01)
     421                      .dwendentry
     422                      .dwendtag $C$DW$40
     423              
     424 00000038               .sect   ".text"
     425                      .clink
     426                      .global _OFFSET_getBeta
     427              
     428              $C$DW$47        .dwtag  DW_TAG_subprogram, DW_AT_name("OFFSET_getBeta")
     429                      .dwattr $C$DW$47, DW_AT_low_pc(_OFFSET_getBeta)
     430                      .dwattr $C$DW$47, DW_AT_high_pc(0x00)
     431                      .dwattr $C$DW$47, DW_AT_TI_symbol_name("_OFFSET_getBeta")
     432                      .dwattr $C$DW$47, DW_AT_external
     433                      .dwattr $C$DW$47, DW_AT_type(*$C$DW$T$21)
     434                      .dwattr $C$DW$47, DW_AT_TI_begin_file("C:/ti/motorware/motorware_1_01_00_18/sw/modules/offset/src/32b
     435                      .dwattr $C$DW$47, DW_AT_TI_begin_line(0x3a)
TMS320C2000 Assembler PC v6.2.5 Thu Jun 22 19:54:48 2017

Tools Copyright (c) 1996-2014 Texas Instruments Incorporated
C:\Users\wmj\AppData\Local\Temp\1294410                              PAGE    9

     436                      .dwattr $C$DW$47, DW_AT_TI_begin_column(0x05)
     437                      .dwattr $C$DW$47, DW_AT_TI_max_frame_size(-8)
     438                      .dwpsn  file "C:/ti/motorware/motorware_1_01_00_18/sw/modules/offset/src/32b/offset.c",line 59,column
     439              
     440                      .dwfde $C$DW$CIE, _OFFSET_getBeta
     441              $C$DW$48        .dwtag  DW_TAG_formal_parameter, DW_AT_name("handle")
     442                      .dwattr $C$DW$48, DW_AT_TI_symbol_name("_handle")
     443                      .dwattr $C$DW$48, DW_AT_type(*$C$DW$T$35)
     444                      .dwattr $C$DW$48, DW_AT_location[DW_OP_reg12]
     445              
     446              ;***************************************************************
     447              ;* FNAME: _OFFSET_getBeta               FR SIZE:   6           *
     448              ;*                                                             *
     449              ;* FUNCTION ENVIRONMENT                                        *
     450              ;*                                                             *
     451              ;* FUNCTION PROPERTIES                                         *
     452              ;*                            2 Parameter,  4 Auto,  0 SOE     *
     453              ;***************************************************************
     454              
     455              _OFFSET_getBeta:
     456              ;* AR4   assigned to _handle
     457              $C$DW$49        .dwtag  DW_TAG_variable, DW_AT_name("handle")
     458                      .dwattr $C$DW$49, DW_AT_TI_symbol_name("_handle")
     459                      .dwattr $C$DW$49, DW_AT_type(*$C$DW$T$36)
     460                      .dwattr $C$DW$49, DW_AT_location[DW_OP_reg12]
     461              $C$DW$50        .dwtag  DW_TAG_variable, DW_AT_name("b0")
     462                      .dwattr $C$DW$50, DW_AT_TI_symbol_name("_b0")
     463                      .dwattr $C$DW$50, DW_AT_type(*$C$DW$T$21)
     464                      .dwattr $C$DW$50, DW_AT_location[DW_OP_breg20 -4]
     465              $C$DW$51        .dwtag  DW_TAG_variable, DW_AT_name("b1")
     466                      .dwattr $C$DW$51, DW_AT_TI_symbol_name("_b1")
     467                      .dwattr $C$DW$51, DW_AT_type(*$C$DW$T$21)
     468                      .dwattr $C$DW$51, DW_AT_location[DW_OP_breg20 -6]
     469                      .dwcfi  cfa_offset, -2
     470                      .dwcfi  save_reg_to_mem, 26, 0
     471                      .dwcfi  save_reg_to_reg, 78, 26
     472 00000038 FE06          ADDB      SP,#6                 ; [CPU_U] 
     473                      .dwcfi  cfa_offset, -8
     474                      .dwpsn  file "C:/ti/motorware/motorware_1_01_00_18/sw/modules/offset/src/32b/offset.c",line 64,column
     475 00000039 5DAD          MOVZ      AR5,SP                ; [CPU_U] |64| 
     476 0000003a D00E          MOVB      XAR0,#14              ; [CPU_] |64| 
     477 0000003b DD86          SUBB      XAR5,#6               ; [CPU_U] |64| 
     478 0000003c A042          MOVL      *-SP[2],XAR5          ; [CPU_] |64| 
     479 0000003d 8A94          MOVL      XAR4,*+XAR4[AR0]      ; [CPU_] |64| 
     480 0000003e 5DAD          MOVZ      AR5,SP                ; [CPU_U] |64| 
     481 0000003f DD84          SUBB      XAR5,#4               ; [CPU_U] |64| 
     482              $C$DW$52        .dwtag  DW_TAG_TI_branch
     483                      .dwattr $C$DW$52, DW_AT_low_pc(0x00)
     484                      .dwattr $C$DW$52, DW_AT_name("_FILTER_FO_getNumCoeffs")
     485                      .dwattr $C$DW$52, DW_AT_TI_call
     486 00000040 7640!         LCR       #_FILTER_FO_getNumCoeffs ; [CPU_] |64| 
         00000041 0000 
     487                      ; call occurs [#_FILTER_FO_getNumCoeffs] ; [] |64| 
     488                      .dwpsn  file "C:/ti/motorware/motorware_1_01_00_18/sw/modules/offset/src/32b/offset.c",line 66,column
     489 00000042 0644          MOVL      ACC,*-SP[4]           ; [CPU_] |66| 
TMS320C2000 Assembler PC v6.2.5 Thu Jun 22 19:54:48 2017

Tools Copyright (c) 1996-2014 Texas Instruments Incorporated
C:\Users\wmj\AppData\Local\Temp\1294410                              PAGE   10

     490 00000043 FE86          SUBB      SP,#6                 ; [CPU_U] 
     491                      .dwcfi  cfa_offset, -2
     492              $C$DW$53        .dwtag  DW_TAG_TI_branch
     493                      .dwattr $C$DW$53, DW_AT_low_pc(0x00)
     494                      .dwattr $C$DW$53, DW_AT_TI_return
     495 00000044 0006          LRETR     ; [CPU_] 
     496                      ; return occurs ; [] 
     497                      .dwattr $C$DW$47, DW_AT_TI_end_file("C:/ti/motorware/motorware_1_01_00_18/sw/modules/offset/src/32b/o
     498                      .dwattr $C$DW$47, DW_AT_TI_end_line(0x43)
     499                      .dwattr $C$DW$47, DW_AT_TI_end_column(0x01)
     500                      .dwendentry
     501                      .dwendtag $C$DW$47
     502              
     503              ;**************************************************************
     504              ;* UNDEFINED EXTERNAL REFERENCES                              *
     505              ;**************************************************************
     506                      .global _FILTER_FO_setNumCoeffs
     507                      .global _FILTER_FO_setInitialConditions
     508                      .global _FILTER_FO_getNumCoeffs
     509                      .global _FILTER_FO_setDenCoeffs
     510                      .global _FILTER_FO_init
     511              
     512              ;***************************************************************
     513              ;* TYPE INFORMATION                                            *
     514              ;***************************************************************
     515              
     516              $C$DW$T$22      .dwtag  DW_TAG_structure_type
     517                      .dwattr $C$DW$T$22, DW_AT_name("_FILTER_FO_")
     518                      .dwattr $C$DW$T$22, DW_AT_byte_size(0x0a)
     519              $C$DW$54        .dwtag  DW_TAG_member
     520                      .dwattr $C$DW$54, DW_AT_type(*$C$DW$T$21)
     521                      .dwattr $C$DW$54, DW_AT_name("a1")
     522                      .dwattr $C$DW$54, DW_AT_TI_symbol_name("_a1")
     523                      .dwattr $C$DW$54, DW_AT_data_member_location[DW_OP_plus_uconst 0x0]
     524                      .dwattr $C$DW$54, DW_AT_accessibility(DW_ACCESS_public)
     525              $C$DW$55        .dwtag  DW_TAG_member
     526                      .dwattr $C$DW$55, DW_AT_type(*$C$DW$T$21)
     527                      .dwattr $C$DW$55, DW_AT_name("b0")
     528                      .dwattr $C$DW$55, DW_AT_TI_symbol_name("_b0")
     529                      .dwattr $C$DW$55, DW_AT_data_member_location[DW_OP_plus_uconst 0x2]
     530                      .dwattr $C$DW$55, DW_AT_accessibility(DW_ACCESS_public)
     531              $C$DW$56        .dwtag  DW_TAG_member
     532                      .dwattr $C$DW$56, DW_AT_type(*$C$DW$T$21)
     533                      .dwattr $C$DW$56, DW_AT_name("b1")
     534                      .dwattr $C$DW$56, DW_AT_TI_symbol_name("_b1")
     535                      .dwattr $C$DW$56, DW_AT_data_member_location[DW_OP_plus_uconst 0x4]
     536                      .dwattr $C$DW$56, DW_AT_accessibility(DW_ACCESS_public)
     537              $C$DW$57        .dwtag  DW_TAG_member
     538                      .dwattr $C$DW$57, DW_AT_type(*$C$DW$T$21)
     539                      .dwattr $C$DW$57, DW_AT_name("x1")
     540                      .dwattr $C$DW$57, DW_AT_TI_symbol_name("_x1")
     541                      .dwattr $C$DW$57, DW_AT_data_member_location[DW_OP_plus_uconst 0x6]
     542                      .dwattr $C$DW$57, DW_AT_accessibility(DW_ACCESS_public)
     543              $C$DW$58        .dwtag  DW_TAG_member
     544                      .dwattr $C$DW$58, DW_AT_type(*$C$DW$T$21)
TMS320C2000 Assembler PC v6.2.5 Thu Jun 22 19:54:48 2017

Tools Copyright (c) 1996-2014 Texas Instruments Incorporated
C:\Users\wmj\AppData\Local\Temp\1294410                              PAGE   11

     545                      .dwattr $C$DW$58, DW_AT_name("y1")
     546                      .dwattr $C$DW$58, DW_AT_TI_symbol_name("_y1")
     547                      .dwattr $C$DW$58, DW_AT_data_member_location[DW_OP_plus_uconst 0x8]
     548                      .dwattr $C$DW$58, DW_AT_accessibility(DW_ACCESS_public)
     549                      .dwendtag $C$DW$T$22
     550              
     551              $C$DW$T$23      .dwtag  DW_TAG_typedef, DW_AT_name("FILTER_FO_Obj")
     552                      .dwattr $C$DW$T$23, DW_AT_type(*$C$DW$T$22)
     553                      .dwattr $C$DW$T$23, DW_AT_language(DW_LANG_C)
     554              
     555              $C$DW$T$19      .dwtag  DW_TAG_structure_type
     556                      .dwattr $C$DW$T$19, DW_AT_name("_FILTER_FO_Obj_")
     557                      .dwattr $C$DW$T$19, DW_AT_declaration
     558                      .dwendtag $C$DW$T$19
     559              
     560              $C$DW$T$24      .dwtag  DW_TAG_pointer_type
     561                      .dwattr $C$DW$T$24, DW_AT_type(*$C$DW$T$19)
     562                      .dwattr $C$DW$T$24, DW_AT_address_class(0x16)
     563              $C$DW$T$25      .dwtag  DW_TAG_typedef, DW_AT_name("FILTER_FO_Handle")
     564                      .dwattr $C$DW$T$25, DW_AT_type(*$C$DW$T$24)
     565                      .dwattr $C$DW$T$25, DW_AT_language(DW_LANG_C)
     566              
     567              $C$DW$T$26      .dwtag  DW_TAG_structure_type
     568                      .dwattr $C$DW$T$26, DW_AT_name("_OFFSET_")
     569                      .dwattr $C$DW$T$26, DW_AT_byte_size(0x10)
     570              $C$DW$59        .dwtag  DW_TAG_member
     571                      .dwattr $C$DW$59, DW_AT_type(*$C$DW$T$21)
     572                      .dwattr $C$DW$59, DW_AT_name("value")
     573                      .dwattr $C$DW$59, DW_AT_TI_symbol_name("_value")
     574                      .dwattr $C$DW$59, DW_AT_data_member_location[DW_OP_plus_uconst 0x0]
     575                      .dwattr $C$DW$59, DW_AT_accessibility(DW_ACCESS_public)
     576              $C$DW$60        .dwtag  DW_TAG_member
     577                      .dwattr $C$DW$60, DW_AT_type(*$C$DW$T$21)
     578                      .dwattr $C$DW$60, DW_AT_name("bias")
     579                      .dwattr $C$DW$60, DW_AT_TI_symbol_name("_bias")
     580                      .dwattr $C$DW$60, DW_AT_data_member_location[DW_OP_plus_uconst 0x2]
     581                      .dwattr $C$DW$60, DW_AT_accessibility(DW_ACCESS_public)
     582              $C$DW$61        .dwtag  DW_TAG_member
     583                      .dwattr $C$DW$61, DW_AT_type(*$C$DW$T$23)
     584                      .dwattr $C$DW$61, DW_AT_name("filter")
     585                      .dwattr $C$DW$61, DW_AT_TI_symbol_name("_filter")
     586                      .dwattr $C$DW$61, DW_AT_data_member_location[DW_OP_plus_uconst 0x4]
     587                      .dwattr $C$DW$61, DW_AT_accessibility(DW_ACCESS_public)
     588              $C$DW$62        .dwtag  DW_TAG_member
     589                      .dwattr $C$DW$62, DW_AT_type(*$C$DW$T$25)
     590                      .dwattr $C$DW$62, DW_AT_name("filterHandle")
     591                      .dwattr $C$DW$62, DW_AT_TI_symbol_name("_filterHandle")
     592                      .dwattr $C$DW$62, DW_AT_data_member_location[DW_OP_plus_uconst 0xe]
     593                      .dwattr $C$DW$62, DW_AT_accessibility(DW_ACCESS_public)
     594                      .dwendtag $C$DW$T$26
     595              
     596              $C$DW$T$32      .dwtag  DW_TAG_typedef, DW_AT_name("OFFSET_Obj")
     597                      .dwattr $C$DW$T$32, DW_AT_type(*$C$DW$T$26)
     598                      .dwattr $C$DW$T$32, DW_AT_language(DW_LANG_C)
     599              
TMS320C2000 Assembler PC v6.2.5 Thu Jun 22 19:54:48 2017

Tools Copyright (c) 1996-2014 Texas Instruments Incorporated
C:\Users\wmj\AppData\Local\Temp\1294410                              PAGE   12

     600              $C$DW$T$20      .dwtag  DW_TAG_structure_type
     601                      .dwattr $C$DW$T$20, DW_AT_name("_OFFSET_Obj_")
     602                      .dwattr $C$DW$T$20, DW_AT_declaration
     603                      .dwendtag $C$DW$T$20
     604              
     605              $C$DW$T$34      .dwtag  DW_TAG_pointer_type
     606                      .dwattr $C$DW$T$34, DW_AT_type(*$C$DW$T$20)
     607                      .dwattr $C$DW$T$34, DW_AT_address_class(0x16)
     608              $C$DW$T$35      .dwtag  DW_TAG_typedef, DW_AT_name("OFFSET_Handle")
     609                      .dwattr $C$DW$T$35, DW_AT_type(*$C$DW$T$34)
     610                      .dwattr $C$DW$T$35, DW_AT_language(DW_LANG_C)
     611              $C$DW$63        .dwtag  DW_TAG_TI_far_type
     612                      .dwattr $C$DW$63, DW_AT_type(*$C$DW$T$35)
     613              $C$DW$T$36      .dwtag  DW_TAG_const_type
     614                      .dwattr $C$DW$T$36, DW_AT_type(*$C$DW$63)
     615              $C$DW$T$3       .dwtag  DW_TAG_pointer_type
     616                      .dwattr $C$DW$T$3, DW_AT_address_class(0x16)
     617              $C$DW$64        .dwtag  DW_TAG_TI_far_type
     618                      .dwattr $C$DW$64, DW_AT_type(*$C$DW$T$3)
     619              $C$DW$T$40      .dwtag  DW_TAG_const_type
     620                      .dwattr $C$DW$T$40, DW_AT_type(*$C$DW$64)
     621              $C$DW$T$4       .dwtag  DW_TAG_base_type
     622                      .dwattr $C$DW$T$4, DW_AT_encoding(DW_ATE_boolean)
     623                      .dwattr $C$DW$T$4, DW_AT_name("bool")
     624                      .dwattr $C$DW$T$4, DW_AT_byte_size(0x01)
     625              $C$DW$T$5       .dwtag  DW_TAG_base_type
     626                      .dwattr $C$DW$T$5, DW_AT_encoding(DW_ATE_signed_char)
     627                      .dwattr $C$DW$T$5, DW_AT_name("signed char")
     628                      .dwattr $C$DW$T$5, DW_AT_byte_size(0x01)
     629              $C$DW$T$6       .dwtag  DW_TAG_base_type
     630                      .dwattr $C$DW$T$6, DW_AT_encoding(DW_ATE_unsigned_char)
     631                      .dwattr $C$DW$T$6, DW_AT_name("unsigned char")
     632                      .dwattr $C$DW$T$6, DW_AT_byte_size(0x01)
     633              $C$DW$T$7       .dwtag  DW_TAG_base_type
     634                      .dwattr $C$DW$T$7, DW_AT_encoding(DW_ATE_signed_char)
     635                      .dwattr $C$DW$T$7, DW_AT_name("wchar_t")
     636                      .dwattr $C$DW$T$7, DW_AT_byte_size(0x01)
     637              $C$DW$T$8       .dwtag  DW_TAG_base_type
     638                      .dwattr $C$DW$T$8, DW_AT_encoding(DW_ATE_signed)
     639                      .dwattr $C$DW$T$8, DW_AT_name("short")
     640                      .dwattr $C$DW$T$8, DW_AT_byte_size(0x01)
     641              $C$DW$T$9       .dwtag  DW_TAG_base_type
     642                      .dwattr $C$DW$T$9, DW_AT_encoding(DW_ATE_unsigned)
     643                      .dwattr $C$DW$T$9, DW_AT_name("unsigned short")
     644                      .dwattr $C$DW$T$9, DW_AT_byte_size(0x01)
     645              $C$DW$T$10      .dwtag  DW_TAG_base_type
     646                      .dwattr $C$DW$T$10, DW_AT_encoding(DW_ATE_signed)
     647                      .dwattr $C$DW$T$10, DW_AT_name("int")
     648                      .dwattr $C$DW$T$10, DW_AT_byte_size(0x01)
     649              $C$DW$T$11      .dwtag  DW_TAG_base_type
     650                      .dwattr $C$DW$T$11, DW_AT_encoding(DW_ATE_unsigned)
     651                      .dwattr $C$DW$T$11, DW_AT_name("unsigned int")
     652                      .dwattr $C$DW$T$11, DW_AT_byte_size(0x01)
     653              $C$DW$T$12      .dwtag  DW_TAG_base_type
     654                      .dwattr $C$DW$T$12, DW_AT_encoding(DW_ATE_signed)
TMS320C2000 Assembler PC v6.2.5 Thu Jun 22 19:54:48 2017

Tools Copyright (c) 1996-2014 Texas Instruments Incorporated
C:\Users\wmj\AppData\Local\Temp\1294410                              PAGE   13

     655                      .dwattr $C$DW$T$12, DW_AT_name("long")
     656                      .dwattr $C$DW$T$12, DW_AT_byte_size(0x02)
     657              $C$DW$T$21      .dwtag  DW_TAG_typedef, DW_AT_name("_iq")
     658                      .dwattr $C$DW$T$21, DW_AT_type(*$C$DW$T$12)
     659                      .dwattr $C$DW$T$21, DW_AT_language(DW_LANG_C)
     660              $C$DW$T$41      .dwtag  DW_TAG_pointer_type
     661                      .dwattr $C$DW$T$41, DW_AT_type(*$C$DW$T$21)
     662                      .dwattr $C$DW$T$41, DW_AT_address_class(0x16)
     663              $C$DW$65        .dwtag  DW_TAG_TI_far_type
     664                      .dwattr $C$DW$65, DW_AT_type(*$C$DW$T$21)
     665              $C$DW$T$44      .dwtag  DW_TAG_const_type
     666                      .dwattr $C$DW$T$44, DW_AT_type(*$C$DW$65)
     667              $C$DW$T$13      .dwtag  DW_TAG_base_type
     668                      .dwattr $C$DW$T$13, DW_AT_encoding(DW_ATE_unsigned)
     669                      .dwattr $C$DW$T$13, DW_AT_name("unsigned long")
     670                      .dwattr $C$DW$T$13, DW_AT_byte_size(0x02)
     671              $C$DW$T$27      .dwtag  DW_TAG_typedef, DW_AT_name("size_t")
     672                      .dwattr $C$DW$T$27, DW_AT_type(*$C$DW$T$13)
     673                      .dwattr $C$DW$T$27, DW_AT_language(DW_LANG_C)
     674              $C$DW$66        .dwtag  DW_TAG_TI_far_type
     675                      .dwattr $C$DW$66, DW_AT_type(*$C$DW$T$27)
     676              $C$DW$T$28      .dwtag  DW_TAG_const_type
     677                      .dwattr $C$DW$T$28, DW_AT_type(*$C$DW$66)
     678              $C$DW$T$14      .dwtag  DW_TAG_base_type
     679                      .dwattr $C$DW$T$14, DW_AT_encoding(DW_ATE_signed)
     680                      .dwattr $C$DW$T$14, DW_AT_name("long long")
     681                      .dwattr $C$DW$T$14, DW_AT_byte_size(0x04)
     682              $C$DW$T$15      .dwtag  DW_TAG_base_type
     683                      .dwattr $C$DW$T$15, DW_AT_encoding(DW_ATE_unsigned)
     684                      .dwattr $C$DW$T$15, DW_AT_name("unsigned long long")
     685                      .dwattr $C$DW$T$15, DW_AT_byte_size(0x04)
     686              $C$DW$T$16      .dwtag  DW_TAG_base_type
     687                      .dwattr $C$DW$T$16, DW_AT_encoding(DW_ATE_float)
     688                      .dwattr $C$DW$T$16, DW_AT_name("float")
     689                      .dwattr $C$DW$T$16, DW_AT_byte_size(0x02)
     690              $C$DW$T$17      .dwtag  DW_TAG_base_type
     691                      .dwattr $C$DW$T$17, DW_AT_encoding(DW_ATE_float)
     692                      .dwattr $C$DW$T$17, DW_AT_name("double")
     693                      .dwattr $C$DW$T$17, DW_AT_byte_size(0x02)
     694              $C$DW$T$18      .dwtag  DW_TAG_base_type
     695                      .dwattr $C$DW$T$18, DW_AT_encoding(DW_ATE_float)
     696                      .dwattr $C$DW$T$18, DW_AT_name("long double")
     697                      .dwattr $C$DW$T$18, DW_AT_byte_size(0x04)
     698                      .dwattr $C$DW$CU, DW_AT_language(DW_LANG_C)
     699              
     700              ;***************************************************************
     701              ;* DWARF CIE ENTRIES                                           *
     702              ;***************************************************************
     703              
     704              $C$DW$CIE       .dwcie 78
     705                      .dwcfi  cfa_register, 20
     706                      .dwcfi  cfa_offset, 0
     707                      .dwcfi  undefined, 0
     708                      .dwcfi  undefined, 1
     709                      .dwcfi  undefined, 2
TMS320C2000 Assembler PC v6.2.5 Thu Jun 22 19:54:48 2017

Tools Copyright (c) 1996-2014 Texas Instruments Incorporated
C:\Users\wmj\AppData\Local\Temp\1294410                              PAGE   14

     710                      .dwcfi  undefined, 3
     711                      .dwcfi  undefined, 20
     712                      .dwcfi  undefined, 21
     713                      .dwcfi  undefined, 22
     714                      .dwcfi  undefined, 23
     715                      .dwcfi  undefined, 24
     716                      .dwcfi  undefined, 25
     717                      .dwcfi  undefined, 26
     718                      .dwcfi  same_value, 28
     719                      .dwcfi  undefined, 29
     720                      .dwcfi  undefined, 30
     721                      .dwcfi  undefined, 31
     722                      .dwcfi  undefined, 32
     723                      .dwcfi  undefined, 33
     724                      .dwcfi  undefined, 34
     725                      .dwcfi  undefined, 35
     726                      .dwcfi  undefined, 36
     727                      .dwcfi  undefined, 37
     728                      .dwcfi  undefined, 38
     729                      .dwcfi  undefined, 75
     730                      .dwcfi  undefined, 76
     731                      .dwcfi  undefined, 77
     732                      .dwcfi  undefined, 4
     733                      .dwcfi  same_value, 6
     734                      .dwcfi  same_value, 8
     735                      .dwcfi  same_value, 10
     736                      .dwcfi  undefined, 12
     737                      .dwcfi  undefined, 14
     738                      .dwcfi  undefined, 16
     739                      .dwcfi  undefined, 17
     740                      .dwcfi  undefined, 18
     741                      .dwcfi  undefined, 19
     742                      .dwcfi  undefined, 5
     743                      .dwcfi  same_value, 7
     744                      .dwcfi  same_value, 9
     745                      .dwcfi  same_value, 11
     746                      .dwcfi  undefined, 13
     747                      .dwcfi  undefined, 15
     748                      .dwcfi  undefined, 78
     749                      .dwendentry
     750              
     751              ;***************************************************************
     752              ;* DWARF REGISTER MAP                                          *
     753              ;***************************************************************
     754              
     755              $C$DW$67        .dwtag  DW_TAG_TI_assign_register, DW_AT_name("AL")
     756                      .dwattr $C$DW$67, DW_AT_location[DW_OP_reg0]
     757              $C$DW$68        .dwtag  DW_TAG_TI_assign_register, DW_AT_name("AH")
     758                      .dwattr $C$DW$68, DW_AT_location[DW_OP_reg1]
     759              $C$DW$69        .dwtag  DW_TAG_TI_assign_register, DW_AT_name("PL")
     760                      .dwattr $C$DW$69, DW_AT_location[DW_OP_reg2]
     761              $C$DW$70        .dwtag  DW_TAG_TI_assign_register, DW_AT_name("PH")
     762                      .dwattr $C$DW$70, DW_AT_location[DW_OP_reg3]
     763              $C$DW$71        .dwtag  DW_TAG_TI_assign_register, DW_AT_name("SP")
     764                      .dwattr $C$DW$71, DW_AT_location[DW_OP_reg20]
TMS320C2000 Assembler PC v6.2.5 Thu Jun 22 19:54:48 2017

Tools Copyright (c) 1996-2014 Texas Instruments Incorporated
C:\Users\wmj\AppData\Local\Temp\1294410                              PAGE   15

     765              $C$DW$72        .dwtag  DW_TAG_TI_assign_register, DW_AT_name("XT")
     766                      .dwattr $C$DW$72, DW_AT_location[DW_OP_reg21]
     767              $C$DW$73        .dwtag  DW_TAG_TI_assign_register, DW_AT_name("T")
     768                      .dwattr $C$DW$73, DW_AT_location[DW_OP_reg22]
     769              $C$DW$74        .dwtag  DW_TAG_TI_assign_register, DW_AT_name("ST0")
     770                      .dwattr $C$DW$74, DW_AT_location[DW_OP_reg23]
     771              $C$DW$75        .dwtag  DW_TAG_TI_assign_register, DW_AT_name("ST1")
     772                      .dwattr $C$DW$75, DW_AT_location[DW_OP_reg24]
     773              $C$DW$76        .dwtag  DW_TAG_TI_assign_register, DW_AT_name("PC")
     774                      .dwattr $C$DW$76, DW_AT_location[DW_OP_reg25]
     775              $C$DW$77        .dwtag  DW_TAG_TI_assign_register, DW_AT_name("RPC")
     776                      .dwattr $C$DW$77, DW_AT_location[DW_OP_reg26]
     777              $C$DW$78        .dwtag  DW_TAG_TI_assign_register, DW_AT_name("FP")
     778                      .dwattr $C$DW$78, DW_AT_location[DW_OP_reg28]
     779              $C$DW$79        .dwtag  DW_TAG_TI_assign_register, DW_AT_name("DP")
     780                      .dwattr $C$DW$79, DW_AT_location[DW_OP_reg29]
     781              $C$DW$80        .dwtag  DW_TAG_TI_assign_register, DW_AT_name("SXM")
     782                      .dwattr $C$DW$80, DW_AT_location[DW_OP_reg30]
     783              $C$DW$81        .dwtag  DW_TAG_TI_assign_register, DW_AT_name("PM")
     784                      .dwattr $C$DW$81, DW_AT_location[DW_OP_reg31]
     785              $C$DW$82        .dwtag  DW_TAG_TI_assign_register, DW_AT_name("OVM")
     786                      .dwattr $C$DW$82, DW_AT_location[DW_OP_regx 0x20]
     787              $C$DW$83        .dwtag  DW_TAG_TI_assign_register, DW_AT_name("PAGE0")
     788                      .dwattr $C$DW$83, DW_AT_location[DW_OP_regx 0x21]
     789              $C$DW$84        .dwtag  DW_TAG_TI_assign_register, DW_AT_name("AMODE")
     790                      .dwattr $C$DW$84, DW_AT_location[DW_OP_regx 0x22]
     791              $C$DW$85        .dwtag  DW_TAG_TI_assign_register, DW_AT_name("INTM")
     792                      .dwattr $C$DW$85, DW_AT_location[DW_OP_regx 0x23]
     793              $C$DW$86        .dwtag  DW_TAG_TI_assign_register, DW_AT_name("IFR")
     794                      .dwattr $C$DW$86, DW_AT_location[DW_OP_regx 0x24]
     795              $C$DW$87        .dwtag  DW_TAG_TI_assign_register, DW_AT_name("IER")
     796                      .dwattr $C$DW$87, DW_AT_location[DW_OP_regx 0x25]
     797              $C$DW$88        .dwtag  DW_TAG_TI_assign_register, DW_AT_name("V")
     798                      .dwattr $C$DW$88, DW_AT_location[DW_OP_regx 0x26]
     799              $C$DW$89        .dwtag  DW_TAG_TI_assign_register, DW_AT_name("PSEUDOH")
     800                      .dwattr $C$DW$89, DW_AT_location[DW_OP_regx 0x4c]
     801              $C$DW$90        .dwtag  DW_TAG_TI_assign_register, DW_AT_name("VOL")
     802                      .dwattr $C$DW$90, DW_AT_location[DW_OP_regx 0x4d]
     803              $C$DW$91        .dwtag  DW_TAG_TI_assign_register, DW_AT_name("AR0")
     804                      .dwattr $C$DW$91, DW_AT_location[DW_OP_reg4]
     805              $C$DW$92        .dwtag  DW_TAG_TI_assign_register, DW_AT_name("AR1")
     806                      .dwattr $C$DW$92, DW_AT_location[DW_OP_reg6]
     807              $C$DW$93        .dwtag  DW_TAG_TI_assign_register, DW_AT_name("AR2")
     808                      .dwattr $C$DW$93, DW_AT_location[DW_OP_reg8]
     809              $C$DW$94        .dwtag  DW_TAG_TI_assign_register, DW_AT_name("AR3")
     810                      .dwattr $C$DW$94, DW_AT_location[DW_OP_reg10]
     811              $C$DW$95        .dwtag  DW_TAG_TI_assign_register, DW_AT_name("AR4")
     812                      .dwattr $C$DW$95, DW_AT_location[DW_OP_reg12]
     813              $C$DW$96        .dwtag  DW_TAG_TI_assign_register, DW_AT_name("AR5")
     814                      .dwattr $C$DW$96, DW_AT_location[DW_OP_reg14]
     815              $C$DW$97        .dwtag  DW_TAG_TI_assign_register, DW_AT_name("AR6")
     816                      .dwattr $C$DW$97, DW_AT_location[DW_OP_reg16]
     817              $C$DW$98        .dwtag  DW_TAG_TI_assign_register, DW_AT_name("XAR6")
     818                      .dwattr $C$DW$98, DW_AT_location[DW_OP_reg17]
     819              $C$DW$99        .dwtag  DW_TAG_TI_assign_register, DW_AT_name("AR7")
TMS320C2000 Assembler PC v6.2.5 Thu Jun 22 19:54:48 2017

Tools Copyright (c) 1996-2014 Texas Instruments Incorporated
C:\Users\wmj\AppData\Local\Temp\1294410                              PAGE   16

     820                      .dwattr $C$DW$99, DW_AT_location[DW_OP_reg18]
     821              $C$DW$100       .dwtag  DW_TAG_TI_assign_register, DW_AT_name("XAR7")
     822                      .dwattr $C$DW$100, DW_AT_location[DW_OP_reg19]
     823              $C$DW$101       .dwtag  DW_TAG_TI_assign_register, DW_AT_name("XAR0")
     824                      .dwattr $C$DW$101, DW_AT_location[DW_OP_reg5]
     825              $C$DW$102       .dwtag  DW_TAG_TI_assign_register, DW_AT_name("XAR1")
     826                      .dwattr $C$DW$102, DW_AT_location[DW_OP_reg7]
     827              $C$DW$103       .dwtag  DW_TAG_TI_assign_register, DW_AT_name("XAR2")
     828                      .dwattr $C$DW$103, DW_AT_location[DW_OP_reg9]
     829              $C$DW$104       .dwtag  DW_TAG_TI_assign_register, DW_AT_name("XAR3")
     830                      .dwattr $C$DW$104, DW_AT_location[DW_OP_reg11]
     831              $C$DW$105       .dwtag  DW_TAG_TI_assign_register, DW_AT_name("XAR4")
     832                      .dwattr $C$DW$105, DW_AT_location[DW_OP_reg13]
     833              $C$DW$106       .dwtag  DW_TAG_TI_assign_register, DW_AT_name("XAR5")
     834                      .dwattr $C$DW$106, DW_AT_location[DW_OP_reg15]
     835              $C$DW$107       .dwtag  DW_TAG_TI_assign_register, DW_AT_name("CIE_RETA")
     836                      .dwattr $C$DW$107, DW_AT_location[DW_OP_regx 0x4e]
     837                      .dwendtag $C$DW$CU
     838              

No Assembly Errors, No Assembly Warnings
