TMS320C2000 Assembler PC v6.2.5 Wed Jun 21 14:56:43 2017

Tools Copyright (c) 1996-2014 Texas Instruments Incorporated
C:\Users\wmj\AppData\Local\Temp\0293210                              PAGE    1

       1              ;***************************************************************
       2              ;* TMS320C2000 C/C++ Codegen                         PC v6.2.5 *
       3              ;* Date/Time created: Wed Jun 21 14:56:43 2017                 *
       4              ;***************************************************************
       5                      .compiler_opts --float_support=softlib --hll_source=on --mem_model:code=flat --mem_model:data=large -
       6        0002  FP      .set    XAR2
       7              
       8              $C$DW$CU        .dwtag  DW_TAG_compile_unit
       9                      .dwattr $C$DW$CU, DW_AT_name("C:/ti/motorware/motorware_1_01_00_18/sw/drivers/pwr/src/32b/f28x/f2802x
      10                      .dwattr $C$DW$CU, DW_AT_producer("TMS320C2000 C/C++ Codegen PC v6.2.5 Copyright (c) 1996-2014 Texas I
      11                      .dwattr $C$DW$CU, DW_AT_TI_version(0x01)
      12                      .dwattr $C$DW$CU, DW_AT_comp_dir("C:\ti\motorware\motorware_1_01_00_18\sw\solutions\instaspin_foc\boa
      13              ;       c:\ti\ccsv6\tools\compiler\c2000_6.2.5\bin\opt2000.exe C:\\Users\\wmj\\AppData\\Local\\Temp\\029322 C
      14              ;       c:\ti\ccsv6\tools\compiler\c2000_6.2.5\bin\ac2000.exe -@C:\\Users\\wmj\\AppData\\Local\\Temp\\0293216
      15 00000000               .sect   ".text"
      16                      .clink
      17                      .global _PWR_setNumStandByClocks
      18              
      19              $C$DW$1 .dwtag  DW_TAG_subprogram, DW_AT_name("PWR_setNumStandByClocks")
      20                      .dwattr $C$DW$1, DW_AT_low_pc(_PWR_setNumStandByClocks)
      21                      .dwattr $C$DW$1, DW_AT_high_pc(0x00)
      22                      .dwattr $C$DW$1, DW_AT_TI_symbol_name("_PWR_setNumStandByClocks")
      23                      .dwattr $C$DW$1, DW_AT_external
      24                      .dwattr $C$DW$1, DW_AT_TI_begin_file("C:/ti/motorware/motorware_1_01_00_18/sw/drivers/pwr/src/32b/f28
      25                      .dwattr $C$DW$1, DW_AT_TI_begin_line(0x94)
      26                      .dwattr $C$DW$1, DW_AT_TI_begin_column(0x06)
      27                      .dwattr $C$DW$1, DW_AT_TI_max_frame_size(-2)
      28                      .dwpsn  file "C:/ti/motorware/motorware_1_01_00_18/sw/drivers/pwr/src/32b/f28x/f2802x/pwr.c",line 149
      29              
      30                      .dwfde $C$DW$CIE, _PWR_setNumStandByClocks
      31              $C$DW$2 .dwtag  DW_TAG_formal_parameter, DW_AT_name("pwrHandle")
      32                      .dwattr $C$DW$2, DW_AT_TI_symbol_name("_pwrHandle")
      33                      .dwattr $C$DW$2, DW_AT_type(*$C$DW$T$31)
      34                      .dwattr $C$DW$2, DW_AT_location[DW_OP_reg12]
      35              $C$DW$3 .dwtag  DW_TAG_formal_parameter, DW_AT_name("numClkCycles")
      36                      .dwattr $C$DW$3, DW_AT_TI_symbol_name("_numClkCycles")
      37                      .dwattr $C$DW$3, DW_AT_type(*$C$DW$T$28)
      38                      .dwattr $C$DW$3, DW_AT_location[DW_OP_reg0]
      39              
      40              ;***************************************************************
      41              ;* FNAME: _PWR_setNumStandByClocks      FR SIZE:   0           *
      42              ;*                                                             *
      43              ;* FUNCTION ENVIRONMENT                                        *
      44              ;*                                                             *
      45              ;* FUNCTION PROPERTIES                                         *
      46              ;*                            0 Parameter,  0 Auto,  0 SOE     *
      47              ;***************************************************************
      48              
      49              _PWR_setNumStandByClocks:
      50              ;* AL    assigned to _pwrHandle
      51              $C$DW$4 .dwtag  DW_TAG_variable, DW_AT_name("pwrHandle")
      52                      .dwattr $C$DW$4, DW_AT_TI_symbol_name("_pwrHandle")
      53                      .dwattr $C$DW$4, DW_AT_type(*$C$DW$T$32)
      54                      .dwattr $C$DW$4, DW_AT_location[DW_OP_reg0]
      55              ;* AR6   assigned to _numClkCycles
TMS320C2000 Assembler PC v6.2.5 Wed Jun 21 14:56:43 2017

Tools Copyright (c) 1996-2014 Texas Instruments Incorporated
C:\Users\wmj\AppData\Local\Temp\0293210                              PAGE    2

      56              $C$DW$5 .dwtag  DW_TAG_variable, DW_AT_name("numClkCycles")
      57                      .dwattr $C$DW$5, DW_AT_TI_symbol_name("_numClkCycles")
      58                      .dwattr $C$DW$5, DW_AT_type(*$C$DW$T$28)
      59                      .dwattr $C$DW$5, DW_AT_location[DW_OP_reg16]
      60                      .dwcfi  cfa_offset, -2
      61                      .dwcfi  save_reg_to_mem, 26, 0
      62                      .dwcfi  save_reg_to_reg, 78, 26
      63 00000000 88A9          MOVZ      AR6,AL                ; [CPU_] |149| 
      64 00000001 A8A9          MOVL      ACC,XAR4              ; [CPU_] |149| 
      65 00000002 7622   EALLOW
      66                      .dwpsn  file "C:/ti/motorware/motorware_1_01_00_18/sw/drivers/pwr/src/32b/f28x/f2802x/pwr.c",line 156
      67 00000003 8F00          MOVL      XAR4,#26265           ; [CPU_U] |156| 
         00000004 6699 
      68 00000005 5601          ADDL      XAR4,ACC              ; [CPU_] |156| 
         00000006 00A4 
      69 00000007 18C4          AND       *+XAR4[0],#0xff03     ; [CPU_] |156| 
         00000008 FF03 
      70                      .dwpsn  file "C:/ti/motorware/motorware_1_01_00_18/sw/drivers/pwr/src/32b/f28x/f2802x/pwr.c",line 159
      71 00000009 8F00          MOVL      XAR4,#26265           ; [CPU_U] |159| 
         0000000a 6699 
      72 0000000b 5601          ADDL      XAR4,ACC              ; [CPU_] |159| 
         0000000c 00A4 
      73 0000000d 92A6          MOV       AL,AR6                ; [CPU_] |159| 
      74 0000000e 98C4          OR        *+XAR4[0],AL          ; [CPU_] |159| 
      75 0000000f 761A   EDIS
      76 00000010 FF69          SPM       #0                    ; [CPU_] 
      77              $C$DW$6 .dwtag  DW_TAG_TI_branch
      78                      .dwattr $C$DW$6, DW_AT_low_pc(0x00)
      79                      .dwattr $C$DW$6, DW_AT_TI_return
      80 00000011 0006          LRETR     ; [CPU_] 
      81                      ; return occurs ; [] 
      82                      .dwattr $C$DW$1, DW_AT_TI_end_file("C:/ti/motorware/motorware_1_01_00_18/sw/drivers/pwr/src/32b/f28x/
      83                      .dwattr $C$DW$1, DW_AT_TI_end_line(0xa4)
      84                      .dwattr $C$DW$1, DW_AT_TI_end_column(0x01)
      85                      .dwendentry
      86                      .dwendtag $C$DW$1
      87              
      88 00000012               .sect   ".text"
      89                      .clink
      90                      .global _PWR_setLowPowerMode
      91              
      92              $C$DW$7 .dwtag  DW_TAG_subprogram, DW_AT_name("PWR_setLowPowerMode")
      93                      .dwattr $C$DW$7, DW_AT_low_pc(_PWR_setLowPowerMode)
      94                      .dwattr $C$DW$7, DW_AT_high_pc(0x00)
      95                      .dwattr $C$DW$7, DW_AT_TI_symbol_name("_PWR_setLowPowerMode")
      96                      .dwattr $C$DW$7, DW_AT_external
      97                      .dwattr $C$DW$7, DW_AT_TI_begin_file("C:/ti/motorware/motorware_1_01_00_18/sw/drivers/pwr/src/32b/f28
      98                      .dwattr $C$DW$7, DW_AT_TI_begin_line(0x80)
      99                      .dwattr $C$DW$7, DW_AT_TI_begin_column(0x06)
     100                      .dwattr $C$DW$7, DW_AT_TI_max_frame_size(-2)
     101                      .dwpsn  file "C:/ti/motorware/motorware_1_01_00_18/sw/drivers/pwr/src/32b/f28x/f2802x/pwr.c",line 129
     102              
     103                      .dwfde $C$DW$CIE, _PWR_setLowPowerMode
     104              $C$DW$8 .dwtag  DW_TAG_formal_parameter, DW_AT_name("pwrHandle")
     105                      .dwattr $C$DW$8, DW_AT_TI_symbol_name("_pwrHandle")
TMS320C2000 Assembler PC v6.2.5 Wed Jun 21 14:56:43 2017

Tools Copyright (c) 1996-2014 Texas Instruments Incorporated
C:\Users\wmj\AppData\Local\Temp\0293210                              PAGE    3

     106                      .dwattr $C$DW$8, DW_AT_type(*$C$DW$T$31)
     107                      .dwattr $C$DW$8, DW_AT_location[DW_OP_reg12]
     108              $C$DW$9 .dwtag  DW_TAG_formal_parameter, DW_AT_name("lowPowerMode")
     109                      .dwattr $C$DW$9, DW_AT_TI_symbol_name("_lowPowerMode")
     110                      .dwattr $C$DW$9, DW_AT_type(*$C$DW$T$25)
     111                      .dwattr $C$DW$9, DW_AT_location[DW_OP_reg0]
     112              
     113              ;***************************************************************
     114              ;* FNAME: _PWR_setLowPowerMode          FR SIZE:   0           *
     115              ;*                                                             *
     116              ;* FUNCTION ENVIRONMENT                                        *
     117              ;*                                                             *
     118              ;* FUNCTION PROPERTIES                                         *
     119              ;*                            0 Parameter,  0 Auto,  0 SOE     *
     120              ;***************************************************************
     121              
     122              _PWR_setLowPowerMode:
     123              ;* AL    assigned to _pwrHandle
     124              $C$DW$10        .dwtag  DW_TAG_variable, DW_AT_name("pwrHandle")
     125                      .dwattr $C$DW$10, DW_AT_TI_symbol_name("_pwrHandle")
     126                      .dwattr $C$DW$10, DW_AT_type(*$C$DW$T$32)
     127                      .dwattr $C$DW$10, DW_AT_location[DW_OP_reg0]
     128              ;* AR6   assigned to _lowPowerMode
     129              $C$DW$11        .dwtag  DW_TAG_variable, DW_AT_name("lowPowerMode")
     130                      .dwattr $C$DW$11, DW_AT_TI_symbol_name("_lowPowerMode")
     131                      .dwattr $C$DW$11, DW_AT_type(*$C$DW$T$25)
     132                      .dwattr $C$DW$11, DW_AT_location[DW_OP_reg16]
     133                      .dwcfi  cfa_offset, -2
     134                      .dwcfi  save_reg_to_mem, 26, 0
     135                      .dwcfi  save_reg_to_reg, 78, 26
     136 00000012 88A9          MOVZ      AR6,AL                ; [CPU_] |129| 
     137 00000013 A8A9          MOVL      ACC,XAR4              ; [CPU_] |129| 
     138 00000014 7622   EALLOW
     139                      .dwpsn  file "C:/ti/motorware/motorware_1_01_00_18/sw/drivers/pwr/src/32b/f28x/f2802x/pwr.c",line 137
     140 00000015 8F00          MOVL      XAR4,#26265           ; [CPU_U] |137| 
         00000016 6699 
     141 00000017 5601          ADDL      XAR4,ACC              ; [CPU_] |137| 
         00000018 00A4 
     142 00000019 18C4          AND       *+XAR4[0],#0xfffc     ; [CPU_] |137| 
         0000001a FFFC 
     143                      .dwpsn  file "C:/ti/motorware/motorware_1_01_00_18/sw/drivers/pwr/src/32b/f28x/f2802x/pwr.c",line 140
     144 0000001b 8F00          MOVL      XAR4,#26265           ; [CPU_U] |140| 
         0000001c 6699 
     145 0000001d 5601          ADDL      XAR4,ACC              ; [CPU_] |140| 
         0000001e 00A4 
     146 0000001f 92A6          MOV       AL,AR6                ; [CPU_] |140| 
     147 00000020 98C4          OR        *+XAR4[0],AL          ; [CPU_] |140| 
     148 00000021 761A   EDIS
     149 00000022 FF69          SPM       #0                    ; [CPU_] 
     150              $C$DW$12        .dwtag  DW_TAG_TI_branch
     151                      .dwattr $C$DW$12, DW_AT_low_pc(0x00)
     152                      .dwattr $C$DW$12, DW_AT_TI_return
     153 00000023 0006          LRETR     ; [CPU_] 
     154                      ; return occurs ; [] 
     155                      .dwattr $C$DW$7, DW_AT_TI_end_file("C:/ti/motorware/motorware_1_01_00_18/sw/drivers/pwr/src/32b/f28x/
TMS320C2000 Assembler PC v6.2.5 Wed Jun 21 14:56:43 2017

Tools Copyright (c) 1996-2014 Texas Instruments Incorporated
C:\Users\wmj\AppData\Local\Temp\0293210                              PAGE    4

     156                      .dwattr $C$DW$7, DW_AT_TI_end_line(0x91)
     157                      .dwattr $C$DW$7, DW_AT_TI_end_column(0x01)
     158                      .dwendentry
     159                      .dwendtag $C$DW$7
     160              
     161 00000024               .sect   ".text"
     162                      .clink
     163                      .global _PWR_init
     164              
     165              $C$DW$13        .dwtag  DW_TAG_subprogram, DW_AT_name("PWR_init")
     166                      .dwattr $C$DW$13, DW_AT_low_pc(_PWR_init)
     167                      .dwattr $C$DW$13, DW_AT_high_pc(0x00)
     168                      .dwattr $C$DW$13, DW_AT_TI_symbol_name("_PWR_init")
     169                      .dwattr $C$DW$13, DW_AT_external
     170                      .dwattr $C$DW$13, DW_AT_type(*$C$DW$T$31)
     171                      .dwattr $C$DW$13, DW_AT_TI_begin_file("C:/ti/motorware/motorware_1_01_00_18/sw/drivers/pwr/src/32b/f2
     172                      .dwattr $C$DW$13, DW_AT_TI_begin_line(0x71)
     173                      .dwattr $C$DW$13, DW_AT_TI_begin_column(0x0c)
     174                      .dwattr $C$DW$13, DW_AT_TI_max_frame_size(-2)
     175                      .dwpsn  file "C:/ti/motorware/motorware_1_01_00_18/sw/drivers/pwr/src/32b/f28x/f2802x/pwr.c",line 114
     176              
     177                      .dwfde $C$DW$CIE, _PWR_init
     178              $C$DW$14        .dwtag  DW_TAG_formal_parameter, DW_AT_name("pMemory")
     179                      .dwattr $C$DW$14, DW_AT_TI_symbol_name("_pMemory")
     180                      .dwattr $C$DW$14, DW_AT_type(*$C$DW$T$3)
     181                      .dwattr $C$DW$14, DW_AT_location[DW_OP_reg12]
     182              $C$DW$15        .dwtag  DW_TAG_formal_parameter, DW_AT_name("numBytes")
     183                      .dwattr $C$DW$15, DW_AT_TI_symbol_name("_numBytes")
     184                      .dwattr $C$DW$15, DW_AT_type(*$C$DW$T$34)
     185                      .dwattr $C$DW$15, DW_AT_location[DW_OP_reg0]
     186              
     187              ;***************************************************************
     188              ;* FNAME: _PWR_init                     FR SIZE:   0           *
     189              ;*                                                             *
     190              ;* FUNCTION ENVIRONMENT                                        *
     191              ;*                                                             *
     192              ;* FUNCTION PROPERTIES                                         *
     193              ;*                            0 Parameter,  0 Auto,  0 SOE     *
     194              ;***************************************************************
     195              
     196              _PWR_init:
     197              ;* AR6   assigned to _numBytes
     198              $C$DW$16        .dwtag  DW_TAG_variable, DW_AT_name("numBytes")
     199                      .dwattr $C$DW$16, DW_AT_TI_symbol_name("_numBytes")
     200                      .dwattr $C$DW$16, DW_AT_type(*$C$DW$T$34)
     201                      .dwattr $C$DW$16, DW_AT_location[DW_OP_reg16]
     202              ;* AR4   assigned to _pMemory
     203              $C$DW$17        .dwtag  DW_TAG_variable, DW_AT_name("pMemory")
     204                      .dwattr $C$DW$17, DW_AT_TI_symbol_name("_pMemory")
     205                      .dwattr $C$DW$17, DW_AT_type(*$C$DW$T$38)
     206                      .dwattr $C$DW$17, DW_AT_location[DW_OP_reg12]
     207                      .dwcfi  cfa_offset, -2
     208                      .dwcfi  save_reg_to_mem, 26, 0
     209                      .dwcfi  save_reg_to_reg, 78, 26
     210 00000024 1EA6          MOVL      XAR6,ACC              ; [CPU_] |114| 
TMS320C2000 Assembler PC v6.2.5 Wed Jun 21 14:56:43 2017

Tools Copyright (c) 1996-2014 Texas Instruments Incorporated
C:\Users\wmj\AppData\Local\Temp\0293210                              PAGE    5

     211                      .dwpsn  file "C:/ti/motorware/motorware_1_01_00_18/sw/drivers/pwr/src/32b/f28x/f2802x/pwr.c",line 119
     212 00000025 FF20          MOV       ACC,#26266            ; [CPU_] |119| 
         00000026 669A 
     213 00000027 0FA6          CMPL      ACC,XAR6              ; [CPU_] |119| 
     214 00000028 6902          B         $C$L1,LOS             ; [CPU_] |119| 
     215                      ; branchcc occurs ; [] |119| 
     216 00000029 D400          MOVB      XAR4,#0               ; [CPU_] |119| 
     217              $C$L1:    
     218              $C$DW$18        .dwtag  DW_TAG_TI_branch
     219                      .dwattr $C$DW$18, DW_AT_low_pc(0x00)
     220                      .dwattr $C$DW$18, DW_AT_TI_return
     221 0000002a 0006          LRETR     ; [CPU_] 
     222                      ; return occurs ; [] 
     223                      .dwattr $C$DW$13, DW_AT_TI_end_file("C:/ti/motorware/motorware_1_01_00_18/sw/drivers/pwr/src/32b/f28x
     224                      .dwattr $C$DW$13, DW_AT_TI_end_line(0x7d)
     225                      .dwattr $C$DW$13, DW_AT_TI_end_column(0x01)
     226                      .dwendentry
     227                      .dwendtag $C$DW$13
     228              
     229 0000002b               .sect   ".text"
     230                      .clink
     231                      .global _PWR_enableWatchDogInt
     232              
     233              $C$DW$19        .dwtag  DW_TAG_subprogram, DW_AT_name("PWR_enableWatchDogInt")
     234                      .dwattr $C$DW$19, DW_AT_low_pc(_PWR_enableWatchDogInt)
     235                      .dwattr $C$DW$19, DW_AT_high_pc(0x00)
     236                      .dwattr $C$DW$19, DW_AT_TI_symbol_name("_PWR_enableWatchDogInt")
     237                      .dwattr $C$DW$19, DW_AT_external
     238                      .dwattr $C$DW$19, DW_AT_TI_begin_file("C:/ti/motorware/motorware_1_01_00_18/sw/drivers/pwr/src/32b/f2
     239                      .dwattr $C$DW$19, DW_AT_TI_begin_line(0x61)
     240                      .dwattr $C$DW$19, DW_AT_TI_begin_column(0x06)
     241                      .dwattr $C$DW$19, DW_AT_TI_max_frame_size(-2)
     242                      .dwpsn  file "C:/ti/motorware/motorware_1_01_00_18/sw/drivers/pwr/src/32b/f28x/f2802x/pwr.c",line 98,
     243              
     244                      .dwfde $C$DW$CIE, _PWR_enableWatchDogInt
     245              $C$DW$20        .dwtag  DW_TAG_formal_parameter, DW_AT_name("pwrHandle")
     246                      .dwattr $C$DW$20, DW_AT_TI_symbol_name("_pwrHandle")
     247                      .dwattr $C$DW$20, DW_AT_type(*$C$DW$T$31)
     248                      .dwattr $C$DW$20, DW_AT_location[DW_OP_reg12]
     249              
     250              ;***************************************************************
     251              ;* FNAME: _PWR_enableWatchDogInt        FR SIZE:   0           *
     252              ;*                                                             *
     253              ;* FUNCTION ENVIRONMENT                                        *
     254              ;*                                                             *
     255              ;* FUNCTION PROPERTIES                                         *
     256              ;*                            0 Parameter,  0 Auto,  0 SOE     *
     257              ;***************************************************************
     258              
     259              _PWR_enableWatchDogInt:
     260              ;* AL    assigned to _pwrHandle
     261              $C$DW$21        .dwtag  DW_TAG_variable, DW_AT_name("pwrHandle")
     262                      .dwattr $C$DW$21, DW_AT_TI_symbol_name("_pwrHandle")
     263                      .dwattr $C$DW$21, DW_AT_type(*$C$DW$T$32)
     264                      .dwattr $C$DW$21, DW_AT_location[DW_OP_reg0]
TMS320C2000 Assembler PC v6.2.5 Wed Jun 21 14:56:43 2017

Tools Copyright (c) 1996-2014 Texas Instruments Incorporated
C:\Users\wmj\AppData\Local\Temp\0293210                              PAGE    6

     265                      .dwcfi  cfa_offset, -2
     266                      .dwcfi  save_reg_to_mem, 26, 0
     267                      .dwcfi  save_reg_to_reg, 78, 26
     268 0000002b A8A9          MOVL      ACC,XAR4              ; [CPU_] |98| 
     269 0000002c 7622   EALLOW
     270                      .dwpsn  file "C:/ti/motorware/motorware_1_01_00_18/sw/drivers/pwr/src/32b/f28x/f2802x/pwr.c",line 105
     271 0000002d 8F00          MOVL      XAR4,#26265           ; [CPU_U] |105| 
         0000002e 6699 
     272 0000002f 5601          ADDL      XAR4,ACC              ; [CPU_] |105| 
         00000030 00A4 
     273 00000031 1AC4          OR        *+XAR4[0],#0x8000     ; [CPU_] |105| 
         00000032 8000 
     274 00000033 761A   EDIS
     275 00000034 FF69          SPM       #0                    ; [CPU_] 
     276              $C$DW$22        .dwtag  DW_TAG_TI_branch
     277                      .dwattr $C$DW$22, DW_AT_low_pc(0x00)
     278                      .dwattr $C$DW$22, DW_AT_TI_return
     279 00000035 0006          LRETR     ; [CPU_] 
     280                      ; return occurs ; [] 
     281                      .dwattr $C$DW$19, DW_AT_TI_end_file("C:/ti/motorware/motorware_1_01_00_18/sw/drivers/pwr/src/32b/f28x
     282                      .dwattr $C$DW$19, DW_AT_TI_end_line(0x6e)
     283                      .dwattr $C$DW$19, DW_AT_TI_end_column(0x01)
     284                      .dwendentry
     285                      .dwendtag $C$DW$19
     286              
     287 00000036               .sect   ".text"
     288                      .clink
     289                      .global _PWR_enableBrownOutReset
     290              
     291              $C$DW$23        .dwtag  DW_TAG_subprogram, DW_AT_name("PWR_enableBrownOutReset")
     292                      .dwattr $C$DW$23, DW_AT_low_pc(_PWR_enableBrownOutReset)
     293                      .dwattr $C$DW$23, DW_AT_high_pc(0x00)
     294                      .dwattr $C$DW$23, DW_AT_TI_symbol_name("_PWR_enableBrownOutReset")
     295                      .dwattr $C$DW$23, DW_AT_external
     296                      .dwattr $C$DW$23, DW_AT_TI_begin_file("C:/ti/motorware/motorware_1_01_00_18/sw/drivers/pwr/src/32b/f2
     297                      .dwattr $C$DW$23, DW_AT_TI_begin_line(0x55)
     298                      .dwattr $C$DW$23, DW_AT_TI_begin_column(0x06)
     299                      .dwattr $C$DW$23, DW_AT_TI_max_frame_size(-2)
     300                      .dwpsn  file "C:/ti/motorware/motorware_1_01_00_18/sw/drivers/pwr/src/32b/f28x/f2802x/pwr.c",line 86,
     301              
     302                      .dwfde $C$DW$CIE, _PWR_enableBrownOutReset
     303              $C$DW$24        .dwtag  DW_TAG_formal_parameter, DW_AT_name("pwrHandle")
     304                      .dwattr $C$DW$24, DW_AT_TI_symbol_name("_pwrHandle")
     305                      .dwattr $C$DW$24, DW_AT_type(*$C$DW$T$31)
     306                      .dwattr $C$DW$24, DW_AT_location[DW_OP_reg12]
     307              
     308              ;***************************************************************
     309              ;* FNAME: _PWR_enableBrownOutReset      FR SIZE:   0           *
     310              ;*                                                             *
     311              ;* FUNCTION ENVIRONMENT                                        *
     312              ;*                                                             *
     313              ;* FUNCTION PROPERTIES                                         *
     314              ;*                            0 Parameter,  0 Auto,  0 SOE     *
     315              ;***************************************************************
     316              
TMS320C2000 Assembler PC v6.2.5 Wed Jun 21 14:56:43 2017

Tools Copyright (c) 1996-2014 Texas Instruments Incorporated
C:\Users\wmj\AppData\Local\Temp\0293210                              PAGE    7

     317              _PWR_enableBrownOutReset:
     318              ;* AR4   assigned to _pwrHandle
     319              $C$DW$25        .dwtag  DW_TAG_variable, DW_AT_name("pwrHandle")
     320                      .dwattr $C$DW$25, DW_AT_TI_symbol_name("_pwrHandle")
     321                      .dwattr $C$DW$25, DW_AT_type(*$C$DW$T$32)
     322                      .dwattr $C$DW$25, DW_AT_location[DW_OP_reg12]
     323                      .dwcfi  cfa_offset, -2
     324                      .dwcfi  save_reg_to_mem, 26, 0
     325                      .dwcfi  save_reg_to_reg, 78, 26
     326                      .dwpsn  file "C:/ti/motorware/motorware_1_01_00_18/sw/drivers/pwr/src/32b/f28x/f2802x/pwr.c",line 91,
     327 00000036 18C4          AND       *+XAR4[0],#0xfffe     ; [CPU_] |91| 
         00000037 FFFE 
     328              $C$DW$26        .dwtag  DW_TAG_TI_branch
     329                      .dwattr $C$DW$26, DW_AT_low_pc(0x00)
     330                      .dwattr $C$DW$26, DW_AT_TI_return
     331 00000038 0006          LRETR     ; [CPU_] 
     332                      ; return occurs ; [] 
     333                      .dwattr $C$DW$23, DW_AT_TI_end_file("C:/ti/motorware/motorware_1_01_00_18/sw/drivers/pwr/src/32b/f28x
     334                      .dwattr $C$DW$23, DW_AT_TI_end_line(0x5e)
     335                      .dwattr $C$DW$23, DW_AT_TI_end_column(0x01)
     336                      .dwendentry
     337                      .dwendtag $C$DW$23
     338              
     339 00000039               .sect   ".text"
     340                      .clink
     341                      .global _PWR_disableWatchDogInt
     342              
     343              $C$DW$27        .dwtag  DW_TAG_subprogram, DW_AT_name("PWR_disableWatchDogInt")
     344                      .dwattr $C$DW$27, DW_AT_low_pc(_PWR_disableWatchDogInt)
     345                      .dwattr $C$DW$27, DW_AT_high_pc(0x00)
     346                      .dwattr $C$DW$27, DW_AT_TI_symbol_name("_PWR_disableWatchDogInt")
     347                      .dwattr $C$DW$27, DW_AT_external
     348                      .dwattr $C$DW$27, DW_AT_TI_begin_file("C:/ti/motorware/motorware_1_01_00_18/sw/drivers/pwr/src/32b/f2
     349                      .dwattr $C$DW$27, DW_AT_TI_begin_line(0x45)
     350                      .dwattr $C$DW$27, DW_AT_TI_begin_column(0x06)
     351                      .dwattr $C$DW$27, DW_AT_TI_max_frame_size(-2)
     352                      .dwpsn  file "C:/ti/motorware/motorware_1_01_00_18/sw/drivers/pwr/src/32b/f28x/f2802x/pwr.c",line 70,
     353              
     354                      .dwfde $C$DW$CIE, _PWR_disableWatchDogInt
     355              $C$DW$28        .dwtag  DW_TAG_formal_parameter, DW_AT_name("pwrHandle")
     356                      .dwattr $C$DW$28, DW_AT_TI_symbol_name("_pwrHandle")
     357                      .dwattr $C$DW$28, DW_AT_type(*$C$DW$T$31)
     358                      .dwattr $C$DW$28, DW_AT_location[DW_OP_reg12]
     359              
     360              ;***************************************************************
     361              ;* FNAME: _PWR_disableWatchDogInt       FR SIZE:   0           *
     362              ;*                                                             *
     363              ;* FUNCTION ENVIRONMENT                                        *
     364              ;*                                                             *
     365              ;* FUNCTION PROPERTIES                                         *
     366              ;*                            0 Parameter,  0 Auto,  0 SOE     *
     367              ;***************************************************************
     368              
     369              _PWR_disableWatchDogInt:
     370              ;* AL    assigned to _pwrHandle
TMS320C2000 Assembler PC v6.2.5 Wed Jun 21 14:56:43 2017

Tools Copyright (c) 1996-2014 Texas Instruments Incorporated
C:\Users\wmj\AppData\Local\Temp\0293210                              PAGE    8

     371              $C$DW$29        .dwtag  DW_TAG_variable, DW_AT_name("pwrHandle")
     372                      .dwattr $C$DW$29, DW_AT_TI_symbol_name("_pwrHandle")
     373                      .dwattr $C$DW$29, DW_AT_type(*$C$DW$T$32)
     374                      .dwattr $C$DW$29, DW_AT_location[DW_OP_reg0]
     375                      .dwcfi  cfa_offset, -2
     376                      .dwcfi  save_reg_to_mem, 26, 0
     377                      .dwcfi  save_reg_to_reg, 78, 26
     378 00000039 A8A9          MOVL      ACC,XAR4              ; [CPU_] |70| 
     379 0000003a 7622   EALLOW
     380                      .dwpsn  file "C:/ti/motorware/motorware_1_01_00_18/sw/drivers/pwr/src/32b/f28x/f2802x/pwr.c",line 77,
     381 0000003b 8F00          MOVL      XAR4,#26265           ; [CPU_U] |77| 
         0000003c 6699 
     382 0000003d 5601          ADDL      XAR4,ACC              ; [CPU_] |77| 
         0000003e 00A4 
     383 0000003f 18C4          AND       *+XAR4[0],#0x7fff     ; [CPU_] |77| 
         00000040 7FFF 
     384 00000041 761A   EDIS
     385 00000042 FF69          SPM       #0                    ; [CPU_] 
     386              $C$DW$30        .dwtag  DW_TAG_TI_branch
     387                      .dwattr $C$DW$30, DW_AT_low_pc(0x00)
     388                      .dwattr $C$DW$30, DW_AT_TI_return
     389 00000043 0006          LRETR     ; [CPU_] 
     390                      ; return occurs ; [] 
     391                      .dwattr $C$DW$27, DW_AT_TI_end_file("C:/ti/motorware/motorware_1_01_00_18/sw/drivers/pwr/src/32b/f28x
     392                      .dwattr $C$DW$27, DW_AT_TI_end_line(0x52)
     393                      .dwattr $C$DW$27, DW_AT_TI_end_column(0x01)
     394                      .dwendentry
     395                      .dwendtag $C$DW$27
     396              
     397 00000044               .sect   ".text"
     398                      .clink
     399                      .global _PWR_disableBrownOutReset
     400              
     401              $C$DW$31        .dwtag  DW_TAG_subprogram, DW_AT_name("PWR_disableBrownOutReset")
     402                      .dwattr $C$DW$31, DW_AT_low_pc(_PWR_disableBrownOutReset)
     403                      .dwattr $C$DW$31, DW_AT_high_pc(0x00)
     404                      .dwattr $C$DW$31, DW_AT_TI_symbol_name("_PWR_disableBrownOutReset")
     405                      .dwattr $C$DW$31, DW_AT_external
     406                      .dwattr $C$DW$31, DW_AT_TI_begin_file("C:/ti/motorware/motorware_1_01_00_18/sw/drivers/pwr/src/32b/f2
     407                      .dwattr $C$DW$31, DW_AT_TI_begin_line(0x39)
     408                      .dwattr $C$DW$31, DW_AT_TI_begin_column(0x06)
     409                      .dwattr $C$DW$31, DW_AT_TI_max_frame_size(-2)
     410                      .dwpsn  file "C:/ti/motorware/motorware_1_01_00_18/sw/drivers/pwr/src/32b/f28x/f2802x/pwr.c",line 58,
     411              
     412                      .dwfde $C$DW$CIE, _PWR_disableBrownOutReset
     413              $C$DW$32        .dwtag  DW_TAG_formal_parameter, DW_AT_name("pwrHandle")
     414                      .dwattr $C$DW$32, DW_AT_TI_symbol_name("_pwrHandle")
     415                      .dwattr $C$DW$32, DW_AT_type(*$C$DW$T$31)
     416                      .dwattr $C$DW$32, DW_AT_location[DW_OP_reg12]
     417              
     418              ;***************************************************************
     419              ;* FNAME: _PWR_disableBrownOutReset     FR SIZE:   0           *
     420              ;*                                                             *
     421              ;* FUNCTION ENVIRONMENT                                        *
     422              ;*                                                             *
TMS320C2000 Assembler PC v6.2.5 Wed Jun 21 14:56:43 2017

Tools Copyright (c) 1996-2014 Texas Instruments Incorporated
C:\Users\wmj\AppData\Local\Temp\0293210                              PAGE    9

     423              ;* FUNCTION PROPERTIES                                         *
     424              ;*                            0 Parameter,  0 Auto,  0 SOE     *
     425              ;***************************************************************
     426              
     427              _PWR_disableBrownOutReset:
     428              ;* AR4   assigned to _pwrHandle
     429              $C$DW$33        .dwtag  DW_TAG_variable, DW_AT_name("pwrHandle")
     430                      .dwattr $C$DW$33, DW_AT_TI_symbol_name("_pwrHandle")
     431                      .dwattr $C$DW$33, DW_AT_type(*$C$DW$T$32)
     432                      .dwattr $C$DW$33, DW_AT_location[DW_OP_reg12]
     433                      .dwcfi  cfa_offset, -2
     434                      .dwcfi  save_reg_to_mem, 26, 0
     435                      .dwcfi  save_reg_to_reg, 78, 26
     436                      .dwpsn  file "C:/ti/motorware/motorware_1_01_00_18/sw/drivers/pwr/src/32b/f28x/f2802x/pwr.c",line 63,
     437 00000044 1AC4          OR        *+XAR4[0],#0x0001     ; [CPU_] |63| 
         00000045 0001 
     438              $C$DW$34        .dwtag  DW_TAG_TI_branch
     439                      .dwattr $C$DW$34, DW_AT_low_pc(0x00)
     440                      .dwattr $C$DW$34, DW_AT_TI_return
     441 00000046 0006          LRETR     ; [CPU_] 
     442                      ; return occurs ; [] 
     443                      .dwattr $C$DW$31, DW_AT_TI_end_file("C:/ti/motorware/motorware_1_01_00_18/sw/drivers/pwr/src/32b/f28x
     444                      .dwattr $C$DW$31, DW_AT_TI_end_line(0x42)
     445                      .dwattr $C$DW$31, DW_AT_TI_end_column(0x01)
     446                      .dwendentry
     447                      .dwendtag $C$DW$31
     448              
     449              
     450              ;***************************************************************
     451              ;* TYPE INFORMATION                                            *
     452              ;***************************************************************
     453              
     454              $C$DW$T$23      .dwtag  DW_TAG_enumeration_type
     455                      .dwattr $C$DW$T$23, DW_AT_byte_size(0x01)
     456              $C$DW$35        .dwtag  DW_TAG_enumerator, DW_AT_name("PWR_LowPowerMode_Idle"), DW_AT_const_value(0x00)
     457              $C$DW$36        .dwtag  DW_TAG_enumerator, DW_AT_name("PWR_LowPowerMode_Standby"), DW_AT_const_value(0x01)
     458              $C$DW$37        .dwtag  DW_TAG_enumerator, DW_AT_name("PWR_LowPowerMode_Halt"), DW_AT_const_value(0x02)
     459                      .dwendtag $C$DW$T$23
     460              
     461              $C$DW$T$24      .dwtag  DW_TAG_typedef, DW_AT_name("PWR_LowPowerMode_e")
     462                      .dwattr $C$DW$T$24, DW_AT_type(*$C$DW$T$23)
     463                      .dwattr $C$DW$T$24, DW_AT_language(DW_LANG_C)
     464              $C$DW$38        .dwtag  DW_TAG_TI_far_type
     465                      .dwattr $C$DW$38, DW_AT_type(*$C$DW$T$24)
     466              $C$DW$T$25      .dwtag  DW_TAG_const_type
     467                      .dwattr $C$DW$T$25, DW_AT_type(*$C$DW$38)
     468              
     469              $C$DW$T$26      .dwtag  DW_TAG_enumeration_type
     470                      .dwattr $C$DW$T$26, DW_AT_byte_size(0x01)
     471              $C$DW$39        .dwtag  DW_TAG_enumerator, DW_AT_name("PWR_NumStandByClocks_2"), DW_AT_const_value(0x00)
     472              $C$DW$40        .dwtag  DW_TAG_enumerator, DW_AT_name("PWR_NumStandByClocks_3"), DW_AT_const_value(0x04)
     473              $C$DW$41        .dwtag  DW_TAG_enumerator, DW_AT_name("PWR_NumStandByClocks_4"), DW_AT_const_value(0x08)
     474              $C$DW$42        .dwtag  DW_TAG_enumerator, DW_AT_name("PWR_NumStandByClocks_5"), DW_AT_const_value(0x0c)
     475              $C$DW$43        .dwtag  DW_TAG_enumerator, DW_AT_name("PWR_NumStandByClocks_6"), DW_AT_const_value(0x10)
     476              $C$DW$44        .dwtag  DW_TAG_enumerator, DW_AT_name("PWR_NumStandByClocks_7"), DW_AT_const_value(0x14)
TMS320C2000 Assembler PC v6.2.5 Wed Jun 21 14:56:43 2017

Tools Copyright (c) 1996-2014 Texas Instruments Incorporated
C:\Users\wmj\AppData\Local\Temp\0293210                              PAGE   10

     477              $C$DW$45        .dwtag  DW_TAG_enumerator, DW_AT_name("PWR_NumStandByClocks_8"), DW_AT_const_value(0x18)
     478              $C$DW$46        .dwtag  DW_TAG_enumerator, DW_AT_name("PWR_NumStandByClocks_9"), DW_AT_const_value(0x1c)
     479              $C$DW$47        .dwtag  DW_TAG_enumerator, DW_AT_name("PWR_NumStandByClocks_10"), DW_AT_const_value(0x20)
     480              $C$DW$48        .dwtag  DW_TAG_enumerator, DW_AT_name("PWR_NumStandByClocks_11"), DW_AT_const_value(0x24)
     481              $C$DW$49        .dwtag  DW_TAG_enumerator, DW_AT_name("PWR_NumStandByClocks_12"), DW_AT_const_value(0x28)
     482              $C$DW$50        .dwtag  DW_TAG_enumerator, DW_AT_name("PWR_NumStandByClocks_13"), DW_AT_const_value(0x2c)
     483              $C$DW$51        .dwtag  DW_TAG_enumerator, DW_AT_name("PWR_NumStandByClocks_14"), DW_AT_const_value(0x30)
     484              $C$DW$52        .dwtag  DW_TAG_enumerator, DW_AT_name("PWR_NumStandByClocks_15"), DW_AT_const_value(0x34)
     485              $C$DW$53        .dwtag  DW_TAG_enumerator, DW_AT_name("PWR_NumStandByClocks_16"), DW_AT_const_value(0x38)
     486              $C$DW$54        .dwtag  DW_TAG_enumerator, DW_AT_name("PWR_NumStandByClocks_17"), DW_AT_const_value(0x3c)
     487              $C$DW$55        .dwtag  DW_TAG_enumerator, DW_AT_name("PWR_NumStandByClocks_18"), DW_AT_const_value(0x40)
     488              $C$DW$56        .dwtag  DW_TAG_enumerator, DW_AT_name("PWR_NumStandByClocks_19"), DW_AT_const_value(0x44)
     489              $C$DW$57        .dwtag  DW_TAG_enumerator, DW_AT_name("PWR_NumStandByClocks_20"), DW_AT_const_value(0x48)
     490              $C$DW$58        .dwtag  DW_TAG_enumerator, DW_AT_name("PWR_NumStandByClocks_21"), DW_AT_const_value(0x4c)
     491              $C$DW$59        .dwtag  DW_TAG_enumerator, DW_AT_name("PWR_NumStandByClocks_22"), DW_AT_const_value(0x50)
     492              $C$DW$60        .dwtag  DW_TAG_enumerator, DW_AT_name("PWR_NumStandByClocks_23"), DW_AT_const_value(0x54)
     493              $C$DW$61        .dwtag  DW_TAG_enumerator, DW_AT_name("PWR_NumStandByClocks_24"), DW_AT_const_value(0x58)
     494              $C$DW$62        .dwtag  DW_TAG_enumerator, DW_AT_name("PWR_NumStandByClocks_25"), DW_AT_const_value(0x5c)
     495              $C$DW$63        .dwtag  DW_TAG_enumerator, DW_AT_name("PWR_NumStandByClocks_26"), DW_AT_const_value(0x60)
     496              $C$DW$64        .dwtag  DW_TAG_enumerator, DW_AT_name("PWR_NumStandByClocks_27"), DW_AT_const_value(0x64)
     497              $C$DW$65        .dwtag  DW_TAG_enumerator, DW_AT_name("PWR_NumStandByClocks_28"), DW_AT_const_value(0x68)
     498              $C$DW$66        .dwtag  DW_TAG_enumerator, DW_AT_name("PWR_NumStandByClocks_29"), DW_AT_const_value(0x6c)
     499              $C$DW$67        .dwtag  DW_TAG_enumerator, DW_AT_name("PWR_NumStandByClocks_30"), DW_AT_const_value(0x70)
     500              $C$DW$68        .dwtag  DW_TAG_enumerator, DW_AT_name("PWR_NumStandByClocks_31"), DW_AT_const_value(0x74)
     501              $C$DW$69        .dwtag  DW_TAG_enumerator, DW_AT_name("PWR_NumStandByClocks_32"), DW_AT_const_value(0x78)
     502              $C$DW$70        .dwtag  DW_TAG_enumerator, DW_AT_name("PWR_NumStandByClocks_33"), DW_AT_const_value(0x7c)
     503              $C$DW$71        .dwtag  DW_TAG_enumerator, DW_AT_name("PWR_NumStandByClocks_34"), DW_AT_const_value(0x80)
     504              $C$DW$72        .dwtag  DW_TAG_enumerator, DW_AT_name("PWR_NumStandByClocks_35"), DW_AT_const_value(0x84)
     505              $C$DW$73        .dwtag  DW_TAG_enumerator, DW_AT_name("PWR_NumStandByClocks_36"), DW_AT_const_value(0x88)
     506              $C$DW$74        .dwtag  DW_TAG_enumerator, DW_AT_name("PWR_NumStandByClocks_37"), DW_AT_const_value(0x8c)
     507              $C$DW$75        .dwtag  DW_TAG_enumerator, DW_AT_name("PWR_NumStandByClocks_38"), DW_AT_const_value(0x90)
     508              $C$DW$76        .dwtag  DW_TAG_enumerator, DW_AT_name("PWR_NumStandByClocks_39"), DW_AT_const_value(0x94)
     509              $C$DW$77        .dwtag  DW_TAG_enumerator, DW_AT_name("PWR_NumStandByClocks_40"), DW_AT_const_value(0x98)
     510              $C$DW$78        .dwtag  DW_TAG_enumerator, DW_AT_name("PWR_NumStandByClocks_41"), DW_AT_const_value(0x9c)
     511              $C$DW$79        .dwtag  DW_TAG_enumerator, DW_AT_name("PWR_NumStandByClocks_42"), DW_AT_const_value(0xa0)
     512              $C$DW$80        .dwtag  DW_TAG_enumerator, DW_AT_name("PWR_NumStandByClocks_43"), DW_AT_const_value(0xa4)
     513              $C$DW$81        .dwtag  DW_TAG_enumerator, DW_AT_name("PWR_NumStandByClocks_44"), DW_AT_const_value(0xa8)
     514              $C$DW$82        .dwtag  DW_TAG_enumerator, DW_AT_name("PWR_NumStandByClocks_45"), DW_AT_const_value(0xac)
     515              $C$DW$83        .dwtag  DW_TAG_enumerator, DW_AT_name("PWR_NumStandByClocks_46"), DW_AT_const_value(0xb0)
     516              $C$DW$84        .dwtag  DW_TAG_enumerator, DW_AT_name("PWR_NumStandByClocks_47"), DW_AT_const_value(0xb4)
     517              $C$DW$85        .dwtag  DW_TAG_enumerator, DW_AT_name("PWR_NumStandByClocks_48"), DW_AT_const_value(0xb8)
     518              $C$DW$86        .dwtag  DW_TAG_enumerator, DW_AT_name("PWR_NumStandByClocks_49"), DW_AT_const_value(0xbc)
     519              $C$DW$87        .dwtag  DW_TAG_enumerator, DW_AT_name("PWR_NumStandByClocks_50"), DW_AT_const_value(0xc0)
     520              $C$DW$88        .dwtag  DW_TAG_enumerator, DW_AT_name("PWR_NumStandByClocks_51"), DW_AT_const_value(0xc4)
     521              $C$DW$89        .dwtag  DW_TAG_enumerator, DW_AT_name("PWR_NumStandByClocks_52"), DW_AT_const_value(0xc8)
     522              $C$DW$90        .dwtag  DW_TAG_enumerator, DW_AT_name("PWR_NumStandByClocks_53"), DW_AT_const_value(0xcc)
     523              $C$DW$91        .dwtag  DW_TAG_enumerator, DW_AT_name("PWR_NumStandByClocks_54"), DW_AT_const_value(0xd0)
     524              $C$DW$92        .dwtag  DW_TAG_enumerator, DW_AT_name("PWR_NumStandByClocks_55"), DW_AT_const_value(0xd4)
     525              $C$DW$93        .dwtag  DW_TAG_enumerator, DW_AT_name("PWR_NumStandByClocks_56"), DW_AT_const_value(0xd8)
     526              $C$DW$94        .dwtag  DW_TAG_enumerator, DW_AT_name("PWR_NumStandByClocks_57"), DW_AT_const_value(0xdc)
     527              $C$DW$95        .dwtag  DW_TAG_enumerator, DW_AT_name("PWR_NumStandByClocks_58"), DW_AT_const_value(0xe0)
     528              $C$DW$96        .dwtag  DW_TAG_enumerator, DW_AT_name("PWR_NumStandByClocks_59"), DW_AT_const_value(0xe4)
     529              $C$DW$97        .dwtag  DW_TAG_enumerator, DW_AT_name("PWR_NumStandByClocks_60"), DW_AT_const_value(0xe8)
     530              $C$DW$98        .dwtag  DW_TAG_enumerator, DW_AT_name("PWR_NumStandByClocks_61"), DW_AT_const_value(0xec)
     531              $C$DW$99        .dwtag  DW_TAG_enumerator, DW_AT_name("PWR_NumStandByClocks_62"), DW_AT_const_value(0xf0)
TMS320C2000 Assembler PC v6.2.5 Wed Jun 21 14:56:43 2017

Tools Copyright (c) 1996-2014 Texas Instruments Incorporated
C:\Users\wmj\AppData\Local\Temp\0293210                              PAGE   11

     532              $C$DW$100       .dwtag  DW_TAG_enumerator, DW_AT_name("PWR_NumStandByClocks_63"), DW_AT_const_value(0xf4)
     533              $C$DW$101       .dwtag  DW_TAG_enumerator, DW_AT_name("PWR_NumStandByClocks_64"), DW_AT_const_value(0xf8)
     534              $C$DW$102       .dwtag  DW_TAG_enumerator, DW_AT_name("PWR_NumStandByClocks_65"), DW_AT_const_value(0xfc)
     535                      .dwendtag $C$DW$T$26
     536              
     537              $C$DW$T$27      .dwtag  DW_TAG_typedef, DW_AT_name("PWR_NumStandByClocks_e")
     538                      .dwattr $C$DW$T$27, DW_AT_type(*$C$DW$T$26)
     539                      .dwattr $C$DW$T$27, DW_AT_language(DW_LANG_C)
     540              $C$DW$103       .dwtag  DW_TAG_TI_far_type
     541                      .dwattr $C$DW$103, DW_AT_type(*$C$DW$T$27)
     542              $C$DW$T$28      .dwtag  DW_TAG_const_type
     543                      .dwattr $C$DW$T$28, DW_AT_type(*$C$DW$103)
     544              
     545              $C$DW$T$22      .dwtag  DW_TAG_structure_type
     546                      .dwattr $C$DW$T$22, DW_AT_name("_PWR_Obj_")
     547                      .dwattr $C$DW$T$22, DW_AT_byte_size(0x669a)
     548              $C$DW$104       .dwtag  DW_TAG_member
     549                      .dwattr $C$DW$104, DW_AT_type(*$C$DW$T$20)
     550                      .dwattr $C$DW$104, DW_AT_name("BORCFG")
     551                      .dwattr $C$DW$104, DW_AT_TI_symbol_name("_BORCFG")
     552                      .dwattr $C$DW$104, DW_AT_data_member_location[DW_OP_plus_uconst 0x0]
     553                      .dwattr $C$DW$104, DW_AT_accessibility(DW_ACCESS_public)
     554              $C$DW$105       .dwtag  DW_TAG_member
     555                      .dwattr $C$DW$105, DW_AT_type(*$C$DW$T$21)
     556                      .dwattr $C$DW$105, DW_AT_name("rsvd_1")
     557                      .dwattr $C$DW$105, DW_AT_TI_symbol_name("_rsvd_1")
     558                      .dwattr $C$DW$105, DW_AT_data_member_location[DW_OP_plus_uconst 0x1]
     559                      .dwattr $C$DW$105, DW_AT_accessibility(DW_ACCESS_public)
     560              $C$DW$106       .dwtag  DW_TAG_member
     561                      .dwattr $C$DW$106, DW_AT_type(*$C$DW$T$20)
     562                      .dwattr $C$DW$106, DW_AT_name("LPMCR0")
     563                      .dwattr $C$DW$106, DW_AT_TI_symbol_name("_LPMCR0")
     564                      .dwattr $C$DW$106, DW_AT_data_member_location[DW_OP_plus_uconst 0x6699]
     565                      .dwattr $C$DW$106, DW_AT_accessibility(DW_ACCESS_public)
     566                      .dwendtag $C$DW$T$22
     567              
     568              $C$DW$T$29      .dwtag  DW_TAG_typedef, DW_AT_name("PWR_Obj")
     569                      .dwattr $C$DW$T$29, DW_AT_type(*$C$DW$T$22)
     570                      .dwattr $C$DW$T$29, DW_AT_language(DW_LANG_C)
     571              $C$DW$T$30      .dwtag  DW_TAG_pointer_type
     572                      .dwattr $C$DW$T$30, DW_AT_type(*$C$DW$T$22)
     573                      .dwattr $C$DW$T$30, DW_AT_address_class(0x16)
     574              $C$DW$T$31      .dwtag  DW_TAG_typedef, DW_AT_name("PWR_Handle")
     575                      .dwattr $C$DW$T$31, DW_AT_type(*$C$DW$T$30)
     576                      .dwattr $C$DW$T$31, DW_AT_language(DW_LANG_C)
     577              $C$DW$107       .dwtag  DW_TAG_TI_far_type
     578                      .dwattr $C$DW$107, DW_AT_type(*$C$DW$T$31)
     579              $C$DW$T$32      .dwtag  DW_TAG_const_type
     580                      .dwattr $C$DW$T$32, DW_AT_type(*$C$DW$107)
     581              $C$DW$T$3       .dwtag  DW_TAG_pointer_type
     582                      .dwattr $C$DW$T$3, DW_AT_address_class(0x16)
     583              $C$DW$108       .dwtag  DW_TAG_TI_far_type
     584                      .dwattr $C$DW$108, DW_AT_type(*$C$DW$T$3)
     585              $C$DW$T$38      .dwtag  DW_TAG_const_type
     586                      .dwattr $C$DW$T$38, DW_AT_type(*$C$DW$108)
TMS320C2000 Assembler PC v6.2.5 Wed Jun 21 14:56:43 2017

Tools Copyright (c) 1996-2014 Texas Instruments Incorporated
C:\Users\wmj\AppData\Local\Temp\0293210                              PAGE   12

     587              $C$DW$T$4       .dwtag  DW_TAG_base_type
     588                      .dwattr $C$DW$T$4, DW_AT_encoding(DW_ATE_boolean)
     589                      .dwattr $C$DW$T$4, DW_AT_name("bool")
     590                      .dwattr $C$DW$T$4, DW_AT_byte_size(0x01)
     591              $C$DW$T$5       .dwtag  DW_TAG_base_type
     592                      .dwattr $C$DW$T$5, DW_AT_encoding(DW_ATE_signed_char)
     593                      .dwattr $C$DW$T$5, DW_AT_name("signed char")
     594                      .dwattr $C$DW$T$5, DW_AT_byte_size(0x01)
     595              $C$DW$T$6       .dwtag  DW_TAG_base_type
     596                      .dwattr $C$DW$T$6, DW_AT_encoding(DW_ATE_unsigned_char)
     597                      .dwattr $C$DW$T$6, DW_AT_name("unsigned char")
     598                      .dwattr $C$DW$T$6, DW_AT_byte_size(0x01)
     599              $C$DW$T$7       .dwtag  DW_TAG_base_type
     600                      .dwattr $C$DW$T$7, DW_AT_encoding(DW_ATE_signed_char)
     601                      .dwattr $C$DW$T$7, DW_AT_name("wchar_t")
     602                      .dwattr $C$DW$T$7, DW_AT_byte_size(0x01)
     603              $C$DW$T$8       .dwtag  DW_TAG_base_type
     604                      .dwattr $C$DW$T$8, DW_AT_encoding(DW_ATE_signed)
     605                      .dwattr $C$DW$T$8, DW_AT_name("short")
     606                      .dwattr $C$DW$T$8, DW_AT_byte_size(0x01)
     607              $C$DW$T$9       .dwtag  DW_TAG_base_type
     608                      .dwattr $C$DW$T$9, DW_AT_encoding(DW_ATE_unsigned)
     609                      .dwattr $C$DW$T$9, DW_AT_name("unsigned short")
     610                      .dwattr $C$DW$T$9, DW_AT_byte_size(0x01)
     611              $C$DW$T$19      .dwtag  DW_TAG_typedef, DW_AT_name("uint16_t")
     612                      .dwattr $C$DW$T$19, DW_AT_type(*$C$DW$T$9)
     613                      .dwattr $C$DW$T$19, DW_AT_language(DW_LANG_C)
     614              $C$DW$109       .dwtag  DW_TAG_TI_far_type
     615                      .dwattr $C$DW$109, DW_AT_type(*$C$DW$T$19)
     616              $C$DW$T$20      .dwtag  DW_TAG_volatile_type
     617                      .dwattr $C$DW$T$20, DW_AT_type(*$C$DW$109)
     618              
     619              $C$DW$T$21      .dwtag  DW_TAG_array_type
     620                      .dwattr $C$DW$T$21, DW_AT_type(*$C$DW$T$20)
     621                      .dwattr $C$DW$T$21, DW_AT_language(DW_LANG_C)
     622                      .dwattr $C$DW$T$21, DW_AT_byte_size(0x6698)
     623              $C$DW$110       .dwtag  DW_TAG_subrange_type
     624                      .dwattr $C$DW$110, DW_AT_upper_bound(0x6697)
     625                      .dwendtag $C$DW$T$21
     626              
     627              $C$DW$T$10      .dwtag  DW_TAG_base_type
     628                      .dwattr $C$DW$T$10, DW_AT_encoding(DW_ATE_signed)
     629                      .dwattr $C$DW$T$10, DW_AT_name("int")
     630                      .dwattr $C$DW$T$10, DW_AT_byte_size(0x01)
     631              $C$DW$T$11      .dwtag  DW_TAG_base_type
     632                      .dwattr $C$DW$T$11, DW_AT_encoding(DW_ATE_unsigned)
     633                      .dwattr $C$DW$T$11, DW_AT_name("unsigned int")
     634                      .dwattr $C$DW$T$11, DW_AT_byte_size(0x01)
     635              $C$DW$T$12      .dwtag  DW_TAG_base_type
     636                      .dwattr $C$DW$T$12, DW_AT_encoding(DW_ATE_signed)
     637                      .dwattr $C$DW$T$12, DW_AT_name("long")
     638                      .dwattr $C$DW$T$12, DW_AT_byte_size(0x02)
     639              $C$DW$T$13      .dwtag  DW_TAG_base_type
     640                      .dwattr $C$DW$T$13, DW_AT_encoding(DW_ATE_unsigned)
     641                      .dwattr $C$DW$T$13, DW_AT_name("unsigned long")
TMS320C2000 Assembler PC v6.2.5 Wed Jun 21 14:56:43 2017

Tools Copyright (c) 1996-2014 Texas Instruments Incorporated
C:\Users\wmj\AppData\Local\Temp\0293210                              PAGE   13

     642                      .dwattr $C$DW$T$13, DW_AT_byte_size(0x02)
     643              $C$DW$T$33      .dwtag  DW_TAG_typedef, DW_AT_name("size_t")
     644                      .dwattr $C$DW$T$33, DW_AT_type(*$C$DW$T$13)
     645                      .dwattr $C$DW$T$33, DW_AT_language(DW_LANG_C)
     646              $C$DW$111       .dwtag  DW_TAG_TI_far_type
     647                      .dwattr $C$DW$111, DW_AT_type(*$C$DW$T$33)
     648              $C$DW$T$34      .dwtag  DW_TAG_const_type
     649                      .dwattr $C$DW$T$34, DW_AT_type(*$C$DW$111)
     650              $C$DW$T$14      .dwtag  DW_TAG_base_type
     651                      .dwattr $C$DW$T$14, DW_AT_encoding(DW_ATE_signed)
     652                      .dwattr $C$DW$T$14, DW_AT_name("long long")
     653                      .dwattr $C$DW$T$14, DW_AT_byte_size(0x04)
     654              $C$DW$T$15      .dwtag  DW_TAG_base_type
     655                      .dwattr $C$DW$T$15, DW_AT_encoding(DW_ATE_unsigned)
     656                      .dwattr $C$DW$T$15, DW_AT_name("unsigned long long")
     657                      .dwattr $C$DW$T$15, DW_AT_byte_size(0x04)
     658              $C$DW$T$16      .dwtag  DW_TAG_base_type
     659                      .dwattr $C$DW$T$16, DW_AT_encoding(DW_ATE_float)
     660                      .dwattr $C$DW$T$16, DW_AT_name("float")
     661                      .dwattr $C$DW$T$16, DW_AT_byte_size(0x02)
     662              $C$DW$T$17      .dwtag  DW_TAG_base_type
     663                      .dwattr $C$DW$T$17, DW_AT_encoding(DW_ATE_float)
     664                      .dwattr $C$DW$T$17, DW_AT_name("double")
     665                      .dwattr $C$DW$T$17, DW_AT_byte_size(0x02)
     666              $C$DW$T$18      .dwtag  DW_TAG_base_type
     667                      .dwattr $C$DW$T$18, DW_AT_encoding(DW_ATE_float)
     668                      .dwattr $C$DW$T$18, DW_AT_name("long double")
     669                      .dwattr $C$DW$T$18, DW_AT_byte_size(0x04)
     670                      .dwattr $C$DW$CU, DW_AT_language(DW_LANG_C)
     671              
     672              ;***************************************************************
     673              ;* DWARF CIE ENTRIES                                           *
     674              ;***************************************************************
     675              
     676              $C$DW$CIE       .dwcie 78
     677                      .dwcfi  cfa_register, 20
     678                      .dwcfi  cfa_offset, 0
     679                      .dwcfi  undefined, 0
     680                      .dwcfi  undefined, 1
     681                      .dwcfi  undefined, 2
     682                      .dwcfi  undefined, 3
     683                      .dwcfi  undefined, 20
     684                      .dwcfi  undefined, 21
     685                      .dwcfi  undefined, 22
     686                      .dwcfi  undefined, 23
     687                      .dwcfi  undefined, 24
     688                      .dwcfi  undefined, 25
     689                      .dwcfi  undefined, 26
     690                      .dwcfi  same_value, 28
     691                      .dwcfi  undefined, 29
     692                      .dwcfi  undefined, 30
     693                      .dwcfi  undefined, 31
     694                      .dwcfi  undefined, 32
     695                      .dwcfi  undefined, 33
     696                      .dwcfi  undefined, 34
TMS320C2000 Assembler PC v6.2.5 Wed Jun 21 14:56:43 2017

Tools Copyright (c) 1996-2014 Texas Instruments Incorporated
C:\Users\wmj\AppData\Local\Temp\0293210                              PAGE   14

     697                      .dwcfi  undefined, 35
     698                      .dwcfi  undefined, 36
     699                      .dwcfi  undefined, 37
     700                      .dwcfi  undefined, 38
     701                      .dwcfi  undefined, 75
     702                      .dwcfi  undefined, 76
     703                      .dwcfi  undefined, 77
     704                      .dwcfi  undefined, 4
     705                      .dwcfi  same_value, 6
     706                      .dwcfi  same_value, 8
     707                      .dwcfi  same_value, 10
     708                      .dwcfi  undefined, 12
     709                      .dwcfi  undefined, 14
     710                      .dwcfi  undefined, 16
     711                      .dwcfi  undefined, 17
     712                      .dwcfi  undefined, 18
     713                      .dwcfi  undefined, 19
     714                      .dwcfi  undefined, 5
     715                      .dwcfi  same_value, 7
     716                      .dwcfi  same_value, 9
     717                      .dwcfi  same_value, 11
     718                      .dwcfi  undefined, 13
     719                      .dwcfi  undefined, 15
     720                      .dwcfi  undefined, 78
     721                      .dwendentry
     722              
     723              ;***************************************************************
     724              ;* DWARF REGISTER MAP                                          *
     725              ;***************************************************************
     726              
     727              $C$DW$112       .dwtag  DW_TAG_TI_assign_register, DW_AT_name("AL")
     728                      .dwattr $C$DW$112, DW_AT_location[DW_OP_reg0]
     729              $C$DW$113       .dwtag  DW_TAG_TI_assign_register, DW_AT_name("AH")
     730                      .dwattr $C$DW$113, DW_AT_location[DW_OP_reg1]
     731              $C$DW$114       .dwtag  DW_TAG_TI_assign_register, DW_AT_name("PL")
     732                      .dwattr $C$DW$114, DW_AT_location[DW_OP_reg2]
     733              $C$DW$115       .dwtag  DW_TAG_TI_assign_register, DW_AT_name("PH")
     734                      .dwattr $C$DW$115, DW_AT_location[DW_OP_reg3]
     735              $C$DW$116       .dwtag  DW_TAG_TI_assign_register, DW_AT_name("SP")
     736                      .dwattr $C$DW$116, DW_AT_location[DW_OP_reg20]
     737              $C$DW$117       .dwtag  DW_TAG_TI_assign_register, DW_AT_name("XT")
     738                      .dwattr $C$DW$117, DW_AT_location[DW_OP_reg21]
     739              $C$DW$118       .dwtag  DW_TAG_TI_assign_register, DW_AT_name("T")
     740                      .dwattr $C$DW$118, DW_AT_location[DW_OP_reg22]
     741              $C$DW$119       .dwtag  DW_TAG_TI_assign_register, DW_AT_name("ST0")
     742                      .dwattr $C$DW$119, DW_AT_location[DW_OP_reg23]
     743              $C$DW$120       .dwtag  DW_TAG_TI_assign_register, DW_AT_name("ST1")
     744                      .dwattr $C$DW$120, DW_AT_location[DW_OP_reg24]
     745              $C$DW$121       .dwtag  DW_TAG_TI_assign_register, DW_AT_name("PC")
     746                      .dwattr $C$DW$121, DW_AT_location[DW_OP_reg25]
     747              $C$DW$122       .dwtag  DW_TAG_TI_assign_register, DW_AT_name("RPC")
     748                      .dwattr $C$DW$122, DW_AT_location[DW_OP_reg26]
     749              $C$DW$123       .dwtag  DW_TAG_TI_assign_register, DW_AT_name("FP")
     750                      .dwattr $C$DW$123, DW_AT_location[DW_OP_reg28]
     751              $C$DW$124       .dwtag  DW_TAG_TI_assign_register, DW_AT_name("DP")
TMS320C2000 Assembler PC v6.2.5 Wed Jun 21 14:56:43 2017

Tools Copyright (c) 1996-2014 Texas Instruments Incorporated
C:\Users\wmj\AppData\Local\Temp\0293210                              PAGE   15

     752                      .dwattr $C$DW$124, DW_AT_location[DW_OP_reg29]
     753              $C$DW$125       .dwtag  DW_TAG_TI_assign_register, DW_AT_name("SXM")
     754                      .dwattr $C$DW$125, DW_AT_location[DW_OP_reg30]
     755              $C$DW$126       .dwtag  DW_TAG_TI_assign_register, DW_AT_name("PM")
     756                      .dwattr $C$DW$126, DW_AT_location[DW_OP_reg31]
     757              $C$DW$127       .dwtag  DW_TAG_TI_assign_register, DW_AT_name("OVM")
     758                      .dwattr $C$DW$127, DW_AT_location[DW_OP_regx 0x20]
     759              $C$DW$128       .dwtag  DW_TAG_TI_assign_register, DW_AT_name("PAGE0")
     760                      .dwattr $C$DW$128, DW_AT_location[DW_OP_regx 0x21]
     761              $C$DW$129       .dwtag  DW_TAG_TI_assign_register, DW_AT_name("AMODE")
     762                      .dwattr $C$DW$129, DW_AT_location[DW_OP_regx 0x22]
     763              $C$DW$130       .dwtag  DW_TAG_TI_assign_register, DW_AT_name("INTM")
     764                      .dwattr $C$DW$130, DW_AT_location[DW_OP_regx 0x23]
     765              $C$DW$131       .dwtag  DW_TAG_TI_assign_register, DW_AT_name("IFR")
     766                      .dwattr $C$DW$131, DW_AT_location[DW_OP_regx 0x24]
     767              $C$DW$132       .dwtag  DW_TAG_TI_assign_register, DW_AT_name("IER")
     768                      .dwattr $C$DW$132, DW_AT_location[DW_OP_regx 0x25]
     769              $C$DW$133       .dwtag  DW_TAG_TI_assign_register, DW_AT_name("V")
     770                      .dwattr $C$DW$133, DW_AT_location[DW_OP_regx 0x26]
     771              $C$DW$134       .dwtag  DW_TAG_TI_assign_register, DW_AT_name("PSEUDOH")
     772                      .dwattr $C$DW$134, DW_AT_location[DW_OP_regx 0x4c]
     773              $C$DW$135       .dwtag  DW_TAG_TI_assign_register, DW_AT_name("VOL")
     774                      .dwattr $C$DW$135, DW_AT_location[DW_OP_regx 0x4d]
     775              $C$DW$136       .dwtag  DW_TAG_TI_assign_register, DW_AT_name("AR0")
     776                      .dwattr $C$DW$136, DW_AT_location[DW_OP_reg4]
     777              $C$DW$137       .dwtag  DW_TAG_TI_assign_register, DW_AT_name("AR1")
     778                      .dwattr $C$DW$137, DW_AT_location[DW_OP_reg6]
     779              $C$DW$138       .dwtag  DW_TAG_TI_assign_register, DW_AT_name("AR2")
     780                      .dwattr $C$DW$138, DW_AT_location[DW_OP_reg8]
     781              $C$DW$139       .dwtag  DW_TAG_TI_assign_register, DW_AT_name("AR3")
     782                      .dwattr $C$DW$139, DW_AT_location[DW_OP_reg10]
     783              $C$DW$140       .dwtag  DW_TAG_TI_assign_register, DW_AT_name("AR4")
     784                      .dwattr $C$DW$140, DW_AT_location[DW_OP_reg12]
     785              $C$DW$141       .dwtag  DW_TAG_TI_assign_register, DW_AT_name("AR5")
     786                      .dwattr $C$DW$141, DW_AT_location[DW_OP_reg14]
     787              $C$DW$142       .dwtag  DW_TAG_TI_assign_register, DW_AT_name("AR6")
     788                      .dwattr $C$DW$142, DW_AT_location[DW_OP_reg16]
     789              $C$DW$143       .dwtag  DW_TAG_TI_assign_register, DW_AT_name("XAR6")
     790                      .dwattr $C$DW$143, DW_AT_location[DW_OP_reg17]
     791              $C$DW$144       .dwtag  DW_TAG_TI_assign_register, DW_AT_name("AR7")
     792                      .dwattr $C$DW$144, DW_AT_location[DW_OP_reg18]
     793              $C$DW$145       .dwtag  DW_TAG_TI_assign_register, DW_AT_name("XAR7")
     794                      .dwattr $C$DW$145, DW_AT_location[DW_OP_reg19]
     795              $C$DW$146       .dwtag  DW_TAG_TI_assign_register, DW_AT_name("XAR0")
     796                      .dwattr $C$DW$146, DW_AT_location[DW_OP_reg5]
     797              $C$DW$147       .dwtag  DW_TAG_TI_assign_register, DW_AT_name("XAR1")
     798                      .dwattr $C$DW$147, DW_AT_location[DW_OP_reg7]
     799              $C$DW$148       .dwtag  DW_TAG_TI_assign_register, DW_AT_name("XAR2")
     800                      .dwattr $C$DW$148, DW_AT_location[DW_OP_reg9]
     801              $C$DW$149       .dwtag  DW_TAG_TI_assign_register, DW_AT_name("XAR3")
     802                      .dwattr $C$DW$149, DW_AT_location[DW_OP_reg11]
     803              $C$DW$150       .dwtag  DW_TAG_TI_assign_register, DW_AT_name("XAR4")
     804                      .dwattr $C$DW$150, DW_AT_location[DW_OP_reg13]
     805              $C$DW$151       .dwtag  DW_TAG_TI_assign_register, DW_AT_name("XAR5")
     806                      .dwattr $C$DW$151, DW_AT_location[DW_OP_reg15]
TMS320C2000 Assembler PC v6.2.5 Wed Jun 21 14:56:43 2017

Tools Copyright (c) 1996-2014 Texas Instruments Incorporated
C:\Users\wmj\AppData\Local\Temp\0293210                              PAGE   16

     807              $C$DW$152       .dwtag  DW_TAG_TI_assign_register, DW_AT_name("CIE_RETA")
     808                      .dwattr $C$DW$152, DW_AT_location[DW_OP_regx 0x4e]
     809                      .dwendtag $C$DW$CU
     810              

No Assembly Errors, No Assembly Warnings
