TMS320C2000 Assembler PC v6.2.5 Tue Jul 11 19:04:31 2017

Tools Copyright (c) 1996-2014 Texas Instruments Incorporated
C:\Users\wmj\AppData\Local\Temp\0086410                              PAGE    1

       1              ;***************************************************************
       2              ;* TMS320C2000 C/C++ Codegen                         PC v6.2.5 *
       3              ;* Date/Time created: Tue Jul 11 19:04:31 2017                 *
       4              ;***************************************************************
       5                      .compiler_opts --float_support=softlib --hll_source=on --mem_model:code=flat --mem_model:data=large -
       6        0002  FP      .set    XAR2
       7              
       8              $C$DW$CU        .dwtag  DW_TAG_compile_unit
       9                      .dwattr $C$DW$CU, DW_AT_name("D:/Foc/my_motor/sw/modules/cpu_time/src/32b/cpu_time.c")
      10                      .dwattr $C$DW$CU, DW_AT_producer("TMS320C2000 C/C++ Codegen PC v6.2.5 Copyright (c) 1996-2014 Texas I
      11                      .dwattr $C$DW$CU, DW_AT_TI_version(0x01)
      12                      .dwattr $C$DW$CU, DW_AT_comp_dir("D:\Foc\my_motor\sw\solutions\instaspin_foc\boards\hvkit_rev1p1\f28x
      13              ;       c:\ti\ccsv6\tools\compiler\c2000_6.2.5\bin\opt2000.exe C:\\Users\\wmj\\AppData\\Local\\Temp\\008642 C
      14              ;       c:\ti\ccsv6\tools\compiler\c2000_6.2.5\bin\ac2000.exe -@C:\\Users\\wmj\\AppData\\Local\\Temp\\0086416
      15 00000000               .sect   ".text"
      16                      .clink
      17                      .global _CPU_TIME_setParams
      18              
      19              $C$DW$1 .dwtag  DW_TAG_subprogram, DW_AT_name("CPU_TIME_setParams")
      20                      .dwattr $C$DW$1, DW_AT_low_pc(_CPU_TIME_setParams)
      21                      .dwattr $C$DW$1, DW_AT_high_pc(0x00)
      22                      .dwattr $C$DW$1, DW_AT_TI_symbol_name("_CPU_TIME_setParams")
      23                      .dwattr $C$DW$1, DW_AT_external
      24                      .dwattr $C$DW$1, DW_AT_TI_begin_file("D:/Foc/my_motor/sw/modules/cpu_time/src/32b/cpu_time.c")
      25                      .dwattr $C$DW$1, DW_AT_TI_begin_line(0x22)
      26                      .dwattr $C$DW$1, DW_AT_TI_begin_column(0x06)
      27                      .dwattr $C$DW$1, DW_AT_TI_max_frame_size(-2)
      28                      .dwpsn  file "D:/Foc/my_motor/sw/modules/cpu_time/src/32b/cpu_time.c",line 35,column 1,is_stmt,addres
      29              
      30                      .dwfde $C$DW$CIE, _CPU_TIME_setParams
      31              $C$DW$2 .dwtag  DW_TAG_formal_parameter, DW_AT_name("handle")
      32                      .dwattr $C$DW$2, DW_AT_TI_symbol_name("_handle")
      33                      .dwattr $C$DW$2, DW_AT_type(*$C$DW$T$25)
      34                      .dwattr $C$DW$2, DW_AT_location[DW_OP_reg12]
      35              $C$DW$3 .dwtag  DW_TAG_formal_parameter, DW_AT_name("pwm_period")
      36                      .dwattr $C$DW$3, DW_AT_TI_symbol_name("_pwm_period")
      37                      .dwattr $C$DW$3, DW_AT_type(*$C$DW$T$33)
      38                      .dwattr $C$DW$3, DW_AT_location[DW_OP_reg0]
      39              
      40              ;***************************************************************
      41              ;* FNAME: _CPU_TIME_setParams           FR SIZE:   0           *
      42              ;*                                                             *
      43              ;* FUNCTION ENVIRONMENT                                        *
      44              ;*                                                             *
      45              ;* FUNCTION PROPERTIES                                         *
      46              ;*                            0 Parameter,  0 Auto,  0 SOE     *
      47              ;***************************************************************
      48              
      49              _CPU_TIME_setParams:
      50              ;* AR4   assigned to _handle
      51              $C$DW$4 .dwtag  DW_TAG_variable, DW_AT_name("handle")
      52                      .dwattr $C$DW$4, DW_AT_TI_symbol_name("_handle")
      53                      .dwattr $C$DW$4, DW_AT_type(*$C$DW$T$26)
      54                      .dwattr $C$DW$4, DW_AT_location[DW_OP_reg12]
      55              ;* AL    assigned to _pwm_period
TMS320C2000 Assembler PC v6.2.5 Tue Jul 11 19:04:31 2017

Tools Copyright (c) 1996-2014 Texas Instruments Incorporated
C:\Users\wmj\AppData\Local\Temp\0086410                              PAGE    2

      56              $C$DW$5 .dwtag  DW_TAG_variable, DW_AT_name("pwm_period")
      57                      .dwattr $C$DW$5, DW_AT_TI_symbol_name("_pwm_period")
      58                      .dwattr $C$DW$5, DW_AT_type(*$C$DW$T$33)
      59                      .dwattr $C$DW$5, DW_AT_location[DW_OP_reg0]
      60                      .dwcfi  cfa_offset, -2
      61                      .dwcfi  save_reg_to_mem, 26, 0
      62                      .dwcfi  save_reg_to_reg, 78, 26
      63                      .dwpsn  file "D:/Foc/my_motor/sw/modules/cpu_time/src/32b/cpu_time.c",line 38,column 3,is_stmt
      64 00000000 96C4          MOV       *+XAR4[0],AL          ; [CPU_] |38| 
      65                      .dwpsn  file "D:/Foc/my_motor/sw/modules/cpu_time/src/32b/cpu_time.c",line 40,column 3,is_stmt
      66 00000001 0200          MOVB      ACC,#0                ; [CPU_] |40| 
      67                      .dwpsn  file "D:/Foc/my_motor/sw/modules/cpu_time/src/32b/cpu_time.c",line 44,column 3,is_stmt
      68 00000002 D008          MOVB      XAR0,#8               ; [CPU_] |44| 
      69                      .dwpsn  file "D:/Foc/my_motor/sw/modules/cpu_time/src/32b/cpu_time.c",line 40,column 3,is_stmt
      70 00000003 1ED4          MOVL      *+XAR4[2],ACC         ; [CPU_] |40| 
      71                      .dwpsn  file "D:/Foc/my_motor/sw/modules/cpu_time/src/32b/cpu_time.c",line 41,column 3,is_stmt
      72 00000004 1EE4          MOVL      *+XAR4[4],ACC         ; [CPU_] |41| 
      73                      .dwpsn  file "D:/Foc/my_motor/sw/modules/cpu_time/src/32b/cpu_time.c",line 43,column 3,is_stmt
      74 00000005 1EF4          MOVL      *+XAR4[6],ACC         ; [CPU_] |43| 
      75                      .dwpsn  file "D:/Foc/my_motor/sw/modules/cpu_time/src/32b/cpu_time.c",line 44,column 3,is_stmt
      76 00000006 1E94          MOVL      *+XAR4[AR0],ACC       ; [CPU_] |44| 
      77                      .dwpsn  file "D:/Foc/my_motor/sw/modules/cpu_time/src/32b/cpu_time.c",line 46,column 3,is_stmt
      78 00000007 D012          MOVB      XAR0,#18              ; [CPU_] |46| 
      79 00000008 1E94          MOVL      *+XAR4[AR0],ACC       ; [CPU_] |46| 
      80                      .dwpsn  file "D:/Foc/my_motor/sw/modules/cpu_time/src/32b/cpu_time.c",line 47,column 3,is_stmt
      81 00000009 D014          MOVB      XAR0,#20              ; [CPU_] |47| 
      82 0000000a 1E94          MOVL      *+XAR4[AR0],ACC       ; [CPU_] |47| 
      83                      .dwpsn  file "D:/Foc/my_motor/sw/modules/cpu_time/src/32b/cpu_time.c",line 49,column 3,is_stmt
      84 0000000b D00C          MOVB      XAR0,#12              ; [CPU_] |49| 
      85 0000000c 1E94          MOVL      *+XAR4[AR0],ACC       ; [CPU_] |49| 
      86                      .dwpsn  file "D:/Foc/my_motor/sw/modules/cpu_time/src/32b/cpu_time.c",line 50,column 3,is_stmt
      87 0000000d D00A          MOVB      XAR0,#10              ; [CPU_] |50| 
      88 0000000e 1E94          MOVL      *+XAR4[AR0],ACC       ; [CPU_] |50| 
      89                      .dwpsn  file "D:/Foc/my_motor/sw/modules/cpu_time/src/32b/cpu_time.c",line 51,column 3,is_stmt
      90 0000000f D00E          MOVB      XAR0,#14              ; [CPU_] |51| 
      91 00000010 1E94          MOVL      *+XAR4[AR0],ACC       ; [CPU_] |51| 
      92                      .dwpsn  file "D:/Foc/my_motor/sw/modules/cpu_time/src/32b/cpu_time.c",line 53,column 3,is_stmt
      93 00000011 D016          MOVB      XAR0,#22              ; [CPU_] |53| 
      94 00000012 2B94          MOV       *+XAR4[AR0],#0        ; [CPU_] |53| 
      95              $C$DW$6 .dwtag  DW_TAG_TI_branch
      96                      .dwattr $C$DW$6, DW_AT_low_pc(0x00)
      97                      .dwattr $C$DW$6, DW_AT_TI_return
      98 00000013 0006          LRETR     ; [CPU_] 
      99                      ; return occurs ; [] 
     100                      .dwattr $C$DW$1, DW_AT_TI_end_file("D:/Foc/my_motor/sw/modules/cpu_time/src/32b/cpu_time.c")
     101                      .dwattr $C$DW$1, DW_AT_TI_end_line(0x38)
     102                      .dwattr $C$DW$1, DW_AT_TI_end_column(0x01)
     103                      .dwendentry
     104                      .dwendtag $C$DW$1
     105              
     106 00000014               .sect   ".text"
     107                      .clink
     108                      .global _CPU_TIME_init
     109              
     110              $C$DW$7 .dwtag  DW_TAG_subprogram, DW_AT_name("CPU_TIME_init")
TMS320C2000 Assembler PC v6.2.5 Tue Jul 11 19:04:31 2017

Tools Copyright (c) 1996-2014 Texas Instruments Incorporated
C:\Users\wmj\AppData\Local\Temp\0086410                              PAGE    3

     111                      .dwattr $C$DW$7, DW_AT_low_pc(_CPU_TIME_init)
     112                      .dwattr $C$DW$7, DW_AT_high_pc(0x00)
     113                      .dwattr $C$DW$7, DW_AT_TI_symbol_name("_CPU_TIME_init")
     114                      .dwattr $C$DW$7, DW_AT_external
     115                      .dwattr $C$DW$7, DW_AT_type(*$C$DW$T$25)
     116                      .dwattr $C$DW$7, DW_AT_TI_begin_file("D:/Foc/my_motor/sw/modules/cpu_time/src/32b/cpu_time.c")
     117                      .dwattr $C$DW$7, DW_AT_TI_begin_line(0x15)
     118                      .dwattr $C$DW$7, DW_AT_TI_begin_column(0x11)
     119                      .dwattr $C$DW$7, DW_AT_TI_max_frame_size(-2)
     120                      .dwpsn  file "D:/Foc/my_motor/sw/modules/cpu_time/src/32b/cpu_time.c",line 22,column 1,is_stmt,addres
     121              
     122                      .dwfde $C$DW$CIE, _CPU_TIME_init
     123              $C$DW$8 .dwtag  DW_TAG_formal_parameter, DW_AT_name("pMemory")
     124                      .dwattr $C$DW$8, DW_AT_TI_symbol_name("_pMemory")
     125                      .dwattr $C$DW$8, DW_AT_type(*$C$DW$T$3)
     126                      .dwattr $C$DW$8, DW_AT_location[DW_OP_reg12]
     127              $C$DW$9 .dwtag  DW_TAG_formal_parameter, DW_AT_name("numBytes")
     128                      .dwattr $C$DW$9, DW_AT_TI_symbol_name("_numBytes")
     129                      .dwattr $C$DW$9, DW_AT_type(*$C$DW$T$28)
     130                      .dwattr $C$DW$9, DW_AT_location[DW_OP_reg0]
     131              
     132              ;***************************************************************
     133              ;* FNAME: _CPU_TIME_init                FR SIZE:   0           *
     134              ;*                                                             *
     135              ;* FUNCTION ENVIRONMENT                                        *
     136              ;*                                                             *
     137              ;* FUNCTION PROPERTIES                                         *
     138              ;*                            0 Parameter,  0 Auto,  0 SOE     *
     139              ;***************************************************************
     140              
     141              _CPU_TIME_init:
     142              ;* AR6   assigned to _numBytes
     143              $C$DW$10        .dwtag  DW_TAG_variable, DW_AT_name("numBytes")
     144                      .dwattr $C$DW$10, DW_AT_TI_symbol_name("_numBytes")
     145                      .dwattr $C$DW$10, DW_AT_type(*$C$DW$T$28)
     146                      .dwattr $C$DW$10, DW_AT_location[DW_OP_reg16]
     147              ;* AR4   assigned to _pMemory
     148              $C$DW$11        .dwtag  DW_TAG_variable, DW_AT_name("pMemory")
     149                      .dwattr $C$DW$11, DW_AT_TI_symbol_name("_pMemory")
     150                      .dwattr $C$DW$11, DW_AT_type(*$C$DW$T$32)
     151                      .dwattr $C$DW$11, DW_AT_location[DW_OP_reg12]
     152                      .dwcfi  cfa_offset, -2
     153                      .dwcfi  save_reg_to_mem, 26, 0
     154                      .dwcfi  save_reg_to_reg, 78, 26
     155 00000014 1EA6          MOVL      XAR6,ACC              ; [CPU_] |22| 
     156                      .dwpsn  file "D:/Foc/my_motor/sw/modules/cpu_time/src/32b/cpu_time.c",line 26,column 5,is_stmt
     157 00000015 0218          MOVB      ACC,#24               ; [CPU_] |26| 
     158 00000016 0FA6          CMPL      ACC,XAR6              ; [CPU_] |26| 
     159 00000017 6902          B         $C$L1,LOS             ; [CPU_] |26| 
     160                      ; branchcc occurs ; [] |26| 
     161 00000018 D400          MOVB      XAR4,#0               ; [CPU_] |26| 
     162              $C$L1:    
     163              $C$DW$12        .dwtag  DW_TAG_TI_branch
     164                      .dwattr $C$DW$12, DW_AT_low_pc(0x00)
     165                      .dwattr $C$DW$12, DW_AT_TI_return
TMS320C2000 Assembler PC v6.2.5 Tue Jul 11 19:04:31 2017

Tools Copyright (c) 1996-2014 Texas Instruments Incorporated
C:\Users\wmj\AppData\Local\Temp\0086410                              PAGE    4

     166 00000019 0006          LRETR     ; [CPU_] 
     167                      ; return occurs ; [] 
     168                      .dwattr $C$DW$7, DW_AT_TI_end_file("D:/Foc/my_motor/sw/modules/cpu_time/src/32b/cpu_time.c")
     169                      .dwattr $C$DW$7, DW_AT_TI_end_line(0x20)
     170                      .dwattr $C$DW$7, DW_AT_TI_end_column(0x01)
     171                      .dwendentry
     172                      .dwendtag $C$DW$7
     173              
     174              
     175              ;***************************************************************
     176              ;* TYPE INFORMATION                                            *
     177              ;***************************************************************
     178              
     179              $C$DW$T$22      .dwtag  DW_TAG_structure_type
     180                      .dwattr $C$DW$T$22, DW_AT_name("_CPU_TIME_Obj_")
     181                      .dwattr $C$DW$T$22, DW_AT_byte_size(0x18)
     182              $C$DW$13        .dwtag  DW_TAG_member
     183                      .dwattr $C$DW$13, DW_AT_type(*$C$DW$T$19)
     184                      .dwattr $C$DW$13, DW_AT_name("pwm_period")
     185                      .dwattr $C$DW$13, DW_AT_TI_symbol_name("_pwm_period")
     186                      .dwattr $C$DW$13, DW_AT_data_member_location[DW_OP_plus_uconst 0x0]
     187                      .dwattr $C$DW$13, DW_AT_accessibility(DW_ACCESS_public)
     188              $C$DW$14        .dwtag  DW_TAG_member
     189                      .dwattr $C$DW$14, DW_AT_type(*$C$DW$T$20)
     190                      .dwattr $C$DW$14, DW_AT_name("timer_cnt_now")
     191                      .dwattr $C$DW$14, DW_AT_TI_symbol_name("_timer_cnt_now")
     192                      .dwattr $C$DW$14, DW_AT_data_member_location[DW_OP_plus_uconst 0x2]
     193                      .dwattr $C$DW$14, DW_AT_accessibility(DW_ACCESS_public)
     194              $C$DW$15        .dwtag  DW_TAG_member
     195                      .dwattr $C$DW$15, DW_AT_type(*$C$DW$T$20)
     196                      .dwattr $C$DW$15, DW_AT_name("timer_cnt_prev")
     197                      .dwattr $C$DW$15, DW_AT_TI_symbol_name("_timer_cnt_prev")
     198                      .dwattr $C$DW$15, DW_AT_data_member_location[DW_OP_plus_uconst 0x4]
     199                      .dwattr $C$DW$15, DW_AT_accessibility(DW_ACCESS_public)
     200              $C$DW$16        .dwtag  DW_TAG_member
     201                      .dwattr $C$DW$16, DW_AT_type(*$C$DW$T$20)
     202                      .dwattr $C$DW$16, DW_AT_name("timer_delta_now")
     203                      .dwattr $C$DW$16, DW_AT_TI_symbol_name("_timer_delta_now")
     204                      .dwattr $C$DW$16, DW_AT_data_member_location[DW_OP_plus_uconst 0x6]
     205                      .dwattr $C$DW$16, DW_AT_accessibility(DW_ACCESS_public)
     206              $C$DW$17        .dwtag  DW_TAG_member
     207                      .dwattr $C$DW$17, DW_AT_type(*$C$DW$T$20)
     208                      .dwattr $C$DW$17, DW_AT_name("timer_delta_prev")
     209                      .dwattr $C$DW$17, DW_AT_TI_symbol_name("_timer_delta_prev")
     210                      .dwattr $C$DW$17, DW_AT_data_member_location[DW_OP_plus_uconst 0x8]
     211                      .dwattr $C$DW$17, DW_AT_accessibility(DW_ACCESS_public)
     212              $C$DW$18        .dwtag  DW_TAG_member
     213                      .dwattr $C$DW$18, DW_AT_type(*$C$DW$T$20)
     214                      .dwattr $C$DW$18, DW_AT_name("timer_delta_min")
     215                      .dwattr $C$DW$18, DW_AT_TI_symbol_name("_timer_delta_min")
     216                      .dwattr $C$DW$18, DW_AT_data_member_location[DW_OP_plus_uconst 0xa]
     217                      .dwattr $C$DW$18, DW_AT_accessibility(DW_ACCESS_public)
     218              $C$DW$19        .dwtag  DW_TAG_member
     219                      .dwattr $C$DW$19, DW_AT_type(*$C$DW$T$20)
     220                      .dwattr $C$DW$19, DW_AT_name("timer_delta_max")
TMS320C2000 Assembler PC v6.2.5 Tue Jul 11 19:04:31 2017

Tools Copyright (c) 1996-2014 Texas Instruments Incorporated
C:\Users\wmj\AppData\Local\Temp\0086410                              PAGE    5

     221                      .dwattr $C$DW$19, DW_AT_TI_symbol_name("_timer_delta_max")
     222                      .dwattr $C$DW$19, DW_AT_data_member_location[DW_OP_plus_uconst 0xc]
     223                      .dwattr $C$DW$19, DW_AT_accessibility(DW_ACCESS_public)
     224              $C$DW$20        .dwtag  DW_TAG_member
     225                      .dwattr $C$DW$20, DW_AT_type(*$C$DW$T$20)
     226                      .dwattr $C$DW$20, DW_AT_name("timer_delta_avg")
     227                      .dwattr $C$DW$20, DW_AT_TI_symbol_name("_timer_delta_avg")
     228                      .dwattr $C$DW$20, DW_AT_data_member_location[DW_OP_plus_uconst 0xe]
     229                      .dwattr $C$DW$20, DW_AT_accessibility(DW_ACCESS_public)
     230              $C$DW$21        .dwtag  DW_TAG_member
     231                      .dwattr $C$DW$21, DW_AT_type(*$C$DW$T$20)
     232                      .dwattr $C$DW$21, DW_AT_name("timer_band_max")
     233                      .dwattr $C$DW$21, DW_AT_TI_symbol_name("_timer_band_max")
     234                      .dwattr $C$DW$21, DW_AT_data_member_location[DW_OP_plus_uconst 0x10]
     235                      .dwattr $C$DW$21, DW_AT_accessibility(DW_ACCESS_public)
     236              $C$DW$22        .dwtag  DW_TAG_member
     237                      .dwattr $C$DW$22, DW_AT_type(*$C$DW$T$20)
     238                      .dwattr $C$DW$22, DW_AT_name("timer_delta_CntAcc")
     239                      .dwattr $C$DW$22, DW_AT_TI_symbol_name("_timer_delta_CntAcc")
     240                      .dwattr $C$DW$22, DW_AT_data_member_location[DW_OP_plus_uconst 0x12]
     241                      .dwattr $C$DW$22, DW_AT_accessibility(DW_ACCESS_public)
     242              $C$DW$23        .dwtag  DW_TAG_member
     243                      .dwattr $C$DW$23, DW_AT_type(*$C$DW$T$20)
     244                      .dwattr $C$DW$23, DW_AT_name("timer_delta_AccNum")
     245                      .dwattr $C$DW$23, DW_AT_TI_symbol_name("_timer_delta_AccNum")
     246                      .dwattr $C$DW$23, DW_AT_data_member_location[DW_OP_plus_uconst 0x14]
     247                      .dwattr $C$DW$23, DW_AT_accessibility(DW_ACCESS_public)
     248              $C$DW$24        .dwtag  DW_TAG_member
     249                      .dwattr $C$DW$24, DW_AT_type(*$C$DW$T$21)
     250                      .dwattr $C$DW$24, DW_AT_name("flag_resetStatus")
     251                      .dwattr $C$DW$24, DW_AT_TI_symbol_name("_flag_resetStatus")
     252                      .dwattr $C$DW$24, DW_AT_data_member_location[DW_OP_plus_uconst 0x16]
     253                      .dwattr $C$DW$24, DW_AT_accessibility(DW_ACCESS_public)
     254                      .dwendtag $C$DW$T$22
     255              
     256              $C$DW$T$23      .dwtag  DW_TAG_typedef, DW_AT_name("CPU_TIME_Obj")
     257                      .dwattr $C$DW$T$23, DW_AT_type(*$C$DW$T$22)
     258                      .dwattr $C$DW$T$23, DW_AT_language(DW_LANG_C)
     259              $C$DW$T$24      .dwtag  DW_TAG_pointer_type
     260                      .dwattr $C$DW$T$24, DW_AT_type(*$C$DW$T$22)
     261                      .dwattr $C$DW$T$24, DW_AT_address_class(0x16)
     262              $C$DW$T$25      .dwtag  DW_TAG_typedef, DW_AT_name("CPU_TIME_Handle")
     263                      .dwattr $C$DW$T$25, DW_AT_type(*$C$DW$T$24)
     264                      .dwattr $C$DW$T$25, DW_AT_language(DW_LANG_C)
     265              $C$DW$25        .dwtag  DW_TAG_TI_far_type
     266                      .dwattr $C$DW$25, DW_AT_type(*$C$DW$T$25)
     267              $C$DW$T$26      .dwtag  DW_TAG_const_type
     268                      .dwattr $C$DW$T$26, DW_AT_type(*$C$DW$25)
     269              $C$DW$T$3       .dwtag  DW_TAG_pointer_type
     270                      .dwattr $C$DW$T$3, DW_AT_address_class(0x16)
     271              $C$DW$26        .dwtag  DW_TAG_TI_far_type
     272                      .dwattr $C$DW$26, DW_AT_type(*$C$DW$T$3)
     273              $C$DW$T$32      .dwtag  DW_TAG_const_type
     274                      .dwattr $C$DW$T$32, DW_AT_type(*$C$DW$26)
     275              $C$DW$T$4       .dwtag  DW_TAG_base_type
TMS320C2000 Assembler PC v6.2.5 Tue Jul 11 19:04:31 2017

Tools Copyright (c) 1996-2014 Texas Instruments Incorporated
C:\Users\wmj\AppData\Local\Temp\0086410                              PAGE    6

     276                      .dwattr $C$DW$T$4, DW_AT_encoding(DW_ATE_boolean)
     277                      .dwattr $C$DW$T$4, DW_AT_name("bool")
     278                      .dwattr $C$DW$T$4, DW_AT_byte_size(0x01)
     279              $C$DW$T$5       .dwtag  DW_TAG_base_type
     280                      .dwattr $C$DW$T$5, DW_AT_encoding(DW_ATE_signed_char)
     281                      .dwattr $C$DW$T$5, DW_AT_name("signed char")
     282                      .dwattr $C$DW$T$5, DW_AT_byte_size(0x01)
     283              $C$DW$T$6       .dwtag  DW_TAG_base_type
     284                      .dwattr $C$DW$T$6, DW_AT_encoding(DW_ATE_unsigned_char)
     285                      .dwattr $C$DW$T$6, DW_AT_name("unsigned char")
     286                      .dwattr $C$DW$T$6, DW_AT_byte_size(0x01)
     287              $C$DW$T$21      .dwtag  DW_TAG_typedef, DW_AT_name("_Bool")
     288                      .dwattr $C$DW$T$21, DW_AT_type(*$C$DW$T$6)
     289                      .dwattr $C$DW$T$21, DW_AT_language(DW_LANG_C)
     290              $C$DW$T$7       .dwtag  DW_TAG_base_type
     291                      .dwattr $C$DW$T$7, DW_AT_encoding(DW_ATE_signed_char)
     292                      .dwattr $C$DW$T$7, DW_AT_name("wchar_t")
     293                      .dwattr $C$DW$T$7, DW_AT_byte_size(0x01)
     294              $C$DW$T$8       .dwtag  DW_TAG_base_type
     295                      .dwattr $C$DW$T$8, DW_AT_encoding(DW_ATE_signed)
     296                      .dwattr $C$DW$T$8, DW_AT_name("short")
     297                      .dwattr $C$DW$T$8, DW_AT_byte_size(0x01)
     298              $C$DW$T$9       .dwtag  DW_TAG_base_type
     299                      .dwattr $C$DW$T$9, DW_AT_encoding(DW_ATE_unsigned)
     300                      .dwattr $C$DW$T$9, DW_AT_name("unsigned short")
     301                      .dwattr $C$DW$T$9, DW_AT_byte_size(0x01)
     302              $C$DW$T$19      .dwtag  DW_TAG_typedef, DW_AT_name("uint16_t")
     303                      .dwattr $C$DW$T$19, DW_AT_type(*$C$DW$T$9)
     304                      .dwattr $C$DW$T$19, DW_AT_language(DW_LANG_C)
     305              $C$DW$27        .dwtag  DW_TAG_TI_far_type
     306                      .dwattr $C$DW$27, DW_AT_type(*$C$DW$T$19)
     307              $C$DW$T$33      .dwtag  DW_TAG_const_type
     308                      .dwattr $C$DW$T$33, DW_AT_type(*$C$DW$27)
     309              $C$DW$T$10      .dwtag  DW_TAG_base_type
     310                      .dwattr $C$DW$T$10, DW_AT_encoding(DW_ATE_signed)
     311                      .dwattr $C$DW$T$10, DW_AT_name("int")
     312                      .dwattr $C$DW$T$10, DW_AT_byte_size(0x01)
     313              $C$DW$T$11      .dwtag  DW_TAG_base_type
     314                      .dwattr $C$DW$T$11, DW_AT_encoding(DW_ATE_unsigned)
     315                      .dwattr $C$DW$T$11, DW_AT_name("unsigned int")
     316                      .dwattr $C$DW$T$11, DW_AT_byte_size(0x01)
     317              $C$DW$T$12      .dwtag  DW_TAG_base_type
     318                      .dwattr $C$DW$T$12, DW_AT_encoding(DW_ATE_signed)
     319                      .dwattr $C$DW$T$12, DW_AT_name("long")
     320                      .dwattr $C$DW$T$12, DW_AT_byte_size(0x02)
     321              $C$DW$T$13      .dwtag  DW_TAG_base_type
     322                      .dwattr $C$DW$T$13, DW_AT_encoding(DW_ATE_unsigned)
     323                      .dwattr $C$DW$T$13, DW_AT_name("unsigned long")
     324                      .dwattr $C$DW$T$13, DW_AT_byte_size(0x02)
     325              $C$DW$T$27      .dwtag  DW_TAG_typedef, DW_AT_name("size_t")
     326                      .dwattr $C$DW$T$27, DW_AT_type(*$C$DW$T$13)
     327                      .dwattr $C$DW$T$27, DW_AT_language(DW_LANG_C)
     328              $C$DW$28        .dwtag  DW_TAG_TI_far_type
     329                      .dwattr $C$DW$28, DW_AT_type(*$C$DW$T$27)
     330              $C$DW$T$28      .dwtag  DW_TAG_const_type
TMS320C2000 Assembler PC v6.2.5 Tue Jul 11 19:04:31 2017

Tools Copyright (c) 1996-2014 Texas Instruments Incorporated
C:\Users\wmj\AppData\Local\Temp\0086410                              PAGE    7

     331                      .dwattr $C$DW$T$28, DW_AT_type(*$C$DW$28)
     332              $C$DW$T$20      .dwtag  DW_TAG_typedef, DW_AT_name("uint32_t")
     333                      .dwattr $C$DW$T$20, DW_AT_type(*$C$DW$T$13)
     334                      .dwattr $C$DW$T$20, DW_AT_language(DW_LANG_C)
     335              $C$DW$T$14      .dwtag  DW_TAG_base_type
     336                      .dwattr $C$DW$T$14, DW_AT_encoding(DW_ATE_signed)
     337                      .dwattr $C$DW$T$14, DW_AT_name("long long")
     338                      .dwattr $C$DW$T$14, DW_AT_byte_size(0x04)
     339              $C$DW$T$15      .dwtag  DW_TAG_base_type
     340                      .dwattr $C$DW$T$15, DW_AT_encoding(DW_ATE_unsigned)
     341                      .dwattr $C$DW$T$15, DW_AT_name("unsigned long long")
     342                      .dwattr $C$DW$T$15, DW_AT_byte_size(0x04)
     343              $C$DW$T$16      .dwtag  DW_TAG_base_type
     344                      .dwattr $C$DW$T$16, DW_AT_encoding(DW_ATE_float)
     345                      .dwattr $C$DW$T$16, DW_AT_name("float")
     346                      .dwattr $C$DW$T$16, DW_AT_byte_size(0x02)
     347              $C$DW$T$17      .dwtag  DW_TAG_base_type
     348                      .dwattr $C$DW$T$17, DW_AT_encoding(DW_ATE_float)
     349                      .dwattr $C$DW$T$17, DW_AT_name("double")
     350                      .dwattr $C$DW$T$17, DW_AT_byte_size(0x02)
     351              $C$DW$T$18      .dwtag  DW_TAG_base_type
     352                      .dwattr $C$DW$T$18, DW_AT_encoding(DW_ATE_float)
     353                      .dwattr $C$DW$T$18, DW_AT_name("long double")
     354                      .dwattr $C$DW$T$18, DW_AT_byte_size(0x04)
     355                      .dwattr $C$DW$CU, DW_AT_language(DW_LANG_C)
     356              
     357              ;***************************************************************
     358              ;* DWARF CIE ENTRIES                                           *
     359              ;***************************************************************
     360              
     361              $C$DW$CIE       .dwcie 78
     362                      .dwcfi  cfa_register, 20
     363                      .dwcfi  cfa_offset, 0
     364                      .dwcfi  undefined, 0
     365                      .dwcfi  undefined, 1
     366                      .dwcfi  undefined, 2
     367                      .dwcfi  undefined, 3
     368                      .dwcfi  undefined, 20
     369                      .dwcfi  undefined, 21
     370                      .dwcfi  undefined, 22
     371                      .dwcfi  undefined, 23
     372                      .dwcfi  undefined, 24
     373                      .dwcfi  undefined, 25
     374                      .dwcfi  undefined, 26
     375                      .dwcfi  same_value, 28
     376                      .dwcfi  undefined, 29
     377                      .dwcfi  undefined, 30
     378                      .dwcfi  undefined, 31
     379                      .dwcfi  undefined, 32
     380                      .dwcfi  undefined, 33
     381                      .dwcfi  undefined, 34
     382                      .dwcfi  undefined, 35
     383                      .dwcfi  undefined, 36
     384                      .dwcfi  undefined, 37
     385                      .dwcfi  undefined, 38
TMS320C2000 Assembler PC v6.2.5 Tue Jul 11 19:04:31 2017

Tools Copyright (c) 1996-2014 Texas Instruments Incorporated
C:\Users\wmj\AppData\Local\Temp\0086410                              PAGE    8

     386                      .dwcfi  undefined, 75
     387                      .dwcfi  undefined, 76
     388                      .dwcfi  undefined, 77
     389                      .dwcfi  undefined, 4
     390                      .dwcfi  same_value, 6
     391                      .dwcfi  same_value, 8
     392                      .dwcfi  same_value, 10
     393                      .dwcfi  undefined, 12
     394                      .dwcfi  undefined, 14
     395                      .dwcfi  undefined, 16
     396                      .dwcfi  undefined, 17
     397                      .dwcfi  undefined, 18
     398                      .dwcfi  undefined, 19
     399                      .dwcfi  undefined, 5
     400                      .dwcfi  same_value, 7
     401                      .dwcfi  same_value, 9
     402                      .dwcfi  same_value, 11
     403                      .dwcfi  undefined, 13
     404                      .dwcfi  undefined, 15
     405                      .dwcfi  undefined, 78
     406                      .dwendentry
     407              
     408              ;***************************************************************
     409              ;* DWARF REGISTER MAP                                          *
     410              ;***************************************************************
     411              
     412              $C$DW$29        .dwtag  DW_TAG_TI_assign_register, DW_AT_name("AL")
     413                      .dwattr $C$DW$29, DW_AT_location[DW_OP_reg0]
     414              $C$DW$30        .dwtag  DW_TAG_TI_assign_register, DW_AT_name("AH")
     415                      .dwattr $C$DW$30, DW_AT_location[DW_OP_reg1]
     416              $C$DW$31        .dwtag  DW_TAG_TI_assign_register, DW_AT_name("PL")
     417                      .dwattr $C$DW$31, DW_AT_location[DW_OP_reg2]
     418              $C$DW$32        .dwtag  DW_TAG_TI_assign_register, DW_AT_name("PH")
     419                      .dwattr $C$DW$32, DW_AT_location[DW_OP_reg3]
     420              $C$DW$33        .dwtag  DW_TAG_TI_assign_register, DW_AT_name("SP")
     421                      .dwattr $C$DW$33, DW_AT_location[DW_OP_reg20]
     422              $C$DW$34        .dwtag  DW_TAG_TI_assign_register, DW_AT_name("XT")
     423                      .dwattr $C$DW$34, DW_AT_location[DW_OP_reg21]
     424              $C$DW$35        .dwtag  DW_TAG_TI_assign_register, DW_AT_name("T")
     425                      .dwattr $C$DW$35, DW_AT_location[DW_OP_reg22]
     426              $C$DW$36        .dwtag  DW_TAG_TI_assign_register, DW_AT_name("ST0")
     427                      .dwattr $C$DW$36, DW_AT_location[DW_OP_reg23]
     428              $C$DW$37        .dwtag  DW_TAG_TI_assign_register, DW_AT_name("ST1")
     429                      .dwattr $C$DW$37, DW_AT_location[DW_OP_reg24]
     430              $C$DW$38        .dwtag  DW_TAG_TI_assign_register, DW_AT_name("PC")
     431                      .dwattr $C$DW$38, DW_AT_location[DW_OP_reg25]
     432              $C$DW$39        .dwtag  DW_TAG_TI_assign_register, DW_AT_name("RPC")
     433                      .dwattr $C$DW$39, DW_AT_location[DW_OP_reg26]
     434              $C$DW$40        .dwtag  DW_TAG_TI_assign_register, DW_AT_name("FP")
     435                      .dwattr $C$DW$40, DW_AT_location[DW_OP_reg28]
     436              $C$DW$41        .dwtag  DW_TAG_TI_assign_register, DW_AT_name("DP")
     437                      .dwattr $C$DW$41, DW_AT_location[DW_OP_reg29]
     438              $C$DW$42        .dwtag  DW_TAG_TI_assign_register, DW_AT_name("SXM")
     439                      .dwattr $C$DW$42, DW_AT_location[DW_OP_reg30]
     440              $C$DW$43        .dwtag  DW_TAG_TI_assign_register, DW_AT_name("PM")
TMS320C2000 Assembler PC v6.2.5 Tue Jul 11 19:04:31 2017

Tools Copyright (c) 1996-2014 Texas Instruments Incorporated
C:\Users\wmj\AppData\Local\Temp\0086410                              PAGE    9

     441                      .dwattr $C$DW$43, DW_AT_location[DW_OP_reg31]
     442              $C$DW$44        .dwtag  DW_TAG_TI_assign_register, DW_AT_name("OVM")
     443                      .dwattr $C$DW$44, DW_AT_location[DW_OP_regx 0x20]
     444              $C$DW$45        .dwtag  DW_TAG_TI_assign_register, DW_AT_name("PAGE0")
     445                      .dwattr $C$DW$45, DW_AT_location[DW_OP_regx 0x21]
     446              $C$DW$46        .dwtag  DW_TAG_TI_assign_register, DW_AT_name("AMODE")
     447                      .dwattr $C$DW$46, DW_AT_location[DW_OP_regx 0x22]
     448              $C$DW$47        .dwtag  DW_TAG_TI_assign_register, DW_AT_name("INTM")
     449                      .dwattr $C$DW$47, DW_AT_location[DW_OP_regx 0x23]
     450              $C$DW$48        .dwtag  DW_TAG_TI_assign_register, DW_AT_name("IFR")
     451                      .dwattr $C$DW$48, DW_AT_location[DW_OP_regx 0x24]
     452              $C$DW$49        .dwtag  DW_TAG_TI_assign_register, DW_AT_name("IER")
     453                      .dwattr $C$DW$49, DW_AT_location[DW_OP_regx 0x25]
     454              $C$DW$50        .dwtag  DW_TAG_TI_assign_register, DW_AT_name("V")
     455                      .dwattr $C$DW$50, DW_AT_location[DW_OP_regx 0x26]
     456              $C$DW$51        .dwtag  DW_TAG_TI_assign_register, DW_AT_name("PSEUDOH")
     457                      .dwattr $C$DW$51, DW_AT_location[DW_OP_regx 0x4c]
     458              $C$DW$52        .dwtag  DW_TAG_TI_assign_register, DW_AT_name("VOL")
     459                      .dwattr $C$DW$52, DW_AT_location[DW_OP_regx 0x4d]
     460              $C$DW$53        .dwtag  DW_TAG_TI_assign_register, DW_AT_name("AR0")
     461                      .dwattr $C$DW$53, DW_AT_location[DW_OP_reg4]
     462              $C$DW$54        .dwtag  DW_TAG_TI_assign_register, DW_AT_name("AR1")
     463                      .dwattr $C$DW$54, DW_AT_location[DW_OP_reg6]
     464              $C$DW$55        .dwtag  DW_TAG_TI_assign_register, DW_AT_name("AR2")
     465                      .dwattr $C$DW$55, DW_AT_location[DW_OP_reg8]
     466              $C$DW$56        .dwtag  DW_TAG_TI_assign_register, DW_AT_name("AR3")
     467                      .dwattr $C$DW$56, DW_AT_location[DW_OP_reg10]
     468              $C$DW$57        .dwtag  DW_TAG_TI_assign_register, DW_AT_name("AR4")
     469                      .dwattr $C$DW$57, DW_AT_location[DW_OP_reg12]
     470              $C$DW$58        .dwtag  DW_TAG_TI_assign_register, DW_AT_name("AR5")
     471                      .dwattr $C$DW$58, DW_AT_location[DW_OP_reg14]
     472              $C$DW$59        .dwtag  DW_TAG_TI_assign_register, DW_AT_name("AR6")
     473                      .dwattr $C$DW$59, DW_AT_location[DW_OP_reg16]
     474              $C$DW$60        .dwtag  DW_TAG_TI_assign_register, DW_AT_name("XAR6")
     475                      .dwattr $C$DW$60, DW_AT_location[DW_OP_reg17]
     476              $C$DW$61        .dwtag  DW_TAG_TI_assign_register, DW_AT_name("AR7")
     477                      .dwattr $C$DW$61, DW_AT_location[DW_OP_reg18]
     478              $C$DW$62        .dwtag  DW_TAG_TI_assign_register, DW_AT_name("XAR7")
     479                      .dwattr $C$DW$62, DW_AT_location[DW_OP_reg19]
     480              $C$DW$63        .dwtag  DW_TAG_TI_assign_register, DW_AT_name("XAR0")
     481                      .dwattr $C$DW$63, DW_AT_location[DW_OP_reg5]
     482              $C$DW$64        .dwtag  DW_TAG_TI_assign_register, DW_AT_name("XAR1")
     483                      .dwattr $C$DW$64, DW_AT_location[DW_OP_reg7]
     484              $C$DW$65        .dwtag  DW_TAG_TI_assign_register, DW_AT_name("XAR2")
     485                      .dwattr $C$DW$65, DW_AT_location[DW_OP_reg9]
     486              $C$DW$66        .dwtag  DW_TAG_TI_assign_register, DW_AT_name("XAR3")
     487                      .dwattr $C$DW$66, DW_AT_location[DW_OP_reg11]
     488              $C$DW$67        .dwtag  DW_TAG_TI_assign_register, DW_AT_name("XAR4")
     489                      .dwattr $C$DW$67, DW_AT_location[DW_OP_reg13]
     490              $C$DW$68        .dwtag  DW_TAG_TI_assign_register, DW_AT_name("XAR5")
     491                      .dwattr $C$DW$68, DW_AT_location[DW_OP_reg15]
     492              $C$DW$69        .dwtag  DW_TAG_TI_assign_register, DW_AT_name("CIE_RETA")
     493                      .dwattr $C$DW$69, DW_AT_location[DW_OP_regx 0x4e]
     494                      .dwendtag $C$DW$CU
     495              
TMS320C2000 Assembler PC v6.2.5 Tue Jul 11 19:04:31 2017

Tools Copyright (c) 1996-2014 Texas Instruments Incorporated
C:\Users\wmj\AppData\Local\Temp\0086410                              PAGE   10


No Assembly Errors, No Assembly Warnings
