TMS320C2000 Assembler PC v6.2.5 Tue Jul 11 19:04:34 2017

Tools Copyright (c) 1996-2014 Texas Instruments Incorporated
C:\Users\wmj\AppData\Local\Temp\1033210                              PAGE    1

       1              ;***************************************************************
       2              ;* TMS320C2000 C/C++ Codegen                         PC v6.2.5 *
       3              ;* Date/Time created: Tue Jul 11 19:04:34 2017                 *
       4              ;***************************************************************
       5                      .compiler_opts --float_support=softlib --hll_source=on --mem_model:code=flat --mem_model:data=large -
       6        0002  FP      .set    XAR2
       7              
       8              $C$DW$CU        .dwtag  DW_TAG_compile_unit
       9                      .dwattr $C$DW$CU, DW_AT_name("D:/Foc/my_motor/sw/modules/fw/src/32b/fw.c")
      10                      .dwattr $C$DW$CU, DW_AT_producer("TMS320C2000 C/C++ Codegen PC v6.2.5 Copyright (c) 1996-2014 Texas I
      11                      .dwattr $C$DW$CU, DW_AT_TI_version(0x01)
      12                      .dwattr $C$DW$CU, DW_AT_comp_dir("D:\Foc\my_motor\sw\solutions\instaspin_foc\boards\hvkit_rev1p1\f28x
      13              ;       c:\ti\ccsv6\tools\compiler\c2000_6.2.5\bin\opt2000.exe C:\\Users\\wmj\\AppData\\Local\\Temp\\103322 C
      14              ;       c:\ti\ccsv6\tools\compiler\c2000_6.2.5\bin\ac2000.exe -@C:\\Users\\wmj\\AppData\\Local\\Temp\\1033216
      15 00000000               .sect   ".text"
      16                      .clink
      17                      .global _FW_init
      18              
      19              $C$DW$1 .dwtag  DW_TAG_subprogram, DW_AT_name("FW_init")
      20                      .dwattr $C$DW$1, DW_AT_low_pc(_FW_init)
      21                      .dwattr $C$DW$1, DW_AT_high_pc(0x00)
      22                      .dwattr $C$DW$1, DW_AT_TI_symbol_name("_FW_init")
      23                      .dwattr $C$DW$1, DW_AT_external
      24                      .dwattr $C$DW$1, DW_AT_type(*$C$DW$T$24)
      25                      .dwattr $C$DW$1, DW_AT_TI_begin_file("D:/Foc/my_motor/sw/modules/fw/src/32b/fw.c")
      26                      .dwattr $C$DW$1, DW_AT_TI_begin_line(0x37)
      27                      .dwattr $C$DW$1, DW_AT_TI_begin_column(0x0b)
      28                      .dwattr $C$DW$1, DW_AT_TI_max_frame_size(-2)
      29                      .dwpsn  file "D:/Foc/my_motor/sw/modules/fw/src/32b/fw.c",line 56,column 1,is_stmt,address _FW_init
      30              
      31                      .dwfde $C$DW$CIE, _FW_init
      32              $C$DW$2 .dwtag  DW_TAG_formal_parameter, DW_AT_name("pMemory")
      33                      .dwattr $C$DW$2, DW_AT_TI_symbol_name("_pMemory")
      34                      .dwattr $C$DW$2, DW_AT_type(*$C$DW$T$3)
      35                      .dwattr $C$DW$2, DW_AT_location[DW_OP_reg12]
      36              $C$DW$3 .dwtag  DW_TAG_formal_parameter, DW_AT_name("numBytes")
      37                      .dwattr $C$DW$3, DW_AT_TI_symbol_name("_numBytes")
      38                      .dwattr $C$DW$3, DW_AT_type(*$C$DW$T$26)
      39                      .dwattr $C$DW$3, DW_AT_location[DW_OP_reg0]
      40              
      41              ;***************************************************************
      42              ;* FNAME: _FW_init                      FR SIZE:   0           *
      43              ;*                                                             *
      44              ;* FUNCTION ENVIRONMENT                                        *
      45              ;*                                                             *
      46              ;* FUNCTION PROPERTIES                                         *
      47              ;*                            0 Parameter,  0 Auto,  0 SOE     *
      48              ;***************************************************************
      49              
      50              _FW_init:
      51              ;* AR6   assigned to _numBytes
      52              $C$DW$4 .dwtag  DW_TAG_variable, DW_AT_name("numBytes")
      53                      .dwattr $C$DW$4, DW_AT_TI_symbol_name("_numBytes")
      54                      .dwattr $C$DW$4, DW_AT_type(*$C$DW$T$26)
      55                      .dwattr $C$DW$4, DW_AT_location[DW_OP_reg16]
TMS320C2000 Assembler PC v6.2.5 Tue Jul 11 19:04:34 2017

Tools Copyright (c) 1996-2014 Texas Instruments Incorporated
C:\Users\wmj\AppData\Local\Temp\1033210                              PAGE    2

      56              ;* AR4   assigned to _pMemory
      57              $C$DW$5 .dwtag  DW_TAG_variable, DW_AT_name("pMemory")
      58                      .dwattr $C$DW$5, DW_AT_TI_symbol_name("_pMemory")
      59                      .dwattr $C$DW$5, DW_AT_type(*$C$DW$T$29)
      60                      .dwattr $C$DW$5, DW_AT_location[DW_OP_reg12]
      61                      .dwcfi  cfa_offset, -2
      62                      .dwcfi  save_reg_to_mem, 26, 0
      63                      .dwcfi  save_reg_to_reg, 78, 26
      64 00000000 1EA6          MOVL      XAR6,ACC              ; [CPU_] |56| 
      65                      .dwpsn  file "D:/Foc/my_motor/sw/modules/fw/src/32b/fw.c",line 60,column 5,is_stmt
      66 00000001 0214          MOVB      ACC,#20               ; [CPU_] |60| 
      67 00000002 0FA6          CMPL      ACC,XAR6              ; [CPU_] |60| 
      68 00000003 6902          B         $C$L1,LOS             ; [CPU_] |60| 
      69                      ; branchcc occurs ; [] |60| 
      70 00000004 D400          MOVB      XAR4,#0               ; [CPU_] |60| 
      71              $C$L1:    
      72              $C$DW$6 .dwtag  DW_TAG_TI_branch
      73                      .dwattr $C$DW$6, DW_AT_low_pc(0x00)
      74                      .dwattr $C$DW$6, DW_AT_TI_return
      75 00000005 0006          LRETR     ; [CPU_] 
      76                      ; return occurs ; [] 
      77                      .dwattr $C$DW$1, DW_AT_TI_end_file("D:/Foc/my_motor/sw/modules/fw/src/32b/fw.c")
      78                      .dwattr $C$DW$1, DW_AT_TI_end_line(0x42)
      79                      .dwattr $C$DW$1, DW_AT_TI_end_column(0x01)
      80                      .dwendentry
      81                      .dwendtag $C$DW$1
      82              
      83              
      84              ;***************************************************************
      85              ;* TYPE INFORMATION                                            *
      86              ;***************************************************************
      87              
      88              $C$DW$T$22      .dwtag  DW_TAG_structure_type
      89                      .dwattr $C$DW$T$22, DW_AT_name("_FW_Obj_")
      90                      .dwattr $C$DW$T$22, DW_AT_byte_size(0x14)
      91              $C$DW$7 .dwtag  DW_TAG_member
      92                      .dwattr $C$DW$7, DW_AT_type(*$C$DW$T$19)
      93                      .dwattr $C$DW$7, DW_AT_name("numIsrTicksPerFwTick")
      94                      .dwattr $C$DW$7, DW_AT_TI_symbol_name("_numIsrTicksPerFwTick")
      95                      .dwattr $C$DW$7, DW_AT_data_member_location[DW_OP_plus_uconst 0x0]
      96                      .dwattr $C$DW$7, DW_AT_accessibility(DW_ACCESS_public)
      97              $C$DW$8 .dwtag  DW_TAG_member
      98                      .dwattr $C$DW$8, DW_AT_type(*$C$DW$T$19)
      99                      .dwattr $C$DW$8, DW_AT_name("counter_fw")
     100                      .dwattr $C$DW$8, DW_AT_TI_symbol_name("_counter_fw")
     101                      .dwattr $C$DW$8, DW_AT_data_member_location[DW_OP_plus_uconst 0x2]
     102                      .dwattr $C$DW$8, DW_AT_accessibility(DW_ACCESS_public)
     103              $C$DW$9 .dwtag  DW_TAG_member
     104                      .dwattr $C$DW$9, DW_AT_type(*$C$DW$T$20)
     105                      .dwattr $C$DW$9, DW_AT_name("delta_inc")
     106                      .dwattr $C$DW$9, DW_AT_TI_symbol_name("_delta_inc")
     107                      .dwattr $C$DW$9, DW_AT_data_member_location[DW_OP_plus_uconst 0x4]
     108                      .dwattr $C$DW$9, DW_AT_accessibility(DW_ACCESS_public)
     109              $C$DW$10        .dwtag  DW_TAG_member
     110                      .dwattr $C$DW$10, DW_AT_type(*$C$DW$T$20)
TMS320C2000 Assembler PC v6.2.5 Tue Jul 11 19:04:34 2017

Tools Copyright (c) 1996-2014 Texas Instruments Incorporated
C:\Users\wmj\AppData\Local\Temp\1033210                              PAGE    3

     111                      .dwattr $C$DW$10, DW_AT_name("delta_dec")
     112                      .dwattr $C$DW$10, DW_AT_TI_symbol_name("_delta_dec")
     113                      .dwattr $C$DW$10, DW_AT_data_member_location[DW_OP_plus_uconst 0x6]
     114                      .dwattr $C$DW$10, DW_AT_accessibility(DW_ACCESS_public)
     115              $C$DW$11        .dwtag  DW_TAG_member
     116                      .dwattr $C$DW$11, DW_AT_type(*$C$DW$T$20)
     117                      .dwattr $C$DW$11, DW_AT_name("refValue")
     118                      .dwattr $C$DW$11, DW_AT_TI_symbol_name("_refValue")
     119                      .dwattr $C$DW$11, DW_AT_data_member_location[DW_OP_plus_uconst 0x8]
     120                      .dwattr $C$DW$11, DW_AT_accessibility(DW_ACCESS_public)
     121              $C$DW$12        .dwtag  DW_TAG_member
     122                      .dwattr $C$DW$12, DW_AT_type(*$C$DW$T$20)
     123                      .dwattr $C$DW$12, DW_AT_name("fbackValue")
     124                      .dwattr $C$DW$12, DW_AT_TI_symbol_name("_fbackValue")
     125                      .dwattr $C$DW$12, DW_AT_data_member_location[DW_OP_plus_uconst 0xa]
     126                      .dwattr $C$DW$12, DW_AT_accessibility(DW_ACCESS_public)
     127              $C$DW$13        .dwtag  DW_TAG_member
     128                      .dwattr $C$DW$13, DW_AT_type(*$C$DW$T$20)
     129                      .dwattr $C$DW$13, DW_AT_name("output")
     130                      .dwattr $C$DW$13, DW_AT_TI_symbol_name("_output")
     131                      .dwattr $C$DW$13, DW_AT_data_member_location[DW_OP_plus_uconst 0xc]
     132                      .dwattr $C$DW$13, DW_AT_accessibility(DW_ACCESS_public)
     133              $C$DW$14        .dwtag  DW_TAG_member
     134                      .dwattr $C$DW$14, DW_AT_type(*$C$DW$T$20)
     135                      .dwattr $C$DW$14, DW_AT_name("outMin")
     136                      .dwattr $C$DW$14, DW_AT_TI_symbol_name("_outMin")
     137                      .dwattr $C$DW$14, DW_AT_data_member_location[DW_OP_plus_uconst 0xe]
     138                      .dwattr $C$DW$14, DW_AT_accessibility(DW_ACCESS_public)
     139              $C$DW$15        .dwtag  DW_TAG_member
     140                      .dwattr $C$DW$15, DW_AT_type(*$C$DW$T$20)
     141                      .dwattr $C$DW$15, DW_AT_name("outMax")
     142                      .dwattr $C$DW$15, DW_AT_TI_symbol_name("_outMax")
     143                      .dwattr $C$DW$15, DW_AT_data_member_location[DW_OP_plus_uconst 0x10]
     144                      .dwattr $C$DW$15, DW_AT_accessibility(DW_ACCESS_public)
     145              $C$DW$16        .dwtag  DW_TAG_member
     146                      .dwattr $C$DW$16, DW_AT_type(*$C$DW$T$21)
     147                      .dwattr $C$DW$16, DW_AT_name("flag_enableFw")
     148                      .dwattr $C$DW$16, DW_AT_TI_symbol_name("_flag_enableFw")
     149                      .dwattr $C$DW$16, DW_AT_data_member_location[DW_OP_plus_uconst 0x12]
     150                      .dwattr $C$DW$16, DW_AT_accessibility(DW_ACCESS_public)
     151                      .dwendtag $C$DW$T$22
     152              
     153              $C$DW$T$23      .dwtag  DW_TAG_pointer_type
     154                      .dwattr $C$DW$T$23, DW_AT_type(*$C$DW$T$22)
     155                      .dwattr $C$DW$T$23, DW_AT_address_class(0x16)
     156              $C$DW$T$24      .dwtag  DW_TAG_typedef, DW_AT_name("FW_Handle")
     157                      .dwattr $C$DW$T$24, DW_AT_type(*$C$DW$T$23)
     158                      .dwattr $C$DW$T$24, DW_AT_language(DW_LANG_C)
     159              $C$DW$T$3       .dwtag  DW_TAG_pointer_type
     160                      .dwattr $C$DW$T$3, DW_AT_address_class(0x16)
     161              $C$DW$17        .dwtag  DW_TAG_TI_far_type
     162                      .dwattr $C$DW$17, DW_AT_type(*$C$DW$T$3)
     163              $C$DW$T$29      .dwtag  DW_TAG_const_type
     164                      .dwattr $C$DW$T$29, DW_AT_type(*$C$DW$17)
     165              $C$DW$T$4       .dwtag  DW_TAG_base_type
TMS320C2000 Assembler PC v6.2.5 Tue Jul 11 19:04:34 2017

Tools Copyright (c) 1996-2014 Texas Instruments Incorporated
C:\Users\wmj\AppData\Local\Temp\1033210                              PAGE    4

     166                      .dwattr $C$DW$T$4, DW_AT_encoding(DW_ATE_boolean)
     167                      .dwattr $C$DW$T$4, DW_AT_name("bool")
     168                      .dwattr $C$DW$T$4, DW_AT_byte_size(0x01)
     169              $C$DW$T$5       .dwtag  DW_TAG_base_type
     170                      .dwattr $C$DW$T$5, DW_AT_encoding(DW_ATE_signed_char)
     171                      .dwattr $C$DW$T$5, DW_AT_name("signed char")
     172                      .dwattr $C$DW$T$5, DW_AT_byte_size(0x01)
     173              $C$DW$T$6       .dwtag  DW_TAG_base_type
     174                      .dwattr $C$DW$T$6, DW_AT_encoding(DW_ATE_unsigned_char)
     175                      .dwattr $C$DW$T$6, DW_AT_name("unsigned char")
     176                      .dwattr $C$DW$T$6, DW_AT_byte_size(0x01)
     177              $C$DW$T$21      .dwtag  DW_TAG_typedef, DW_AT_name("_Bool")
     178                      .dwattr $C$DW$T$21, DW_AT_type(*$C$DW$T$6)
     179                      .dwattr $C$DW$T$21, DW_AT_language(DW_LANG_C)
     180              $C$DW$T$7       .dwtag  DW_TAG_base_type
     181                      .dwattr $C$DW$T$7, DW_AT_encoding(DW_ATE_signed_char)
     182                      .dwattr $C$DW$T$7, DW_AT_name("wchar_t")
     183                      .dwattr $C$DW$T$7, DW_AT_byte_size(0x01)
     184              $C$DW$T$8       .dwtag  DW_TAG_base_type
     185                      .dwattr $C$DW$T$8, DW_AT_encoding(DW_ATE_signed)
     186                      .dwattr $C$DW$T$8, DW_AT_name("short")
     187                      .dwattr $C$DW$T$8, DW_AT_byte_size(0x01)
     188              $C$DW$T$9       .dwtag  DW_TAG_base_type
     189                      .dwattr $C$DW$T$9, DW_AT_encoding(DW_ATE_unsigned)
     190                      .dwattr $C$DW$T$9, DW_AT_name("unsigned short")
     191                      .dwattr $C$DW$T$9, DW_AT_byte_size(0x01)
     192              $C$DW$T$10      .dwtag  DW_TAG_base_type
     193                      .dwattr $C$DW$T$10, DW_AT_encoding(DW_ATE_signed)
     194                      .dwattr $C$DW$T$10, DW_AT_name("int")
     195                      .dwattr $C$DW$T$10, DW_AT_byte_size(0x01)
     196              $C$DW$T$11      .dwtag  DW_TAG_base_type
     197                      .dwattr $C$DW$T$11, DW_AT_encoding(DW_ATE_unsigned)
     198                      .dwattr $C$DW$T$11, DW_AT_name("unsigned int")
     199                      .dwattr $C$DW$T$11, DW_AT_byte_size(0x01)
     200              $C$DW$T$12      .dwtag  DW_TAG_base_type
     201                      .dwattr $C$DW$T$12, DW_AT_encoding(DW_ATE_signed)
     202                      .dwattr $C$DW$T$12, DW_AT_name("long")
     203                      .dwattr $C$DW$T$12, DW_AT_byte_size(0x02)
     204              $C$DW$T$20      .dwtag  DW_TAG_typedef, DW_AT_name("_iq")
     205                      .dwattr $C$DW$T$20, DW_AT_type(*$C$DW$T$12)
     206                      .dwattr $C$DW$T$20, DW_AT_language(DW_LANG_C)
     207              $C$DW$T$13      .dwtag  DW_TAG_base_type
     208                      .dwattr $C$DW$T$13, DW_AT_encoding(DW_ATE_unsigned)
     209                      .dwattr $C$DW$T$13, DW_AT_name("unsigned long")
     210                      .dwattr $C$DW$T$13, DW_AT_byte_size(0x02)
     211              $C$DW$T$25      .dwtag  DW_TAG_typedef, DW_AT_name("size_t")
     212                      .dwattr $C$DW$T$25, DW_AT_type(*$C$DW$T$13)
     213                      .dwattr $C$DW$T$25, DW_AT_language(DW_LANG_C)
     214              $C$DW$18        .dwtag  DW_TAG_TI_far_type
     215                      .dwattr $C$DW$18, DW_AT_type(*$C$DW$T$25)
     216              $C$DW$T$26      .dwtag  DW_TAG_const_type
     217                      .dwattr $C$DW$T$26, DW_AT_type(*$C$DW$18)
     218              $C$DW$T$19      .dwtag  DW_TAG_typedef, DW_AT_name("uint32_t")
     219                      .dwattr $C$DW$T$19, DW_AT_type(*$C$DW$T$13)
     220                      .dwattr $C$DW$T$19, DW_AT_language(DW_LANG_C)
TMS320C2000 Assembler PC v6.2.5 Tue Jul 11 19:04:34 2017

Tools Copyright (c) 1996-2014 Texas Instruments Incorporated
C:\Users\wmj\AppData\Local\Temp\1033210                              PAGE    5

     221              $C$DW$T$14      .dwtag  DW_TAG_base_type
     222                      .dwattr $C$DW$T$14, DW_AT_encoding(DW_ATE_signed)
     223                      .dwattr $C$DW$T$14, DW_AT_name("long long")
     224                      .dwattr $C$DW$T$14, DW_AT_byte_size(0x04)
     225              $C$DW$T$15      .dwtag  DW_TAG_base_type
     226                      .dwattr $C$DW$T$15, DW_AT_encoding(DW_ATE_unsigned)
     227                      .dwattr $C$DW$T$15, DW_AT_name("unsigned long long")
     228                      .dwattr $C$DW$T$15, DW_AT_byte_size(0x04)
     229              $C$DW$T$16      .dwtag  DW_TAG_base_type
     230                      .dwattr $C$DW$T$16, DW_AT_encoding(DW_ATE_float)
     231                      .dwattr $C$DW$T$16, DW_AT_name("float")
     232                      .dwattr $C$DW$T$16, DW_AT_byte_size(0x02)
     233              $C$DW$T$17      .dwtag  DW_TAG_base_type
     234                      .dwattr $C$DW$T$17, DW_AT_encoding(DW_ATE_float)
     235                      .dwattr $C$DW$T$17, DW_AT_name("double")
     236                      .dwattr $C$DW$T$17, DW_AT_byte_size(0x02)
     237              $C$DW$T$18      .dwtag  DW_TAG_base_type
     238                      .dwattr $C$DW$T$18, DW_AT_encoding(DW_ATE_float)
     239                      .dwattr $C$DW$T$18, DW_AT_name("long double")
     240                      .dwattr $C$DW$T$18, DW_AT_byte_size(0x04)
     241                      .dwattr $C$DW$CU, DW_AT_language(DW_LANG_C)
     242              
     243              ;***************************************************************
     244              ;* DWARF CIE ENTRIES                                           *
     245              ;***************************************************************
     246              
     247              $C$DW$CIE       .dwcie 78
     248                      .dwcfi  cfa_register, 20
     249                      .dwcfi  cfa_offset, 0
     250                      .dwcfi  undefined, 0
     251                      .dwcfi  undefined, 1
     252                      .dwcfi  undefined, 2
     253                      .dwcfi  undefined, 3
     254                      .dwcfi  undefined, 20
     255                      .dwcfi  undefined, 21
     256                      .dwcfi  undefined, 22
     257                      .dwcfi  undefined, 23
     258                      .dwcfi  undefined, 24
     259                      .dwcfi  undefined, 25
     260                      .dwcfi  undefined, 26
     261                      .dwcfi  same_value, 28
     262                      .dwcfi  undefined, 29
     263                      .dwcfi  undefined, 30
     264                      .dwcfi  undefined, 31
     265                      .dwcfi  undefined, 32
     266                      .dwcfi  undefined, 33
     267                      .dwcfi  undefined, 34
     268                      .dwcfi  undefined, 35
     269                      .dwcfi  undefined, 36
     270                      .dwcfi  undefined, 37
     271                      .dwcfi  undefined, 38
     272                      .dwcfi  undefined, 75
     273                      .dwcfi  undefined, 76
     274                      .dwcfi  undefined, 77
     275                      .dwcfi  undefined, 4
TMS320C2000 Assembler PC v6.2.5 Tue Jul 11 19:04:34 2017

Tools Copyright (c) 1996-2014 Texas Instruments Incorporated
C:\Users\wmj\AppData\Local\Temp\1033210                              PAGE    6

     276                      .dwcfi  same_value, 6
     277                      .dwcfi  same_value, 8
     278                      .dwcfi  same_value, 10
     279                      .dwcfi  undefined, 12
     280                      .dwcfi  undefined, 14
     281                      .dwcfi  undefined, 16
     282                      .dwcfi  undefined, 17
     283                      .dwcfi  undefined, 18
     284                      .dwcfi  undefined, 19
     285                      .dwcfi  undefined, 5
     286                      .dwcfi  same_value, 7
     287                      .dwcfi  same_value, 9
     288                      .dwcfi  same_value, 11
     289                      .dwcfi  undefined, 13
     290                      .dwcfi  undefined, 15
     291                      .dwcfi  undefined, 78
     292                      .dwendentry
     293              
     294              ;***************************************************************
     295              ;* DWARF REGISTER MAP                                          *
     296              ;***************************************************************
     297              
     298              $C$DW$19        .dwtag  DW_TAG_TI_assign_register, DW_AT_name("AL")
     299                      .dwattr $C$DW$19, DW_AT_location[DW_OP_reg0]
     300              $C$DW$20        .dwtag  DW_TAG_TI_assign_register, DW_AT_name("AH")
     301                      .dwattr $C$DW$20, DW_AT_location[DW_OP_reg1]
     302              $C$DW$21        .dwtag  DW_TAG_TI_assign_register, DW_AT_name("PL")
     303                      .dwattr $C$DW$21, DW_AT_location[DW_OP_reg2]
     304              $C$DW$22        .dwtag  DW_TAG_TI_assign_register, DW_AT_name("PH")
     305                      .dwattr $C$DW$22, DW_AT_location[DW_OP_reg3]
     306              $C$DW$23        .dwtag  DW_TAG_TI_assign_register, DW_AT_name("SP")
     307                      .dwattr $C$DW$23, DW_AT_location[DW_OP_reg20]
     308              $C$DW$24        .dwtag  DW_TAG_TI_assign_register, DW_AT_name("XT")
     309                      .dwattr $C$DW$24, DW_AT_location[DW_OP_reg21]
     310              $C$DW$25        .dwtag  DW_TAG_TI_assign_register, DW_AT_name("T")
     311                      .dwattr $C$DW$25, DW_AT_location[DW_OP_reg22]
     312              $C$DW$26        .dwtag  DW_TAG_TI_assign_register, DW_AT_name("ST0")
     313                      .dwattr $C$DW$26, DW_AT_location[DW_OP_reg23]
     314              $C$DW$27        .dwtag  DW_TAG_TI_assign_register, DW_AT_name("ST1")
     315                      .dwattr $C$DW$27, DW_AT_location[DW_OP_reg24]
     316              $C$DW$28        .dwtag  DW_TAG_TI_assign_register, DW_AT_name("PC")
     317                      .dwattr $C$DW$28, DW_AT_location[DW_OP_reg25]
     318              $C$DW$29        .dwtag  DW_TAG_TI_assign_register, DW_AT_name("RPC")
     319                      .dwattr $C$DW$29, DW_AT_location[DW_OP_reg26]
     320              $C$DW$30        .dwtag  DW_TAG_TI_assign_register, DW_AT_name("FP")
     321                      .dwattr $C$DW$30, DW_AT_location[DW_OP_reg28]
     322              $C$DW$31        .dwtag  DW_TAG_TI_assign_register, DW_AT_name("DP")
     323                      .dwattr $C$DW$31, DW_AT_location[DW_OP_reg29]
     324              $C$DW$32        .dwtag  DW_TAG_TI_assign_register, DW_AT_name("SXM")
     325                      .dwattr $C$DW$32, DW_AT_location[DW_OP_reg30]
     326              $C$DW$33        .dwtag  DW_TAG_TI_assign_register, DW_AT_name("PM")
     327                      .dwattr $C$DW$33, DW_AT_location[DW_OP_reg31]
     328              $C$DW$34        .dwtag  DW_TAG_TI_assign_register, DW_AT_name("OVM")
     329                      .dwattr $C$DW$34, DW_AT_location[DW_OP_regx 0x20]
     330              $C$DW$35        .dwtag  DW_TAG_TI_assign_register, DW_AT_name("PAGE0")
TMS320C2000 Assembler PC v6.2.5 Tue Jul 11 19:04:34 2017

Tools Copyright (c) 1996-2014 Texas Instruments Incorporated
C:\Users\wmj\AppData\Local\Temp\1033210                              PAGE    7

     331                      .dwattr $C$DW$35, DW_AT_location[DW_OP_regx 0x21]
     332              $C$DW$36        .dwtag  DW_TAG_TI_assign_register, DW_AT_name("AMODE")
     333                      .dwattr $C$DW$36, DW_AT_location[DW_OP_regx 0x22]
     334              $C$DW$37        .dwtag  DW_TAG_TI_assign_register, DW_AT_name("INTM")
     335                      .dwattr $C$DW$37, DW_AT_location[DW_OP_regx 0x23]
     336              $C$DW$38        .dwtag  DW_TAG_TI_assign_register, DW_AT_name("IFR")
     337                      .dwattr $C$DW$38, DW_AT_location[DW_OP_regx 0x24]
     338              $C$DW$39        .dwtag  DW_TAG_TI_assign_register, DW_AT_name("IER")
     339                      .dwattr $C$DW$39, DW_AT_location[DW_OP_regx 0x25]
     340              $C$DW$40        .dwtag  DW_TAG_TI_assign_register, DW_AT_name("V")
     341                      .dwattr $C$DW$40, DW_AT_location[DW_OP_regx 0x26]
     342              $C$DW$41        .dwtag  DW_TAG_TI_assign_register, DW_AT_name("PSEUDOH")
     343                      .dwattr $C$DW$41, DW_AT_location[DW_OP_regx 0x4c]
     344              $C$DW$42        .dwtag  DW_TAG_TI_assign_register, DW_AT_name("VOL")
     345                      .dwattr $C$DW$42, DW_AT_location[DW_OP_regx 0x4d]
     346              $C$DW$43        .dwtag  DW_TAG_TI_assign_register, DW_AT_name("AR0")
     347                      .dwattr $C$DW$43, DW_AT_location[DW_OP_reg4]
     348              $C$DW$44        .dwtag  DW_TAG_TI_assign_register, DW_AT_name("AR1")
     349                      .dwattr $C$DW$44, DW_AT_location[DW_OP_reg6]
     350              $C$DW$45        .dwtag  DW_TAG_TI_assign_register, DW_AT_name("AR2")
     351                      .dwattr $C$DW$45, DW_AT_location[DW_OP_reg8]
     352              $C$DW$46        .dwtag  DW_TAG_TI_assign_register, DW_AT_name("AR3")
     353                      .dwattr $C$DW$46, DW_AT_location[DW_OP_reg10]
     354              $C$DW$47        .dwtag  DW_TAG_TI_assign_register, DW_AT_name("AR4")
     355                      .dwattr $C$DW$47, DW_AT_location[DW_OP_reg12]
     356              $C$DW$48        .dwtag  DW_TAG_TI_assign_register, DW_AT_name("AR5")
     357                      .dwattr $C$DW$48, DW_AT_location[DW_OP_reg14]
     358              $C$DW$49        .dwtag  DW_TAG_TI_assign_register, DW_AT_name("AR6")
     359                      .dwattr $C$DW$49, DW_AT_location[DW_OP_reg16]
     360              $C$DW$50        .dwtag  DW_TAG_TI_assign_register, DW_AT_name("XAR6")
     361                      .dwattr $C$DW$50, DW_AT_location[DW_OP_reg17]
     362              $C$DW$51        .dwtag  DW_TAG_TI_assign_register, DW_AT_name("AR7")
     363                      .dwattr $C$DW$51, DW_AT_location[DW_OP_reg18]
     364              $C$DW$52        .dwtag  DW_TAG_TI_assign_register, DW_AT_name("XAR7")
     365                      .dwattr $C$DW$52, DW_AT_location[DW_OP_reg19]
     366              $C$DW$53        .dwtag  DW_TAG_TI_assign_register, DW_AT_name("XAR0")
     367                      .dwattr $C$DW$53, DW_AT_location[DW_OP_reg5]
     368              $C$DW$54        .dwtag  DW_TAG_TI_assign_register, DW_AT_name("XAR1")
     369                      .dwattr $C$DW$54, DW_AT_location[DW_OP_reg7]
     370              $C$DW$55        .dwtag  DW_TAG_TI_assign_register, DW_AT_name("XAR2")
     371                      .dwattr $C$DW$55, DW_AT_location[DW_OP_reg9]
     372              $C$DW$56        .dwtag  DW_TAG_TI_assign_register, DW_AT_name("XAR3")
     373                      .dwattr $C$DW$56, DW_AT_location[DW_OP_reg11]
     374              $C$DW$57        .dwtag  DW_TAG_TI_assign_register, DW_AT_name("XAR4")
     375                      .dwattr $C$DW$57, DW_AT_location[DW_OP_reg13]
     376              $C$DW$58        .dwtag  DW_TAG_TI_assign_register, DW_AT_name("XAR5")
     377                      .dwattr $C$DW$58, DW_AT_location[DW_OP_reg15]
     378              $C$DW$59        .dwtag  DW_TAG_TI_assign_register, DW_AT_name("CIE_RETA")
     379                      .dwattr $C$DW$59, DW_AT_location[DW_OP_regx 0x4e]
     380                      .dwendtag $C$DW$CU
     381              

No Assembly Errors, No Assembly Warnings
