TMS320C2000 Assembler PC v6.2.5 Tue Jul 11 19:04:43 2017

Tools Copyright (c) 1996-2014 Texas Instruments Incorporated
C:\Users\wmj\AppData\Local\Temp\1278813                              PAGE    1

       1              ;***************************************************************
       2              ;* TMS320C2000 C/C++ Codegen                         PC v6.2.5 *
       3              ;* Date/Time created: Tue Jul 11 19:04:43 2017                 *
       4              ;***************************************************************
       5                      .compiler_opts --float_support=softlib --hll_source=on --mem_model:code=flat --mem_model:data=large -
       6        0002  FP      .set    XAR2
       7              
       8              $C$DW$CU        .dwtag  DW_TAG_compile_unit
       9                      .dwattr $C$DW$CU, DW_AT_name("D:/Foc/my_motor/sw/drivers/wdog/src/32b/f28x/f2802x/wdog.c")
      10                      .dwattr $C$DW$CU, DW_AT_producer("TMS320C2000 C/C++ Codegen PC v6.2.5 Copyright (c) 1996-2014 Texas I
      11                      .dwattr $C$DW$CU, DW_AT_TI_version(0x01)
      12                      .dwattr $C$DW$CU, DW_AT_comp_dir("D:\Foc\my_motor\sw\solutions\instaspin_foc\boards\hvkit_rev1p1\f28x
      13              ;       c:\ti\ccsv6\tools\compiler\c2000_6.2.5\bin\opt2000.exe C:\\Users\\wmj\\AppData\\Local\\Temp\\127885 C
      14              ;       c:\ti\ccsv6\tools\compiler\c2000_6.2.5\bin\ac2000.exe -@C:\\Users\\wmj\\AppData\\Local\\Temp\\1278819
      15 00000000               .sect   ".text"
      16                      .clink
      17                      .global _WDOG_setPreScaler
      18              
      19              $C$DW$1 .dwtag  DW_TAG_subprogram, DW_AT_name("WDOG_setPreScaler")
      20                      .dwattr $C$DW$1, DW_AT_low_pc(_WDOG_setPreScaler)
      21                      .dwattr $C$DW$1, DW_AT_high_pc(0x00)
      22                      .dwattr $C$DW$1, DW_AT_TI_symbol_name("_WDOG_setPreScaler")
      23                      .dwattr $C$DW$1, DW_AT_external
      24                      .dwattr $C$DW$1, DW_AT_TI_begin_file("D:/Foc/my_motor/sw/drivers/wdog/src/32b/f28x/f2802x/wdog.c")
      25                      .dwattr $C$DW$1, DW_AT_TI_begin_line(0xdb)
      26                      .dwattr $C$DW$1, DW_AT_TI_begin_column(0x06)
      27                      .dwattr $C$DW$1, DW_AT_TI_max_frame_size(-2)
      28                      .dwpsn  file "D:/Foc/my_motor/sw/drivers/wdog/src/32b/f28x/f2802x/wdog.c",line 220,column 1,is_stmt,a
      29              
      30                      .dwfde $C$DW$CIE, _WDOG_setPreScaler
      31              $C$DW$2 .dwtag  DW_TAG_formal_parameter, DW_AT_name("wdogHandle")
      32                      .dwattr $C$DW$2, DW_AT_TI_symbol_name("_wdogHandle")
      33                      .dwattr $C$DW$2, DW_AT_type(*$C$DW$T$26)
      34                      .dwattr $C$DW$2, DW_AT_location[DW_OP_reg12]
      35              $C$DW$3 .dwtag  DW_TAG_formal_parameter, DW_AT_name("preScaler")
      36                      .dwattr $C$DW$3, DW_AT_TI_symbol_name("_preScaler")
      37                      .dwattr $C$DW$3, DW_AT_type(*$C$DW$T$31)
      38                      .dwattr $C$DW$3, DW_AT_location[DW_OP_reg0]
      39              
      40              ;***************************************************************
      41              ;* FNAME: _WDOG_setPreScaler            FR SIZE:   0           *
      42              ;*                                                             *
      43              ;* FUNCTION ENVIRONMENT                                        *
      44              ;*                                                             *
      45              ;* FUNCTION PROPERTIES                                         *
      46              ;*                            0 Parameter,  0 Auto,  0 SOE     *
      47              ;***************************************************************
      48              
      49              _WDOG_setPreScaler:
      50              ;* AR4   assigned to _wdogHandle
      51              $C$DW$4 .dwtag  DW_TAG_variable, DW_AT_name("wdogHandle")
      52                      .dwattr $C$DW$4, DW_AT_TI_symbol_name("_wdogHandle")
      53                      .dwattr $C$DW$4, DW_AT_type(*$C$DW$T$33)
      54                      .dwattr $C$DW$4, DW_AT_location[DW_OP_reg12]
      55              ;* AL    assigned to _preScaler
TMS320C2000 Assembler PC v6.2.5 Tue Jul 11 19:04:43 2017

Tools Copyright (c) 1996-2014 Texas Instruments Incorporated
C:\Users\wmj\AppData\Local\Temp\1278813                              PAGE    2

      56              $C$DW$5 .dwtag  DW_TAG_variable, DW_AT_name("preScaler")
      57                      .dwattr $C$DW$5, DW_AT_TI_symbol_name("_preScaler")
      58                      .dwattr $C$DW$5, DW_AT_type(*$C$DW$T$31)
      59                      .dwattr $C$DW$5, DW_AT_location[DW_OP_reg0]
      60              ;* AH    assigned to _regValue
      61              $C$DW$6 .dwtag  DW_TAG_variable, DW_AT_name("regValue")
      62                      .dwattr $C$DW$6, DW_AT_TI_symbol_name("_regValue")
      63                      .dwattr $C$DW$6, DW_AT_type(*$C$DW$T$19)
      64                      .dwattr $C$DW$6, DW_AT_location[DW_OP_reg1]
      65                      .dwcfi  cfa_offset, -2
      66                      .dwcfi  save_reg_to_mem, 26, 0
      67                      .dwcfi  save_reg_to_reg, 78, 26
      68                      .dwpsn  file "D:/Foc/my_motor/sw/drivers/wdog/src/32b/f28x/f2802x/wdog.c",line 222,column 23,is_stmt
      69 00000000 93FC          MOV       AH,*+XAR4[7]          ; [CPU_] |222| 
      70                      .dwpsn  file "D:/Foc/my_motor/sw/drivers/wdog/src/32b/f28x/f2802x/wdog.c",line 226,column 5,is_stmt
      71 00000001 18A8          AND       AH,#0xfff8            ; [CPU_] |226| 
         00000002 FFF8 
      72 00000003 CBA9          OR        AH,AL                 ; [CPU_] |226| 
      73 00000004 7622   EALLOW
      74                      .dwpsn  file "D:/Foc/my_motor/sw/drivers/wdog/src/32b/f28x/f2802x/wdog.c",line 234,column 5,is_stmt
      75 00000005 5128          ORB       AH,#0x28              ; [CPU_] |234| 
      76 00000006 97FC          MOV       *+XAR4[7],AH          ; [CPU_] |234| 
      77 00000007 761A   EDIS
      78 00000008 FF69          SPM       #0                    ; [CPU_] 
      79              $C$DW$7 .dwtag  DW_TAG_TI_branch
      80                      .dwattr $C$DW$7, DW_AT_low_pc(0x00)
      81                      .dwattr $C$DW$7, DW_AT_TI_return
      82 00000009 0006          LRETR     ; [CPU_] 
      83                      ; return occurs ; [] 
      84                      .dwattr $C$DW$1, DW_AT_TI_end_file("D:/Foc/my_motor/sw/drivers/wdog/src/32b/f28x/f2802x/wdog.c")
      85                      .dwattr $C$DW$1, DW_AT_TI_end_line(0xef)
      86                      .dwattr $C$DW$1, DW_AT_TI_end_column(0x01)
      87                      .dwendentry
      88                      .dwendtag $C$DW$1
      89              
      90 0000000a               .sect   ".text"
      91                      .clink
      92                      .global _WDOG_setCount
      93              
      94              $C$DW$8 .dwtag  DW_TAG_subprogram, DW_AT_name("WDOG_setCount")
      95                      .dwattr $C$DW$8, DW_AT_low_pc(_WDOG_setCount)
      96                      .dwattr $C$DW$8, DW_AT_high_pc(0x00)
      97                      .dwattr $C$DW$8, DW_AT_TI_symbol_name("_WDOG_setCount")
      98                      .dwattr $C$DW$8, DW_AT_external
      99                      .dwattr $C$DW$8, DW_AT_TI_begin_file("D:/Foc/my_motor/sw/drivers/wdog/src/32b/f28x/f2802x/wdog.c")
     100                      .dwattr $C$DW$8, DW_AT_TI_begin_line(0xcf)
     101                      .dwattr $C$DW$8, DW_AT_TI_begin_column(0x06)
     102                      .dwattr $C$DW$8, DW_AT_TI_max_frame_size(-2)
     103                      .dwpsn  file "D:/Foc/my_motor/sw/drivers/wdog/src/32b/f28x/f2802x/wdog.c",line 208,column 1,is_stmt,a
     104              
     105                      .dwfde $C$DW$CIE, _WDOG_setCount
     106              $C$DW$9 .dwtag  DW_TAG_formal_parameter, DW_AT_name("wdogHandle")
     107                      .dwattr $C$DW$9, DW_AT_TI_symbol_name("_wdogHandle")
     108                      .dwattr $C$DW$9, DW_AT_type(*$C$DW$T$26)
     109                      .dwattr $C$DW$9, DW_AT_location[DW_OP_reg12]
TMS320C2000 Assembler PC v6.2.5 Tue Jul 11 19:04:43 2017

Tools Copyright (c) 1996-2014 Texas Instruments Incorporated
C:\Users\wmj\AppData\Local\Temp\1278813                              PAGE    3

     110              $C$DW$10        .dwtag  DW_TAG_formal_parameter, DW_AT_name("count")
     111                      .dwattr $C$DW$10, DW_AT_TI_symbol_name("_count")
     112                      .dwattr $C$DW$10, DW_AT_type(*$C$DW$T$42)
     113                      .dwattr $C$DW$10, DW_AT_location[DW_OP_reg0]
     114              
     115              ;***************************************************************
     116              ;* FNAME: _WDOG_setCount                FR SIZE:   0           *
     117              ;*                                                             *
     118              ;* FUNCTION ENVIRONMENT                                        *
     119              ;*                                                             *
     120              ;* FUNCTION PROPERTIES                                         *
     121              ;*                            0 Parameter,  0 Auto,  0 SOE     *
     122              ;***************************************************************
     123              
     124              _WDOG_setCount:
     125              ;* AR4   assigned to _wdogHandle
     126              $C$DW$11        .dwtag  DW_TAG_variable, DW_AT_name("wdogHandle")
     127                      .dwattr $C$DW$11, DW_AT_TI_symbol_name("_wdogHandle")
     128                      .dwattr $C$DW$11, DW_AT_type(*$C$DW$T$33)
     129                      .dwattr $C$DW$11, DW_AT_location[DW_OP_reg12]
     130              ;* AL    assigned to _count
     131              $C$DW$12        .dwtag  DW_TAG_variable, DW_AT_name("count")
     132                      .dwattr $C$DW$12, DW_AT_TI_symbol_name("_count")
     133                      .dwattr $C$DW$12, DW_AT_type(*$C$DW$T$42)
     134                      .dwattr $C$DW$12, DW_AT_location[DW_OP_reg0]
     135                      .dwcfi  cfa_offset, -2
     136                      .dwcfi  save_reg_to_mem, 26, 0
     137                      .dwcfi  save_reg_to_reg, 78, 26
     138                      .dwpsn  file "D:/Foc/my_motor/sw/drivers/wdog/src/32b/f28x/f2802x/wdog.c",line 213,column 5,is_stmt
     139 0000000a 96CC          MOV       *+XAR4[1],AL          ; [CPU_] |213| 
     140              $C$DW$13        .dwtag  DW_TAG_TI_branch
     141                      .dwattr $C$DW$13, DW_AT_low_pc(0x00)
     142                      .dwattr $C$DW$13, DW_AT_TI_return
     143 0000000b 0006          LRETR     ; [CPU_] 
     144                      ; return occurs ; [] 
     145                      .dwattr $C$DW$8, DW_AT_TI_end_file("D:/Foc/my_motor/sw/drivers/wdog/src/32b/f28x/f2802x/wdog.c")
     146                      .dwattr $C$DW$8, DW_AT_TI_end_line(0xd8)
     147                      .dwattr $C$DW$8, DW_AT_TI_end_column(0x01)
     148                      .dwendentry
     149                      .dwendtag $C$DW$8
     150              
     151 0000000c               .sect   ".text"
     152                      .clink
     153                      .global _WDOG_init
     154              
     155              $C$DW$14        .dwtag  DW_TAG_subprogram, DW_AT_name("WDOG_init")
     156                      .dwattr $C$DW$14, DW_AT_low_pc(_WDOG_init)
     157                      .dwattr $C$DW$14, DW_AT_high_pc(0x00)
     158                      .dwattr $C$DW$14, DW_AT_TI_symbol_name("_WDOG_init")
     159                      .dwattr $C$DW$14, DW_AT_external
     160                      .dwattr $C$DW$14, DW_AT_type(*$C$DW$T$26)
     161                      .dwattr $C$DW$14, DW_AT_TI_begin_file("D:/Foc/my_motor/sw/drivers/wdog/src/32b/f28x/f2802x/wdog.c")
     162                      .dwattr $C$DW$14, DW_AT_TI_begin_line(0xc0)
     163                      .dwattr $C$DW$14, DW_AT_TI_begin_column(0x0d)
     164                      .dwattr $C$DW$14, DW_AT_TI_max_frame_size(-2)
TMS320C2000 Assembler PC v6.2.5 Tue Jul 11 19:04:43 2017

Tools Copyright (c) 1996-2014 Texas Instruments Incorporated
C:\Users\wmj\AppData\Local\Temp\1278813                              PAGE    4

     165                      .dwpsn  file "D:/Foc/my_motor/sw/drivers/wdog/src/32b/f28x/f2802x/wdog.c",line 193,column 1,is_stmt,a
     166              
     167                      .dwfde $C$DW$CIE, _WDOG_init
     168              $C$DW$15        .dwtag  DW_TAG_formal_parameter, DW_AT_name("pMemory")
     169                      .dwattr $C$DW$15, DW_AT_TI_symbol_name("_pMemory")
     170                      .dwattr $C$DW$15, DW_AT_type(*$C$DW$T$3)
     171                      .dwattr $C$DW$15, DW_AT_location[DW_OP_reg12]
     172              $C$DW$16        .dwtag  DW_TAG_formal_parameter, DW_AT_name("numBytes")
     173                      .dwattr $C$DW$16, DW_AT_TI_symbol_name("_numBytes")
     174                      .dwattr $C$DW$16, DW_AT_type(*$C$DW$T$35)
     175                      .dwattr $C$DW$16, DW_AT_location[DW_OP_reg0]
     176              
     177              ;***************************************************************
     178              ;* FNAME: _WDOG_init                    FR SIZE:   0           *
     179              ;*                                                             *
     180              ;* FUNCTION ENVIRONMENT                                        *
     181              ;*                                                             *
     182              ;* FUNCTION PROPERTIES                                         *
     183              ;*                            0 Parameter,  0 Auto,  0 SOE     *
     184              ;***************************************************************
     185              
     186              _WDOG_init:
     187              ;* AR6   assigned to _numBytes
     188              $C$DW$17        .dwtag  DW_TAG_variable, DW_AT_name("numBytes")
     189                      .dwattr $C$DW$17, DW_AT_TI_symbol_name("_numBytes")
     190                      .dwattr $C$DW$17, DW_AT_type(*$C$DW$T$35)
     191                      .dwattr $C$DW$17, DW_AT_location[DW_OP_reg16]
     192              ;* AR4   assigned to _pMemory
     193              $C$DW$18        .dwtag  DW_TAG_variable, DW_AT_name("pMemory")
     194                      .dwattr $C$DW$18, DW_AT_TI_symbol_name("_pMemory")
     195                      .dwattr $C$DW$18, DW_AT_type(*$C$DW$T$39)
     196                      .dwattr $C$DW$18, DW_AT_location[DW_OP_reg12]
     197                      .dwcfi  cfa_offset, -2
     198                      .dwcfi  save_reg_to_mem, 26, 0
     199                      .dwcfi  save_reg_to_reg, 78, 26
     200 0000000c 1EA6          MOVL      XAR6,ACC              ; [CPU_] |193| 
     201                      .dwpsn  file "D:/Foc/my_motor/sw/drivers/wdog/src/32b/f28x/f2802x/wdog.c",line 198,column 5,is_stmt
     202 0000000d 0208          MOVB      ACC,#8                ; [CPU_] |198| 
     203 0000000e 0FA6          CMPL      ACC,XAR6              ; [CPU_] |198| 
     204 0000000f 6902          B         $C$L1,LOS             ; [CPU_] |198| 
     205                      ; branchcc occurs ; [] |198| 
     206 00000010 D400          MOVB      XAR4,#0               ; [CPU_] |198| 
     207              $C$L1:    
     208              $C$DW$19        .dwtag  DW_TAG_TI_branch
     209                      .dwattr $C$DW$19, DW_AT_low_pc(0x00)
     210                      .dwattr $C$DW$19, DW_AT_TI_return
     211 00000011 0006          LRETR     ; [CPU_] 
     212                      ; return occurs ; [] 
     213                      .dwattr $C$DW$14, DW_AT_TI_end_file("D:/Foc/my_motor/sw/drivers/wdog/src/32b/f28x/f2802x/wdog.c")
     214                      .dwattr $C$DW$14, DW_AT_TI_end_line(0xcc)
     215                      .dwattr $C$DW$14, DW_AT_TI_end_column(0x01)
     216                      .dwendentry
     217                      .dwendtag $C$DW$14
     218              
     219 00000012               .sect   ".text"
TMS320C2000 Assembler PC v6.2.5 Tue Jul 11 19:04:43 2017

Tools Copyright (c) 1996-2014 Texas Instruments Incorporated
C:\Users\wmj\AppData\Local\Temp\1278813                              PAGE    5

     220                      .clink
     221                      .global _WDOG_getIntStatus
     222              
     223              $C$DW$20        .dwtag  DW_TAG_subprogram, DW_AT_name("WDOG_getIntStatus")
     224                      .dwattr $C$DW$20, DW_AT_low_pc(_WDOG_getIntStatus)
     225                      .dwattr $C$DW$20, DW_AT_high_pc(0x00)
     226                      .dwattr $C$DW$20, DW_AT_TI_symbol_name("_WDOG_getIntStatus")
     227                      .dwattr $C$DW$20, DW_AT_external
     228                      .dwattr $C$DW$20, DW_AT_type(*$C$DW$T$24)
     229                      .dwattr $C$DW$20, DW_AT_TI_begin_file("D:/Foc/my_motor/sw/drivers/wdog/src/32b/f28x/f2802x/wdog.c")
     230                      .dwattr $C$DW$20, DW_AT_TI_begin_line(0xb4)
     231                      .dwattr $C$DW$20, DW_AT_TI_begin_column(0x12)
     232                      .dwattr $C$DW$20, DW_AT_TI_max_frame_size(-2)
     233                      .dwpsn  file "D:/Foc/my_motor/sw/drivers/wdog/src/32b/f28x/f2802x/wdog.c",line 181,column 1,is_stmt,a
     234              
     235                      .dwfde $C$DW$CIE, _WDOG_getIntStatus
     236              $C$DW$21        .dwtag  DW_TAG_formal_parameter, DW_AT_name("wdogHandle")
     237                      .dwattr $C$DW$21, DW_AT_TI_symbol_name("_wdogHandle")
     238                      .dwattr $C$DW$21, DW_AT_type(*$C$DW$T$26)
     239                      .dwattr $C$DW$21, DW_AT_location[DW_OP_reg12]
     240              
     241              ;***************************************************************
     242              ;* FNAME: _WDOG_getIntStatus            FR SIZE:   0           *
     243              ;*                                                             *
     244              ;* FUNCTION ENVIRONMENT                                        *
     245              ;*                                                             *
     246              ;* FUNCTION PROPERTIES                                         *
     247              ;*                            0 Parameter,  0 Auto,  0 SOE     *
     248              ;***************************************************************
     249              
     250              _WDOG_getIntStatus:
     251              ;* AR4   assigned to _wdogHandle
     252              $C$DW$22        .dwtag  DW_TAG_variable, DW_AT_name("wdogHandle")
     253                      .dwattr $C$DW$22, DW_AT_TI_symbol_name("_wdogHandle")
     254                      .dwattr $C$DW$22, DW_AT_type(*$C$DW$T$33)
     255                      .dwattr $C$DW$22, DW_AT_location[DW_OP_reg12]
     256              ;* AL    assigned to _status
     257              $C$DW$23        .dwtag  DW_TAG_variable, DW_AT_name("status")
     258                      .dwattr $C$DW$23, DW_AT_TI_symbol_name("_status")
     259                      .dwattr $C$DW$23, DW_AT_type(*$C$DW$T$24)
     260                      .dwattr $C$DW$23, DW_AT_location[DW_OP_reg0]
     261                      .dwcfi  cfa_offset, -2
     262                      .dwcfi  save_reg_to_mem, 26, 0
     263                      .dwcfi  save_reg_to_reg, 78, 26
     264                      .dwpsn  file "D:/Foc/my_motor/sw/drivers/wdog/src/32b/f28x/f2802x/wdog.c",line 185,column 29,is_stmt
     265 00000012 CCC4          AND       AL,*+XAR4[0],#0x0004  ; [CPU_] |185| 
         00000013 0004 
     266              $C$DW$24        .dwtag  DW_TAG_TI_branch
     267                      .dwattr $C$DW$24, DW_AT_low_pc(0x00)
     268                      .dwattr $C$DW$24, DW_AT_TI_return
     269 00000014 0006          LRETR     ; [CPU_] 
     270                      ; return occurs ; [] 
     271                      .dwattr $C$DW$20, DW_AT_TI_end_file("D:/Foc/my_motor/sw/drivers/wdog/src/32b/f28x/f2802x/wdog.c")
     272                      .dwattr $C$DW$20, DW_AT_TI_end_line(0xbd)
     273                      .dwattr $C$DW$20, DW_AT_TI_end_column(0x01)
TMS320C2000 Assembler PC v6.2.5 Tue Jul 11 19:04:43 2017

Tools Copyright (c) 1996-2014 Texas Instruments Incorporated
C:\Users\wmj\AppData\Local\Temp\1278813                              PAGE    6

     274                      .dwendentry
     275                      .dwendtag $C$DW$20
     276              
     277 00000015               .sect   ".text"
     278                      .clink
     279                      .global _WDOG_enableOverRide
     280              
     281              $C$DW$25        .dwtag  DW_TAG_subprogram, DW_AT_name("WDOG_enableOverRide")
     282                      .dwattr $C$DW$25, DW_AT_low_pc(_WDOG_enableOverRide)
     283                      .dwattr $C$DW$25, DW_AT_high_pc(0x00)
     284                      .dwattr $C$DW$25, DW_AT_TI_symbol_name("_WDOG_enableOverRide")
     285                      .dwattr $C$DW$25, DW_AT_external
     286                      .dwattr $C$DW$25, DW_AT_TI_begin_file("D:/Foc/my_motor/sw/drivers/wdog/src/32b/f28x/f2802x/wdog.c")
     287                      .dwattr $C$DW$25, DW_AT_TI_begin_line(0xa4)
     288                      .dwattr $C$DW$25, DW_AT_TI_begin_column(0x06)
     289                      .dwattr $C$DW$25, DW_AT_TI_max_frame_size(-2)
     290                      .dwpsn  file "D:/Foc/my_motor/sw/drivers/wdog/src/32b/f28x/f2802x/wdog.c",line 165,column 1,is_stmt,a
     291              
     292                      .dwfde $C$DW$CIE, _WDOG_enableOverRide
     293              $C$DW$26        .dwtag  DW_TAG_formal_parameter, DW_AT_name("wdogHandle")
     294                      .dwattr $C$DW$26, DW_AT_TI_symbol_name("_wdogHandle")
     295                      .dwattr $C$DW$26, DW_AT_type(*$C$DW$T$26)
     296                      .dwattr $C$DW$26, DW_AT_location[DW_OP_reg12]
     297              
     298              ;***************************************************************
     299              ;* FNAME: _WDOG_enableOverRide          FR SIZE:   0           *
     300              ;*                                                             *
     301              ;* FUNCTION ENVIRONMENT                                        *
     302              ;*                                                             *
     303              ;* FUNCTION PROPERTIES                                         *
     304              ;*                            0 Parameter,  0 Auto,  0 SOE     *
     305              ;***************************************************************
     306              
     307              _WDOG_enableOverRide:
     308              ;* AR4   assigned to _wdogHandle
     309              $C$DW$27        .dwtag  DW_TAG_variable, DW_AT_name("wdogHandle")
     310                      .dwattr $C$DW$27, DW_AT_TI_symbol_name("_wdogHandle")
     311                      .dwattr $C$DW$27, DW_AT_type(*$C$DW$T$33)
     312                      .dwattr $C$DW$27, DW_AT_location[DW_OP_reg12]
     313                      .dwcfi  cfa_offset, -2
     314                      .dwcfi  save_reg_to_mem, 26, 0
     315                      .dwcfi  save_reg_to_reg, 78, 26
     316 00000015 7622   EALLOW
     317                      .dwpsn  file "D:/Foc/my_motor/sw/drivers/wdog/src/32b/f28x/f2802x/wdog.c",line 172,column 5,is_stmt
     318 00000016 1AC4          OR        *+XAR4[0],#0x0001     ; [CPU_] |172| 
         00000017 0001 
     319 00000018 761A   EDIS
     320 00000019 FF69          SPM       #0                    ; [CPU_] 
     321              $C$DW$28        .dwtag  DW_TAG_TI_branch
     322                      .dwattr $C$DW$28, DW_AT_low_pc(0x00)
     323                      .dwattr $C$DW$28, DW_AT_TI_return
     324 0000001a 0006          LRETR     ; [CPU_] 
     325                      ; return occurs ; [] 
     326                      .dwattr $C$DW$25, DW_AT_TI_end_file("D:/Foc/my_motor/sw/drivers/wdog/src/32b/f28x/f2802x/wdog.c")
     327                      .dwattr $C$DW$25, DW_AT_TI_end_line(0xb1)
TMS320C2000 Assembler PC v6.2.5 Tue Jul 11 19:04:43 2017

Tools Copyright (c) 1996-2014 Texas Instruments Incorporated
C:\Users\wmj\AppData\Local\Temp\1278813                              PAGE    7

     328                      .dwattr $C$DW$25, DW_AT_TI_end_column(0x01)
     329                      .dwendentry
     330                      .dwendtag $C$DW$25
     331              
     332 0000001b               .sect   ".text"
     333                      .clink
     334                      .global _WDOG_enableInt
     335              
     336              $C$DW$29        .dwtag  DW_TAG_subprogram, DW_AT_name("WDOG_enableInt")
     337                      .dwattr $C$DW$29, DW_AT_low_pc(_WDOG_enableInt)
     338                      .dwattr $C$DW$29, DW_AT_high_pc(0x00)
     339                      .dwattr $C$DW$29, DW_AT_TI_symbol_name("_WDOG_enableInt")
     340                      .dwattr $C$DW$29, DW_AT_external
     341                      .dwattr $C$DW$29, DW_AT_TI_begin_file("D:/Foc/my_motor/sw/drivers/wdog/src/32b/f28x/f2802x/wdog.c")
     342                      .dwattr $C$DW$29, DW_AT_TI_begin_line(0x94)
     343                      .dwattr $C$DW$29, DW_AT_TI_begin_column(0x06)
     344                      .dwattr $C$DW$29, DW_AT_TI_max_frame_size(-2)
     345                      .dwpsn  file "D:/Foc/my_motor/sw/drivers/wdog/src/32b/f28x/f2802x/wdog.c",line 149,column 1,is_stmt,a
     346              
     347                      .dwfde $C$DW$CIE, _WDOG_enableInt
     348              $C$DW$30        .dwtag  DW_TAG_formal_parameter, DW_AT_name("wdogHandle")
     349                      .dwattr $C$DW$30, DW_AT_TI_symbol_name("_wdogHandle")
     350                      .dwattr $C$DW$30, DW_AT_type(*$C$DW$T$26)
     351                      .dwattr $C$DW$30, DW_AT_location[DW_OP_reg12]
     352              
     353              ;***************************************************************
     354              ;* FNAME: _WDOG_enableInt               FR SIZE:   0           *
     355              ;*                                                             *
     356              ;* FUNCTION ENVIRONMENT                                        *
     357              ;*                                                             *
     358              ;* FUNCTION PROPERTIES                                         *
     359              ;*                            0 Parameter,  0 Auto,  0 SOE     *
     360              ;***************************************************************
     361              
     362              _WDOG_enableInt:
     363              ;* AR4   assigned to _wdogHandle
     364              $C$DW$31        .dwtag  DW_TAG_variable, DW_AT_name("wdogHandle")
     365                      .dwattr $C$DW$31, DW_AT_TI_symbol_name("_wdogHandle")
     366                      .dwattr $C$DW$31, DW_AT_type(*$C$DW$T$33)
     367                      .dwattr $C$DW$31, DW_AT_location[DW_OP_reg12]
     368                      .dwcfi  cfa_offset, -2
     369                      .dwcfi  save_reg_to_mem, 26, 0
     370                      .dwcfi  save_reg_to_reg, 78, 26
     371 0000001b 7622   EALLOW
     372                      .dwpsn  file "D:/Foc/my_motor/sw/drivers/wdog/src/32b/f28x/f2802x/wdog.c",line 156,column 5,is_stmt
     373 0000001c 1AC4          OR        *+XAR4[0],#0x0002     ; [CPU_] |156| 
         0000001d 0002 
     374 0000001e 761A   EDIS
     375 0000001f FF69          SPM       #0                    ; [CPU_] 
     376              $C$DW$32        .dwtag  DW_TAG_TI_branch
     377                      .dwattr $C$DW$32, DW_AT_low_pc(0x00)
     378                      .dwattr $C$DW$32, DW_AT_TI_return
     379 00000020 0006          LRETR     ; [CPU_] 
     380                      ; return occurs ; [] 
     381                      .dwattr $C$DW$29, DW_AT_TI_end_file("D:/Foc/my_motor/sw/drivers/wdog/src/32b/f28x/f2802x/wdog.c")
TMS320C2000 Assembler PC v6.2.5 Tue Jul 11 19:04:43 2017

Tools Copyright (c) 1996-2014 Texas Instruments Incorporated
C:\Users\wmj\AppData\Local\Temp\1278813                              PAGE    8

     382                      .dwattr $C$DW$29, DW_AT_TI_end_line(0xa1)
     383                      .dwattr $C$DW$29, DW_AT_TI_end_column(0x01)
     384                      .dwendentry
     385                      .dwendtag $C$DW$29
     386              
     387 00000021               .sect   ".text"
     388                      .clink
     389                      .global _WDOG_enable
     390              
     391              $C$DW$33        .dwtag  DW_TAG_subprogram, DW_AT_name("WDOG_enable")
     392                      .dwattr $C$DW$33, DW_AT_low_pc(_WDOG_enable)
     393                      .dwattr $C$DW$33, DW_AT_high_pc(0x00)
     394                      .dwattr $C$DW$33, DW_AT_TI_symbol_name("_WDOG_enable")
     395                      .dwattr $C$DW$33, DW_AT_external
     396                      .dwattr $C$DW$33, DW_AT_TI_begin_file("D:/Foc/my_motor/sw/drivers/wdog/src/32b/f28x/f2802x/wdog.c")
     397                      .dwattr $C$DW$33, DW_AT_TI_begin_line(0x80)
     398                      .dwattr $C$DW$33, DW_AT_TI_begin_column(0x06)
     399                      .dwattr $C$DW$33, DW_AT_TI_max_frame_size(-2)
     400                      .dwpsn  file "D:/Foc/my_motor/sw/drivers/wdog/src/32b/f28x/f2802x/wdog.c",line 129,column 1,is_stmt,a
     401              
     402                      .dwfde $C$DW$CIE, _WDOG_enable
     403              $C$DW$34        .dwtag  DW_TAG_formal_parameter, DW_AT_name("wdogHandle")
     404                      .dwattr $C$DW$34, DW_AT_TI_symbol_name("_wdogHandle")
     405                      .dwattr $C$DW$34, DW_AT_type(*$C$DW$T$26)
     406                      .dwattr $C$DW$34, DW_AT_location[DW_OP_reg12]
     407              
     408              ;***************************************************************
     409              ;* FNAME: _WDOG_enable                  FR SIZE:   0           *
     410              ;*                                                             *
     411              ;* FUNCTION ENVIRONMENT                                        *
     412              ;*                                                             *
     413              ;* FUNCTION PROPERTIES                                         *
     414              ;*                            0 Parameter,  0 Auto,  0 SOE     *
     415              ;***************************************************************
     416              
     417              _WDOG_enable:
     418              ;* AR4   assigned to _wdogHandle
     419              $C$DW$35        .dwtag  DW_TAG_variable, DW_AT_name("wdogHandle")
     420                      .dwattr $C$DW$35, DW_AT_TI_symbol_name("_wdogHandle")
     421                      .dwattr $C$DW$35, DW_AT_type(*$C$DW$T$33)
     422                      .dwattr $C$DW$35, DW_AT_location[DW_OP_reg12]
     423              ;* AL    assigned to _regValue
     424              $C$DW$36        .dwtag  DW_TAG_variable, DW_AT_name("regValue")
     425                      .dwattr $C$DW$36, DW_AT_TI_symbol_name("_regValue")
     426                      .dwattr $C$DW$36, DW_AT_type(*$C$DW$T$19)
     427                      .dwattr $C$DW$36, DW_AT_location[DW_OP_reg0]
     428                      .dwcfi  cfa_offset, -2
     429                      .dwcfi  save_reg_to_mem, 26, 0
     430                      .dwcfi  save_reg_to_reg, 78, 26
     431                      .dwpsn  file "D:/Foc/my_motor/sw/drivers/wdog/src/32b/f28x/f2802x/wdog.c",line 131,column 23,is_stmt
     432 00000021 92FC          MOV       AL,*+XAR4[7]          ; [CPU_] |131| 
     433 00000022 7622   EALLOW
     434                      .dwpsn  file "D:/Foc/my_motor/sw/drivers/wdog/src/32b/f28x/f2802x/wdog.c",line 140,column 5,is_stmt
     435 00000023 18A9          AND       AL,#0xffbf            ; [CPU_] |140| 
         00000024 FFBF 
TMS320C2000 Assembler PC v6.2.5 Tue Jul 11 19:04:43 2017

Tools Copyright (c) 1996-2014 Texas Instruments Incorporated
C:\Users\wmj\AppData\Local\Temp\1278813                              PAGE    9

     436 00000025 5028          ORB       AL,#0x28              ; [CPU_] |140| 
     437 00000026 96FC          MOV       *+XAR4[7],AL          ; [CPU_] |140| 
     438 00000027 761A   EDIS
     439 00000028 FF69          SPM       #0                    ; [CPU_] 
     440              $C$DW$37        .dwtag  DW_TAG_TI_branch
     441                      .dwattr $C$DW$37, DW_AT_low_pc(0x00)
     442                      .dwattr $C$DW$37, DW_AT_TI_return
     443 00000029 0006          LRETR     ; [CPU_] 
     444                      ; return occurs ; [] 
     445                      .dwattr $C$DW$33, DW_AT_TI_end_file("D:/Foc/my_motor/sw/drivers/wdog/src/32b/f28x/f2802x/wdog.c")
     446                      .dwattr $C$DW$33, DW_AT_TI_end_line(0x91)
     447                      .dwattr $C$DW$33, DW_AT_TI_end_column(0x01)
     448                      .dwendentry
     449                      .dwendtag $C$DW$33
     450              
     451 0000002a               .sect   ".text"
     452                      .clink
     453                      .global _WDOG_disableOverRide
     454              
     455              $C$DW$38        .dwtag  DW_TAG_subprogram, DW_AT_name("WDOG_disableOverRide")
     456                      .dwattr $C$DW$38, DW_AT_low_pc(_WDOG_disableOverRide)
     457                      .dwattr $C$DW$38, DW_AT_high_pc(0x00)
     458                      .dwattr $C$DW$38, DW_AT_TI_symbol_name("_WDOG_disableOverRide")
     459                      .dwattr $C$DW$38, DW_AT_external
     460                      .dwattr $C$DW$38, DW_AT_TI_begin_file("D:/Foc/my_motor/sw/drivers/wdog/src/32b/f28x/f2802x/wdog.c")
     461                      .dwattr $C$DW$38, DW_AT_TI_begin_line(0x70)
     462                      .dwattr $C$DW$38, DW_AT_TI_begin_column(0x06)
     463                      .dwattr $C$DW$38, DW_AT_TI_max_frame_size(-2)
     464                      .dwpsn  file "D:/Foc/my_motor/sw/drivers/wdog/src/32b/f28x/f2802x/wdog.c",line 113,column 1,is_stmt,a
     465              
     466                      .dwfde $C$DW$CIE, _WDOG_disableOverRide
     467              $C$DW$39        .dwtag  DW_TAG_formal_parameter, DW_AT_name("wdogHandle")
     468                      .dwattr $C$DW$39, DW_AT_TI_symbol_name("_wdogHandle")
     469                      .dwattr $C$DW$39, DW_AT_type(*$C$DW$T$26)
     470                      .dwattr $C$DW$39, DW_AT_location[DW_OP_reg12]
     471              
     472              ;***************************************************************
     473              ;* FNAME: _WDOG_disableOverRide         FR SIZE:   0           *
     474              ;*                                                             *
     475              ;* FUNCTION ENVIRONMENT                                        *
     476              ;*                                                             *
     477              ;* FUNCTION PROPERTIES                                         *
     478              ;*                            0 Parameter,  0 Auto,  0 SOE     *
     479              ;***************************************************************
     480              
     481              _WDOG_disableOverRide:
     482              ;* AR4   assigned to _wdogHandle
     483              $C$DW$40        .dwtag  DW_TAG_variable, DW_AT_name("wdogHandle")
     484                      .dwattr $C$DW$40, DW_AT_TI_symbol_name("_wdogHandle")
     485                      .dwattr $C$DW$40, DW_AT_type(*$C$DW$T$33)
     486                      .dwattr $C$DW$40, DW_AT_location[DW_OP_reg12]
     487                      .dwcfi  cfa_offset, -2
     488                      .dwcfi  save_reg_to_mem, 26, 0
     489                      .dwcfi  save_reg_to_reg, 78, 26
     490 0000002a 7622   EALLOW
TMS320C2000 Assembler PC v6.2.5 Tue Jul 11 19:04:43 2017

Tools Copyright (c) 1996-2014 Texas Instruments Incorporated
C:\Users\wmj\AppData\Local\Temp\1278813                              PAGE   10

     491                      .dwpsn  file "D:/Foc/my_motor/sw/drivers/wdog/src/32b/f28x/f2802x/wdog.c",line 120,column 5,is_stmt
     492 0000002b 18C4          AND       *+XAR4[0],#0xfffe     ; [CPU_] |120| 
         0000002c FFFE 
     493 0000002d 761A   EDIS
     494 0000002e FF69          SPM       #0                    ; [CPU_] 
     495              $C$DW$41        .dwtag  DW_TAG_TI_branch
     496                      .dwattr $C$DW$41, DW_AT_low_pc(0x00)
     497                      .dwattr $C$DW$41, DW_AT_TI_return
     498 0000002f 0006          LRETR     ; [CPU_] 
     499                      ; return occurs ; [] 
     500                      .dwattr $C$DW$38, DW_AT_TI_end_file("D:/Foc/my_motor/sw/drivers/wdog/src/32b/f28x/f2802x/wdog.c")
     501                      .dwattr $C$DW$38, DW_AT_TI_end_line(0x7d)
     502                      .dwattr $C$DW$38, DW_AT_TI_end_column(0x01)
     503                      .dwendentry
     504                      .dwendtag $C$DW$38
     505              
     506 00000030               .sect   ".text"
     507                      .clink
     508                      .global _WDOG_disableInt
     509              
     510              $C$DW$42        .dwtag  DW_TAG_subprogram, DW_AT_name("WDOG_disableInt")
     511                      .dwattr $C$DW$42, DW_AT_low_pc(_WDOG_disableInt)
     512                      .dwattr $C$DW$42, DW_AT_high_pc(0x00)
     513                      .dwattr $C$DW$42, DW_AT_TI_symbol_name("_WDOG_disableInt")
     514                      .dwattr $C$DW$42, DW_AT_external
     515                      .dwattr $C$DW$42, DW_AT_TI_begin_file("D:/Foc/my_motor/sw/drivers/wdog/src/32b/f28x/f2802x/wdog.c")
     516                      .dwattr $C$DW$42, DW_AT_TI_begin_line(0x60)
     517                      .dwattr $C$DW$42, DW_AT_TI_begin_column(0x06)
     518                      .dwattr $C$DW$42, DW_AT_TI_max_frame_size(-2)
     519                      .dwpsn  file "D:/Foc/my_motor/sw/drivers/wdog/src/32b/f28x/f2802x/wdog.c",line 97,column 1,is_stmt,ad
     520              
     521                      .dwfde $C$DW$CIE, _WDOG_disableInt
     522              $C$DW$43        .dwtag  DW_TAG_formal_parameter, DW_AT_name("wdogHandle")
     523                      .dwattr $C$DW$43, DW_AT_TI_symbol_name("_wdogHandle")
     524                      .dwattr $C$DW$43, DW_AT_type(*$C$DW$T$26)
     525                      .dwattr $C$DW$43, DW_AT_location[DW_OP_reg12]
     526              
     527              ;***************************************************************
     528              ;* FNAME: _WDOG_disableInt              FR SIZE:   0           *
     529              ;*                                                             *
     530              ;* FUNCTION ENVIRONMENT                                        *
     531              ;*                                                             *
     532              ;* FUNCTION PROPERTIES                                         *
     533              ;*                            0 Parameter,  0 Auto,  0 SOE     *
     534              ;***************************************************************
     535              
     536              _WDOG_disableInt:
     537              ;* AR4   assigned to _wdogHandle
     538              $C$DW$44        .dwtag  DW_TAG_variable, DW_AT_name("wdogHandle")
     539                      .dwattr $C$DW$44, DW_AT_TI_symbol_name("_wdogHandle")
     540                      .dwattr $C$DW$44, DW_AT_type(*$C$DW$T$33)
     541                      .dwattr $C$DW$44, DW_AT_location[DW_OP_reg12]
     542                      .dwcfi  cfa_offset, -2
     543                      .dwcfi  save_reg_to_mem, 26, 0
     544                      .dwcfi  save_reg_to_reg, 78, 26
TMS320C2000 Assembler PC v6.2.5 Tue Jul 11 19:04:43 2017

Tools Copyright (c) 1996-2014 Texas Instruments Incorporated
C:\Users\wmj\AppData\Local\Temp\1278813                              PAGE   11

     545 00000030 7622   EALLOW
     546                      .dwpsn  file "D:/Foc/my_motor/sw/drivers/wdog/src/32b/f28x/f2802x/wdog.c",line 104,column 5,is_stmt
     547 00000031 18C4          AND       *+XAR4[0],#0xfffd     ; [CPU_] |104| 
         00000032 FFFD 
     548 00000033 761A   EDIS
     549 00000034 FF69          SPM       #0                    ; [CPU_] 
     550              $C$DW$45        .dwtag  DW_TAG_TI_branch
     551                      .dwattr $C$DW$45, DW_AT_low_pc(0x00)
     552                      .dwattr $C$DW$45, DW_AT_TI_return
     553 00000035 0006          LRETR     ; [CPU_] 
     554                      ; return occurs ; [] 
     555                      .dwattr $C$DW$42, DW_AT_TI_end_file("D:/Foc/my_motor/sw/drivers/wdog/src/32b/f28x/f2802x/wdog.c")
     556                      .dwattr $C$DW$42, DW_AT_TI_end_line(0x6d)
     557                      .dwattr $C$DW$42, DW_AT_TI_end_column(0x01)
     558                      .dwendentry
     559                      .dwendtag $C$DW$42
     560              
     561 00000036               .sect   ".text"
     562                      .clink
     563                      .global _WDOG_disable
     564              
     565              $C$DW$46        .dwtag  DW_TAG_subprogram, DW_AT_name("WDOG_disable")
     566                      .dwattr $C$DW$46, DW_AT_low_pc(_WDOG_disable)
     567                      .dwattr $C$DW$46, DW_AT_high_pc(0x00)
     568                      .dwattr $C$DW$46, DW_AT_TI_symbol_name("_WDOG_disable")
     569                      .dwattr $C$DW$46, DW_AT_external
     570                      .dwattr $C$DW$46, DW_AT_TI_begin_file("D:/Foc/my_motor/sw/drivers/wdog/src/32b/f28x/f2802x/wdog.c")
     571                      .dwattr $C$DW$46, DW_AT_TI_begin_line(0x4c)
     572                      .dwattr $C$DW$46, DW_AT_TI_begin_column(0x06)
     573                      .dwattr $C$DW$46, DW_AT_TI_max_frame_size(-2)
     574                      .dwpsn  file "D:/Foc/my_motor/sw/drivers/wdog/src/32b/f28x/f2802x/wdog.c",line 77,column 1,is_stmt,ad
     575              
     576                      .dwfde $C$DW$CIE, _WDOG_disable
     577              $C$DW$47        .dwtag  DW_TAG_formal_parameter, DW_AT_name("wdogHandle")
     578                      .dwattr $C$DW$47, DW_AT_TI_symbol_name("_wdogHandle")
     579                      .dwattr $C$DW$47, DW_AT_type(*$C$DW$T$26)
     580                      .dwattr $C$DW$47, DW_AT_location[DW_OP_reg12]
     581              
     582              ;***************************************************************
     583              ;* FNAME: _WDOG_disable                 FR SIZE:   0           *
     584              ;*                                                             *
     585              ;* FUNCTION ENVIRONMENT                                        *
     586              ;*                                                             *
     587              ;* FUNCTION PROPERTIES                                         *
     588              ;*                            0 Parameter,  0 Auto,  0 SOE     *
     589              ;***************************************************************
     590              
     591              _WDOG_disable:
     592              ;* AR4   assigned to _wdogHandle
     593              $C$DW$48        .dwtag  DW_TAG_variable, DW_AT_name("wdogHandle")
     594                      .dwattr $C$DW$48, DW_AT_TI_symbol_name("_wdogHandle")
     595                      .dwattr $C$DW$48, DW_AT_type(*$C$DW$T$33)
     596                      .dwattr $C$DW$48, DW_AT_location[DW_OP_reg12]
     597              ;* AL    assigned to _regValue
     598              $C$DW$49        .dwtag  DW_TAG_variable, DW_AT_name("regValue")
TMS320C2000 Assembler PC v6.2.5 Tue Jul 11 19:04:43 2017

Tools Copyright (c) 1996-2014 Texas Instruments Incorporated
C:\Users\wmj\AppData\Local\Temp\1278813                              PAGE   12

     599                      .dwattr $C$DW$49, DW_AT_TI_symbol_name("_regValue")
     600                      .dwattr $C$DW$49, DW_AT_type(*$C$DW$T$19)
     601                      .dwattr $C$DW$49, DW_AT_location[DW_OP_reg0]
     602                      .dwcfi  cfa_offset, -2
     603                      .dwcfi  save_reg_to_mem, 26, 0
     604                      .dwcfi  save_reg_to_reg, 78, 26
     605                      .dwpsn  file "D:/Foc/my_motor/sw/drivers/wdog/src/32b/f28x/f2802x/wdog.c",line 79,column 23,is_stmt
     606 00000036 92FC          MOV       AL,*+XAR4[7]          ; [CPU_] |79| 
     607 00000037 7622   EALLOW
     608                      .dwpsn  file "D:/Foc/my_motor/sw/drivers/wdog/src/32b/f28x/f2802x/wdog.c",line 88,column 5,is_stmt
     609 00000038 5040          ORB       AL,#0x40              ; [CPU_] |88| 
     610 00000039 5028          ORB       AL,#0x28              ; [CPU_] |88| 
     611 0000003a 96FC          MOV       *+XAR4[7],AL          ; [CPU_] |88| 
     612 0000003b 761A   EDIS
     613 0000003c FF69          SPM       #0                    ; [CPU_] 
     614              $C$DW$50        .dwtag  DW_TAG_TI_branch
     615                      .dwattr $C$DW$50, DW_AT_low_pc(0x00)
     616                      .dwattr $C$DW$50, DW_AT_TI_return
     617 0000003d 0006          LRETR     ; [CPU_] 
     618                      ; return occurs ; [] 
     619                      .dwattr $C$DW$46, DW_AT_TI_end_file("D:/Foc/my_motor/sw/drivers/wdog/src/32b/f28x/f2802x/wdog.c")
     620                      .dwattr $C$DW$46, DW_AT_TI_end_line(0x5d)
     621                      .dwattr $C$DW$46, DW_AT_TI_end_column(0x01)
     622                      .dwendentry
     623                      .dwendtag $C$DW$46
     624              
     625 0000003e               .sect   ".text"
     626                      .clink
     627                      .global _WDOG_clearCounter
     628              
     629              $C$DW$51        .dwtag  DW_TAG_subprogram, DW_AT_name("WDOG_clearCounter")
     630                      .dwattr $C$DW$51, DW_AT_low_pc(_WDOG_clearCounter)
     631                      .dwattr $C$DW$51, DW_AT_high_pc(0x00)
     632                      .dwattr $C$DW$51, DW_AT_TI_symbol_name("_WDOG_clearCounter")
     633                      .dwattr $C$DW$51, DW_AT_external
     634                      .dwattr $C$DW$51, DW_AT_TI_begin_file("D:/Foc/my_motor/sw/drivers/wdog/src/32b/f28x/f2802x/wdog.c")
     635                      .dwattr $C$DW$51, DW_AT_TI_begin_line(0x39)
     636                      .dwattr $C$DW$51, DW_AT_TI_begin_column(0x06)
     637                      .dwattr $C$DW$51, DW_AT_TI_max_frame_size(-2)
     638                      .dwpsn  file "D:/Foc/my_motor/sw/drivers/wdog/src/32b/f28x/f2802x/wdog.c",line 58,column 1,is_stmt,ad
     639              
     640                      .dwfde $C$DW$CIE, _WDOG_clearCounter
     641              $C$DW$52        .dwtag  DW_TAG_formal_parameter, DW_AT_name("wdogHandle")
     642                      .dwattr $C$DW$52, DW_AT_TI_symbol_name("_wdogHandle")
     643                      .dwattr $C$DW$52, DW_AT_type(*$C$DW$T$26)
     644                      .dwattr $C$DW$52, DW_AT_location[DW_OP_reg12]
     645              
     646              ;***************************************************************
     647              ;* FNAME: _WDOG_clearCounter            FR SIZE:   0           *
     648              ;*                                                             *
     649              ;* FUNCTION ENVIRONMENT                                        *
     650              ;*                                                             *
     651              ;* FUNCTION PROPERTIES                                         *
     652              ;*                            0 Parameter,  0 Auto,  0 SOE     *
     653              ;***************************************************************
TMS320C2000 Assembler PC v6.2.5 Tue Jul 11 19:04:43 2017

Tools Copyright (c) 1996-2014 Texas Instruments Incorporated
C:\Users\wmj\AppData\Local\Temp\1278813                              PAGE   13

     654              
     655              _WDOG_clearCounter:
     656              ;* AR4   assigned to _wdogHandle
     657              $C$DW$53        .dwtag  DW_TAG_variable, DW_AT_name("wdogHandle")
     658                      .dwattr $C$DW$53, DW_AT_TI_symbol_name("_wdogHandle")
     659                      .dwattr $C$DW$53, DW_AT_type(*$C$DW$T$33)
     660                      .dwattr $C$DW$53, DW_AT_location[DW_OP_reg12]
     661                      .dwcfi  cfa_offset, -2
     662                      .dwcfi  save_reg_to_mem, 26, 0
     663                      .dwcfi  save_reg_to_reg, 78, 26
     664 0000003e 7622   EALLOW
     665                      .dwpsn  file "D:/Foc/my_motor/sw/drivers/wdog/src/32b/f28x/f2802x/wdog.c",line 65,column 5,is_stmt
     666 0000003f 56BF          MOVB      *+XAR4[3],#85,UNC     ; [CPU_] |65| 
         00000040 55DC 
     667                      .dwpsn  file "D:/Foc/my_motor/sw/drivers/wdog/src/32b/f28x/f2802x/wdog.c",line 68,column 5,is_stmt
     668 00000041 56BF          MOVB      *+XAR4[3],#170,UNC    ; [CPU_] |68| 
         00000042 AADC 
     669 00000043 761A   EDIS
     670 00000044 FF69          SPM       #0                    ; [CPU_] 
     671              $C$DW$54        .dwtag  DW_TAG_TI_branch
     672                      .dwattr $C$DW$54, DW_AT_low_pc(0x00)
     673                      .dwattr $C$DW$54, DW_AT_TI_return
     674 00000045 0006          LRETR     ; [CPU_] 
     675                      ; return occurs ; [] 
     676                      .dwattr $C$DW$51, DW_AT_TI_end_file("D:/Foc/my_motor/sw/drivers/wdog/src/32b/f28x/f2802x/wdog.c")
     677                      .dwattr $C$DW$51, DW_AT_TI_end_line(0x49)
     678                      .dwattr $C$DW$51, DW_AT_TI_end_column(0x01)
     679                      .dwendentry
     680                      .dwendtag $C$DW$51
     681              
     682              
     683              ;***************************************************************
     684              ;* TYPE INFORMATION                                            *
     685              ;***************************************************************
     686              
     687              $C$DW$T$23      .dwtag  DW_TAG_enumeration_type
     688                      .dwattr $C$DW$T$23, DW_AT_byte_size(0x01)
     689              $C$DW$55        .dwtag  DW_TAG_enumerator, DW_AT_name("WDOG_IntStatus_Active"), DW_AT_const_value(0x00)
     690              $C$DW$56        .dwtag  DW_TAG_enumerator, DW_AT_name("WDOG_IntStatus_InActive"), DW_AT_const_value(0x04)
     691                      .dwendtag $C$DW$T$23
     692              
     693              $C$DW$T$24      .dwtag  DW_TAG_typedef, DW_AT_name("WDOG_IntStatus_e")
     694                      .dwattr $C$DW$T$24, DW_AT_type(*$C$DW$T$23)
     695                      .dwattr $C$DW$T$24, DW_AT_language(DW_LANG_C)
     696              
     697              $C$DW$T$29      .dwtag  DW_TAG_enumeration_type
     698                      .dwattr $C$DW$T$29, DW_AT_byte_size(0x01)
     699              $C$DW$57        .dwtag  DW_TAG_enumerator, DW_AT_name("WDOG_PreScaler_OscClk_by_512_by_1"), DW_AT_const_value
     700              $C$DW$58        .dwtag  DW_TAG_enumerator, DW_AT_name("WDOG_PreScaler_OscClk_by_512_by_2"), DW_AT_const_value
     701              $C$DW$59        .dwtag  DW_TAG_enumerator, DW_AT_name("WDOG_PreScaler_OscClk_by_512_by_4"), DW_AT_const_value
     702              $C$DW$60        .dwtag  DW_TAG_enumerator, DW_AT_name("WDOG_PreScaler_OscClk_by_512_by_8"), DW_AT_const_value
     703              $C$DW$61        .dwtag  DW_TAG_enumerator, DW_AT_name("WDOG_PreScaler_OscClk_by_512_by_16"), DW_AT_const_valu
     704              $C$DW$62        .dwtag  DW_TAG_enumerator, DW_AT_name("WDOG_PreScaler_OscClk_by_512_by_32"), DW_AT_const_valu
     705              $C$DW$63        .dwtag  DW_TAG_enumerator, DW_AT_name("WDOG_PreScaler_OscClk_by_512_by_64"), DW_AT_const_valu
     706                      .dwendtag $C$DW$T$29
TMS320C2000 Assembler PC v6.2.5 Tue Jul 11 19:04:43 2017

Tools Copyright (c) 1996-2014 Texas Instruments Incorporated
C:\Users\wmj\AppData\Local\Temp\1278813                              PAGE   14

     707              
     708              $C$DW$T$30      .dwtag  DW_TAG_typedef, DW_AT_name("WDOG_PreScaler_e")
     709                      .dwattr $C$DW$T$30, DW_AT_type(*$C$DW$T$29)
     710                      .dwattr $C$DW$T$30, DW_AT_language(DW_LANG_C)
     711              $C$DW$64        .dwtag  DW_TAG_TI_far_type
     712                      .dwattr $C$DW$64, DW_AT_type(*$C$DW$T$30)
     713              $C$DW$T$31      .dwtag  DW_TAG_const_type
     714                      .dwattr $C$DW$T$31, DW_AT_type(*$C$DW$64)
     715              
     716              $C$DW$T$22      .dwtag  DW_TAG_structure_type
     717                      .dwattr $C$DW$T$22, DW_AT_name("_WDOG_Obj_")
     718                      .dwattr $C$DW$T$22, DW_AT_byte_size(0x08)
     719              $C$DW$65        .dwtag  DW_TAG_member
     720                      .dwattr $C$DW$65, DW_AT_type(*$C$DW$T$20)
     721                      .dwattr $C$DW$65, DW_AT_name("SCSR")
     722                      .dwattr $C$DW$65, DW_AT_TI_symbol_name("_SCSR")
     723                      .dwattr $C$DW$65, DW_AT_data_member_location[DW_OP_plus_uconst 0x0]
     724                      .dwattr $C$DW$65, DW_AT_accessibility(DW_ACCESS_public)
     725              $C$DW$66        .dwtag  DW_TAG_member
     726                      .dwattr $C$DW$66, DW_AT_type(*$C$DW$T$20)
     727                      .dwattr $C$DW$66, DW_AT_name("WDCNTR")
     728                      .dwattr $C$DW$66, DW_AT_TI_symbol_name("_WDCNTR")
     729                      .dwattr $C$DW$66, DW_AT_data_member_location[DW_OP_plus_uconst 0x1]
     730                      .dwattr $C$DW$66, DW_AT_accessibility(DW_ACCESS_public)
     731              $C$DW$67        .dwtag  DW_TAG_member
     732                      .dwattr $C$DW$67, DW_AT_type(*$C$DW$T$20)
     733                      .dwattr $C$DW$67, DW_AT_name("rsvd_1")
     734                      .dwattr $C$DW$67, DW_AT_TI_symbol_name("_rsvd_1")
     735                      .dwattr $C$DW$67, DW_AT_data_member_location[DW_OP_plus_uconst 0x2]
     736                      .dwattr $C$DW$67, DW_AT_accessibility(DW_ACCESS_public)
     737              $C$DW$68        .dwtag  DW_TAG_member
     738                      .dwattr $C$DW$68, DW_AT_type(*$C$DW$T$20)
     739                      .dwattr $C$DW$68, DW_AT_name("WDKEY")
     740                      .dwattr $C$DW$68, DW_AT_TI_symbol_name("_WDKEY")
     741                      .dwattr $C$DW$68, DW_AT_data_member_location[DW_OP_plus_uconst 0x3]
     742                      .dwattr $C$DW$68, DW_AT_accessibility(DW_ACCESS_public)
     743              $C$DW$69        .dwtag  DW_TAG_member
     744                      .dwattr $C$DW$69, DW_AT_type(*$C$DW$T$21)
     745                      .dwattr $C$DW$69, DW_AT_name("rsvd_2")
     746                      .dwattr $C$DW$69, DW_AT_TI_symbol_name("_rsvd_2")
     747                      .dwattr $C$DW$69, DW_AT_data_member_location[DW_OP_plus_uconst 0x4]
     748                      .dwattr $C$DW$69, DW_AT_accessibility(DW_ACCESS_public)
     749              $C$DW$70        .dwtag  DW_TAG_member
     750                      .dwattr $C$DW$70, DW_AT_type(*$C$DW$T$20)
     751                      .dwattr $C$DW$70, DW_AT_name("WDCR")
     752                      .dwattr $C$DW$70, DW_AT_TI_symbol_name("_WDCR")
     753                      .dwattr $C$DW$70, DW_AT_data_member_location[DW_OP_plus_uconst 0x7]
     754                      .dwattr $C$DW$70, DW_AT_accessibility(DW_ACCESS_public)
     755                      .dwendtag $C$DW$T$22
     756              
     757              $C$DW$T$32      .dwtag  DW_TAG_typedef, DW_AT_name("WDOG_Obj")
     758                      .dwattr $C$DW$T$32, DW_AT_type(*$C$DW$T$22)
     759                      .dwattr $C$DW$T$32, DW_AT_language(DW_LANG_C)
     760              $C$DW$T$25      .dwtag  DW_TAG_pointer_type
     761                      .dwattr $C$DW$T$25, DW_AT_type(*$C$DW$T$22)
TMS320C2000 Assembler PC v6.2.5 Tue Jul 11 19:04:43 2017

Tools Copyright (c) 1996-2014 Texas Instruments Incorporated
C:\Users\wmj\AppData\Local\Temp\1278813                              PAGE   15

     762                      .dwattr $C$DW$T$25, DW_AT_address_class(0x16)
     763              $C$DW$T$26      .dwtag  DW_TAG_typedef, DW_AT_name("WDOG_Handle")
     764                      .dwattr $C$DW$T$26, DW_AT_type(*$C$DW$T$25)
     765                      .dwattr $C$DW$T$26, DW_AT_language(DW_LANG_C)
     766              $C$DW$71        .dwtag  DW_TAG_TI_far_type
     767                      .dwattr $C$DW$71, DW_AT_type(*$C$DW$T$26)
     768              $C$DW$T$33      .dwtag  DW_TAG_const_type
     769                      .dwattr $C$DW$T$33, DW_AT_type(*$C$DW$71)
     770              $C$DW$T$3       .dwtag  DW_TAG_pointer_type
     771                      .dwattr $C$DW$T$3, DW_AT_address_class(0x16)
     772              $C$DW$72        .dwtag  DW_TAG_TI_far_type
     773                      .dwattr $C$DW$72, DW_AT_type(*$C$DW$T$3)
     774              $C$DW$T$39      .dwtag  DW_TAG_const_type
     775                      .dwattr $C$DW$T$39, DW_AT_type(*$C$DW$72)
     776              $C$DW$T$4       .dwtag  DW_TAG_base_type
     777                      .dwattr $C$DW$T$4, DW_AT_encoding(DW_ATE_boolean)
     778                      .dwattr $C$DW$T$4, DW_AT_name("bool")
     779                      .dwattr $C$DW$T$4, DW_AT_byte_size(0x01)
     780              $C$DW$T$5       .dwtag  DW_TAG_base_type
     781                      .dwattr $C$DW$T$5, DW_AT_encoding(DW_ATE_signed_char)
     782                      .dwattr $C$DW$T$5, DW_AT_name("signed char")
     783                      .dwattr $C$DW$T$5, DW_AT_byte_size(0x01)
     784              $C$DW$T$6       .dwtag  DW_TAG_base_type
     785                      .dwattr $C$DW$T$6, DW_AT_encoding(DW_ATE_unsigned_char)
     786                      .dwattr $C$DW$T$6, DW_AT_name("unsigned char")
     787                      .dwattr $C$DW$T$6, DW_AT_byte_size(0x01)
     788              $C$DW$T$7       .dwtag  DW_TAG_base_type
     789                      .dwattr $C$DW$T$7, DW_AT_encoding(DW_ATE_signed_char)
     790                      .dwattr $C$DW$T$7, DW_AT_name("wchar_t")
     791                      .dwattr $C$DW$T$7, DW_AT_byte_size(0x01)
     792              $C$DW$T$8       .dwtag  DW_TAG_base_type
     793                      .dwattr $C$DW$T$8, DW_AT_encoding(DW_ATE_signed)
     794                      .dwattr $C$DW$T$8, DW_AT_name("short")
     795                      .dwattr $C$DW$T$8, DW_AT_byte_size(0x01)
     796              $C$DW$T$9       .dwtag  DW_TAG_base_type
     797                      .dwattr $C$DW$T$9, DW_AT_encoding(DW_ATE_unsigned)
     798                      .dwattr $C$DW$T$9, DW_AT_name("unsigned short")
     799                      .dwattr $C$DW$T$9, DW_AT_byte_size(0x01)
     800              $C$DW$T$19      .dwtag  DW_TAG_typedef, DW_AT_name("uint16_t")
     801                      .dwattr $C$DW$T$19, DW_AT_type(*$C$DW$T$9)
     802                      .dwattr $C$DW$T$19, DW_AT_language(DW_LANG_C)
     803              $C$DW$73        .dwtag  DW_TAG_TI_far_type
     804                      .dwattr $C$DW$73, DW_AT_type(*$C$DW$T$19)
     805              $C$DW$T$20      .dwtag  DW_TAG_volatile_type
     806                      .dwattr $C$DW$T$20, DW_AT_type(*$C$DW$73)
     807              
     808              $C$DW$T$21      .dwtag  DW_TAG_array_type
     809                      .dwattr $C$DW$T$21, DW_AT_type(*$C$DW$T$20)
     810                      .dwattr $C$DW$T$21, DW_AT_language(DW_LANG_C)
     811                      .dwattr $C$DW$T$21, DW_AT_byte_size(0x03)
     812              $C$DW$74        .dwtag  DW_TAG_subrange_type
     813                      .dwattr $C$DW$74, DW_AT_upper_bound(0x02)
     814                      .dwendtag $C$DW$T$21
     815              
     816              $C$DW$T$41      .dwtag  DW_TAG_typedef, DW_AT_name("uint_least8_t")
TMS320C2000 Assembler PC v6.2.5 Tue Jul 11 19:04:43 2017

Tools Copyright (c) 1996-2014 Texas Instruments Incorporated
C:\Users\wmj\AppData\Local\Temp\1278813                              PAGE   16

     817                      .dwattr $C$DW$T$41, DW_AT_type(*$C$DW$T$19)
     818                      .dwattr $C$DW$T$41, DW_AT_language(DW_LANG_C)
     819              $C$DW$75        .dwtag  DW_TAG_TI_far_type
     820                      .dwattr $C$DW$75, DW_AT_type(*$C$DW$T$41)
     821              $C$DW$T$42      .dwtag  DW_TAG_const_type
     822                      .dwattr $C$DW$T$42, DW_AT_type(*$C$DW$75)
     823              $C$DW$T$10      .dwtag  DW_TAG_base_type
     824                      .dwattr $C$DW$T$10, DW_AT_encoding(DW_ATE_signed)
     825                      .dwattr $C$DW$T$10, DW_AT_name("int")
     826                      .dwattr $C$DW$T$10, DW_AT_byte_size(0x01)
     827              $C$DW$T$11      .dwtag  DW_TAG_base_type
     828                      .dwattr $C$DW$T$11, DW_AT_encoding(DW_ATE_unsigned)
     829                      .dwattr $C$DW$T$11, DW_AT_name("unsigned int")
     830                      .dwattr $C$DW$T$11, DW_AT_byte_size(0x01)
     831              $C$DW$T$12      .dwtag  DW_TAG_base_type
     832                      .dwattr $C$DW$T$12, DW_AT_encoding(DW_ATE_signed)
     833                      .dwattr $C$DW$T$12, DW_AT_name("long")
     834                      .dwattr $C$DW$T$12, DW_AT_byte_size(0x02)
     835              $C$DW$T$13      .dwtag  DW_TAG_base_type
     836                      .dwattr $C$DW$T$13, DW_AT_encoding(DW_ATE_unsigned)
     837                      .dwattr $C$DW$T$13, DW_AT_name("unsigned long")
     838                      .dwattr $C$DW$T$13, DW_AT_byte_size(0x02)
     839              $C$DW$T$34      .dwtag  DW_TAG_typedef, DW_AT_name("size_t")
     840                      .dwattr $C$DW$T$34, DW_AT_type(*$C$DW$T$13)
     841                      .dwattr $C$DW$T$34, DW_AT_language(DW_LANG_C)
     842              $C$DW$76        .dwtag  DW_TAG_TI_far_type
     843                      .dwattr $C$DW$76, DW_AT_type(*$C$DW$T$34)
     844              $C$DW$T$35      .dwtag  DW_TAG_const_type
     845                      .dwattr $C$DW$T$35, DW_AT_type(*$C$DW$76)
     846              $C$DW$T$14      .dwtag  DW_TAG_base_type
     847                      .dwattr $C$DW$T$14, DW_AT_encoding(DW_ATE_signed)
     848                      .dwattr $C$DW$T$14, DW_AT_name("long long")
     849                      .dwattr $C$DW$T$14, DW_AT_byte_size(0x04)
     850              $C$DW$T$15      .dwtag  DW_TAG_base_type
     851                      .dwattr $C$DW$T$15, DW_AT_encoding(DW_ATE_unsigned)
     852                      .dwattr $C$DW$T$15, DW_AT_name("unsigned long long")
     853                      .dwattr $C$DW$T$15, DW_AT_byte_size(0x04)
     854              $C$DW$T$16      .dwtag  DW_TAG_base_type
     855                      .dwattr $C$DW$T$16, DW_AT_encoding(DW_ATE_float)
     856                      .dwattr $C$DW$T$16, DW_AT_name("float")
     857                      .dwattr $C$DW$T$16, DW_AT_byte_size(0x02)
     858              $C$DW$T$17      .dwtag  DW_TAG_base_type
     859                      .dwattr $C$DW$T$17, DW_AT_encoding(DW_ATE_float)
     860                      .dwattr $C$DW$T$17, DW_AT_name("double")
     861                      .dwattr $C$DW$T$17, DW_AT_byte_size(0x02)
     862              $C$DW$T$18      .dwtag  DW_TAG_base_type
     863                      .dwattr $C$DW$T$18, DW_AT_encoding(DW_ATE_float)
     864                      .dwattr $C$DW$T$18, DW_AT_name("long double")
     865                      .dwattr $C$DW$T$18, DW_AT_byte_size(0x04)
     866                      .dwattr $C$DW$CU, DW_AT_language(DW_LANG_C)
     867              
     868              ;***************************************************************
     869              ;* DWARF CIE ENTRIES                                           *
     870              ;***************************************************************
     871              
TMS320C2000 Assembler PC v6.2.5 Tue Jul 11 19:04:43 2017

Tools Copyright (c) 1996-2014 Texas Instruments Incorporated
C:\Users\wmj\AppData\Local\Temp\1278813                              PAGE   17

     872              $C$DW$CIE       .dwcie 78
     873                      .dwcfi  cfa_register, 20
     874                      .dwcfi  cfa_offset, 0
     875                      .dwcfi  undefined, 0
     876                      .dwcfi  undefined, 1
     877                      .dwcfi  undefined, 2
     878                      .dwcfi  undefined, 3
     879                      .dwcfi  undefined, 20
     880                      .dwcfi  undefined, 21
     881                      .dwcfi  undefined, 22
     882                      .dwcfi  undefined, 23
     883                      .dwcfi  undefined, 24
     884                      .dwcfi  undefined, 25
     885                      .dwcfi  undefined, 26
     886                      .dwcfi  same_value, 28
     887                      .dwcfi  undefined, 29
     888                      .dwcfi  undefined, 30
     889                      .dwcfi  undefined, 31
     890                      .dwcfi  undefined, 32
     891                      .dwcfi  undefined, 33
     892                      .dwcfi  undefined, 34
     893                      .dwcfi  undefined, 35
     894                      .dwcfi  undefined, 36
     895                      .dwcfi  undefined, 37
     896                      .dwcfi  undefined, 38
     897                      .dwcfi  undefined, 75
     898                      .dwcfi  undefined, 76
     899                      .dwcfi  undefined, 77
     900                      .dwcfi  undefined, 4
     901                      .dwcfi  same_value, 6
     902                      .dwcfi  same_value, 8
     903                      .dwcfi  same_value, 10
     904                      .dwcfi  undefined, 12
     905                      .dwcfi  undefined, 14
     906                      .dwcfi  undefined, 16
     907                      .dwcfi  undefined, 17
     908                      .dwcfi  undefined, 18
     909                      .dwcfi  undefined, 19
     910                      .dwcfi  undefined, 5
     911                      .dwcfi  same_value, 7
     912                      .dwcfi  same_value, 9
     913                      .dwcfi  same_value, 11
     914                      .dwcfi  undefined, 13
     915                      .dwcfi  undefined, 15
     916                      .dwcfi  undefined, 78
     917                      .dwendentry
     918              
     919              ;***************************************************************
     920              ;* DWARF REGISTER MAP                                          *
     921              ;***************************************************************
     922              
     923              $C$DW$77        .dwtag  DW_TAG_TI_assign_register, DW_AT_name("AL")
     924                      .dwattr $C$DW$77, DW_AT_location[DW_OP_reg0]
     925              $C$DW$78        .dwtag  DW_TAG_TI_assign_register, DW_AT_name("AH")
     926                      .dwattr $C$DW$78, DW_AT_location[DW_OP_reg1]
TMS320C2000 Assembler PC v6.2.5 Tue Jul 11 19:04:43 2017

Tools Copyright (c) 1996-2014 Texas Instruments Incorporated
C:\Users\wmj\AppData\Local\Temp\1278813                              PAGE   18

     927              $C$DW$79        .dwtag  DW_TAG_TI_assign_register, DW_AT_name("PL")
     928                      .dwattr $C$DW$79, DW_AT_location[DW_OP_reg2]
     929              $C$DW$80        .dwtag  DW_TAG_TI_assign_register, DW_AT_name("PH")
     930                      .dwattr $C$DW$80, DW_AT_location[DW_OP_reg3]
     931              $C$DW$81        .dwtag  DW_TAG_TI_assign_register, DW_AT_name("SP")
     932                      .dwattr $C$DW$81, DW_AT_location[DW_OP_reg20]
     933              $C$DW$82        .dwtag  DW_TAG_TI_assign_register, DW_AT_name("XT")
     934                      .dwattr $C$DW$82, DW_AT_location[DW_OP_reg21]
     935              $C$DW$83        .dwtag  DW_TAG_TI_assign_register, DW_AT_name("T")
     936                      .dwattr $C$DW$83, DW_AT_location[DW_OP_reg22]
     937              $C$DW$84        .dwtag  DW_TAG_TI_assign_register, DW_AT_name("ST0")
     938                      .dwattr $C$DW$84, DW_AT_location[DW_OP_reg23]
     939              $C$DW$85        .dwtag  DW_TAG_TI_assign_register, DW_AT_name("ST1")
     940                      .dwattr $C$DW$85, DW_AT_location[DW_OP_reg24]
     941              $C$DW$86        .dwtag  DW_TAG_TI_assign_register, DW_AT_name("PC")
     942                      .dwattr $C$DW$86, DW_AT_location[DW_OP_reg25]
     943              $C$DW$87        .dwtag  DW_TAG_TI_assign_register, DW_AT_name("RPC")
     944                      .dwattr $C$DW$87, DW_AT_location[DW_OP_reg26]
     945              $C$DW$88        .dwtag  DW_TAG_TI_assign_register, DW_AT_name("FP")
     946                      .dwattr $C$DW$88, DW_AT_location[DW_OP_reg28]
     947              $C$DW$89        .dwtag  DW_TAG_TI_assign_register, DW_AT_name("DP")
     948                      .dwattr $C$DW$89, DW_AT_location[DW_OP_reg29]
     949              $C$DW$90        .dwtag  DW_TAG_TI_assign_register, DW_AT_name("SXM")
     950                      .dwattr $C$DW$90, DW_AT_location[DW_OP_reg30]
     951              $C$DW$91        .dwtag  DW_TAG_TI_assign_register, DW_AT_name("PM")
     952                      .dwattr $C$DW$91, DW_AT_location[DW_OP_reg31]
     953              $C$DW$92        .dwtag  DW_TAG_TI_assign_register, DW_AT_name("OVM")
     954                      .dwattr $C$DW$92, DW_AT_location[DW_OP_regx 0x20]
     955              $C$DW$93        .dwtag  DW_TAG_TI_assign_register, DW_AT_name("PAGE0")
     956                      .dwattr $C$DW$93, DW_AT_location[DW_OP_regx 0x21]
     957              $C$DW$94        .dwtag  DW_TAG_TI_assign_register, DW_AT_name("AMODE")
     958                      .dwattr $C$DW$94, DW_AT_location[DW_OP_regx 0x22]
     959              $C$DW$95        .dwtag  DW_TAG_TI_assign_register, DW_AT_name("INTM")
     960                      .dwattr $C$DW$95, DW_AT_location[DW_OP_regx 0x23]
     961              $C$DW$96        .dwtag  DW_TAG_TI_assign_register, DW_AT_name("IFR")
     962                      .dwattr $C$DW$96, DW_AT_location[DW_OP_regx 0x24]
     963              $C$DW$97        .dwtag  DW_TAG_TI_assign_register, DW_AT_name("IER")
     964                      .dwattr $C$DW$97, DW_AT_location[DW_OP_regx 0x25]
     965              $C$DW$98        .dwtag  DW_TAG_TI_assign_register, DW_AT_name("V")
     966                      .dwattr $C$DW$98, DW_AT_location[DW_OP_regx 0x26]
     967              $C$DW$99        .dwtag  DW_TAG_TI_assign_register, DW_AT_name("PSEUDOH")
     968                      .dwattr $C$DW$99, DW_AT_location[DW_OP_regx 0x4c]
     969              $C$DW$100       .dwtag  DW_TAG_TI_assign_register, DW_AT_name("VOL")
     970                      .dwattr $C$DW$100, DW_AT_location[DW_OP_regx 0x4d]
     971              $C$DW$101       .dwtag  DW_TAG_TI_assign_register, DW_AT_name("AR0")
     972                      .dwattr $C$DW$101, DW_AT_location[DW_OP_reg4]
     973              $C$DW$102       .dwtag  DW_TAG_TI_assign_register, DW_AT_name("AR1")
     974                      .dwattr $C$DW$102, DW_AT_location[DW_OP_reg6]
     975              $C$DW$103       .dwtag  DW_TAG_TI_assign_register, DW_AT_name("AR2")
     976                      .dwattr $C$DW$103, DW_AT_location[DW_OP_reg8]
     977              $C$DW$104       .dwtag  DW_TAG_TI_assign_register, DW_AT_name("AR3")
     978                      .dwattr $C$DW$104, DW_AT_location[DW_OP_reg10]
     979              $C$DW$105       .dwtag  DW_TAG_TI_assign_register, DW_AT_name("AR4")
     980                      .dwattr $C$DW$105, DW_AT_location[DW_OP_reg12]
     981              $C$DW$106       .dwtag  DW_TAG_TI_assign_register, DW_AT_name("AR5")
TMS320C2000 Assembler PC v6.2.5 Tue Jul 11 19:04:43 2017

Tools Copyright (c) 1996-2014 Texas Instruments Incorporated
C:\Users\wmj\AppData\Local\Temp\1278813                              PAGE   19

     982                      .dwattr $C$DW$106, DW_AT_location[DW_OP_reg14]
     983              $C$DW$107       .dwtag  DW_TAG_TI_assign_register, DW_AT_name("AR6")
     984                      .dwattr $C$DW$107, DW_AT_location[DW_OP_reg16]
     985              $C$DW$108       .dwtag  DW_TAG_TI_assign_register, DW_AT_name("XAR6")
     986                      .dwattr $C$DW$108, DW_AT_location[DW_OP_reg17]
     987              $C$DW$109       .dwtag  DW_TAG_TI_assign_register, DW_AT_name("AR7")
     988                      .dwattr $C$DW$109, DW_AT_location[DW_OP_reg18]
     989              $C$DW$110       .dwtag  DW_TAG_TI_assign_register, DW_AT_name("XAR7")
     990                      .dwattr $C$DW$110, DW_AT_location[DW_OP_reg19]
     991              $C$DW$111       .dwtag  DW_TAG_TI_assign_register, DW_AT_name("XAR0")
     992                      .dwattr $C$DW$111, DW_AT_location[DW_OP_reg5]
     993              $C$DW$112       .dwtag  DW_TAG_TI_assign_register, DW_AT_name("XAR1")
     994                      .dwattr $C$DW$112, DW_AT_location[DW_OP_reg7]
     995              $C$DW$113       .dwtag  DW_TAG_TI_assign_register, DW_AT_name("XAR2")
     996                      .dwattr $C$DW$113, DW_AT_location[DW_OP_reg9]
     997              $C$DW$114       .dwtag  DW_TAG_TI_assign_register, DW_AT_name("XAR3")
     998                      .dwattr $C$DW$114, DW_AT_location[DW_OP_reg11]
     999              $C$DW$115       .dwtag  DW_TAG_TI_assign_register, DW_AT_name("XAR4")
    1000                      .dwattr $C$DW$115, DW_AT_location[DW_OP_reg13]
    1001              $C$DW$116       .dwtag  DW_TAG_TI_assign_register, DW_AT_name("XAR5")
    1002                      .dwattr $C$DW$116, DW_AT_location[DW_OP_reg15]
    1003              $C$DW$117       .dwtag  DW_TAG_TI_assign_register, DW_AT_name("CIE_RETA")
    1004                      .dwattr $C$DW$117, DW_AT_location[DW_OP_regx 0x4e]
    1005                      .dwendtag $C$DW$CU
    1006              

No Assembly Errors, No Assembly Warnings
